   1              		.syntax unified
   2              		.cpu cortex-m3
   3              		.fpu softvfp
   4              		.eabi_attribute 20, 1
   5              		.eabi_attribute 21, 1
   6              		.eabi_attribute 23, 3
   7              		.eabi_attribute 24, 1
   8              		.eabi_attribute 25, 1
   9              		.eabi_attribute 26, 1
  10              		.eabi_attribute 30, 4
  11              		.eabi_attribute 34, 0
  12              		.eabi_attribute 18, 4
  13              		.thumb
  14              		.file	"stm32f10x_bkp.c"
  15              		.text
  16              	.Ltext0:
  17              		.cfi_sections	.debug_frame
  18              		.section	.text.BKP_DeInit,"ax",%progbits
  19              		.align	1
  20              		.global	BKP_DeInit
  21              		.thumb
  22              		.thumb_func
  24              	BKP_DeInit:
  25              	.LFB56:
  26              		.file 1 "lib/STM32F10x_StdPeriph_Driver/src/stm32f10x_bkp.c"
   1:lib/STM32F10x_StdPeriph_Driver/src/stm32f10x_bkp.c **** /**
   2:lib/STM32F10x_StdPeriph_Driver/src/stm32f10x_bkp.c ****   ******************************************************************************
   3:lib/STM32F10x_StdPeriph_Driver/src/stm32f10x_bkp.c ****   * @file    stm32f10x_bkp.c
   4:lib/STM32F10x_StdPeriph_Driver/src/stm32f10x_bkp.c ****   * @author  MCD Application Team
   5:lib/STM32F10x_StdPeriph_Driver/src/stm32f10x_bkp.c ****   * @version V3.6.1
   6:lib/STM32F10x_StdPeriph_Driver/src/stm32f10x_bkp.c ****   * @date    05-March-2012
   7:lib/STM32F10x_StdPeriph_Driver/src/stm32f10x_bkp.c ****   * @brief   This file provides all the BKP firmware functions.
   8:lib/STM32F10x_StdPeriph_Driver/src/stm32f10x_bkp.c ****   ******************************************************************************
   9:lib/STM32F10x_StdPeriph_Driver/src/stm32f10x_bkp.c ****   * @attention
  10:lib/STM32F10x_StdPeriph_Driver/src/stm32f10x_bkp.c ****   *
  11:lib/STM32F10x_StdPeriph_Driver/src/stm32f10x_bkp.c ****   * <h2><center>&copy; COPYRIGHT 2012 STMicroelectronics</center></h2>
  12:lib/STM32F10x_StdPeriph_Driver/src/stm32f10x_bkp.c ****   *
  13:lib/STM32F10x_StdPeriph_Driver/src/stm32f10x_bkp.c ****   * Licensed under MCD-ST Liberty SW License Agreement V2, (the "License");
  14:lib/STM32F10x_StdPeriph_Driver/src/stm32f10x_bkp.c ****   * You may not use this file except in compliance with the License.
  15:lib/STM32F10x_StdPeriph_Driver/src/stm32f10x_bkp.c ****   * You may obtain a copy of the License at:
  16:lib/STM32F10x_StdPeriph_Driver/src/stm32f10x_bkp.c ****   *
  17:lib/STM32F10x_StdPeriph_Driver/src/stm32f10x_bkp.c ****   *        http://www.st.com/software_license_agreement_liberty_v2
  18:lib/STM32F10x_StdPeriph_Driver/src/stm32f10x_bkp.c ****   *
  19:lib/STM32F10x_StdPeriph_Driver/src/stm32f10x_bkp.c ****   * Unless required by applicable law or agreed to in writing, software 
  20:lib/STM32F10x_StdPeriph_Driver/src/stm32f10x_bkp.c ****   * distributed under the License is distributed on an "AS IS" BASIS, 
  21:lib/STM32F10x_StdPeriph_Driver/src/stm32f10x_bkp.c ****   * WITHOUT WARRANTIES OR CONDITIONS OF ANY KIND, either express or implied.
  22:lib/STM32F10x_StdPeriph_Driver/src/stm32f10x_bkp.c ****   * See the License for the specific language governing permissions and
  23:lib/STM32F10x_StdPeriph_Driver/src/stm32f10x_bkp.c ****   * limitations under the License.
  24:lib/STM32F10x_StdPeriph_Driver/src/stm32f10x_bkp.c ****   *
  25:lib/STM32F10x_StdPeriph_Driver/src/stm32f10x_bkp.c ****   ******************************************************************************
  26:lib/STM32F10x_StdPeriph_Driver/src/stm32f10x_bkp.c ****   */
  27:lib/STM32F10x_StdPeriph_Driver/src/stm32f10x_bkp.c **** 
  28:lib/STM32F10x_StdPeriph_Driver/src/stm32f10x_bkp.c **** /* Includes ------------------------------------------------------------------*/
  29:lib/STM32F10x_StdPeriph_Driver/src/stm32f10x_bkp.c **** #include "stm32f10x_bkp.h"
  30:lib/STM32F10x_StdPeriph_Driver/src/stm32f10x_bkp.c **** #include "stm32f10x_rcc.h"
  31:lib/STM32F10x_StdPeriph_Driver/src/stm32f10x_bkp.c **** 
  32:lib/STM32F10x_StdPeriph_Driver/src/stm32f10x_bkp.c **** /** @addtogroup STM32F10x_StdPeriph_Driver
  33:lib/STM32F10x_StdPeriph_Driver/src/stm32f10x_bkp.c ****   * @{
  34:lib/STM32F10x_StdPeriph_Driver/src/stm32f10x_bkp.c ****   */
  35:lib/STM32F10x_StdPeriph_Driver/src/stm32f10x_bkp.c **** 
  36:lib/STM32F10x_StdPeriph_Driver/src/stm32f10x_bkp.c **** /** @defgroup BKP 
  37:lib/STM32F10x_StdPeriph_Driver/src/stm32f10x_bkp.c ****   * @brief BKP driver modules
  38:lib/STM32F10x_StdPeriph_Driver/src/stm32f10x_bkp.c ****   * @{
  39:lib/STM32F10x_StdPeriph_Driver/src/stm32f10x_bkp.c ****   */
  40:lib/STM32F10x_StdPeriph_Driver/src/stm32f10x_bkp.c **** 
  41:lib/STM32F10x_StdPeriph_Driver/src/stm32f10x_bkp.c **** /** @defgroup BKP_Private_TypesDefinitions
  42:lib/STM32F10x_StdPeriph_Driver/src/stm32f10x_bkp.c ****   * @{
  43:lib/STM32F10x_StdPeriph_Driver/src/stm32f10x_bkp.c ****   */
  44:lib/STM32F10x_StdPeriph_Driver/src/stm32f10x_bkp.c **** 
  45:lib/STM32F10x_StdPeriph_Driver/src/stm32f10x_bkp.c **** /**
  46:lib/STM32F10x_StdPeriph_Driver/src/stm32f10x_bkp.c ****   * @}
  47:lib/STM32F10x_StdPeriph_Driver/src/stm32f10x_bkp.c ****   */
  48:lib/STM32F10x_StdPeriph_Driver/src/stm32f10x_bkp.c **** 
  49:lib/STM32F10x_StdPeriph_Driver/src/stm32f10x_bkp.c **** /** @defgroup BKP_Private_Defines
  50:lib/STM32F10x_StdPeriph_Driver/src/stm32f10x_bkp.c ****   * @{
  51:lib/STM32F10x_StdPeriph_Driver/src/stm32f10x_bkp.c ****   */
  52:lib/STM32F10x_StdPeriph_Driver/src/stm32f10x_bkp.c **** 
  53:lib/STM32F10x_StdPeriph_Driver/src/stm32f10x_bkp.c **** /* ------------ BKP registers bit address in the alias region --------------- */
  54:lib/STM32F10x_StdPeriph_Driver/src/stm32f10x_bkp.c **** #define BKP_OFFSET        (BKP_BASE - PERIPH_BASE)
  55:lib/STM32F10x_StdPeriph_Driver/src/stm32f10x_bkp.c **** 
  56:lib/STM32F10x_StdPeriph_Driver/src/stm32f10x_bkp.c **** /* --- CR Register ----*/
  57:lib/STM32F10x_StdPeriph_Driver/src/stm32f10x_bkp.c **** 
  58:lib/STM32F10x_StdPeriph_Driver/src/stm32f10x_bkp.c **** /* Alias word address of TPAL bit */
  59:lib/STM32F10x_StdPeriph_Driver/src/stm32f10x_bkp.c **** #define CR_OFFSET         (BKP_OFFSET + 0x30)
  60:lib/STM32F10x_StdPeriph_Driver/src/stm32f10x_bkp.c **** #define TPAL_BitNumber    0x01
  61:lib/STM32F10x_StdPeriph_Driver/src/stm32f10x_bkp.c **** #define CR_TPAL_BB        (PERIPH_BB_BASE + (CR_OFFSET * 32) + (TPAL_BitNumber * 4))
  62:lib/STM32F10x_StdPeriph_Driver/src/stm32f10x_bkp.c **** 
  63:lib/STM32F10x_StdPeriph_Driver/src/stm32f10x_bkp.c **** /* Alias word address of TPE bit */
  64:lib/STM32F10x_StdPeriph_Driver/src/stm32f10x_bkp.c **** #define TPE_BitNumber     0x00
  65:lib/STM32F10x_StdPeriph_Driver/src/stm32f10x_bkp.c **** #define CR_TPE_BB         (PERIPH_BB_BASE + (CR_OFFSET * 32) + (TPE_BitNumber * 4))
  66:lib/STM32F10x_StdPeriph_Driver/src/stm32f10x_bkp.c **** 
  67:lib/STM32F10x_StdPeriph_Driver/src/stm32f10x_bkp.c **** /* --- CSR Register ---*/
  68:lib/STM32F10x_StdPeriph_Driver/src/stm32f10x_bkp.c **** 
  69:lib/STM32F10x_StdPeriph_Driver/src/stm32f10x_bkp.c **** /* Alias word address of TPIE bit */
  70:lib/STM32F10x_StdPeriph_Driver/src/stm32f10x_bkp.c **** #define CSR_OFFSET        (BKP_OFFSET + 0x34)
  71:lib/STM32F10x_StdPeriph_Driver/src/stm32f10x_bkp.c **** #define TPIE_BitNumber    0x02
  72:lib/STM32F10x_StdPeriph_Driver/src/stm32f10x_bkp.c **** #define CSR_TPIE_BB       (PERIPH_BB_BASE + (CSR_OFFSET * 32) + (TPIE_BitNumber * 4))
  73:lib/STM32F10x_StdPeriph_Driver/src/stm32f10x_bkp.c **** 
  74:lib/STM32F10x_StdPeriph_Driver/src/stm32f10x_bkp.c **** /* Alias word address of TIF bit */
  75:lib/STM32F10x_StdPeriph_Driver/src/stm32f10x_bkp.c **** #define TIF_BitNumber     0x09
  76:lib/STM32F10x_StdPeriph_Driver/src/stm32f10x_bkp.c **** #define CSR_TIF_BB        (PERIPH_BB_BASE + (CSR_OFFSET * 32) + (TIF_BitNumber * 4))
  77:lib/STM32F10x_StdPeriph_Driver/src/stm32f10x_bkp.c **** 
  78:lib/STM32F10x_StdPeriph_Driver/src/stm32f10x_bkp.c **** /* Alias word address of TEF bit */
  79:lib/STM32F10x_StdPeriph_Driver/src/stm32f10x_bkp.c **** #define TEF_BitNumber     0x08
  80:lib/STM32F10x_StdPeriph_Driver/src/stm32f10x_bkp.c **** #define CSR_TEF_BB        (PERIPH_BB_BASE + (CSR_OFFSET * 32) + (TEF_BitNumber * 4))
  81:lib/STM32F10x_StdPeriph_Driver/src/stm32f10x_bkp.c **** 
  82:lib/STM32F10x_StdPeriph_Driver/src/stm32f10x_bkp.c **** /* ---------------------- BKP registers bit mask ------------------------ */
  83:lib/STM32F10x_StdPeriph_Driver/src/stm32f10x_bkp.c **** 
  84:lib/STM32F10x_StdPeriph_Driver/src/stm32f10x_bkp.c **** /* RTCCR register bit mask */
  85:lib/STM32F10x_StdPeriph_Driver/src/stm32f10x_bkp.c **** #define RTCCR_CAL_MASK    ((uint16_t)0xFF80)
  86:lib/STM32F10x_StdPeriph_Driver/src/stm32f10x_bkp.c **** #define RTCCR_MASK        ((uint16_t)0xFC7F)
  87:lib/STM32F10x_StdPeriph_Driver/src/stm32f10x_bkp.c **** 
  88:lib/STM32F10x_StdPeriph_Driver/src/stm32f10x_bkp.c **** /**
  89:lib/STM32F10x_StdPeriph_Driver/src/stm32f10x_bkp.c ****   * @}
  90:lib/STM32F10x_StdPeriph_Driver/src/stm32f10x_bkp.c ****   */ 
  91:lib/STM32F10x_StdPeriph_Driver/src/stm32f10x_bkp.c **** 
  92:lib/STM32F10x_StdPeriph_Driver/src/stm32f10x_bkp.c **** 
  93:lib/STM32F10x_StdPeriph_Driver/src/stm32f10x_bkp.c **** /** @defgroup BKP_Private_Macros
  94:lib/STM32F10x_StdPeriph_Driver/src/stm32f10x_bkp.c ****   * @{
  95:lib/STM32F10x_StdPeriph_Driver/src/stm32f10x_bkp.c ****   */
  96:lib/STM32F10x_StdPeriph_Driver/src/stm32f10x_bkp.c **** 
  97:lib/STM32F10x_StdPeriph_Driver/src/stm32f10x_bkp.c **** /**
  98:lib/STM32F10x_StdPeriph_Driver/src/stm32f10x_bkp.c ****   * @}
  99:lib/STM32F10x_StdPeriph_Driver/src/stm32f10x_bkp.c ****   */
 100:lib/STM32F10x_StdPeriph_Driver/src/stm32f10x_bkp.c **** 
 101:lib/STM32F10x_StdPeriph_Driver/src/stm32f10x_bkp.c **** /** @defgroup BKP_Private_Variables
 102:lib/STM32F10x_StdPeriph_Driver/src/stm32f10x_bkp.c ****   * @{
 103:lib/STM32F10x_StdPeriph_Driver/src/stm32f10x_bkp.c ****   */
 104:lib/STM32F10x_StdPeriph_Driver/src/stm32f10x_bkp.c **** 
 105:lib/STM32F10x_StdPeriph_Driver/src/stm32f10x_bkp.c **** /**
 106:lib/STM32F10x_StdPeriph_Driver/src/stm32f10x_bkp.c ****   * @}
 107:lib/STM32F10x_StdPeriph_Driver/src/stm32f10x_bkp.c ****   */
 108:lib/STM32F10x_StdPeriph_Driver/src/stm32f10x_bkp.c **** 
 109:lib/STM32F10x_StdPeriph_Driver/src/stm32f10x_bkp.c **** /** @defgroup BKP_Private_FunctionPrototypes
 110:lib/STM32F10x_StdPeriph_Driver/src/stm32f10x_bkp.c ****   * @{
 111:lib/STM32F10x_StdPeriph_Driver/src/stm32f10x_bkp.c ****   */
 112:lib/STM32F10x_StdPeriph_Driver/src/stm32f10x_bkp.c **** 
 113:lib/STM32F10x_StdPeriph_Driver/src/stm32f10x_bkp.c **** /**
 114:lib/STM32F10x_StdPeriph_Driver/src/stm32f10x_bkp.c ****   * @}
 115:lib/STM32F10x_StdPeriph_Driver/src/stm32f10x_bkp.c ****   */
 116:lib/STM32F10x_StdPeriph_Driver/src/stm32f10x_bkp.c **** 
 117:lib/STM32F10x_StdPeriph_Driver/src/stm32f10x_bkp.c **** /** @defgroup BKP_Private_Functions
 118:lib/STM32F10x_StdPeriph_Driver/src/stm32f10x_bkp.c ****   * @{
 119:lib/STM32F10x_StdPeriph_Driver/src/stm32f10x_bkp.c ****   */
 120:lib/STM32F10x_StdPeriph_Driver/src/stm32f10x_bkp.c **** 
 121:lib/STM32F10x_StdPeriph_Driver/src/stm32f10x_bkp.c **** /**
 122:lib/STM32F10x_StdPeriph_Driver/src/stm32f10x_bkp.c ****   * @brief  Deinitializes the BKP peripheral registers to their default reset values.
 123:lib/STM32F10x_StdPeriph_Driver/src/stm32f10x_bkp.c ****   * @param  None
 124:lib/STM32F10x_StdPeriph_Driver/src/stm32f10x_bkp.c ****   * @retval None
 125:lib/STM32F10x_StdPeriph_Driver/src/stm32f10x_bkp.c ****   */
 126:lib/STM32F10x_StdPeriph_Driver/src/stm32f10x_bkp.c **** void BKP_DeInit(void)
 127:lib/STM32F10x_StdPeriph_Driver/src/stm32f10x_bkp.c **** {
  27              		.loc 1 127 0
  28              		.cfi_startproc
  29              		@ args = 0, pretend = 0, frame = 0
  30              		@ frame_needed = 0, uses_anonymous_args = 0
  31 0000 08B5     		push	{r3, lr}
  32              	.LCFI0:
  33              		.cfi_def_cfa_offset 8
  34              		.cfi_offset 3, -8
  35              		.cfi_offset 14, -4
 128:lib/STM32F10x_StdPeriph_Driver/src/stm32f10x_bkp.c ****   RCC_BackupResetCmd(ENABLE);
  36              		.loc 1 128 0
  37 0002 0120     		movs	r0, #1
  38 0004 FFF7FEFF 		bl	RCC_BackupResetCmd
  39              	.LVL0:
 129:lib/STM32F10x_StdPeriph_Driver/src/stm32f10x_bkp.c ****   RCC_BackupResetCmd(DISABLE);
  40              		.loc 1 129 0
  41 0008 0020     		movs	r0, #0
 130:lib/STM32F10x_StdPeriph_Driver/src/stm32f10x_bkp.c **** }
  42              		.loc 1 130 0
  43 000a BDE80840 		pop	{r3, lr}
 129:lib/STM32F10x_StdPeriph_Driver/src/stm32f10x_bkp.c ****   RCC_BackupResetCmd(DISABLE);
  44              		.loc 1 129 0
  45 000e FFF7FEBF 		b	RCC_BackupResetCmd
  46              	.LVL1:
  47              		.cfi_endproc
  48              	.LFE56:
  50              		.section	.text.BKP_TamperPinLevelConfig,"ax",%progbits
  51              		.align	1
  52              		.global	BKP_TamperPinLevelConfig
  53              		.thumb
  54              		.thumb_func
  56              	BKP_TamperPinLevelConfig:
  57              	.LFB57:
 131:lib/STM32F10x_StdPeriph_Driver/src/stm32f10x_bkp.c **** 
 132:lib/STM32F10x_StdPeriph_Driver/src/stm32f10x_bkp.c **** /**
 133:lib/STM32F10x_StdPeriph_Driver/src/stm32f10x_bkp.c ****   * @brief  Configures the Tamper Pin active level.
 134:lib/STM32F10x_StdPeriph_Driver/src/stm32f10x_bkp.c ****   * @param  BKP_TamperPinLevel: specifies the Tamper Pin active level.
 135:lib/STM32F10x_StdPeriph_Driver/src/stm32f10x_bkp.c ****   *   This parameter can be one of the following values:
 136:lib/STM32F10x_StdPeriph_Driver/src/stm32f10x_bkp.c ****   *     @arg BKP_TamperPinLevel_High: Tamper pin active on high level
 137:lib/STM32F10x_StdPeriph_Driver/src/stm32f10x_bkp.c ****   *     @arg BKP_TamperPinLevel_Low: Tamper pin active on low level
 138:lib/STM32F10x_StdPeriph_Driver/src/stm32f10x_bkp.c ****   * @retval None
 139:lib/STM32F10x_StdPeriph_Driver/src/stm32f10x_bkp.c ****   */
 140:lib/STM32F10x_StdPeriph_Driver/src/stm32f10x_bkp.c **** void BKP_TamperPinLevelConfig(uint16_t BKP_TamperPinLevel)
 141:lib/STM32F10x_StdPeriph_Driver/src/stm32f10x_bkp.c **** {
  58              		.loc 1 141 0
  59              		.cfi_startproc
  60              		@ args = 0, pretend = 0, frame = 0
  61              		@ frame_needed = 0, uses_anonymous_args = 0
  62              		@ link register save eliminated.
  63              	.LVL2:
 142:lib/STM32F10x_StdPeriph_Driver/src/stm32f10x_bkp.c ****   /* Check the parameters */
 143:lib/STM32F10x_StdPeriph_Driver/src/stm32f10x_bkp.c ****   assert_param(IS_BKP_TAMPER_PIN_LEVEL(BKP_TamperPinLevel));
 144:lib/STM32F10x_StdPeriph_Driver/src/stm32f10x_bkp.c ****   *(__IO uint32_t *) CR_TPAL_BB = BKP_TamperPinLevel;
  64              		.loc 1 144 0
  65 0000 014B     		ldr	r3, .L3
  66 0002 1860     		str	r0, [r3, #0]
  67 0004 7047     		bx	lr
  68              	.L4:
  69 0006 00BF     		.align	2
  70              	.L3:
  71 0008 04860D42 		.word	1108182532
  72              		.cfi_endproc
  73              	.LFE57:
  75              		.section	.text.BKP_TamperPinCmd,"ax",%progbits
  76              		.align	1
  77              		.global	BKP_TamperPinCmd
  78              		.thumb
  79              		.thumb_func
  81              	BKP_TamperPinCmd:
  82              	.LFB58:
 145:lib/STM32F10x_StdPeriph_Driver/src/stm32f10x_bkp.c **** }
 146:lib/STM32F10x_StdPeriph_Driver/src/stm32f10x_bkp.c **** 
 147:lib/STM32F10x_StdPeriph_Driver/src/stm32f10x_bkp.c **** /**
 148:lib/STM32F10x_StdPeriph_Driver/src/stm32f10x_bkp.c ****   * @brief  Enables or disables the Tamper Pin activation.
 149:lib/STM32F10x_StdPeriph_Driver/src/stm32f10x_bkp.c ****   * @param  NewState: new state of the Tamper Pin activation.
 150:lib/STM32F10x_StdPeriph_Driver/src/stm32f10x_bkp.c ****   *   This parameter can be: ENABLE or DISABLE.
 151:lib/STM32F10x_StdPeriph_Driver/src/stm32f10x_bkp.c ****   * @retval None
 152:lib/STM32F10x_StdPeriph_Driver/src/stm32f10x_bkp.c ****   */
 153:lib/STM32F10x_StdPeriph_Driver/src/stm32f10x_bkp.c **** void BKP_TamperPinCmd(FunctionalState NewState)
 154:lib/STM32F10x_StdPeriph_Driver/src/stm32f10x_bkp.c **** {
  83              		.loc 1 154 0
  84              		.cfi_startproc
  85              		@ args = 0, pretend = 0, frame = 0
  86              		@ frame_needed = 0, uses_anonymous_args = 0
  87              		@ link register save eliminated.
  88              	.LVL3:
 155:lib/STM32F10x_StdPeriph_Driver/src/stm32f10x_bkp.c ****   /* Check the parameters */
 156:lib/STM32F10x_StdPeriph_Driver/src/stm32f10x_bkp.c ****   assert_param(IS_FUNCTIONAL_STATE(NewState));
 157:lib/STM32F10x_StdPeriph_Driver/src/stm32f10x_bkp.c ****   *(__IO uint32_t *) CR_TPE_BB = (uint32_t)NewState;
  89              		.loc 1 157 0
  90 0000 014B     		ldr	r3, .L6
  91 0002 1860     		str	r0, [r3, #0]
  92 0004 7047     		bx	lr
  93              	.L7:
  94 0006 00BF     		.align	2
  95              	.L6:
  96 0008 00860D42 		.word	1108182528
  97              		.cfi_endproc
  98              	.LFE58:
 100              		.section	.text.BKP_ITConfig,"ax",%progbits
 101              		.align	1
 102              		.global	BKP_ITConfig
 103              		.thumb
 104              		.thumb_func
 106              	BKP_ITConfig:
 107              	.LFB59:
 158:lib/STM32F10x_StdPeriph_Driver/src/stm32f10x_bkp.c **** }
 159:lib/STM32F10x_StdPeriph_Driver/src/stm32f10x_bkp.c **** 
 160:lib/STM32F10x_StdPeriph_Driver/src/stm32f10x_bkp.c **** /**
 161:lib/STM32F10x_StdPeriph_Driver/src/stm32f10x_bkp.c ****   * @brief  Enables or disables the Tamper Pin Interrupt.
 162:lib/STM32F10x_StdPeriph_Driver/src/stm32f10x_bkp.c ****   * @param  NewState: new state of the Tamper Pin Interrupt.
 163:lib/STM32F10x_StdPeriph_Driver/src/stm32f10x_bkp.c ****   *   This parameter can be: ENABLE or DISABLE.
 164:lib/STM32F10x_StdPeriph_Driver/src/stm32f10x_bkp.c ****   * @retval None
 165:lib/STM32F10x_StdPeriph_Driver/src/stm32f10x_bkp.c ****   */
 166:lib/STM32F10x_StdPeriph_Driver/src/stm32f10x_bkp.c **** void BKP_ITConfig(FunctionalState NewState)
 167:lib/STM32F10x_StdPeriph_Driver/src/stm32f10x_bkp.c **** {
 108              		.loc 1 167 0
 109              		.cfi_startproc
 110              		@ args = 0, pretend = 0, frame = 0
 111              		@ frame_needed = 0, uses_anonymous_args = 0
 112              		@ link register save eliminated.
 113              	.LVL4:
 168:lib/STM32F10x_StdPeriph_Driver/src/stm32f10x_bkp.c ****   /* Check the parameters */
 169:lib/STM32F10x_StdPeriph_Driver/src/stm32f10x_bkp.c ****   assert_param(IS_FUNCTIONAL_STATE(NewState));
 170:lib/STM32F10x_StdPeriph_Driver/src/stm32f10x_bkp.c ****   *(__IO uint32_t *) CSR_TPIE_BB = (uint32_t)NewState;
 114              		.loc 1 170 0
 115 0000 014B     		ldr	r3, .L9
 116 0002 1860     		str	r0, [r3, #0]
 117 0004 7047     		bx	lr
 118              	.L10:
 119 0006 00BF     		.align	2
 120              	.L9:
 121 0008 88860D42 		.word	1108182664
 122              		.cfi_endproc
 123              	.LFE59:
 125              		.section	.text.BKP_RTCOutputConfig,"ax",%progbits
 126              		.align	1
 127              		.global	BKP_RTCOutputConfig
 128              		.thumb
 129              		.thumb_func
 131              	BKP_RTCOutputConfig:
 132              	.LFB60:
 171:lib/STM32F10x_StdPeriph_Driver/src/stm32f10x_bkp.c **** }
 172:lib/STM32F10x_StdPeriph_Driver/src/stm32f10x_bkp.c **** 
 173:lib/STM32F10x_StdPeriph_Driver/src/stm32f10x_bkp.c **** /**
 174:lib/STM32F10x_StdPeriph_Driver/src/stm32f10x_bkp.c ****   * @brief  Select the RTC output source to output on the Tamper pin.
 175:lib/STM32F10x_StdPeriph_Driver/src/stm32f10x_bkp.c ****   * @param  BKP_RTCOutputSource: specifies the RTC output source.
 176:lib/STM32F10x_StdPeriph_Driver/src/stm32f10x_bkp.c ****   *   This parameter can be one of the following values:
 177:lib/STM32F10x_StdPeriph_Driver/src/stm32f10x_bkp.c ****   *     @arg BKP_RTCOutputSource_None: no RTC output on the Tamper pin.
 178:lib/STM32F10x_StdPeriph_Driver/src/stm32f10x_bkp.c ****   *     @arg BKP_RTCOutputSource_CalibClock: output the RTC clock with frequency
 179:lib/STM32F10x_StdPeriph_Driver/src/stm32f10x_bkp.c ****   *                                          divided by 64 on the Tamper pin.
 180:lib/STM32F10x_StdPeriph_Driver/src/stm32f10x_bkp.c ****   *     @arg BKP_RTCOutputSource_Alarm: output the RTC Alarm pulse signal on
 181:lib/STM32F10x_StdPeriph_Driver/src/stm32f10x_bkp.c ****   *                                     the Tamper pin.
 182:lib/STM32F10x_StdPeriph_Driver/src/stm32f10x_bkp.c ****   *     @arg BKP_RTCOutputSource_Second: output the RTC Second pulse signal on
 183:lib/STM32F10x_StdPeriph_Driver/src/stm32f10x_bkp.c ****   *                                      the Tamper pin.  
 184:lib/STM32F10x_StdPeriph_Driver/src/stm32f10x_bkp.c ****   * @retval None
 185:lib/STM32F10x_StdPeriph_Driver/src/stm32f10x_bkp.c ****   */
 186:lib/STM32F10x_StdPeriph_Driver/src/stm32f10x_bkp.c **** void BKP_RTCOutputConfig(uint16_t BKP_RTCOutputSource)
 187:lib/STM32F10x_StdPeriph_Driver/src/stm32f10x_bkp.c **** {
 133              		.loc 1 187 0
 134              		.cfi_startproc
 135              		@ args = 0, pretend = 0, frame = 0
 136              		@ frame_needed = 0, uses_anonymous_args = 0
 137              		@ link register save eliminated.
 138              	.LVL5:
 139              	.LVL6:
 188:lib/STM32F10x_StdPeriph_Driver/src/stm32f10x_bkp.c ****   uint16_t tmpreg = 0;
 189:lib/STM32F10x_StdPeriph_Driver/src/stm32f10x_bkp.c ****   /* Check the parameters */
 190:lib/STM32F10x_StdPeriph_Driver/src/stm32f10x_bkp.c ****   assert_param(IS_BKP_RTC_OUTPUT_SOURCE(BKP_RTCOutputSource));
 191:lib/STM32F10x_StdPeriph_Driver/src/stm32f10x_bkp.c ****   tmpreg = BKP->RTCCR;
 140              		.loc 1 191 0
 141 0000 044A     		ldr	r2, .L12
 142 0002 938D     		ldrh	r3, [r2, #44]
 143              	.LVL7:
 192:lib/STM32F10x_StdPeriph_Driver/src/stm32f10x_bkp.c ****   /* Clear CCO, ASOE and ASOS bits */
 193:lib/STM32F10x_StdPeriph_Driver/src/stm32f10x_bkp.c ****   tmpreg &= RTCCR_MASK;
 144              		.loc 1 193 0
 145 0004 23F46071 		bic	r1, r3, #896
 146 0008 0B04     		lsls	r3, r1, #16
 147              	.LVL8:
 148 000a 190C     		lsrs	r1, r3, #16
 149              	.LVL9:
 194:lib/STM32F10x_StdPeriph_Driver/src/stm32f10x_bkp.c ****   
 195:lib/STM32F10x_StdPeriph_Driver/src/stm32f10x_bkp.c ****   /* Set CCO, ASOE and ASOS bits according to BKP_RTCOutputSource value */
 196:lib/STM32F10x_StdPeriph_Driver/src/stm32f10x_bkp.c ****   tmpreg |= BKP_RTCOutputSource;
 150              		.loc 1 196 0
 151 000c 0843     		orrs	r0, r0, r1
 152              	.LVL10:
 197:lib/STM32F10x_StdPeriph_Driver/src/stm32f10x_bkp.c ****   /* Store the new value */
 198:lib/STM32F10x_StdPeriph_Driver/src/stm32f10x_bkp.c ****   BKP->RTCCR = tmpreg;
 153              		.loc 1 198 0
 154 000e 9085     		strh	r0, [r2, #44]	@ movhi
 155 0010 7047     		bx	lr
 156              	.L13:
 157 0012 00BF     		.align	2
 158              	.L12:
 159 0014 006C0040 		.word	1073769472
 160              		.cfi_endproc
 161              	.LFE60:
 163              		.section	.text.BKP_SetRTCCalibrationValue,"ax",%progbits
 164              		.align	1
 165              		.global	BKP_SetRTCCalibrationValue
 166              		.thumb
 167              		.thumb_func
 169              	BKP_SetRTCCalibrationValue:
 170              	.LFB61:
 199:lib/STM32F10x_StdPeriph_Driver/src/stm32f10x_bkp.c **** }
 200:lib/STM32F10x_StdPeriph_Driver/src/stm32f10x_bkp.c **** 
 201:lib/STM32F10x_StdPeriph_Driver/src/stm32f10x_bkp.c **** /**
 202:lib/STM32F10x_StdPeriph_Driver/src/stm32f10x_bkp.c ****   * @brief  Sets RTC Clock Calibration value.
 203:lib/STM32F10x_StdPeriph_Driver/src/stm32f10x_bkp.c ****   * @param  CalibrationValue: specifies the RTC Clock Calibration value.
 204:lib/STM32F10x_StdPeriph_Driver/src/stm32f10x_bkp.c ****   *   This parameter must be a number between 0 and 0x7F.
 205:lib/STM32F10x_StdPeriph_Driver/src/stm32f10x_bkp.c ****   * @retval None
 206:lib/STM32F10x_StdPeriph_Driver/src/stm32f10x_bkp.c ****   */
 207:lib/STM32F10x_StdPeriph_Driver/src/stm32f10x_bkp.c **** void BKP_SetRTCCalibrationValue(uint8_t CalibrationValue)
 208:lib/STM32F10x_StdPeriph_Driver/src/stm32f10x_bkp.c **** {
 171              		.loc 1 208 0
 172              		.cfi_startproc
 173              		@ args = 0, pretend = 0, frame = 0
 174              		@ frame_needed = 0, uses_anonymous_args = 0
 175              		@ link register save eliminated.
 176              	.LVL11:
 177              	.LVL12:
 209:lib/STM32F10x_StdPeriph_Driver/src/stm32f10x_bkp.c ****   uint16_t tmpreg = 0;
 210:lib/STM32F10x_StdPeriph_Driver/src/stm32f10x_bkp.c ****   /* Check the parameters */
 211:lib/STM32F10x_StdPeriph_Driver/src/stm32f10x_bkp.c ****   assert_param(IS_BKP_CALIBRATION_VALUE(CalibrationValue));
 212:lib/STM32F10x_StdPeriph_Driver/src/stm32f10x_bkp.c ****   tmpreg = BKP->RTCCR;
 178              		.loc 1 212 0
 179 0000 044A     		ldr	r2, .L15
 180 0002 938D     		ldrh	r3, [r2, #44]
 181              	.LVL13:
 213:lib/STM32F10x_StdPeriph_Driver/src/stm32f10x_bkp.c ****   /* Clear CAL[6:0] bits */
 214:lib/STM32F10x_StdPeriph_Driver/src/stm32f10x_bkp.c ****   tmpreg &= RTCCR_CAL_MASK;
 182              		.loc 1 214 0
 183 0004 23F07F01 		bic	r1, r3, #127
 184 0008 0B04     		lsls	r3, r1, #16
 185              	.LVL14:
 186 000a 190C     		lsrs	r1, r3, #16
 187              	.LVL15:
 215:lib/STM32F10x_StdPeriph_Driver/src/stm32f10x_bkp.c ****   /* Set CAL[6:0] bits according to CalibrationValue value */
 216:lib/STM32F10x_StdPeriph_Driver/src/stm32f10x_bkp.c ****   tmpreg |= CalibrationValue;
 188              		.loc 1 216 0
 189 000c 0843     		orrs	r0, r0, r1
 190              	.LVL16:
 217:lib/STM32F10x_StdPeriph_Driver/src/stm32f10x_bkp.c ****   /* Store the new value */
 218:lib/STM32F10x_StdPeriph_Driver/src/stm32f10x_bkp.c ****   BKP->RTCCR = tmpreg;
 191              		.loc 1 218 0
 192 000e 9085     		strh	r0, [r2, #44]	@ movhi
 193 0010 7047     		bx	lr
 194              	.L16:
 195 0012 00BF     		.align	2
 196              	.L15:
 197 0014 006C0040 		.word	1073769472
 198              		.cfi_endproc
 199              	.LFE61:
 201              		.section	.text.BKP_WriteBackupRegister,"ax",%progbits
 202              		.align	1
 203              		.global	BKP_WriteBackupRegister
 204              		.thumb
 205              		.thumb_func
 207              	BKP_WriteBackupRegister:
 208              	.LFB62:
 219:lib/STM32F10x_StdPeriph_Driver/src/stm32f10x_bkp.c **** }
 220:lib/STM32F10x_StdPeriph_Driver/src/stm32f10x_bkp.c **** 
 221:lib/STM32F10x_StdPeriph_Driver/src/stm32f10x_bkp.c **** /**
 222:lib/STM32F10x_StdPeriph_Driver/src/stm32f10x_bkp.c ****   * @brief  Writes user data to the specified Data Backup Register.
 223:lib/STM32F10x_StdPeriph_Driver/src/stm32f10x_bkp.c ****   * @param  BKP_DR: specifies the Data Backup Register.
 224:lib/STM32F10x_StdPeriph_Driver/src/stm32f10x_bkp.c ****   *   This parameter can be BKP_DRx where x:[1, 42]
 225:lib/STM32F10x_StdPeriph_Driver/src/stm32f10x_bkp.c ****   * @param  Data: data to write
 226:lib/STM32F10x_StdPeriph_Driver/src/stm32f10x_bkp.c ****   * @retval None
 227:lib/STM32F10x_StdPeriph_Driver/src/stm32f10x_bkp.c ****   */
 228:lib/STM32F10x_StdPeriph_Driver/src/stm32f10x_bkp.c **** void BKP_WriteBackupRegister(uint16_t BKP_DR, uint16_t Data)
 229:lib/STM32F10x_StdPeriph_Driver/src/stm32f10x_bkp.c **** {
 209              		.loc 1 229 0
 210              		.cfi_startproc
 211              		@ args = 0, pretend = 0, frame = 8
 212              		@ frame_needed = 0, uses_anonymous_args = 0
 213              		@ link register save eliminated.
 214              	.LVL17:
 215 0000 82B0     		sub	sp, sp, #8
 216              	.LCFI1:
 217              		.cfi_def_cfa_offset 8
 230:lib/STM32F10x_StdPeriph_Driver/src/stm32f10x_bkp.c ****   __IO uint32_t tmp = 0;
 218              		.loc 1 230 0
 219 0002 0023     		movs	r3, #0
 220 0004 0193     		str	r3, [sp, #4]
 221              	.LVL18:
 231:lib/STM32F10x_StdPeriph_Driver/src/stm32f10x_bkp.c **** 
 232:lib/STM32F10x_StdPeriph_Driver/src/stm32f10x_bkp.c ****   /* Check the parameters */
 233:lib/STM32F10x_StdPeriph_Driver/src/stm32f10x_bkp.c ****   assert_param(IS_BKP_DR(BKP_DR));
 234:lib/STM32F10x_StdPeriph_Driver/src/stm32f10x_bkp.c **** 
 235:lib/STM32F10x_StdPeriph_Driver/src/stm32f10x_bkp.c ****   tmp = (uint32_t)BKP_BASE; 
 222              		.loc 1 235 0
 223 0006 044A     		ldr	r2, .L18
 224 0008 0192     		str	r2, [sp, #4]
 236:lib/STM32F10x_StdPeriph_Driver/src/stm32f10x_bkp.c ****   tmp += BKP_DR;
 225              		.loc 1 236 0
 226 000a 019B     		ldr	r3, [sp, #4]
 227 000c C018     		adds	r0, r0, r3
 228              	.LVL19:
 229 000e 0190     		str	r0, [sp, #4]
 230              	.LVL20:
 237:lib/STM32F10x_StdPeriph_Driver/src/stm32f10x_bkp.c **** 
 238:lib/STM32F10x_StdPeriph_Driver/src/stm32f10x_bkp.c ****   *(__IO uint32_t *) tmp = Data;
 231              		.loc 1 238 0
 232 0010 019A     		ldr	r2, [sp, #4]
 233 0012 1160     		str	r1, [r2, #0]
 239:lib/STM32F10x_StdPeriph_Driver/src/stm32f10x_bkp.c **** }
 234              		.loc 1 239 0
 235 0014 02B0     		add	sp, sp, #8
 236 0016 7047     		bx	lr
 237              	.L19:
 238              		.align	2
 239              	.L18:
 240 0018 006C0040 		.word	1073769472
 241              		.cfi_endproc
 242              	.LFE62:
 244              		.section	.text.BKP_ReadBackupRegister,"ax",%progbits
 245              		.align	1
 246              		.global	BKP_ReadBackupRegister
 247              		.thumb
 248              		.thumb_func
 250              	BKP_ReadBackupRegister:
 251              	.LFB63:
 240:lib/STM32F10x_StdPeriph_Driver/src/stm32f10x_bkp.c **** 
 241:lib/STM32F10x_StdPeriph_Driver/src/stm32f10x_bkp.c **** /**
 242:lib/STM32F10x_StdPeriph_Driver/src/stm32f10x_bkp.c ****   * @brief  Reads data from the specified Data Backup Register.
 243:lib/STM32F10x_StdPeriph_Driver/src/stm32f10x_bkp.c ****   * @param  BKP_DR: specifies the Data Backup Register.
 244:lib/STM32F10x_StdPeriph_Driver/src/stm32f10x_bkp.c ****   *   This parameter can be BKP_DRx where x:[1, 42]
 245:lib/STM32F10x_StdPeriph_Driver/src/stm32f10x_bkp.c ****   * @retval The content of the specified Data Backup Register
 246:lib/STM32F10x_StdPeriph_Driver/src/stm32f10x_bkp.c ****   */
 247:lib/STM32F10x_StdPeriph_Driver/src/stm32f10x_bkp.c **** uint16_t BKP_ReadBackupRegister(uint16_t BKP_DR)
 248:lib/STM32F10x_StdPeriph_Driver/src/stm32f10x_bkp.c **** {
 252              		.loc 1 248 0
 253              		.cfi_startproc
 254              		@ args = 0, pretend = 0, frame = 8
 255              		@ frame_needed = 0, uses_anonymous_args = 0
 256              		@ link register save eliminated.
 257              	.LVL21:
 258 0000 82B0     		sub	sp, sp, #8
 259              	.LCFI2:
 260              		.cfi_def_cfa_offset 8
 249:lib/STM32F10x_StdPeriph_Driver/src/stm32f10x_bkp.c ****   __IO uint32_t tmp = 0;
 261              		.loc 1 249 0
 262 0002 0023     		movs	r3, #0
 263 0004 0193     		str	r3, [sp, #4]
 264              	.LVL22:
 250:lib/STM32F10x_StdPeriph_Driver/src/stm32f10x_bkp.c **** 
 251:lib/STM32F10x_StdPeriph_Driver/src/stm32f10x_bkp.c ****   /* Check the parameters */
 252:lib/STM32F10x_StdPeriph_Driver/src/stm32f10x_bkp.c ****   assert_param(IS_BKP_DR(BKP_DR));
 253:lib/STM32F10x_StdPeriph_Driver/src/stm32f10x_bkp.c **** 
 254:lib/STM32F10x_StdPeriph_Driver/src/stm32f10x_bkp.c ****   tmp = (uint32_t)BKP_BASE; 
 265              		.loc 1 254 0
 266 0006 0549     		ldr	r1, .L21
 267 0008 0191     		str	r1, [sp, #4]
 255:lib/STM32F10x_StdPeriph_Driver/src/stm32f10x_bkp.c ****   tmp += BKP_DR;
 268              		.loc 1 255 0
 269 000a 019A     		ldr	r2, [sp, #4]
 270 000c 8018     		adds	r0, r0, r2
 271              	.LVL23:
 272 000e 0190     		str	r0, [sp, #4]
 273              	.LVL24:
 256:lib/STM32F10x_StdPeriph_Driver/src/stm32f10x_bkp.c **** 
 257:lib/STM32F10x_StdPeriph_Driver/src/stm32f10x_bkp.c ****   return (*(__IO uint16_t *) tmp);
 274              		.loc 1 257 0
 275 0010 019B     		ldr	r3, [sp, #4]
 276 0012 1988     		ldrh	r1, [r3, #0]
 258:lib/STM32F10x_StdPeriph_Driver/src/stm32f10x_bkp.c **** }
 277              		.loc 1 258 0
 278 0014 88B2     		uxth	r0, r1
 279              	.LVL25:
 280 0016 02B0     		add	sp, sp, #8
 281 0018 7047     		bx	lr
 282              	.L22:
 283 001a 00BF     		.align	2
 284              	.L21:
 285 001c 006C0040 		.word	1073769472
 286              		.cfi_endproc
 287              	.LFE63:
 289              		.section	.text.BKP_GetFlagStatus,"ax",%progbits
 290              		.align	1
 291              		.global	BKP_GetFlagStatus
 292              		.thumb
 293              		.thumb_func
 295              	BKP_GetFlagStatus:
 296              	.LFB64:
 259:lib/STM32F10x_StdPeriph_Driver/src/stm32f10x_bkp.c **** 
 260:lib/STM32F10x_StdPeriph_Driver/src/stm32f10x_bkp.c **** /**
 261:lib/STM32F10x_StdPeriph_Driver/src/stm32f10x_bkp.c ****   * @brief  Checks whether the Tamper Pin Event flag is set or not.
 262:lib/STM32F10x_StdPeriph_Driver/src/stm32f10x_bkp.c ****   * @param  None
 263:lib/STM32F10x_StdPeriph_Driver/src/stm32f10x_bkp.c ****   * @retval The new state of the Tamper Pin Event flag (SET or RESET).
 264:lib/STM32F10x_StdPeriph_Driver/src/stm32f10x_bkp.c ****   */
 265:lib/STM32F10x_StdPeriph_Driver/src/stm32f10x_bkp.c **** FlagStatus BKP_GetFlagStatus(void)
 266:lib/STM32F10x_StdPeriph_Driver/src/stm32f10x_bkp.c **** {
 297              		.loc 1 266 0
 298              		.cfi_startproc
 299              		@ args = 0, pretend = 0, frame = 0
 300              		@ frame_needed = 0, uses_anonymous_args = 0
 301              		@ link register save eliminated.
 267:lib/STM32F10x_StdPeriph_Driver/src/stm32f10x_bkp.c ****   return (FlagStatus)(*(__IO uint32_t *) CSR_TEF_BB);
 302              		.loc 1 267 0
 303 0000 014B     		ldr	r3, .L24
 304 0002 1868     		ldr	r0, [r3, #0]
 268:lib/STM32F10x_StdPeriph_Driver/src/stm32f10x_bkp.c **** }
 305              		.loc 1 268 0
 306 0004 C0B2     		uxtb	r0, r0
 307 0006 7047     		bx	lr
 308              	.L25:
 309              		.align	2
 310              	.L24:
 311 0008 A0860D42 		.word	1108182688
 312              		.cfi_endproc
 313              	.LFE64:
 315              		.section	.text.BKP_ClearFlag,"ax",%progbits
 316              		.align	1
 317              		.global	BKP_ClearFlag
 318              		.thumb
 319              		.thumb_func
 321              	BKP_ClearFlag:
 322              	.LFB65:
 269:lib/STM32F10x_StdPeriph_Driver/src/stm32f10x_bkp.c **** 
 270:lib/STM32F10x_StdPeriph_Driver/src/stm32f10x_bkp.c **** /**
 271:lib/STM32F10x_StdPeriph_Driver/src/stm32f10x_bkp.c ****   * @brief  Clears Tamper Pin Event pending flag.
 272:lib/STM32F10x_StdPeriph_Driver/src/stm32f10x_bkp.c ****   * @param  None
 273:lib/STM32F10x_StdPeriph_Driver/src/stm32f10x_bkp.c ****   * @retval None
 274:lib/STM32F10x_StdPeriph_Driver/src/stm32f10x_bkp.c ****   */
 275:lib/STM32F10x_StdPeriph_Driver/src/stm32f10x_bkp.c **** void BKP_ClearFlag(void)
 276:lib/STM32F10x_StdPeriph_Driver/src/stm32f10x_bkp.c **** {
 323              		.loc 1 276 0
 324              		.cfi_startproc
 325              		@ args = 0, pretend = 0, frame = 0
 326              		@ frame_needed = 0, uses_anonymous_args = 0
 327              		@ link register save eliminated.
 277:lib/STM32F10x_StdPeriph_Driver/src/stm32f10x_bkp.c ****   /* Set CTE bit to clear Tamper Pin Event flag */
 278:lib/STM32F10x_StdPeriph_Driver/src/stm32f10x_bkp.c ****   BKP->CSR |= BKP_CSR_CTE;
 328              		.loc 1 278 0
 329 0000 034B     		ldr	r3, .L27
 330 0002 9A8E     		ldrh	r2, [r3, #52]
 331 0004 90B2     		uxth	r0, r2
 332 0006 40F00101 		orr	r1, r0, #1
 333 000a 9986     		strh	r1, [r3, #52]	@ movhi
 334 000c 7047     		bx	lr
 335              	.L28:
 336 000e 00BF     		.align	2
 337              	.L27:
 338 0010 006C0040 		.word	1073769472
 339              		.cfi_endproc
 340              	.LFE65:
 342              		.section	.text.BKP_GetITStatus,"ax",%progbits
 343              		.align	1
 344              		.global	BKP_GetITStatus
 345              		.thumb
 346              		.thumb_func
 348              	BKP_GetITStatus:
 349              	.LFB66:
 279:lib/STM32F10x_StdPeriph_Driver/src/stm32f10x_bkp.c **** }
 280:lib/STM32F10x_StdPeriph_Driver/src/stm32f10x_bkp.c **** 
 281:lib/STM32F10x_StdPeriph_Driver/src/stm32f10x_bkp.c **** /**
 282:lib/STM32F10x_StdPeriph_Driver/src/stm32f10x_bkp.c ****   * @brief  Checks whether the Tamper Pin Interrupt has occurred or not.
 283:lib/STM32F10x_StdPeriph_Driver/src/stm32f10x_bkp.c ****   * @param  None
 284:lib/STM32F10x_StdPeriph_Driver/src/stm32f10x_bkp.c ****   * @retval The new state of the Tamper Pin Interrupt (SET or RESET).
 285:lib/STM32F10x_StdPeriph_Driver/src/stm32f10x_bkp.c ****   */
 286:lib/STM32F10x_StdPeriph_Driver/src/stm32f10x_bkp.c **** ITStatus BKP_GetITStatus(void)
 287:lib/STM32F10x_StdPeriph_Driver/src/stm32f10x_bkp.c **** {
 350              		.loc 1 287 0
 351              		.cfi_startproc
 352              		@ args = 0, pretend = 0, frame = 0
 353              		@ frame_needed = 0, uses_anonymous_args = 0
 354              		@ link register save eliminated.
 288:lib/STM32F10x_StdPeriph_Driver/src/stm32f10x_bkp.c ****   return (ITStatus)(*(__IO uint32_t *) CSR_TIF_BB);
 355              		.loc 1 288 0
 356 0000 014B     		ldr	r3, .L30
 357 0002 1868     		ldr	r0, [r3, #0]
 289:lib/STM32F10x_StdPeriph_Driver/src/stm32f10x_bkp.c **** }
 358              		.loc 1 289 0
 359 0004 C0B2     		uxtb	r0, r0
 360 0006 7047     		bx	lr
 361              	.L31:
 362              		.align	2
 363              	.L30:
 364 0008 A4860D42 		.word	1108182692
 365              		.cfi_endproc
 366              	.LFE66:
 368              		.section	.text.BKP_ClearITPendingBit,"ax",%progbits
 369              		.align	1
 370              		.global	BKP_ClearITPendingBit
 371              		.thumb
 372              		.thumb_func
 374              	BKP_ClearITPendingBit:
 375              	.LFB67:
 290:lib/STM32F10x_StdPeriph_Driver/src/stm32f10x_bkp.c **** 
 291:lib/STM32F10x_StdPeriph_Driver/src/stm32f10x_bkp.c **** /**
 292:lib/STM32F10x_StdPeriph_Driver/src/stm32f10x_bkp.c ****   * @brief  Clears Tamper Pin Interrupt pending bit.
 293:lib/STM32F10x_StdPeriph_Driver/src/stm32f10x_bkp.c ****   * @param  None
 294:lib/STM32F10x_StdPeriph_Driver/src/stm32f10x_bkp.c ****   * @retval None
 295:lib/STM32F10x_StdPeriph_Driver/src/stm32f10x_bkp.c ****   */
 296:lib/STM32F10x_StdPeriph_Driver/src/stm32f10x_bkp.c **** void BKP_ClearITPendingBit(void)
 297:lib/STM32F10x_StdPeriph_Driver/src/stm32f10x_bkp.c **** {
 376              		.loc 1 297 0
 377              		.cfi_startproc
 378              		@ args = 0, pretend = 0, frame = 0
 379              		@ frame_needed = 0, uses_anonymous_args = 0
 380              		@ link register save eliminated.
 298:lib/STM32F10x_StdPeriph_Driver/src/stm32f10x_bkp.c ****   /* Set CTI bit to clear Tamper Pin Interrupt pending bit */
 299:lib/STM32F10x_StdPeriph_Driver/src/stm32f10x_bkp.c ****   BKP->CSR |= BKP_CSR_CTI;
 381              		.loc 1 299 0
 382 0000 034B     		ldr	r3, .L33
 383 0002 9A8E     		ldrh	r2, [r3, #52]
 384 0004 90B2     		uxth	r0, r2
 385 0006 40F00201 		orr	r1, r0, #2
 386 000a 9986     		strh	r1, [r3, #52]	@ movhi
 387 000c 7047     		bx	lr
 388              	.L34:
 389 000e 00BF     		.align	2
 390              	.L33:
 391 0010 006C0040 		.word	1073769472
 392              		.cfi_endproc
 393              	.LFE67:
 395              		.text
 396              	.Letext0:
 397              		.file 2 "c:\\devz\\arm\\bleeding-edge\\bin\\../lib/gcc/arm-none-eabi/4.7.3/include/stdint-gcc.h"
 398              		.file 3 "./lib/CMSIS/Device/ST/STM32F10x/Include/stm32f10x.h"
 399              		.file 4 "./lib/CMSIS/Include/core_cm3.h"
 400              		.file 5 "./lib/STM32F10x_StdPeriph_Driver/inc/stm32f10x_rcc.h"
DEFINED SYMBOLS
                            *ABS*:0000000000000000 stm32f10x_bkp.c
  R:\TEMP\ccJR4RnY.s:19     .text.BKP_DeInit:0000000000000000 $t
  R:\TEMP\ccJR4RnY.s:24     .text.BKP_DeInit:0000000000000000 BKP_DeInit
  R:\TEMP\ccJR4RnY.s:51     .text.BKP_TamperPinLevelConfig:0000000000000000 $t
  R:\TEMP\ccJR4RnY.s:56     .text.BKP_TamperPinLevelConfig:0000000000000000 BKP_TamperPinLevelConfig
  R:\TEMP\ccJR4RnY.s:71     .text.BKP_TamperPinLevelConfig:0000000000000008 $d
  R:\TEMP\ccJR4RnY.s:76     .text.BKP_TamperPinCmd:0000000000000000 $t
  R:\TEMP\ccJR4RnY.s:81     .text.BKP_TamperPinCmd:0000000000000000 BKP_TamperPinCmd
  R:\TEMP\ccJR4RnY.s:96     .text.BKP_TamperPinCmd:0000000000000008 $d
  R:\TEMP\ccJR4RnY.s:101    .text.BKP_ITConfig:0000000000000000 $t
  R:\TEMP\ccJR4RnY.s:106    .text.BKP_ITConfig:0000000000000000 BKP_ITConfig
  R:\TEMP\ccJR4RnY.s:121    .text.BKP_ITConfig:0000000000000008 $d
  R:\TEMP\ccJR4RnY.s:126    .text.BKP_RTCOutputConfig:0000000000000000 $t
  R:\TEMP\ccJR4RnY.s:131    .text.BKP_RTCOutputConfig:0000000000000000 BKP_RTCOutputConfig
  R:\TEMP\ccJR4RnY.s:159    .text.BKP_RTCOutputConfig:0000000000000014 $d
  R:\TEMP\ccJR4RnY.s:164    .text.BKP_SetRTCCalibrationValue:0000000000000000 $t
  R:\TEMP\ccJR4RnY.s:169    .text.BKP_SetRTCCalibrationValue:0000000000000000 BKP_SetRTCCalibrationValue
  R:\TEMP\ccJR4RnY.s:197    .text.BKP_SetRTCCalibrationValue:0000000000000014 $d
  R:\TEMP\ccJR4RnY.s:202    .text.BKP_WriteBackupRegister:0000000000000000 $t
  R:\TEMP\ccJR4RnY.s:207    .text.BKP_WriteBackupRegister:0000000000000000 BKP_WriteBackupRegister
  R:\TEMP\ccJR4RnY.s:240    .text.BKP_WriteBackupRegister:0000000000000018 $d
  R:\TEMP\ccJR4RnY.s:245    .text.BKP_ReadBackupRegister:0000000000000000 $t
  R:\TEMP\ccJR4RnY.s:250    .text.BKP_ReadBackupRegister:0000000000000000 BKP_ReadBackupRegister
  R:\TEMP\ccJR4RnY.s:285    .text.BKP_ReadBackupRegister:000000000000001c $d
  R:\TEMP\ccJR4RnY.s:290    .text.BKP_GetFlagStatus:0000000000000000 $t
  R:\TEMP\ccJR4RnY.s:295    .text.BKP_GetFlagStatus:0000000000000000 BKP_GetFlagStatus
  R:\TEMP\ccJR4RnY.s:311    .text.BKP_GetFlagStatus:0000000000000008 $d
  R:\TEMP\ccJR4RnY.s:316    .text.BKP_ClearFlag:0000000000000000 $t
  R:\TEMP\ccJR4RnY.s:321    .text.BKP_ClearFlag:0000000000000000 BKP_ClearFlag
  R:\TEMP\ccJR4RnY.s:338    .text.BKP_ClearFlag:0000000000000010 $d
  R:\TEMP\ccJR4RnY.s:343    .text.BKP_GetITStatus:0000000000000000 $t
  R:\TEMP\ccJR4RnY.s:348    .text.BKP_GetITStatus:0000000000000000 BKP_GetITStatus
  R:\TEMP\ccJR4RnY.s:364    .text.BKP_GetITStatus:0000000000000008 $d
  R:\TEMP\ccJR4RnY.s:369    .text.BKP_ClearITPendingBit:0000000000000000 $t
  R:\TEMP\ccJR4RnY.s:374    .text.BKP_ClearITPendingBit:0000000000000000 BKP_ClearITPendingBit
  R:\TEMP\ccJR4RnY.s:391    .text.BKP_ClearITPendingBit:0000000000000010 $d
                     .debug_frame:0000000000000010 $d

UNDEFINED SYMBOLS
RCC_BackupResetCmd
