   1              		.syntax unified
   2              		.cpu cortex-m3
   3              		.fpu softvfp
   4              		.eabi_attribute 20, 1
   5              		.eabi_attribute 21, 1
   6              		.eabi_attribute 23, 3
   7              		.eabi_attribute 24, 1
   8              		.eabi_attribute 25, 1
   9              		.eabi_attribute 26, 1
  10              		.eabi_attribute 30, 4
  11              		.eabi_attribute 34, 0
  12              		.eabi_attribute 18, 4
  13              		.thumb
  14              		.file	"stm32f10x_gpio.c"
  15              		.text
  16              	.Ltext0:
  17              		.cfi_sections	.debug_frame
  18              		.section	.text.GPIO_DeInit,"ax",%progbits
  19              		.align	1
  20              		.global	GPIO_DeInit
  21              		.thumb
  22              		.thumb_func
  24              	GPIO_DeInit:
  25              	.LFB56:
  26              		.file 1 "lib/STM32F10x_StdPeriph_Driver/src/stm32f10x_gpio.c"
   1:lib/STM32F10x_StdPeriph_Driver/src/stm32f10x_gpio.c **** /**
   2:lib/STM32F10x_StdPeriph_Driver/src/stm32f10x_gpio.c ****   ******************************************************************************
   3:lib/STM32F10x_StdPeriph_Driver/src/stm32f10x_gpio.c ****   * @file    stm32f10x_gpio.c
   4:lib/STM32F10x_StdPeriph_Driver/src/stm32f10x_gpio.c ****   * @author  MCD Application Team
   5:lib/STM32F10x_StdPeriph_Driver/src/stm32f10x_gpio.c ****   * @version V3.6.1
   6:lib/STM32F10x_StdPeriph_Driver/src/stm32f10x_gpio.c ****   * @date    05-March-2012
   7:lib/STM32F10x_StdPeriph_Driver/src/stm32f10x_gpio.c ****   * @brief   This file provides all the GPIO firmware functions.
   8:lib/STM32F10x_StdPeriph_Driver/src/stm32f10x_gpio.c ****   ******************************************************************************
   9:lib/STM32F10x_StdPeriph_Driver/src/stm32f10x_gpio.c ****   * @attention
  10:lib/STM32F10x_StdPeriph_Driver/src/stm32f10x_gpio.c ****   *
  11:lib/STM32F10x_StdPeriph_Driver/src/stm32f10x_gpio.c ****   * <h2><center>&copy; COPYRIGHT 2012 STMicroelectronics</center></h2>
  12:lib/STM32F10x_StdPeriph_Driver/src/stm32f10x_gpio.c ****   *
  13:lib/STM32F10x_StdPeriph_Driver/src/stm32f10x_gpio.c ****   * Licensed under MCD-ST Liberty SW License Agreement V2, (the "License");
  14:lib/STM32F10x_StdPeriph_Driver/src/stm32f10x_gpio.c ****   * You may not use this file except in compliance with the License.
  15:lib/STM32F10x_StdPeriph_Driver/src/stm32f10x_gpio.c ****   * You may obtain a copy of the License at:
  16:lib/STM32F10x_StdPeriph_Driver/src/stm32f10x_gpio.c ****   *
  17:lib/STM32F10x_StdPeriph_Driver/src/stm32f10x_gpio.c ****   *        http://www.st.com/software_license_agreement_liberty_v2
  18:lib/STM32F10x_StdPeriph_Driver/src/stm32f10x_gpio.c ****   *
  19:lib/STM32F10x_StdPeriph_Driver/src/stm32f10x_gpio.c ****   * Unless required by applicable law or agreed to in writing, software 
  20:lib/STM32F10x_StdPeriph_Driver/src/stm32f10x_gpio.c ****   * distributed under the License is distributed on an "AS IS" BASIS, 
  21:lib/STM32F10x_StdPeriph_Driver/src/stm32f10x_gpio.c ****   * WITHOUT WARRANTIES OR CONDITIONS OF ANY KIND, either express or implied.
  22:lib/STM32F10x_StdPeriph_Driver/src/stm32f10x_gpio.c ****   * See the License for the specific language governing permissions and
  23:lib/STM32F10x_StdPeriph_Driver/src/stm32f10x_gpio.c ****   * limitations under the License.
  24:lib/STM32F10x_StdPeriph_Driver/src/stm32f10x_gpio.c ****   *
  25:lib/STM32F10x_StdPeriph_Driver/src/stm32f10x_gpio.c ****   ******************************************************************************
  26:lib/STM32F10x_StdPeriph_Driver/src/stm32f10x_gpio.c ****   */
  27:lib/STM32F10x_StdPeriph_Driver/src/stm32f10x_gpio.c **** 
  28:lib/STM32F10x_StdPeriph_Driver/src/stm32f10x_gpio.c **** /* Includes ------------------------------------------------------------------*/
  29:lib/STM32F10x_StdPeriph_Driver/src/stm32f10x_gpio.c **** #include "stm32f10x_gpio.h"
  30:lib/STM32F10x_StdPeriph_Driver/src/stm32f10x_gpio.c **** #include "stm32f10x_rcc.h"
  31:lib/STM32F10x_StdPeriph_Driver/src/stm32f10x_gpio.c **** 
  32:lib/STM32F10x_StdPeriph_Driver/src/stm32f10x_gpio.c **** /** @addtogroup STM32F10x_StdPeriph_Driver
  33:lib/STM32F10x_StdPeriph_Driver/src/stm32f10x_gpio.c ****   * @{
  34:lib/STM32F10x_StdPeriph_Driver/src/stm32f10x_gpio.c ****   */
  35:lib/STM32F10x_StdPeriph_Driver/src/stm32f10x_gpio.c **** 
  36:lib/STM32F10x_StdPeriph_Driver/src/stm32f10x_gpio.c **** /** @defgroup GPIO 
  37:lib/STM32F10x_StdPeriph_Driver/src/stm32f10x_gpio.c ****   * @brief GPIO driver modules
  38:lib/STM32F10x_StdPeriph_Driver/src/stm32f10x_gpio.c ****   * @{
  39:lib/STM32F10x_StdPeriph_Driver/src/stm32f10x_gpio.c ****   */ 
  40:lib/STM32F10x_StdPeriph_Driver/src/stm32f10x_gpio.c **** 
  41:lib/STM32F10x_StdPeriph_Driver/src/stm32f10x_gpio.c **** /** @defgroup GPIO_Private_TypesDefinitions
  42:lib/STM32F10x_StdPeriph_Driver/src/stm32f10x_gpio.c ****   * @{
  43:lib/STM32F10x_StdPeriph_Driver/src/stm32f10x_gpio.c ****   */
  44:lib/STM32F10x_StdPeriph_Driver/src/stm32f10x_gpio.c **** 
  45:lib/STM32F10x_StdPeriph_Driver/src/stm32f10x_gpio.c **** /**
  46:lib/STM32F10x_StdPeriph_Driver/src/stm32f10x_gpio.c ****   * @}
  47:lib/STM32F10x_StdPeriph_Driver/src/stm32f10x_gpio.c ****   */
  48:lib/STM32F10x_StdPeriph_Driver/src/stm32f10x_gpio.c **** 
  49:lib/STM32F10x_StdPeriph_Driver/src/stm32f10x_gpio.c **** /** @defgroup GPIO_Private_Defines
  50:lib/STM32F10x_StdPeriph_Driver/src/stm32f10x_gpio.c ****   * @{
  51:lib/STM32F10x_StdPeriph_Driver/src/stm32f10x_gpio.c ****   */
  52:lib/STM32F10x_StdPeriph_Driver/src/stm32f10x_gpio.c **** 
  53:lib/STM32F10x_StdPeriph_Driver/src/stm32f10x_gpio.c **** /* ------------ RCC registers bit address in the alias region ----------------*/
  54:lib/STM32F10x_StdPeriph_Driver/src/stm32f10x_gpio.c **** #define AFIO_OFFSET                 (AFIO_BASE - PERIPH_BASE)
  55:lib/STM32F10x_StdPeriph_Driver/src/stm32f10x_gpio.c **** 
  56:lib/STM32F10x_StdPeriph_Driver/src/stm32f10x_gpio.c **** /* --- EVENTCR Register -----*/
  57:lib/STM32F10x_StdPeriph_Driver/src/stm32f10x_gpio.c **** 
  58:lib/STM32F10x_StdPeriph_Driver/src/stm32f10x_gpio.c **** /* Alias word address of EVOE bit */
  59:lib/STM32F10x_StdPeriph_Driver/src/stm32f10x_gpio.c **** #define EVCR_OFFSET                 (AFIO_OFFSET + 0x00)
  60:lib/STM32F10x_StdPeriph_Driver/src/stm32f10x_gpio.c **** #define EVOE_BitNumber              ((uint8_t)0x07)
  61:lib/STM32F10x_StdPeriph_Driver/src/stm32f10x_gpio.c **** #define EVCR_EVOE_BB                (PERIPH_BB_BASE + (EVCR_OFFSET * 32) + (EVOE_BitNumber * 4))
  62:lib/STM32F10x_StdPeriph_Driver/src/stm32f10x_gpio.c **** 
  63:lib/STM32F10x_StdPeriph_Driver/src/stm32f10x_gpio.c **** 
  64:lib/STM32F10x_StdPeriph_Driver/src/stm32f10x_gpio.c **** /* ---  MAPR Register ---*/ 
  65:lib/STM32F10x_StdPeriph_Driver/src/stm32f10x_gpio.c **** /* Alias word address of MII_RMII_SEL bit */ 
  66:lib/STM32F10x_StdPeriph_Driver/src/stm32f10x_gpio.c **** #define MAPR_OFFSET                 (AFIO_OFFSET + 0x04) 
  67:lib/STM32F10x_StdPeriph_Driver/src/stm32f10x_gpio.c **** #define MII_RMII_SEL_BitNumber      ((u8)0x17) 
  68:lib/STM32F10x_StdPeriph_Driver/src/stm32f10x_gpio.c **** #define MAPR_MII_RMII_SEL_BB        (PERIPH_BB_BASE + (MAPR_OFFSET * 32) + (MII_RMII_SEL_BitNumber 
  69:lib/STM32F10x_StdPeriph_Driver/src/stm32f10x_gpio.c **** 
  70:lib/STM32F10x_StdPeriph_Driver/src/stm32f10x_gpio.c **** 
  71:lib/STM32F10x_StdPeriph_Driver/src/stm32f10x_gpio.c **** #define EVCR_PORTPINCONFIG_MASK     ((uint16_t)0xFF80)
  72:lib/STM32F10x_StdPeriph_Driver/src/stm32f10x_gpio.c **** #define LSB_MASK                    ((uint16_t)0xFFFF)
  73:lib/STM32F10x_StdPeriph_Driver/src/stm32f10x_gpio.c **** #define DBGAFR_POSITION_MASK        ((uint32_t)0x000F0000)
  74:lib/STM32F10x_StdPeriph_Driver/src/stm32f10x_gpio.c **** #define DBGAFR_SWJCFG_MASK          ((uint32_t)0xF0FFFFFF)
  75:lib/STM32F10x_StdPeriph_Driver/src/stm32f10x_gpio.c **** #define DBGAFR_LOCATION_MASK        ((uint32_t)0x00200000)
  76:lib/STM32F10x_StdPeriph_Driver/src/stm32f10x_gpio.c **** #define DBGAFR_NUMBITS_MASK         ((uint32_t)0x00100000)
  77:lib/STM32F10x_StdPeriph_Driver/src/stm32f10x_gpio.c **** /**
  78:lib/STM32F10x_StdPeriph_Driver/src/stm32f10x_gpio.c ****   * @}
  79:lib/STM32F10x_StdPeriph_Driver/src/stm32f10x_gpio.c ****   */
  80:lib/STM32F10x_StdPeriph_Driver/src/stm32f10x_gpio.c **** 
  81:lib/STM32F10x_StdPeriph_Driver/src/stm32f10x_gpio.c **** /** @defgroup GPIO_Private_Macros
  82:lib/STM32F10x_StdPeriph_Driver/src/stm32f10x_gpio.c ****   * @{
  83:lib/STM32F10x_StdPeriph_Driver/src/stm32f10x_gpio.c ****   */
  84:lib/STM32F10x_StdPeriph_Driver/src/stm32f10x_gpio.c **** 
  85:lib/STM32F10x_StdPeriph_Driver/src/stm32f10x_gpio.c **** /**
  86:lib/STM32F10x_StdPeriph_Driver/src/stm32f10x_gpio.c ****   * @}
  87:lib/STM32F10x_StdPeriph_Driver/src/stm32f10x_gpio.c ****   */
  88:lib/STM32F10x_StdPeriph_Driver/src/stm32f10x_gpio.c **** 
  89:lib/STM32F10x_StdPeriph_Driver/src/stm32f10x_gpio.c **** /** @defgroup GPIO_Private_Variables
  90:lib/STM32F10x_StdPeriph_Driver/src/stm32f10x_gpio.c ****   * @{
  91:lib/STM32F10x_StdPeriph_Driver/src/stm32f10x_gpio.c ****   */
  92:lib/STM32F10x_StdPeriph_Driver/src/stm32f10x_gpio.c **** 
  93:lib/STM32F10x_StdPeriph_Driver/src/stm32f10x_gpio.c **** /**
  94:lib/STM32F10x_StdPeriph_Driver/src/stm32f10x_gpio.c ****   * @}
  95:lib/STM32F10x_StdPeriph_Driver/src/stm32f10x_gpio.c ****   */
  96:lib/STM32F10x_StdPeriph_Driver/src/stm32f10x_gpio.c **** 
  97:lib/STM32F10x_StdPeriph_Driver/src/stm32f10x_gpio.c **** /** @defgroup GPIO_Private_FunctionPrototypes
  98:lib/STM32F10x_StdPeriph_Driver/src/stm32f10x_gpio.c ****   * @{
  99:lib/STM32F10x_StdPeriph_Driver/src/stm32f10x_gpio.c ****   */
 100:lib/STM32F10x_StdPeriph_Driver/src/stm32f10x_gpio.c **** 
 101:lib/STM32F10x_StdPeriph_Driver/src/stm32f10x_gpio.c **** /**
 102:lib/STM32F10x_StdPeriph_Driver/src/stm32f10x_gpio.c ****   * @}
 103:lib/STM32F10x_StdPeriph_Driver/src/stm32f10x_gpio.c ****   */
 104:lib/STM32F10x_StdPeriph_Driver/src/stm32f10x_gpio.c **** 
 105:lib/STM32F10x_StdPeriph_Driver/src/stm32f10x_gpio.c **** /** @defgroup GPIO_Private_Functions
 106:lib/STM32F10x_StdPeriph_Driver/src/stm32f10x_gpio.c ****   * @{
 107:lib/STM32F10x_StdPeriph_Driver/src/stm32f10x_gpio.c ****   */
 108:lib/STM32F10x_StdPeriph_Driver/src/stm32f10x_gpio.c **** 
 109:lib/STM32F10x_StdPeriph_Driver/src/stm32f10x_gpio.c **** /**
 110:lib/STM32F10x_StdPeriph_Driver/src/stm32f10x_gpio.c ****   * @brief  Deinitializes the GPIOx peripheral registers to their default reset values.
 111:lib/STM32F10x_StdPeriph_Driver/src/stm32f10x_gpio.c ****   * @param  GPIOx: where x can be (A..G) to select the GPIO peripheral.
 112:lib/STM32F10x_StdPeriph_Driver/src/stm32f10x_gpio.c ****   * @retval None
 113:lib/STM32F10x_StdPeriph_Driver/src/stm32f10x_gpio.c ****   */
 114:lib/STM32F10x_StdPeriph_Driver/src/stm32f10x_gpio.c **** void GPIO_DeInit(GPIO_TypeDef* GPIOx)
 115:lib/STM32F10x_StdPeriph_Driver/src/stm32f10x_gpio.c **** {
  27              		.loc 1 115 0
  28              		.cfi_startproc
  29              		@ args = 0, pretend = 0, frame = 0
  30              		@ frame_needed = 0, uses_anonymous_args = 0
  31              	.LVL0:
  32 0000 08B5     		push	{r3, lr}
  33              	.LCFI0:
  34              		.cfi_def_cfa_offset 8
  35              		.cfi_offset 3, -8
  36              		.cfi_offset 14, -4
 116:lib/STM32F10x_StdPeriph_Driver/src/stm32f10x_gpio.c ****   /* Check the parameters */
 117:lib/STM32F10x_StdPeriph_Driver/src/stm32f10x_gpio.c ****   assert_param(IS_GPIO_ALL_PERIPH(GPIOx));
 118:lib/STM32F10x_StdPeriph_Driver/src/stm32f10x_gpio.c ****   
 119:lib/STM32F10x_StdPeriph_Driver/src/stm32f10x_gpio.c ****   if (GPIOx == GPIOA)
  37              		.loc 1 119 0
  38 0002 234B     		ldr	r3, .L11
  39 0004 9842     		cmp	r0, r3
  40 0006 05D1     		bne	.L2
 120:lib/STM32F10x_StdPeriph_Driver/src/stm32f10x_gpio.c ****   {
 121:lib/STM32F10x_StdPeriph_Driver/src/stm32f10x_gpio.c ****     RCC_APB2PeriphResetCmd(RCC_APB2Periph_GPIOA, ENABLE);
  41              		.loc 1 121 0
  42 0008 0420     		movs	r0, #4
  43              	.LVL1:
  44 000a 0121     		movs	r1, #1
  45 000c FFF7FEFF 		bl	RCC_APB2PeriphResetCmd
  46              	.LVL2:
 122:lib/STM32F10x_StdPeriph_Driver/src/stm32f10x_gpio.c ****     RCC_APB2PeriphResetCmd(RCC_APB2Periph_GPIOA, DISABLE);
  47              		.loc 1 122 0
  48 0010 0420     		movs	r0, #4
  49 0012 36E0     		b	.L9
  50              	.LVL3:
  51              	.L2:
 123:lib/STM32F10x_StdPeriph_Driver/src/stm32f10x_gpio.c ****   }
 124:lib/STM32F10x_StdPeriph_Driver/src/stm32f10x_gpio.c ****   else if (GPIOx == GPIOB)
  52              		.loc 1 124 0
  53 0014 1F49     		ldr	r1, .L11+4
  54 0016 8842     		cmp	r0, r1
  55 0018 05D1     		bne	.L3
 125:lib/STM32F10x_StdPeriph_Driver/src/stm32f10x_gpio.c ****   {
 126:lib/STM32F10x_StdPeriph_Driver/src/stm32f10x_gpio.c ****     RCC_APB2PeriphResetCmd(RCC_APB2Periph_GPIOB, ENABLE);
  56              		.loc 1 126 0
  57 001a 0820     		movs	r0, #8
  58              	.LVL4:
  59 001c 0121     		movs	r1, #1
  60 001e FFF7FEFF 		bl	RCC_APB2PeriphResetCmd
  61              	.LVL5:
 127:lib/STM32F10x_StdPeriph_Driver/src/stm32f10x_gpio.c ****     RCC_APB2PeriphResetCmd(RCC_APB2Periph_GPIOB, DISABLE);
  62              		.loc 1 127 0
  63 0022 0820     		movs	r0, #8
  64 0024 2DE0     		b	.L9
  65              	.LVL6:
  66              	.L3:
 128:lib/STM32F10x_StdPeriph_Driver/src/stm32f10x_gpio.c ****   }
 129:lib/STM32F10x_StdPeriph_Driver/src/stm32f10x_gpio.c ****   else if (GPIOx == GPIOC)
  67              		.loc 1 129 0
  68 0026 1C4A     		ldr	r2, .L11+8
  69 0028 9042     		cmp	r0, r2
  70 002a 05D1     		bne	.L4
 130:lib/STM32F10x_StdPeriph_Driver/src/stm32f10x_gpio.c ****   {
 131:lib/STM32F10x_StdPeriph_Driver/src/stm32f10x_gpio.c ****     RCC_APB2PeriphResetCmd(RCC_APB2Periph_GPIOC, ENABLE);
  71              		.loc 1 131 0
  72 002c 1020     		movs	r0, #16
  73              	.LVL7:
  74 002e 0121     		movs	r1, #1
  75 0030 FFF7FEFF 		bl	RCC_APB2PeriphResetCmd
  76              	.LVL8:
 132:lib/STM32F10x_StdPeriph_Driver/src/stm32f10x_gpio.c ****     RCC_APB2PeriphResetCmd(RCC_APB2Periph_GPIOC, DISABLE);
  77              		.loc 1 132 0
  78 0034 1020     		movs	r0, #16
  79 0036 24E0     		b	.L9
  80              	.LVL9:
  81              	.L4:
 133:lib/STM32F10x_StdPeriph_Driver/src/stm32f10x_gpio.c ****   }
 134:lib/STM32F10x_StdPeriph_Driver/src/stm32f10x_gpio.c ****   else if (GPIOx == GPIOD)
  82              		.loc 1 134 0
  83 0038 184B     		ldr	r3, .L11+12
  84 003a 9842     		cmp	r0, r3
  85 003c 05D1     		bne	.L5
 135:lib/STM32F10x_StdPeriph_Driver/src/stm32f10x_gpio.c ****   {
 136:lib/STM32F10x_StdPeriph_Driver/src/stm32f10x_gpio.c ****     RCC_APB2PeriphResetCmd(RCC_APB2Periph_GPIOD, ENABLE);
  86              		.loc 1 136 0
  87 003e 2020     		movs	r0, #32
  88              	.LVL10:
  89 0040 0121     		movs	r1, #1
  90 0042 FFF7FEFF 		bl	RCC_APB2PeriphResetCmd
  91              	.LVL11:
 137:lib/STM32F10x_StdPeriph_Driver/src/stm32f10x_gpio.c ****     RCC_APB2PeriphResetCmd(RCC_APB2Periph_GPIOD, DISABLE);
  92              		.loc 1 137 0
  93 0046 2020     		movs	r0, #32
  94 0048 1BE0     		b	.L9
  95              	.LVL12:
  96              	.L5:
 138:lib/STM32F10x_StdPeriph_Driver/src/stm32f10x_gpio.c ****   }    
 139:lib/STM32F10x_StdPeriph_Driver/src/stm32f10x_gpio.c ****   else if (GPIOx == GPIOE)
  97              		.loc 1 139 0
  98 004a 1549     		ldr	r1, .L11+16
  99 004c 8842     		cmp	r0, r1
 100 004e 05D1     		bne	.L6
 140:lib/STM32F10x_StdPeriph_Driver/src/stm32f10x_gpio.c ****   {
 141:lib/STM32F10x_StdPeriph_Driver/src/stm32f10x_gpio.c ****     RCC_APB2PeriphResetCmd(RCC_APB2Periph_GPIOE, ENABLE);
 101              		.loc 1 141 0
 102 0050 4020     		movs	r0, #64
 103              	.LVL13:
 104 0052 0121     		movs	r1, #1
 105 0054 FFF7FEFF 		bl	RCC_APB2PeriphResetCmd
 106              	.LVL14:
 142:lib/STM32F10x_StdPeriph_Driver/src/stm32f10x_gpio.c ****     RCC_APB2PeriphResetCmd(RCC_APB2Periph_GPIOE, DISABLE);
 107              		.loc 1 142 0
 108 0058 4020     		movs	r0, #64
 109 005a 12E0     		b	.L9
 110              	.LVL15:
 111              	.L6:
 143:lib/STM32F10x_StdPeriph_Driver/src/stm32f10x_gpio.c ****   } 
 144:lib/STM32F10x_StdPeriph_Driver/src/stm32f10x_gpio.c ****   else if (GPIOx == GPIOF)
 112              		.loc 1 144 0
 113 005c 114A     		ldr	r2, .L11+20
 114 005e 9042     		cmp	r0, r2
 115 0060 05D1     		bne	.L7
 145:lib/STM32F10x_StdPeriph_Driver/src/stm32f10x_gpio.c ****   {
 146:lib/STM32F10x_StdPeriph_Driver/src/stm32f10x_gpio.c ****     RCC_APB2PeriphResetCmd(RCC_APB2Periph_GPIOF, ENABLE);
 116              		.loc 1 146 0
 117 0062 8020     		movs	r0, #128
 118              	.LVL16:
 119 0064 0121     		movs	r1, #1
 120 0066 FFF7FEFF 		bl	RCC_APB2PeriphResetCmd
 121              	.LVL17:
 147:lib/STM32F10x_StdPeriph_Driver/src/stm32f10x_gpio.c ****     RCC_APB2PeriphResetCmd(RCC_APB2Periph_GPIOF, DISABLE);
 122              		.loc 1 147 0
 123 006a 8020     		movs	r0, #128
 124 006c 09E0     		b	.L9
 125              	.LVL18:
 126              	.L7:
 148:lib/STM32F10x_StdPeriph_Driver/src/stm32f10x_gpio.c ****   }
 149:lib/STM32F10x_StdPeriph_Driver/src/stm32f10x_gpio.c ****   else
 150:lib/STM32F10x_StdPeriph_Driver/src/stm32f10x_gpio.c ****   {
 151:lib/STM32F10x_StdPeriph_Driver/src/stm32f10x_gpio.c ****     if (GPIOx == GPIOG)
 127              		.loc 1 151 0
 128 006e 0E4B     		ldr	r3, .L11+24
 129 0070 9842     		cmp	r0, r3
 130 0072 0BD1     		bne	.L1
 152:lib/STM32F10x_StdPeriph_Driver/src/stm32f10x_gpio.c ****     {
 153:lib/STM32F10x_StdPeriph_Driver/src/stm32f10x_gpio.c ****       RCC_APB2PeriphResetCmd(RCC_APB2Periph_GPIOG, ENABLE);
 131              		.loc 1 153 0
 132 0074 4FF48070 		mov	r0, #256
 133              	.LVL19:
 134 0078 0121     		movs	r1, #1
 135 007a FFF7FEFF 		bl	RCC_APB2PeriphResetCmd
 136              	.LVL20:
 154:lib/STM32F10x_StdPeriph_Driver/src/stm32f10x_gpio.c ****       RCC_APB2PeriphResetCmd(RCC_APB2Periph_GPIOG, DISABLE);
 137              		.loc 1 154 0
 138 007e 4FF48070 		mov	r0, #256
 139              	.L9:
 140 0082 0021     		movs	r1, #0
 155:lib/STM32F10x_StdPeriph_Driver/src/stm32f10x_gpio.c ****     }
 156:lib/STM32F10x_StdPeriph_Driver/src/stm32f10x_gpio.c ****   }
 157:lib/STM32F10x_StdPeriph_Driver/src/stm32f10x_gpio.c **** }
 141              		.loc 1 157 0
 142 0084 BDE80840 		pop	{r3, lr}
 154:lib/STM32F10x_StdPeriph_Driver/src/stm32f10x_gpio.c ****       RCC_APB2PeriphResetCmd(RCC_APB2Periph_GPIOG, DISABLE);
 143              		.loc 1 154 0
 144 0088 FFF7FEBF 		b	RCC_APB2PeriphResetCmd
 145              	.LVL21:
 146              	.L1:
 147 008c 08BD     		pop	{r3, pc}
 148              	.L12:
 149 008e 00BF     		.align	2
 150              	.L11:
 151 0090 00080140 		.word	1073809408
 152 0094 000C0140 		.word	1073810432
 153 0098 00100140 		.word	1073811456
 154 009c 00140140 		.word	1073812480
 155 00a0 00180140 		.word	1073813504
 156 00a4 001C0140 		.word	1073814528
 157 00a8 00200140 		.word	1073815552
 158              		.cfi_endproc
 159              	.LFE56:
 161              		.section	.text.GPIO_AFIODeInit,"ax",%progbits
 162              		.align	1
 163              		.global	GPIO_AFIODeInit
 164              		.thumb
 165              		.thumb_func
 167              	GPIO_AFIODeInit:
 168              	.LFB57:
 158:lib/STM32F10x_StdPeriph_Driver/src/stm32f10x_gpio.c **** 
 159:lib/STM32F10x_StdPeriph_Driver/src/stm32f10x_gpio.c **** /**
 160:lib/STM32F10x_StdPeriph_Driver/src/stm32f10x_gpio.c ****   * @brief  Deinitializes the Alternate Functions (remap, event control
 161:lib/STM32F10x_StdPeriph_Driver/src/stm32f10x_gpio.c ****   *   and EXTI configuration) registers to their default reset values.
 162:lib/STM32F10x_StdPeriph_Driver/src/stm32f10x_gpio.c ****   * @param  None
 163:lib/STM32F10x_StdPeriph_Driver/src/stm32f10x_gpio.c ****   * @retval None
 164:lib/STM32F10x_StdPeriph_Driver/src/stm32f10x_gpio.c ****   */
 165:lib/STM32F10x_StdPeriph_Driver/src/stm32f10x_gpio.c **** void GPIO_AFIODeInit(void)
 166:lib/STM32F10x_StdPeriph_Driver/src/stm32f10x_gpio.c **** {
 169              		.loc 1 166 0
 170              		.cfi_startproc
 171              		@ args = 0, pretend = 0, frame = 0
 172              		@ frame_needed = 0, uses_anonymous_args = 0
 173 0000 08B5     		push	{r3, lr}
 174              	.LCFI1:
 175              		.cfi_def_cfa_offset 8
 176              		.cfi_offset 3, -8
 177              		.cfi_offset 14, -4
 167:lib/STM32F10x_StdPeriph_Driver/src/stm32f10x_gpio.c ****   RCC_APB2PeriphResetCmd(RCC_APB2Periph_AFIO, ENABLE);
 178              		.loc 1 167 0
 179 0002 0120     		movs	r0, #1
 180 0004 0146     		mov	r1, r0
 181 0006 FFF7FEFF 		bl	RCC_APB2PeriphResetCmd
 182              	.LVL22:
 168:lib/STM32F10x_StdPeriph_Driver/src/stm32f10x_gpio.c ****   RCC_APB2PeriphResetCmd(RCC_APB2Periph_AFIO, DISABLE);
 183              		.loc 1 168 0
 184 000a 0120     		movs	r0, #1
 185 000c 0021     		movs	r1, #0
 169:lib/STM32F10x_StdPeriph_Driver/src/stm32f10x_gpio.c **** }
 186              		.loc 1 169 0
 187 000e BDE80840 		pop	{r3, lr}
 168:lib/STM32F10x_StdPeriph_Driver/src/stm32f10x_gpio.c ****   RCC_APB2PeriphResetCmd(RCC_APB2Periph_AFIO, DISABLE);
 188              		.loc 1 168 0
 189 0012 FFF7FEBF 		b	RCC_APB2PeriphResetCmd
 190              	.LVL23:
 191              		.cfi_endproc
 192              	.LFE57:
 194              		.section	.text.GPIO_Init,"ax",%progbits
 195              		.align	1
 196              		.global	GPIO_Init
 197              		.thumb
 198              		.thumb_func
 200              	GPIO_Init:
 201              	.LFB58:
 170:lib/STM32F10x_StdPeriph_Driver/src/stm32f10x_gpio.c **** 
 171:lib/STM32F10x_StdPeriph_Driver/src/stm32f10x_gpio.c **** /**
 172:lib/STM32F10x_StdPeriph_Driver/src/stm32f10x_gpio.c ****   * @brief  Initializes the GPIOx peripheral according to the specified
 173:lib/STM32F10x_StdPeriph_Driver/src/stm32f10x_gpio.c ****   *         parameters in the GPIO_InitStruct.
 174:lib/STM32F10x_StdPeriph_Driver/src/stm32f10x_gpio.c ****   * @param  GPIOx: where x can be (A..G) to select the GPIO peripheral.
 175:lib/STM32F10x_StdPeriph_Driver/src/stm32f10x_gpio.c ****   * @param  GPIO_InitStruct: pointer to a GPIO_InitTypeDef structure that
 176:lib/STM32F10x_StdPeriph_Driver/src/stm32f10x_gpio.c ****   *         contains the configuration information for the specified GPIO peripheral.
 177:lib/STM32F10x_StdPeriph_Driver/src/stm32f10x_gpio.c ****   * @retval None
 178:lib/STM32F10x_StdPeriph_Driver/src/stm32f10x_gpio.c ****   */
 179:lib/STM32F10x_StdPeriph_Driver/src/stm32f10x_gpio.c **** void GPIO_Init(GPIO_TypeDef* GPIOx, GPIO_InitTypeDef* GPIO_InitStruct)
 180:lib/STM32F10x_StdPeriph_Driver/src/stm32f10x_gpio.c **** {
 202              		.loc 1 180 0
 203              		.cfi_startproc
 204              		@ args = 0, pretend = 0, frame = 0
 205              		@ frame_needed = 0, uses_anonymous_args = 0
 206              	.LVL24:
 207 0000 F0B5     		push	{r4, r5, r6, r7, lr}
 208              	.LCFI2:
 209              		.cfi_def_cfa_offset 20
 210              		.cfi_offset 4, -20
 211              		.cfi_offset 5, -16
 212              		.cfi_offset 6, -12
 213              		.cfi_offset 7, -8
 214              		.cfi_offset 14, -4
 215              	.LVL25:
 181:lib/STM32F10x_StdPeriph_Driver/src/stm32f10x_gpio.c ****   uint32_t currentmode = 0x00, currentpin = 0x00, pinpos = 0x00, pos = 0x00;
 182:lib/STM32F10x_StdPeriph_Driver/src/stm32f10x_gpio.c ****   uint32_t tmpreg = 0x00, pinmask = 0x00;
 183:lib/STM32F10x_StdPeriph_Driver/src/stm32f10x_gpio.c ****   /* Check the parameters */
 184:lib/STM32F10x_StdPeriph_Driver/src/stm32f10x_gpio.c ****   assert_param(IS_GPIO_ALL_PERIPH(GPIOx));
 185:lib/STM32F10x_StdPeriph_Driver/src/stm32f10x_gpio.c ****   assert_param(IS_GPIO_MODE(GPIO_InitStruct->GPIO_Mode));
 186:lib/STM32F10x_StdPeriph_Driver/src/stm32f10x_gpio.c ****   assert_param(IS_GPIO_PIN(GPIO_InitStruct->GPIO_Pin));  
 187:lib/STM32F10x_StdPeriph_Driver/src/stm32f10x_gpio.c ****   
 188:lib/STM32F10x_StdPeriph_Driver/src/stm32f10x_gpio.c **** /*---------------------------- GPIO Mode Configuration -----------------------*/
 189:lib/STM32F10x_StdPeriph_Driver/src/stm32f10x_gpio.c ****   currentmode = ((uint32_t)GPIO_InitStruct->GPIO_Mode) & ((uint32_t)0x0F);
 216              		.loc 1 189 0
 217 0002 CB78     		ldrb	r3, [r1, #3]	@ zero_extendqisi2
 218 0004 03F00F04 		and	r4, r3, #15
 219              	.LVL26:
 190:lib/STM32F10x_StdPeriph_Driver/src/stm32f10x_gpio.c ****   if ((((uint32_t)GPIO_InitStruct->GPIO_Mode) & ((uint32_t)0x10)) != 0x00)
 220              		.loc 1 190 0
 221 0008 DA06     		lsls	r2, r3, #27
 191:lib/STM32F10x_StdPeriph_Driver/src/stm32f10x_gpio.c ****   { 
 192:lib/STM32F10x_StdPeriph_Driver/src/stm32f10x_gpio.c ****     /* Check the parameters */
 193:lib/STM32F10x_StdPeriph_Driver/src/stm32f10x_gpio.c ****     assert_param(IS_GPIO_SPEED(GPIO_InitStruct->GPIO_Speed));
 194:lib/STM32F10x_StdPeriph_Driver/src/stm32f10x_gpio.c ****     /* Output mode */
 195:lib/STM32F10x_StdPeriph_Driver/src/stm32f10x_gpio.c ****     currentmode |= (uint32_t)GPIO_InitStruct->GPIO_Speed;
 222              		.loc 1 195 0
 223 000a 44BF     		itt	mi
 224 000c 8A78     		ldrbmi	r2, [r1, #2]	@ zero_extendqisi2
 225 000e 1443     		orrmi	r4, r4, r2
 226              	.LVL27:
 196:lib/STM32F10x_StdPeriph_Driver/src/stm32f10x_gpio.c ****   }
 197:lib/STM32F10x_StdPeriph_Driver/src/stm32f10x_gpio.c **** /*---------------------------- GPIO CRL Configuration ------------------------*/
 198:lib/STM32F10x_StdPeriph_Driver/src/stm32f10x_gpio.c ****   /* Configure the eight low port pins */
 199:lib/STM32F10x_StdPeriph_Driver/src/stm32f10x_gpio.c ****   if (((uint32_t)GPIO_InitStruct->GPIO_Pin & ((uint32_t)0x00FF)) != 0x00)
 227              		.loc 1 199 0
 228 0010 0B78     		ldrb	r3, [r1, #0]	@ zero_extendqisi2
 229 0012 EBB1     		cbz	r3, .L17
 200:lib/STM32F10x_StdPeriph_Driver/src/stm32f10x_gpio.c ****   {
 201:lib/STM32F10x_StdPeriph_Driver/src/stm32f10x_gpio.c ****     tmpreg = GPIOx->CRL;
 230              		.loc 1 201 0
 231 0014 0268     		ldr	r2, [r0, #0]
 232              	.LVL28:
 202:lib/STM32F10x_StdPeriph_Driver/src/stm32f10x_gpio.c ****     for (pinpos = 0x00; pinpos < 0x08; pinpos++)
 233              		.loc 1 202 0
 234 0016 0023     		movs	r3, #0
 235              	.LVL29:
 236              	.L20:
 203:lib/STM32F10x_StdPeriph_Driver/src/stm32f10x_gpio.c ****     {
 204:lib/STM32F10x_StdPeriph_Driver/src/stm32f10x_gpio.c ****       pos = ((uint32_t)0x01) << pinpos;
 237              		.loc 1 204 0
 238 0018 0126     		movs	r6, #1
 239 001a 06FA03F6 		lsl	r6, r6, r3
 240              	.LVL30:
 205:lib/STM32F10x_StdPeriph_Driver/src/stm32f10x_gpio.c ****       /* Get the port pins position */
 206:lib/STM32F10x_StdPeriph_Driver/src/stm32f10x_gpio.c ****       currentpin = (GPIO_InitStruct->GPIO_Pin) & pos;
 241              		.loc 1 206 0
 242 001e 0D88     		ldrh	r5, [r1, #0]
 243 0020 3540     		ands	r5, r5, r6
 244              	.LVL31:
 207:lib/STM32F10x_StdPeriph_Driver/src/stm32f10x_gpio.c ****       if (currentpin == pos)
 245              		.loc 1 207 0
 246 0022 B542     		cmp	r5, r6
 247 0024 10D1     		bne	.L18
 248              	.LVL32:
 208:lib/STM32F10x_StdPeriph_Driver/src/stm32f10x_gpio.c ****       {
 209:lib/STM32F10x_StdPeriph_Driver/src/stm32f10x_gpio.c ****         pos = pinpos << 2;
 249              		.loc 1 209 0
 250 0026 9E00     		lsls	r6, r3, #2
 251              	.LVL33:
 210:lib/STM32F10x_StdPeriph_Driver/src/stm32f10x_gpio.c ****         /* Clear the corresponding low control register bits */
 211:lib/STM32F10x_StdPeriph_Driver/src/stm32f10x_gpio.c ****         pinmask = ((uint32_t)0x0F) << pos;
 252              		.loc 1 211 0
 253 0028 0F27     		movs	r7, #15
 254 002a 07FA06F7 		lsl	r7, r7, r6
 255              	.LVL34:
 212:lib/STM32F10x_StdPeriph_Driver/src/stm32f10x_gpio.c ****         tmpreg &= ~pinmask;
 256              		.loc 1 212 0
 257 002e 22EA0702 		bic	r2, r2, r7
 258              	.LVL35:
 213:lib/STM32F10x_StdPeriph_Driver/src/stm32f10x_gpio.c ****         /* Write the mode configuration in the corresponding bits */
 214:lib/STM32F10x_StdPeriph_Driver/src/stm32f10x_gpio.c ****         tmpreg |= (currentmode << pos);
 259              		.loc 1 214 0
 260 0032 04FA06F6 		lsl	r6, r4, r6
 261              	.LVL36:
 262 0036 3243     		orrs	r2, r2, r6
 263              	.LVL37:
 215:lib/STM32F10x_StdPeriph_Driver/src/stm32f10x_gpio.c ****         /* Reset the corresponding ODR bit */
 216:lib/STM32F10x_StdPeriph_Driver/src/stm32f10x_gpio.c ****         if (GPIO_InitStruct->GPIO_Mode == GPIO_Mode_IPD)
 264              		.loc 1 216 0
 265 0038 CE78     		ldrb	r6, [r1, #3]	@ zero_extendqisi2
 266 003a 282E     		cmp	r6, #40
 267 003c 01D1     		bne	.L19
 217:lib/STM32F10x_StdPeriph_Driver/src/stm32f10x_gpio.c ****         {
 218:lib/STM32F10x_StdPeriph_Driver/src/stm32f10x_gpio.c ****           GPIOx->BRR = (((uint32_t)0x01) << pinpos);
 268              		.loc 1 218 0
 269 003e 4561     		str	r5, [r0, #20]
 270 0040 02E0     		b	.L18
 271              	.L19:
 219:lib/STM32F10x_StdPeriph_Driver/src/stm32f10x_gpio.c ****         }
 220:lib/STM32F10x_StdPeriph_Driver/src/stm32f10x_gpio.c ****         else
 221:lib/STM32F10x_StdPeriph_Driver/src/stm32f10x_gpio.c ****         {
 222:lib/STM32F10x_StdPeriph_Driver/src/stm32f10x_gpio.c ****           /* Set the corresponding ODR bit */
 223:lib/STM32F10x_StdPeriph_Driver/src/stm32f10x_gpio.c ****           if (GPIO_InitStruct->GPIO_Mode == GPIO_Mode_IPU)
 272              		.loc 1 223 0
 273 0042 482E     		cmp	r6, #72
 224:lib/STM32F10x_StdPeriph_Driver/src/stm32f10x_gpio.c ****           {
 225:lib/STM32F10x_StdPeriph_Driver/src/stm32f10x_gpio.c ****             GPIOx->BSRR = (((uint32_t)0x01) << pinpos);
 274              		.loc 1 225 0
 275 0044 08BF     		it	eq
 276 0046 0561     		streq	r5, [r0, #16]
 277              	.LVL38:
 278              	.L18:
 202:lib/STM32F10x_StdPeriph_Driver/src/stm32f10x_gpio.c ****     for (pinpos = 0x00; pinpos < 0x08; pinpos++)
 279              		.loc 1 202 0
 280 0048 0133     		adds	r3, r3, #1
 281              	.LVL39:
 282 004a 082B     		cmp	r3, #8
 283 004c E4D1     		bne	.L20
 226:lib/STM32F10x_StdPeriph_Driver/src/stm32f10x_gpio.c ****           }
 227:lib/STM32F10x_StdPeriph_Driver/src/stm32f10x_gpio.c ****         }
 228:lib/STM32F10x_StdPeriph_Driver/src/stm32f10x_gpio.c ****       }
 229:lib/STM32F10x_StdPeriph_Driver/src/stm32f10x_gpio.c ****     }
 230:lib/STM32F10x_StdPeriph_Driver/src/stm32f10x_gpio.c ****     GPIOx->CRL = tmpreg;
 284              		.loc 1 230 0
 285 004e 0260     		str	r2, [r0, #0]
 286              	.LVL40:
 287              	.L17:
 231:lib/STM32F10x_StdPeriph_Driver/src/stm32f10x_gpio.c ****   }
 232:lib/STM32F10x_StdPeriph_Driver/src/stm32f10x_gpio.c **** /*---------------------------- GPIO CRH Configuration ------------------------*/
 233:lib/STM32F10x_StdPeriph_Driver/src/stm32f10x_gpio.c ****   /* Configure the eight high port pins */
 234:lib/STM32F10x_StdPeriph_Driver/src/stm32f10x_gpio.c ****   if (GPIO_InitStruct->GPIO_Pin > 0x00FF)
 288              		.loc 1 234 0
 289 0050 0A88     		ldrh	r2, [r1, #0]
 290 0052 FF2A     		cmp	r2, #255
 291 0054 1FD9     		bls	.L14
 235:lib/STM32F10x_StdPeriph_Driver/src/stm32f10x_gpio.c ****   {
 236:lib/STM32F10x_StdPeriph_Driver/src/stm32f10x_gpio.c ****     tmpreg = GPIOx->CRH;
 292              		.loc 1 236 0
 293 0056 4268     		ldr	r2, [r0, #4]
 294              	.LVL41:
 237:lib/STM32F10x_StdPeriph_Driver/src/stm32f10x_gpio.c ****     for (pinpos = 0x00; pinpos < 0x08; pinpos++)
 295              		.loc 1 237 0
 296 0058 0023     		movs	r3, #0
 297              	.LVL42:
 298              	.L24:
 179:lib/STM32F10x_StdPeriph_Driver/src/stm32f10x_gpio.c **** void GPIO_Init(GPIO_TypeDef* GPIOx, GPIO_InitTypeDef* GPIO_InitStruct)
 299              		.loc 1 179 0
 300 005a 03F10805 		add	r5, r3, #8
 238:lib/STM32F10x_StdPeriph_Driver/src/stm32f10x_gpio.c ****     {
 239:lib/STM32F10x_StdPeriph_Driver/src/stm32f10x_gpio.c ****       pos = (((uint32_t)0x01) << (pinpos + 0x08));
 301              		.loc 1 239 0
 302 005e 0126     		movs	r6, #1
 303 0060 06FA05F6 		lsl	r6, r6, r5
 304              	.LVL43:
 240:lib/STM32F10x_StdPeriph_Driver/src/stm32f10x_gpio.c ****       /* Get the port pins position */
 241:lib/STM32F10x_StdPeriph_Driver/src/stm32f10x_gpio.c ****       currentpin = ((GPIO_InitStruct->GPIO_Pin) & pos);
 305              		.loc 1 241 0
 306 0064 0D88     		ldrh	r5, [r1, #0]
 307 0066 3540     		ands	r5, r5, r6
 308              	.LVL44:
 242:lib/STM32F10x_StdPeriph_Driver/src/stm32f10x_gpio.c ****       if (currentpin == pos)
 309              		.loc 1 242 0
 310 0068 B542     		cmp	r5, r6
 311 006a 10D1     		bne	.L22
 312              	.LVL45:
 243:lib/STM32F10x_StdPeriph_Driver/src/stm32f10x_gpio.c ****       {
 244:lib/STM32F10x_StdPeriph_Driver/src/stm32f10x_gpio.c ****         pos = pinpos << 2;
 313              		.loc 1 244 0
 314 006c 9E00     		lsls	r6, r3, #2
 315              	.LVL46:
 245:lib/STM32F10x_StdPeriph_Driver/src/stm32f10x_gpio.c ****         /* Clear the corresponding high control register bits */
 246:lib/STM32F10x_StdPeriph_Driver/src/stm32f10x_gpio.c ****         pinmask = ((uint32_t)0x0F) << pos;
 316              		.loc 1 246 0
 317 006e 0F27     		movs	r7, #15
 318 0070 07FA06F7 		lsl	r7, r7, r6
 319              	.LVL47:
 247:lib/STM32F10x_StdPeriph_Driver/src/stm32f10x_gpio.c ****         tmpreg &= ~pinmask;
 320              		.loc 1 247 0
 321 0074 22EA0702 		bic	r2, r2, r7
 322              	.LVL48:
 248:lib/STM32F10x_StdPeriph_Driver/src/stm32f10x_gpio.c ****         /* Write the mode configuration in the corresponding bits */
 249:lib/STM32F10x_StdPeriph_Driver/src/stm32f10x_gpio.c ****         tmpreg |= (currentmode << pos);
 323              		.loc 1 249 0
 324 0078 04FA06F6 		lsl	r6, r4, r6
 325              	.LVL49:
 326 007c 3243     		orrs	r2, r2, r6
 327              	.LVL50:
 250:lib/STM32F10x_StdPeriph_Driver/src/stm32f10x_gpio.c ****         /* Reset the corresponding ODR bit */
 251:lib/STM32F10x_StdPeriph_Driver/src/stm32f10x_gpio.c ****         if (GPIO_InitStruct->GPIO_Mode == GPIO_Mode_IPD)
 328              		.loc 1 251 0
 329 007e CE78     		ldrb	r6, [r1, #3]	@ zero_extendqisi2
 330 0080 282E     		cmp	r6, #40
 252:lib/STM32F10x_StdPeriph_Driver/src/stm32f10x_gpio.c ****         {
 253:lib/STM32F10x_StdPeriph_Driver/src/stm32f10x_gpio.c ****           GPIOx->BRR = (((uint32_t)0x01) << (pinpos + 0x08));
 331              		.loc 1 253 0
 332 0082 08BF     		it	eq
 333 0084 4561     		streq	r5, [r0, #20]
 254:lib/STM32F10x_StdPeriph_Driver/src/stm32f10x_gpio.c ****         }
 255:lib/STM32F10x_StdPeriph_Driver/src/stm32f10x_gpio.c ****         /* Set the corresponding ODR bit */
 256:lib/STM32F10x_StdPeriph_Driver/src/stm32f10x_gpio.c ****         if (GPIO_InitStruct->GPIO_Mode == GPIO_Mode_IPU)
 334              		.loc 1 256 0
 335 0086 CE78     		ldrb	r6, [r1, #3]	@ zero_extendqisi2
 336 0088 482E     		cmp	r6, #72
 257:lib/STM32F10x_StdPeriph_Driver/src/stm32f10x_gpio.c ****         {
 258:lib/STM32F10x_StdPeriph_Driver/src/stm32f10x_gpio.c ****           GPIOx->BSRR = (((uint32_t)0x01) << (pinpos + 0x08));
 337              		.loc 1 258 0
 338 008a 08BF     		it	eq
 339 008c 0561     		streq	r5, [r0, #16]
 340              	.LVL51:
 341              	.L22:
 237:lib/STM32F10x_StdPeriph_Driver/src/stm32f10x_gpio.c ****     for (pinpos = 0x00; pinpos < 0x08; pinpos++)
 342              		.loc 1 237 0
 343 008e 0133     		adds	r3, r3, #1
 344              	.LVL52:
 345 0090 082B     		cmp	r3, #8
 346 0092 E2D1     		bne	.L24
 259:lib/STM32F10x_StdPeriph_Driver/src/stm32f10x_gpio.c ****         }
 260:lib/STM32F10x_StdPeriph_Driver/src/stm32f10x_gpio.c ****       }
 261:lib/STM32F10x_StdPeriph_Driver/src/stm32f10x_gpio.c ****     }
 262:lib/STM32F10x_StdPeriph_Driver/src/stm32f10x_gpio.c ****     GPIOx->CRH = tmpreg;
 347              		.loc 1 262 0
 348 0094 4260     		str	r2, [r0, #4]
 349              	.LVL53:
 350              	.L14:
 351 0096 F0BD     		pop	{r4, r5, r6, r7, pc}
 352              		.cfi_endproc
 353              	.LFE58:
 355              		.section	.text.GPIO_StructInit,"ax",%progbits
 356              		.align	1
 357              		.global	GPIO_StructInit
 358              		.thumb
 359              		.thumb_func
 361              	GPIO_StructInit:
 362              	.LFB59:
 263:lib/STM32F10x_StdPeriph_Driver/src/stm32f10x_gpio.c ****   }
 264:lib/STM32F10x_StdPeriph_Driver/src/stm32f10x_gpio.c **** }
 265:lib/STM32F10x_StdPeriph_Driver/src/stm32f10x_gpio.c **** 
 266:lib/STM32F10x_StdPeriph_Driver/src/stm32f10x_gpio.c **** /**
 267:lib/STM32F10x_StdPeriph_Driver/src/stm32f10x_gpio.c ****   * @brief  Fills each GPIO_InitStruct member with its default value.
 268:lib/STM32F10x_StdPeriph_Driver/src/stm32f10x_gpio.c ****   * @param  GPIO_InitStruct : pointer to a GPIO_InitTypeDef structure which will
 269:lib/STM32F10x_StdPeriph_Driver/src/stm32f10x_gpio.c ****   *         be initialized.
 270:lib/STM32F10x_StdPeriph_Driver/src/stm32f10x_gpio.c ****   * @retval None
 271:lib/STM32F10x_StdPeriph_Driver/src/stm32f10x_gpio.c ****   */
 272:lib/STM32F10x_StdPeriph_Driver/src/stm32f10x_gpio.c **** void GPIO_StructInit(GPIO_InitTypeDef* GPIO_InitStruct)
 273:lib/STM32F10x_StdPeriph_Driver/src/stm32f10x_gpio.c **** {
 363              		.loc 1 273 0
 364              		.cfi_startproc
 365              		@ args = 0, pretend = 0, frame = 0
 366              		@ frame_needed = 0, uses_anonymous_args = 0
 367              		@ link register save eliminated.
 368              	.LVL54:
 274:lib/STM32F10x_StdPeriph_Driver/src/stm32f10x_gpio.c ****   /* Reset GPIO init structure parameters values */
 275:lib/STM32F10x_StdPeriph_Driver/src/stm32f10x_gpio.c ****   GPIO_InitStruct->GPIO_Pin  = GPIO_Pin_All;
 369              		.loc 1 275 0
 370 0000 4FF6FF73 		movw	r3, #65535
 371 0004 0380     		strh	r3, [r0, #0]	@ movhi
 276:lib/STM32F10x_StdPeriph_Driver/src/stm32f10x_gpio.c ****   GPIO_InitStruct->GPIO_Speed = GPIO_Speed_2MHz;
 372              		.loc 1 276 0
 373 0006 0221     		movs	r1, #2
 374 0008 8170     		strb	r1, [r0, #2]
 277:lib/STM32F10x_StdPeriph_Driver/src/stm32f10x_gpio.c ****   GPIO_InitStruct->GPIO_Mode = GPIO_Mode_IN_FLOATING;
 375              		.loc 1 277 0
 376 000a 0422     		movs	r2, #4
 377 000c C270     		strb	r2, [r0, #3]
 378 000e 7047     		bx	lr
 379              		.cfi_endproc
 380              	.LFE59:
 382              		.section	.text.GPIO_ReadInputDataBit,"ax",%progbits
 383              		.align	1
 384              		.global	GPIO_ReadInputDataBit
 385              		.thumb
 386              		.thumb_func
 388              	GPIO_ReadInputDataBit:
 389              	.LFB60:
 278:lib/STM32F10x_StdPeriph_Driver/src/stm32f10x_gpio.c **** }
 279:lib/STM32F10x_StdPeriph_Driver/src/stm32f10x_gpio.c **** 
 280:lib/STM32F10x_StdPeriph_Driver/src/stm32f10x_gpio.c **** /**
 281:lib/STM32F10x_StdPeriph_Driver/src/stm32f10x_gpio.c ****   * @brief  Reads the specified input port pin.
 282:lib/STM32F10x_StdPeriph_Driver/src/stm32f10x_gpio.c ****   * @param  GPIOx: where x can be (A..G) to select the GPIO peripheral.
 283:lib/STM32F10x_StdPeriph_Driver/src/stm32f10x_gpio.c ****   * @param  GPIO_Pin:  specifies the port bit to read.
 284:lib/STM32F10x_StdPeriph_Driver/src/stm32f10x_gpio.c ****   *   This parameter can be GPIO_Pin_x where x can be (0..15).
 285:lib/STM32F10x_StdPeriph_Driver/src/stm32f10x_gpio.c ****   * @retval The input port pin value.
 286:lib/STM32F10x_StdPeriph_Driver/src/stm32f10x_gpio.c ****   */
 287:lib/STM32F10x_StdPeriph_Driver/src/stm32f10x_gpio.c **** uint8_t GPIO_ReadInputDataBit(GPIO_TypeDef* GPIOx, uint16_t GPIO_Pin)
 288:lib/STM32F10x_StdPeriph_Driver/src/stm32f10x_gpio.c **** {
 390              		.loc 1 288 0
 391              		.cfi_startproc
 392              		@ args = 0, pretend = 0, frame = 0
 393              		@ frame_needed = 0, uses_anonymous_args = 0
 394              		@ link register save eliminated.
 395              	.LVL55:
 396              	.LVL56:
 289:lib/STM32F10x_StdPeriph_Driver/src/stm32f10x_gpio.c ****   uint8_t bitstatus = 0x00;
 290:lib/STM32F10x_StdPeriph_Driver/src/stm32f10x_gpio.c ****   
 291:lib/STM32F10x_StdPeriph_Driver/src/stm32f10x_gpio.c ****   /* Check the parameters */
 292:lib/STM32F10x_StdPeriph_Driver/src/stm32f10x_gpio.c ****   assert_param(IS_GPIO_ALL_PERIPH(GPIOx));
 293:lib/STM32F10x_StdPeriph_Driver/src/stm32f10x_gpio.c ****   assert_param(IS_GET_GPIO_PIN(GPIO_Pin)); 
 294:lib/STM32F10x_StdPeriph_Driver/src/stm32f10x_gpio.c ****   
 295:lib/STM32F10x_StdPeriph_Driver/src/stm32f10x_gpio.c ****   if ((GPIOx->IDR & GPIO_Pin) != (uint32_t)Bit_RESET)
 397              		.loc 1 295 0
 398 0000 8368     		ldr	r3, [r0, #8]
 399              	.LVL57:
 400 0002 1942     		tst	r1, r3
 296:lib/STM32F10x_StdPeriph_Driver/src/stm32f10x_gpio.c ****   {
 297:lib/STM32F10x_StdPeriph_Driver/src/stm32f10x_gpio.c ****     bitstatus = (uint8_t)Bit_SET;
 298:lib/STM32F10x_StdPeriph_Driver/src/stm32f10x_gpio.c ****   }
 299:lib/STM32F10x_StdPeriph_Driver/src/stm32f10x_gpio.c ****   else
 300:lib/STM32F10x_StdPeriph_Driver/src/stm32f10x_gpio.c ****   {
 301:lib/STM32F10x_StdPeriph_Driver/src/stm32f10x_gpio.c ****     bitstatus = (uint8_t)Bit_RESET;
 302:lib/STM32F10x_StdPeriph_Driver/src/stm32f10x_gpio.c ****   }
 303:lib/STM32F10x_StdPeriph_Driver/src/stm32f10x_gpio.c ****   return bitstatus;
 304:lib/STM32F10x_StdPeriph_Driver/src/stm32f10x_gpio.c **** }
 401              		.loc 1 304 0
 402 0004 0CBF     		ite	eq
 403 0006 0020     		moveq	r0, #0
 404 0008 0120     		movne	r0, #1
 405              	.LVL58:
 406 000a 7047     		bx	lr
 407              		.cfi_endproc
 408              	.LFE60:
 410              		.section	.text.GPIO_ReadInputData,"ax",%progbits
 411              		.align	1
 412              		.global	GPIO_ReadInputData
 413              		.thumb
 414              		.thumb_func
 416              	GPIO_ReadInputData:
 417              	.LFB61:
 305:lib/STM32F10x_StdPeriph_Driver/src/stm32f10x_gpio.c **** 
 306:lib/STM32F10x_StdPeriph_Driver/src/stm32f10x_gpio.c **** /**
 307:lib/STM32F10x_StdPeriph_Driver/src/stm32f10x_gpio.c ****   * @brief  Reads the specified GPIO input data port.
 308:lib/STM32F10x_StdPeriph_Driver/src/stm32f10x_gpio.c ****   * @param  GPIOx: where x can be (A..G) to select the GPIO peripheral.
 309:lib/STM32F10x_StdPeriph_Driver/src/stm32f10x_gpio.c ****   * @retval GPIO input data port value.
 310:lib/STM32F10x_StdPeriph_Driver/src/stm32f10x_gpio.c ****   */
 311:lib/STM32F10x_StdPeriph_Driver/src/stm32f10x_gpio.c **** uint16_t GPIO_ReadInputData(GPIO_TypeDef* GPIOx)
 312:lib/STM32F10x_StdPeriph_Driver/src/stm32f10x_gpio.c **** {
 418              		.loc 1 312 0
 419              		.cfi_startproc
 420              		@ args = 0, pretend = 0, frame = 0
 421              		@ frame_needed = 0, uses_anonymous_args = 0
 422              		@ link register save eliminated.
 423              	.LVL59:
 313:lib/STM32F10x_StdPeriph_Driver/src/stm32f10x_gpio.c ****   /* Check the parameters */
 314:lib/STM32F10x_StdPeriph_Driver/src/stm32f10x_gpio.c ****   assert_param(IS_GPIO_ALL_PERIPH(GPIOx));
 315:lib/STM32F10x_StdPeriph_Driver/src/stm32f10x_gpio.c ****   
 316:lib/STM32F10x_StdPeriph_Driver/src/stm32f10x_gpio.c ****   return ((uint16_t)GPIOx->IDR);
 424              		.loc 1 316 0
 425 0000 8068     		ldr	r0, [r0, #8]
 426              	.LVL60:
 317:lib/STM32F10x_StdPeriph_Driver/src/stm32f10x_gpio.c **** }
 427              		.loc 1 317 0
 428 0002 80B2     		uxth	r0, r0
 429 0004 7047     		bx	lr
 430              		.cfi_endproc
 431              	.LFE61:
 433              		.section	.text.GPIO_ReadOutputDataBit,"ax",%progbits
 434              		.align	1
 435              		.global	GPIO_ReadOutputDataBit
 436              		.thumb
 437              		.thumb_func
 439              	GPIO_ReadOutputDataBit:
 440              	.LFB62:
 318:lib/STM32F10x_StdPeriph_Driver/src/stm32f10x_gpio.c **** 
 319:lib/STM32F10x_StdPeriph_Driver/src/stm32f10x_gpio.c **** /**
 320:lib/STM32F10x_StdPeriph_Driver/src/stm32f10x_gpio.c ****   * @brief  Reads the specified output data port bit.
 321:lib/STM32F10x_StdPeriph_Driver/src/stm32f10x_gpio.c ****   * @param  GPIOx: where x can be (A..G) to select the GPIO peripheral.
 322:lib/STM32F10x_StdPeriph_Driver/src/stm32f10x_gpio.c ****   * @param  GPIO_Pin:  specifies the port bit to read.
 323:lib/STM32F10x_StdPeriph_Driver/src/stm32f10x_gpio.c ****   *   This parameter can be GPIO_Pin_x where x can be (0..15).
 324:lib/STM32F10x_StdPeriph_Driver/src/stm32f10x_gpio.c ****   * @retval The output port pin value.
 325:lib/STM32F10x_StdPeriph_Driver/src/stm32f10x_gpio.c ****   */
 326:lib/STM32F10x_StdPeriph_Driver/src/stm32f10x_gpio.c **** uint8_t GPIO_ReadOutputDataBit(GPIO_TypeDef* GPIOx, uint16_t GPIO_Pin)
 327:lib/STM32F10x_StdPeriph_Driver/src/stm32f10x_gpio.c **** {
 441              		.loc 1 327 0
 442              		.cfi_startproc
 443              		@ args = 0, pretend = 0, frame = 0
 444              		@ frame_needed = 0, uses_anonymous_args = 0
 445              		@ link register save eliminated.
 446              	.LVL61:
 447              	.LVL62:
 328:lib/STM32F10x_StdPeriph_Driver/src/stm32f10x_gpio.c ****   uint8_t bitstatus = 0x00;
 329:lib/STM32F10x_StdPeriph_Driver/src/stm32f10x_gpio.c ****   /* Check the parameters */
 330:lib/STM32F10x_StdPeriph_Driver/src/stm32f10x_gpio.c ****   assert_param(IS_GPIO_ALL_PERIPH(GPIOx));
 331:lib/STM32F10x_StdPeriph_Driver/src/stm32f10x_gpio.c ****   assert_param(IS_GET_GPIO_PIN(GPIO_Pin)); 
 332:lib/STM32F10x_StdPeriph_Driver/src/stm32f10x_gpio.c ****   
 333:lib/STM32F10x_StdPeriph_Driver/src/stm32f10x_gpio.c ****   if ((GPIOx->ODR & GPIO_Pin) != (uint32_t)Bit_RESET)
 448              		.loc 1 333 0
 449 0000 C368     		ldr	r3, [r0, #12]
 450              	.LVL63:
 451 0002 1942     		tst	r1, r3
 334:lib/STM32F10x_StdPeriph_Driver/src/stm32f10x_gpio.c ****   {
 335:lib/STM32F10x_StdPeriph_Driver/src/stm32f10x_gpio.c ****     bitstatus = (uint8_t)Bit_SET;
 336:lib/STM32F10x_StdPeriph_Driver/src/stm32f10x_gpio.c ****   }
 337:lib/STM32F10x_StdPeriph_Driver/src/stm32f10x_gpio.c ****   else
 338:lib/STM32F10x_StdPeriph_Driver/src/stm32f10x_gpio.c ****   {
 339:lib/STM32F10x_StdPeriph_Driver/src/stm32f10x_gpio.c ****     bitstatus = (uint8_t)Bit_RESET;
 340:lib/STM32F10x_StdPeriph_Driver/src/stm32f10x_gpio.c ****   }
 341:lib/STM32F10x_StdPeriph_Driver/src/stm32f10x_gpio.c ****   return bitstatus;
 342:lib/STM32F10x_StdPeriph_Driver/src/stm32f10x_gpio.c **** }
 452              		.loc 1 342 0
 453 0004 0CBF     		ite	eq
 454 0006 0020     		moveq	r0, #0
 455 0008 0120     		movne	r0, #1
 456              	.LVL64:
 457 000a 7047     		bx	lr
 458              		.cfi_endproc
 459              	.LFE62:
 461              		.section	.text.GPIO_ReadOutputData,"ax",%progbits
 462              		.align	1
 463              		.global	GPIO_ReadOutputData
 464              		.thumb
 465              		.thumb_func
 467              	GPIO_ReadOutputData:
 468              	.LFB63:
 343:lib/STM32F10x_StdPeriph_Driver/src/stm32f10x_gpio.c **** 
 344:lib/STM32F10x_StdPeriph_Driver/src/stm32f10x_gpio.c **** /**
 345:lib/STM32F10x_StdPeriph_Driver/src/stm32f10x_gpio.c ****   * @brief  Reads the specified GPIO output data port.
 346:lib/STM32F10x_StdPeriph_Driver/src/stm32f10x_gpio.c ****   * @param  GPIOx: where x can be (A..G) to select the GPIO peripheral.
 347:lib/STM32F10x_StdPeriph_Driver/src/stm32f10x_gpio.c ****   * @retval GPIO output data port value.
 348:lib/STM32F10x_StdPeriph_Driver/src/stm32f10x_gpio.c ****   */
 349:lib/STM32F10x_StdPeriph_Driver/src/stm32f10x_gpio.c **** uint16_t GPIO_ReadOutputData(GPIO_TypeDef* GPIOx)
 350:lib/STM32F10x_StdPeriph_Driver/src/stm32f10x_gpio.c **** {
 469              		.loc 1 350 0
 470              		.cfi_startproc
 471              		@ args = 0, pretend = 0, frame = 0
 472              		@ frame_needed = 0, uses_anonymous_args = 0
 473              		@ link register save eliminated.
 474              	.LVL65:
 351:lib/STM32F10x_StdPeriph_Driver/src/stm32f10x_gpio.c ****   /* Check the parameters */
 352:lib/STM32F10x_StdPeriph_Driver/src/stm32f10x_gpio.c ****   assert_param(IS_GPIO_ALL_PERIPH(GPIOx));
 353:lib/STM32F10x_StdPeriph_Driver/src/stm32f10x_gpio.c ****     
 354:lib/STM32F10x_StdPeriph_Driver/src/stm32f10x_gpio.c ****   return ((uint16_t)GPIOx->ODR);
 475              		.loc 1 354 0
 476 0000 C068     		ldr	r0, [r0, #12]
 477              	.LVL66:
 355:lib/STM32F10x_StdPeriph_Driver/src/stm32f10x_gpio.c **** }
 478              		.loc 1 355 0
 479 0002 80B2     		uxth	r0, r0
 480 0004 7047     		bx	lr
 481              		.cfi_endproc
 482              	.LFE63:
 484              		.section	.text.GPIO_SetBits,"ax",%progbits
 485              		.align	1
 486              		.global	GPIO_SetBits
 487              		.thumb
 488              		.thumb_func
 490              	GPIO_SetBits:
 491              	.LFB64:
 356:lib/STM32F10x_StdPeriph_Driver/src/stm32f10x_gpio.c **** 
 357:lib/STM32F10x_StdPeriph_Driver/src/stm32f10x_gpio.c **** /**
 358:lib/STM32F10x_StdPeriph_Driver/src/stm32f10x_gpio.c ****   * @brief  Sets the selected data port bits.
 359:lib/STM32F10x_StdPeriph_Driver/src/stm32f10x_gpio.c ****   * @param  GPIOx: where x can be (A..G) to select the GPIO peripheral.
 360:lib/STM32F10x_StdPeriph_Driver/src/stm32f10x_gpio.c ****   * @param  GPIO_Pin: specifies the port bits to be written.
 361:lib/STM32F10x_StdPeriph_Driver/src/stm32f10x_gpio.c ****   *   This parameter can be any combination of GPIO_Pin_x where x can be (0..15).
 362:lib/STM32F10x_StdPeriph_Driver/src/stm32f10x_gpio.c ****   * @retval None
 363:lib/STM32F10x_StdPeriph_Driver/src/stm32f10x_gpio.c ****   */
 364:lib/STM32F10x_StdPeriph_Driver/src/stm32f10x_gpio.c **** void GPIO_SetBits(GPIO_TypeDef* GPIOx, uint16_t GPIO_Pin)
 365:lib/STM32F10x_StdPeriph_Driver/src/stm32f10x_gpio.c **** {
 492              		.loc 1 365 0
 493              		.cfi_startproc
 494              		@ args = 0, pretend = 0, frame = 0
 495              		@ frame_needed = 0, uses_anonymous_args = 0
 496              		@ link register save eliminated.
 497              	.LVL67:
 366:lib/STM32F10x_StdPeriph_Driver/src/stm32f10x_gpio.c ****   /* Check the parameters */
 367:lib/STM32F10x_StdPeriph_Driver/src/stm32f10x_gpio.c ****   assert_param(IS_GPIO_ALL_PERIPH(GPIOx));
 368:lib/STM32F10x_StdPeriph_Driver/src/stm32f10x_gpio.c ****   assert_param(IS_GPIO_PIN(GPIO_Pin));
 369:lib/STM32F10x_StdPeriph_Driver/src/stm32f10x_gpio.c ****   
 370:lib/STM32F10x_StdPeriph_Driver/src/stm32f10x_gpio.c ****   GPIOx->BSRR = GPIO_Pin;
 498              		.loc 1 370 0
 499 0000 0161     		str	r1, [r0, #16]
 500 0002 7047     		bx	lr
 501              		.cfi_endproc
 502              	.LFE64:
 504              		.section	.text.GPIO_ResetBits,"ax",%progbits
 505              		.align	1
 506              		.global	GPIO_ResetBits
 507              		.thumb
 508              		.thumb_func
 510              	GPIO_ResetBits:
 511              	.LFB65:
 371:lib/STM32F10x_StdPeriph_Driver/src/stm32f10x_gpio.c **** }
 372:lib/STM32F10x_StdPeriph_Driver/src/stm32f10x_gpio.c **** 
 373:lib/STM32F10x_StdPeriph_Driver/src/stm32f10x_gpio.c **** /**
 374:lib/STM32F10x_StdPeriph_Driver/src/stm32f10x_gpio.c ****   * @brief  Clears the selected data port bits.
 375:lib/STM32F10x_StdPeriph_Driver/src/stm32f10x_gpio.c ****   * @param  GPIOx: where x can be (A..G) to select the GPIO peripheral.
 376:lib/STM32F10x_StdPeriph_Driver/src/stm32f10x_gpio.c ****   * @param  GPIO_Pin: specifies the port bits to be written.
 377:lib/STM32F10x_StdPeriph_Driver/src/stm32f10x_gpio.c ****   *   This parameter can be any combination of GPIO_Pin_x where x can be (0..15).
 378:lib/STM32F10x_StdPeriph_Driver/src/stm32f10x_gpio.c ****   * @retval None
 379:lib/STM32F10x_StdPeriph_Driver/src/stm32f10x_gpio.c ****   */
 380:lib/STM32F10x_StdPeriph_Driver/src/stm32f10x_gpio.c **** void GPIO_ResetBits(GPIO_TypeDef* GPIOx, uint16_t GPIO_Pin)
 381:lib/STM32F10x_StdPeriph_Driver/src/stm32f10x_gpio.c **** {
 512              		.loc 1 381 0
 513              		.cfi_startproc
 514              		@ args = 0, pretend = 0, frame = 0
 515              		@ frame_needed = 0, uses_anonymous_args = 0
 516              		@ link register save eliminated.
 517              	.LVL68:
 382:lib/STM32F10x_StdPeriph_Driver/src/stm32f10x_gpio.c ****   /* Check the parameters */
 383:lib/STM32F10x_StdPeriph_Driver/src/stm32f10x_gpio.c ****   assert_param(IS_GPIO_ALL_PERIPH(GPIOx));
 384:lib/STM32F10x_StdPeriph_Driver/src/stm32f10x_gpio.c ****   assert_param(IS_GPIO_PIN(GPIO_Pin));
 385:lib/STM32F10x_StdPeriph_Driver/src/stm32f10x_gpio.c ****   
 386:lib/STM32F10x_StdPeriph_Driver/src/stm32f10x_gpio.c ****   GPIOx->BRR = GPIO_Pin;
 518              		.loc 1 386 0
 519 0000 4161     		str	r1, [r0, #20]
 520 0002 7047     		bx	lr
 521              		.cfi_endproc
 522              	.LFE65:
 524              		.section	.text.GPIO_WriteBit,"ax",%progbits
 525              		.align	1
 526              		.global	GPIO_WriteBit
 527              		.thumb
 528              		.thumb_func
 530              	GPIO_WriteBit:
 531              	.LFB66:
 387:lib/STM32F10x_StdPeriph_Driver/src/stm32f10x_gpio.c **** }
 388:lib/STM32F10x_StdPeriph_Driver/src/stm32f10x_gpio.c **** 
 389:lib/STM32F10x_StdPeriph_Driver/src/stm32f10x_gpio.c **** /**
 390:lib/STM32F10x_StdPeriph_Driver/src/stm32f10x_gpio.c ****   * @brief  Sets or clears the selected data port bit.
 391:lib/STM32F10x_StdPeriph_Driver/src/stm32f10x_gpio.c ****   * @param  GPIOx: where x can be (A..G) to select the GPIO peripheral.
 392:lib/STM32F10x_StdPeriph_Driver/src/stm32f10x_gpio.c ****   * @param  GPIO_Pin: specifies the port bit to be written.
 393:lib/STM32F10x_StdPeriph_Driver/src/stm32f10x_gpio.c ****   *   This parameter can be one of GPIO_Pin_x where x can be (0..15).
 394:lib/STM32F10x_StdPeriph_Driver/src/stm32f10x_gpio.c ****   * @param  BitVal: specifies the value to be written to the selected bit.
 395:lib/STM32F10x_StdPeriph_Driver/src/stm32f10x_gpio.c ****   *   This parameter can be one of the BitAction enum values:
 396:lib/STM32F10x_StdPeriph_Driver/src/stm32f10x_gpio.c ****   *     @arg Bit_RESET: to clear the port pin
 397:lib/STM32F10x_StdPeriph_Driver/src/stm32f10x_gpio.c ****   *     @arg Bit_SET: to set the port pin
 398:lib/STM32F10x_StdPeriph_Driver/src/stm32f10x_gpio.c ****   * @retval None
 399:lib/STM32F10x_StdPeriph_Driver/src/stm32f10x_gpio.c ****   */
 400:lib/STM32F10x_StdPeriph_Driver/src/stm32f10x_gpio.c **** void GPIO_WriteBit(GPIO_TypeDef* GPIOx, uint16_t GPIO_Pin, BitAction BitVal)
 401:lib/STM32F10x_StdPeriph_Driver/src/stm32f10x_gpio.c **** {
 532              		.loc 1 401 0
 533              		.cfi_startproc
 534              		@ args = 0, pretend = 0, frame = 0
 535              		@ frame_needed = 0, uses_anonymous_args = 0
 536              		@ link register save eliminated.
 537              	.LVL69:
 402:lib/STM32F10x_StdPeriph_Driver/src/stm32f10x_gpio.c ****   /* Check the parameters */
 403:lib/STM32F10x_StdPeriph_Driver/src/stm32f10x_gpio.c ****   assert_param(IS_GPIO_ALL_PERIPH(GPIOx));
 404:lib/STM32F10x_StdPeriph_Driver/src/stm32f10x_gpio.c ****   assert_param(IS_GET_GPIO_PIN(GPIO_Pin));
 405:lib/STM32F10x_StdPeriph_Driver/src/stm32f10x_gpio.c ****   assert_param(IS_GPIO_BIT_ACTION(BitVal)); 
 406:lib/STM32F10x_StdPeriph_Driver/src/stm32f10x_gpio.c ****   
 407:lib/STM32F10x_StdPeriph_Driver/src/stm32f10x_gpio.c ****   if (BitVal != Bit_RESET)
 538              		.loc 1 407 0
 539 0000 0AB1     		cbz	r2, .L38
 408:lib/STM32F10x_StdPeriph_Driver/src/stm32f10x_gpio.c ****   {
 409:lib/STM32F10x_StdPeriph_Driver/src/stm32f10x_gpio.c ****     GPIOx->BSRR = GPIO_Pin;
 540              		.loc 1 409 0
 541 0002 0161     		str	r1, [r0, #16]
 542 0004 7047     		bx	lr
 543              	.L38:
 410:lib/STM32F10x_StdPeriph_Driver/src/stm32f10x_gpio.c ****   }
 411:lib/STM32F10x_StdPeriph_Driver/src/stm32f10x_gpio.c ****   else
 412:lib/STM32F10x_StdPeriph_Driver/src/stm32f10x_gpio.c ****   {
 413:lib/STM32F10x_StdPeriph_Driver/src/stm32f10x_gpio.c ****     GPIOx->BRR = GPIO_Pin;
 544              		.loc 1 413 0
 545 0006 4161     		str	r1, [r0, #20]
 546 0008 7047     		bx	lr
 547              		.cfi_endproc
 548              	.LFE66:
 550              		.section	.text.GPIO_Write,"ax",%progbits
 551              		.align	1
 552              		.global	GPIO_Write
 553              		.thumb
 554              		.thumb_func
 556              	GPIO_Write:
 557              	.LFB67:
 414:lib/STM32F10x_StdPeriph_Driver/src/stm32f10x_gpio.c ****   }
 415:lib/STM32F10x_StdPeriph_Driver/src/stm32f10x_gpio.c **** }
 416:lib/STM32F10x_StdPeriph_Driver/src/stm32f10x_gpio.c **** 
 417:lib/STM32F10x_StdPeriph_Driver/src/stm32f10x_gpio.c **** /**
 418:lib/STM32F10x_StdPeriph_Driver/src/stm32f10x_gpio.c ****   * @brief  Writes data to the specified GPIO data port.
 419:lib/STM32F10x_StdPeriph_Driver/src/stm32f10x_gpio.c ****   * @param  GPIOx: where x can be (A..G) to select the GPIO peripheral.
 420:lib/STM32F10x_StdPeriph_Driver/src/stm32f10x_gpio.c ****   * @param  PortVal: specifies the value to be written to the port output data register.
 421:lib/STM32F10x_StdPeriph_Driver/src/stm32f10x_gpio.c ****   * @retval None
 422:lib/STM32F10x_StdPeriph_Driver/src/stm32f10x_gpio.c ****   */
 423:lib/STM32F10x_StdPeriph_Driver/src/stm32f10x_gpio.c **** void GPIO_Write(GPIO_TypeDef* GPIOx, uint16_t PortVal)
 424:lib/STM32F10x_StdPeriph_Driver/src/stm32f10x_gpio.c **** {
 558              		.loc 1 424 0
 559              		.cfi_startproc
 560              		@ args = 0, pretend = 0, frame = 0
 561              		@ frame_needed = 0, uses_anonymous_args = 0
 562              		@ link register save eliminated.
 563              	.LVL70:
 425:lib/STM32F10x_StdPeriph_Driver/src/stm32f10x_gpio.c ****   /* Check the parameters */
 426:lib/STM32F10x_StdPeriph_Driver/src/stm32f10x_gpio.c ****   assert_param(IS_GPIO_ALL_PERIPH(GPIOx));
 427:lib/STM32F10x_StdPeriph_Driver/src/stm32f10x_gpio.c ****   
 428:lib/STM32F10x_StdPeriph_Driver/src/stm32f10x_gpio.c ****   GPIOx->ODR = PortVal;
 564              		.loc 1 428 0
 565 0000 C160     		str	r1, [r0, #12]
 566 0002 7047     		bx	lr
 567              		.cfi_endproc
 568              	.LFE67:
 570              		.section	.text.GPIO_PinLockConfig,"ax",%progbits
 571              		.align	1
 572              		.global	GPIO_PinLockConfig
 573              		.thumb
 574              		.thumb_func
 576              	GPIO_PinLockConfig:
 577              	.LFB68:
 429:lib/STM32F10x_StdPeriph_Driver/src/stm32f10x_gpio.c **** }
 430:lib/STM32F10x_StdPeriph_Driver/src/stm32f10x_gpio.c **** 
 431:lib/STM32F10x_StdPeriph_Driver/src/stm32f10x_gpio.c **** /**
 432:lib/STM32F10x_StdPeriph_Driver/src/stm32f10x_gpio.c ****   * @brief  Locks GPIO Pins configuration registers.
 433:lib/STM32F10x_StdPeriph_Driver/src/stm32f10x_gpio.c ****   * @param  GPIOx: where x can be (A..G) to select the GPIO peripheral.
 434:lib/STM32F10x_StdPeriph_Driver/src/stm32f10x_gpio.c ****   * @param  GPIO_Pin: specifies the port bit to be written.
 435:lib/STM32F10x_StdPeriph_Driver/src/stm32f10x_gpio.c ****   *   This parameter can be any combination of GPIO_Pin_x where x can be (0..15).
 436:lib/STM32F10x_StdPeriph_Driver/src/stm32f10x_gpio.c ****   * @retval None
 437:lib/STM32F10x_StdPeriph_Driver/src/stm32f10x_gpio.c ****   */
 438:lib/STM32F10x_StdPeriph_Driver/src/stm32f10x_gpio.c **** void GPIO_PinLockConfig(GPIO_TypeDef* GPIOx, uint16_t GPIO_Pin)
 439:lib/STM32F10x_StdPeriph_Driver/src/stm32f10x_gpio.c **** {
 578              		.loc 1 439 0
 579              		.cfi_startproc
 580              		@ args = 0, pretend = 0, frame = 0
 581              		@ frame_needed = 0, uses_anonymous_args = 0
 582              		@ link register save eliminated.
 583              	.LVL71:
 584              	.LVL72:
 440:lib/STM32F10x_StdPeriph_Driver/src/stm32f10x_gpio.c ****   uint32_t tmp = 0x00010000;
 441:lib/STM32F10x_StdPeriph_Driver/src/stm32f10x_gpio.c ****   
 442:lib/STM32F10x_StdPeriph_Driver/src/stm32f10x_gpio.c ****   /* Check the parameters */
 443:lib/STM32F10x_StdPeriph_Driver/src/stm32f10x_gpio.c ****   assert_param(IS_GPIO_ALL_PERIPH(GPIOx));
 444:lib/STM32F10x_StdPeriph_Driver/src/stm32f10x_gpio.c ****   assert_param(IS_GPIO_PIN(GPIO_Pin));
 445:lib/STM32F10x_StdPeriph_Driver/src/stm32f10x_gpio.c ****   
 446:lib/STM32F10x_StdPeriph_Driver/src/stm32f10x_gpio.c ****   tmp |= GPIO_Pin;
 585              		.loc 1 446 0
 586 0000 41F48033 		orr	r3, r1, #65536
 587              	.LVL73:
 447:lib/STM32F10x_StdPeriph_Driver/src/stm32f10x_gpio.c ****   /* Set LCKK bit */
 448:lib/STM32F10x_StdPeriph_Driver/src/stm32f10x_gpio.c ****   GPIOx->LCKR = tmp;
 588              		.loc 1 448 0
 589 0004 8361     		str	r3, [r0, #24]
 449:lib/STM32F10x_StdPeriph_Driver/src/stm32f10x_gpio.c ****   /* Reset LCKK bit */
 450:lib/STM32F10x_StdPeriph_Driver/src/stm32f10x_gpio.c ****   GPIOx->LCKR =  GPIO_Pin;
 590              		.loc 1 450 0
 591 0006 8161     		str	r1, [r0, #24]
 451:lib/STM32F10x_StdPeriph_Driver/src/stm32f10x_gpio.c ****   /* Set LCKK bit */
 452:lib/STM32F10x_StdPeriph_Driver/src/stm32f10x_gpio.c ****   GPIOx->LCKR = tmp;
 592              		.loc 1 452 0
 593 0008 8361     		str	r3, [r0, #24]
 453:lib/STM32F10x_StdPeriph_Driver/src/stm32f10x_gpio.c ****   /* Read LCKK bit*/
 454:lib/STM32F10x_StdPeriph_Driver/src/stm32f10x_gpio.c ****   tmp = GPIOx->LCKR;
 594              		.loc 1 454 0
 595 000a 8369     		ldr	r3, [r0, #24]
 596              	.LVL74:
 455:lib/STM32F10x_StdPeriph_Driver/src/stm32f10x_gpio.c ****   /* Read LCKK bit*/
 456:lib/STM32F10x_StdPeriph_Driver/src/stm32f10x_gpio.c ****   tmp = GPIOx->LCKR;
 597              		.loc 1 456 0
 598 000c 8369     		ldr	r3, [r0, #24]
 599 000e 7047     		bx	lr
 600              		.cfi_endproc
 601              	.LFE68:
 603              		.section	.text.GPIO_EventOutputConfig,"ax",%progbits
 604              		.align	1
 605              		.global	GPIO_EventOutputConfig
 606              		.thumb
 607              		.thumb_func
 609              	GPIO_EventOutputConfig:
 610              	.LFB69:
 457:lib/STM32F10x_StdPeriph_Driver/src/stm32f10x_gpio.c **** }
 458:lib/STM32F10x_StdPeriph_Driver/src/stm32f10x_gpio.c **** 
 459:lib/STM32F10x_StdPeriph_Driver/src/stm32f10x_gpio.c **** /**
 460:lib/STM32F10x_StdPeriph_Driver/src/stm32f10x_gpio.c ****   * @brief  Selects the GPIO pin used as Event output.
 461:lib/STM32F10x_StdPeriph_Driver/src/stm32f10x_gpio.c ****   * @param  GPIO_PortSource: selects the GPIO port to be used as source
 462:lib/STM32F10x_StdPeriph_Driver/src/stm32f10x_gpio.c ****   *   for Event output.
 463:lib/STM32F10x_StdPeriph_Driver/src/stm32f10x_gpio.c ****   *   This parameter can be GPIO_PortSourceGPIOx where x can be (A..E).
 464:lib/STM32F10x_StdPeriph_Driver/src/stm32f10x_gpio.c ****   * @param  GPIO_PinSource: specifies the pin for the Event output.
 465:lib/STM32F10x_StdPeriph_Driver/src/stm32f10x_gpio.c ****   *   This parameter can be GPIO_PinSourcex where x can be (0..15).
 466:lib/STM32F10x_StdPeriph_Driver/src/stm32f10x_gpio.c ****   * @retval None
 467:lib/STM32F10x_StdPeriph_Driver/src/stm32f10x_gpio.c ****   */
 468:lib/STM32F10x_StdPeriph_Driver/src/stm32f10x_gpio.c **** void GPIO_EventOutputConfig(uint8_t GPIO_PortSource, uint8_t GPIO_PinSource)
 469:lib/STM32F10x_StdPeriph_Driver/src/stm32f10x_gpio.c **** {
 611              		.loc 1 469 0
 612              		.cfi_startproc
 613              		@ args = 0, pretend = 0, frame = 0
 614              		@ frame_needed = 0, uses_anonymous_args = 0
 615              	.LVL75:
 616 0000 10B5     		push	{r4, lr}
 617              	.LCFI3:
 618              		.cfi_def_cfa_offset 8
 619              		.cfi_offset 4, -8
 620              		.cfi_offset 14, -4
 621              	.LVL76:
 470:lib/STM32F10x_StdPeriph_Driver/src/stm32f10x_gpio.c ****   uint32_t tmpreg = 0x00;
 471:lib/STM32F10x_StdPeriph_Driver/src/stm32f10x_gpio.c ****   /* Check the parameters */
 472:lib/STM32F10x_StdPeriph_Driver/src/stm32f10x_gpio.c ****   assert_param(IS_GPIO_EVENTOUT_PORT_SOURCE(GPIO_PortSource));
 473:lib/STM32F10x_StdPeriph_Driver/src/stm32f10x_gpio.c ****   assert_param(IS_GPIO_PIN_SOURCE(GPIO_PinSource));
 474:lib/STM32F10x_StdPeriph_Driver/src/stm32f10x_gpio.c ****     
 475:lib/STM32F10x_StdPeriph_Driver/src/stm32f10x_gpio.c ****   tmpreg = AFIO->EVCR;
 622              		.loc 1 475 0
 623 0002 054A     		ldr	r2, .L43
 624 0004 1468     		ldr	r4, [r2, #0]
 625              	.LVL77:
 476:lib/STM32F10x_StdPeriph_Driver/src/stm32f10x_gpio.c ****   /* Clear the PORT[6:4] and PIN[3:0] bits */
 477:lib/STM32F10x_StdPeriph_Driver/src/stm32f10x_gpio.c ****   tmpreg &= EVCR_PORTPINCONFIG_MASK;
 626              		.loc 1 477 0
 627 0006 4FF68073 		movw	r3, #65408
 628 000a 2340     		ands	r3, r3, r4
 629              	.LVL78:
 478:lib/STM32F10x_StdPeriph_Driver/src/stm32f10x_gpio.c ****   tmpreg |= (uint32_t)GPIO_PortSource << 0x04;
 630              		.loc 1 478 0
 631 000c 41EA0011 		orr	r1, r1, r0, lsl #4
 632              	.LVL79:
 479:lib/STM32F10x_StdPeriph_Driver/src/stm32f10x_gpio.c ****   tmpreg |= GPIO_PinSource;
 633              		.loc 1 479 0
 634 0010 41EA0300 		orr	r0, r1, r3
 635              	.LVL80:
 480:lib/STM32F10x_StdPeriph_Driver/src/stm32f10x_gpio.c ****   AFIO->EVCR = tmpreg;
 636              		.loc 1 480 0
 637 0014 1060     		str	r0, [r2, #0]
 638 0016 10BD     		pop	{r4, pc}
 639              	.L44:
 640              		.align	2
 641              	.L43:
 642 0018 00000140 		.word	1073807360
 643              		.cfi_endproc
 644              	.LFE69:
 646              		.section	.text.GPIO_EventOutputCmd,"ax",%progbits
 647              		.align	1
 648              		.global	GPIO_EventOutputCmd
 649              		.thumb
 650              		.thumb_func
 652              	GPIO_EventOutputCmd:
 653              	.LFB70:
 481:lib/STM32F10x_StdPeriph_Driver/src/stm32f10x_gpio.c **** }
 482:lib/STM32F10x_StdPeriph_Driver/src/stm32f10x_gpio.c **** 
 483:lib/STM32F10x_StdPeriph_Driver/src/stm32f10x_gpio.c **** /**
 484:lib/STM32F10x_StdPeriph_Driver/src/stm32f10x_gpio.c ****   * @brief  Enables or disables the Event Output.
 485:lib/STM32F10x_StdPeriph_Driver/src/stm32f10x_gpio.c ****   * @param  NewState: new state of the Event output.
 486:lib/STM32F10x_StdPeriph_Driver/src/stm32f10x_gpio.c ****   *   This parameter can be: ENABLE or DISABLE.
 487:lib/STM32F10x_StdPeriph_Driver/src/stm32f10x_gpio.c ****   * @retval None
 488:lib/STM32F10x_StdPeriph_Driver/src/stm32f10x_gpio.c ****   */
 489:lib/STM32F10x_StdPeriph_Driver/src/stm32f10x_gpio.c **** void GPIO_EventOutputCmd(FunctionalState NewState)
 490:lib/STM32F10x_StdPeriph_Driver/src/stm32f10x_gpio.c **** {
 654              		.loc 1 490 0
 655              		.cfi_startproc
 656              		@ args = 0, pretend = 0, frame = 0
 657              		@ frame_needed = 0, uses_anonymous_args = 0
 658              		@ link register save eliminated.
 659              	.LVL81:
 491:lib/STM32F10x_StdPeriph_Driver/src/stm32f10x_gpio.c ****   /* Check the parameters */
 492:lib/STM32F10x_StdPeriph_Driver/src/stm32f10x_gpio.c ****   assert_param(IS_FUNCTIONAL_STATE(NewState));
 493:lib/STM32F10x_StdPeriph_Driver/src/stm32f10x_gpio.c ****   
 494:lib/STM32F10x_StdPeriph_Driver/src/stm32f10x_gpio.c ****   *(__IO uint32_t *) EVCR_EVOE_BB = (uint32_t)NewState;
 660              		.loc 1 494 0
 661 0000 014B     		ldr	r3, .L46
 662 0002 1860     		str	r0, [r3, #0]
 663 0004 7047     		bx	lr
 664              	.L47:
 665 0006 00BF     		.align	2
 666              	.L46:
 667 0008 1C002042 		.word	1109393436
 668              		.cfi_endproc
 669              	.LFE70:
 671              		.section	.text.GPIO_PinRemapConfig,"ax",%progbits
 672              		.align	1
 673              		.global	GPIO_PinRemapConfig
 674              		.thumb
 675              		.thumb_func
 677              	GPIO_PinRemapConfig:
 678              	.LFB71:
 495:lib/STM32F10x_StdPeriph_Driver/src/stm32f10x_gpio.c **** }
 496:lib/STM32F10x_StdPeriph_Driver/src/stm32f10x_gpio.c **** 
 497:lib/STM32F10x_StdPeriph_Driver/src/stm32f10x_gpio.c **** /**
 498:lib/STM32F10x_StdPeriph_Driver/src/stm32f10x_gpio.c ****   * @brief  Changes the mapping of the specified pin.
 499:lib/STM32F10x_StdPeriph_Driver/src/stm32f10x_gpio.c ****   * @param  GPIO_Remap: selects the pin to remap.
 500:lib/STM32F10x_StdPeriph_Driver/src/stm32f10x_gpio.c ****   *   This parameter can be one of the following values:
 501:lib/STM32F10x_StdPeriph_Driver/src/stm32f10x_gpio.c ****   *     @arg GPIO_Remap_SPI1             : SPI1 Alternate Function mapping
 502:lib/STM32F10x_StdPeriph_Driver/src/stm32f10x_gpio.c ****   *     @arg GPIO_Remap_I2C1             : I2C1 Alternate Function mapping
 503:lib/STM32F10x_StdPeriph_Driver/src/stm32f10x_gpio.c ****   *     @arg GPIO_Remap_USART1           : USART1 Alternate Function mapping
 504:lib/STM32F10x_StdPeriph_Driver/src/stm32f10x_gpio.c ****   *     @arg GPIO_Remap_USART2           : USART2 Alternate Function mapping
 505:lib/STM32F10x_StdPeriph_Driver/src/stm32f10x_gpio.c ****   *     @arg GPIO_PartialRemap_USART3    : USART3 Partial Alternate Function mapping
 506:lib/STM32F10x_StdPeriph_Driver/src/stm32f10x_gpio.c ****   *     @arg GPIO_FullRemap_USART3       : USART3 Full Alternate Function mapping
 507:lib/STM32F10x_StdPeriph_Driver/src/stm32f10x_gpio.c ****   *     @arg GPIO_PartialRemap_TIM1      : TIM1 Partial Alternate Function mapping
 508:lib/STM32F10x_StdPeriph_Driver/src/stm32f10x_gpio.c ****   *     @arg GPIO_FullRemap_TIM1         : TIM1 Full Alternate Function mapping
 509:lib/STM32F10x_StdPeriph_Driver/src/stm32f10x_gpio.c ****   *     @arg GPIO_PartialRemap1_TIM2     : TIM2 Partial1 Alternate Function mapping
 510:lib/STM32F10x_StdPeriph_Driver/src/stm32f10x_gpio.c ****   *     @arg GPIO_PartialRemap2_TIM2     : TIM2 Partial2 Alternate Function mapping
 511:lib/STM32F10x_StdPeriph_Driver/src/stm32f10x_gpio.c ****   *     @arg GPIO_FullRemap_TIM2         : TIM2 Full Alternate Function mapping
 512:lib/STM32F10x_StdPeriph_Driver/src/stm32f10x_gpio.c ****   *     @arg GPIO_PartialRemap_TIM3      : TIM3 Partial Alternate Function mapping
 513:lib/STM32F10x_StdPeriph_Driver/src/stm32f10x_gpio.c ****   *     @arg GPIO_FullRemap_TIM3         : TIM3 Full Alternate Function mapping
 514:lib/STM32F10x_StdPeriph_Driver/src/stm32f10x_gpio.c ****   *     @arg GPIO_Remap_TIM4             : TIM4 Alternate Function mapping
 515:lib/STM32F10x_StdPeriph_Driver/src/stm32f10x_gpio.c ****   *     @arg GPIO_Remap1_CAN1            : CAN1 Alternate Function mapping
 516:lib/STM32F10x_StdPeriph_Driver/src/stm32f10x_gpio.c ****   *     @arg GPIO_Remap2_CAN1            : CAN1 Alternate Function mapping
 517:lib/STM32F10x_StdPeriph_Driver/src/stm32f10x_gpio.c ****   *     @arg GPIO_Remap_PD01             : PD01 Alternate Function mapping
 518:lib/STM32F10x_StdPeriph_Driver/src/stm32f10x_gpio.c ****   *     @arg GPIO_Remap_TIM5CH4_LSI      : LSI connected to TIM5 Channel4 input capture for calibra
 519:lib/STM32F10x_StdPeriph_Driver/src/stm32f10x_gpio.c ****   *     @arg GPIO_Remap_ADC1_ETRGINJ     : ADC1 External Trigger Injected Conversion remapping
 520:lib/STM32F10x_StdPeriph_Driver/src/stm32f10x_gpio.c ****   *     @arg GPIO_Remap_ADC1_ETRGREG     : ADC1 External Trigger Regular Conversion remapping
 521:lib/STM32F10x_StdPeriph_Driver/src/stm32f10x_gpio.c ****   *     @arg GPIO_Remap_ADC2_ETRGINJ     : ADC2 External Trigger Injected Conversion remapping
 522:lib/STM32F10x_StdPeriph_Driver/src/stm32f10x_gpio.c ****   *     @arg GPIO_Remap_ADC2_ETRGREG     : ADC2 External Trigger Regular Conversion remapping
 523:lib/STM32F10x_StdPeriph_Driver/src/stm32f10x_gpio.c ****   *     @arg GPIO_Remap_ETH              : Ethernet remapping (only for Connectivity line devices)
 524:lib/STM32F10x_StdPeriph_Driver/src/stm32f10x_gpio.c ****   *     @arg GPIO_Remap_CAN2             : CAN2 remapping (only for Connectivity line devices)
 525:lib/STM32F10x_StdPeriph_Driver/src/stm32f10x_gpio.c ****   *     @arg GPIO_Remap_SWJ_NoJTRST      : Full SWJ Enabled (JTAG-DP + SW-DP) but without JTRST
 526:lib/STM32F10x_StdPeriph_Driver/src/stm32f10x_gpio.c ****   *     @arg GPIO_Remap_SWJ_JTAGDisable  : JTAG-DP Disabled and SW-DP Enabled
 527:lib/STM32F10x_StdPeriph_Driver/src/stm32f10x_gpio.c ****   *     @arg GPIO_Remap_SWJ_Disable      : Full SWJ Disabled (JTAG-DP + SW-DP)
 528:lib/STM32F10x_StdPeriph_Driver/src/stm32f10x_gpio.c ****   *     @arg GPIO_Remap_SPI3             : SPI3/I2S3 Alternate Function mapping (only for Connectiv
 529:lib/STM32F10x_StdPeriph_Driver/src/stm32f10x_gpio.c ****   *                                        When the SPI3/I2S3 is remapped using this function, the 
 530:lib/STM32F10x_StdPeriph_Driver/src/stm32f10x_gpio.c ****   *                                        to Full SWJ Enabled (JTAG-DP + SW-DP) but without JTRST.
 531:lib/STM32F10x_StdPeriph_Driver/src/stm32f10x_gpio.c ****   *     @arg GPIO_Remap_TIM2ITR1_PTP_SOF : Ethernet PTP output or USB OTG SOF (Start of Frame) conn
 532:lib/STM32F10x_StdPeriph_Driver/src/stm32f10x_gpio.c ****   *                                        to TIM2 Internal Trigger 1 for calibration (only for Con
 533:lib/STM32F10x_StdPeriph_Driver/src/stm32f10x_gpio.c ****   *                                        If the GPIO_Remap_TIM2ITR1_PTP_SOF is enabled the TIM2 I
 534:lib/STM32F10x_StdPeriph_Driver/src/stm32f10x_gpio.c ****   *                                        Ethernet PTP output. When Reset TIM2 ITR1 is connected t
 535:lib/STM32F10x_StdPeriph_Driver/src/stm32f10x_gpio.c ****   *     @arg GPIO_Remap_PTP_PPS          : Ethernet MAC PPS_PTS output on PB05 (only for Connectivi
 536:lib/STM32F10x_StdPeriph_Driver/src/stm32f10x_gpio.c ****   *     @arg GPIO_Remap_TIM15            : TIM15 Alternate Function mapping (only for Value line de
 537:lib/STM32F10x_StdPeriph_Driver/src/stm32f10x_gpio.c ****   *     @arg GPIO_Remap_TIM16            : TIM16 Alternate Function mapping (only for Value line de
 538:lib/STM32F10x_StdPeriph_Driver/src/stm32f10x_gpio.c ****   *     @arg GPIO_Remap_TIM17            : TIM17 Alternate Function mapping (only for Value line de
 539:lib/STM32F10x_StdPeriph_Driver/src/stm32f10x_gpio.c ****   *     @arg GPIO_Remap_CEC              : CEC Alternate Function mapping (only for Value line devi
 540:lib/STM32F10x_StdPeriph_Driver/src/stm32f10x_gpio.c ****   *     @arg GPIO_Remap_TIM1_DMA         : TIM1 DMA requests mapping (only for Value line devices)
 541:lib/STM32F10x_StdPeriph_Driver/src/stm32f10x_gpio.c ****   *     @arg GPIO_Remap_TIM9             : TIM9 Alternate Function mapping (only for XL-density dev
 542:lib/STM32F10x_StdPeriph_Driver/src/stm32f10x_gpio.c ****   *     @arg GPIO_Remap_TIM10            : TIM10 Alternate Function mapping (only for XL-density de
 543:lib/STM32F10x_StdPeriph_Driver/src/stm32f10x_gpio.c ****   *     @arg GPIO_Remap_TIM11            : TIM11 Alternate Function mapping (only for XL-density de
 544:lib/STM32F10x_StdPeriph_Driver/src/stm32f10x_gpio.c ****   *     @arg GPIO_Remap_TIM13            : TIM13 Alternate Function mapping (only for High density 
 545:lib/STM32F10x_StdPeriph_Driver/src/stm32f10x_gpio.c ****   *     @arg GPIO_Remap_TIM14            : TIM14 Alternate Function mapping (only for High density 
 546:lib/STM32F10x_StdPeriph_Driver/src/stm32f10x_gpio.c ****   *     @arg GPIO_Remap_FSMC_NADV        : FSMC_NADV Alternate Function mapping (only for High dens
 547:lib/STM32F10x_StdPeriph_Driver/src/stm32f10x_gpio.c ****   *     @arg GPIO_Remap_TIM67_DAC_DMA    : TIM6/TIM7 and DAC DMA requests remapping (only for High 
 548:lib/STM32F10x_StdPeriph_Driver/src/stm32f10x_gpio.c ****   *     @arg GPIO_Remap_TIM12            : TIM12 Alternate Function mapping (only for High density 
 549:lib/STM32F10x_StdPeriph_Driver/src/stm32f10x_gpio.c ****   *     @arg GPIO_Remap_MISC             : Miscellaneous Remap (DMA2 Channel5 Position and DAC Trig
 550:lib/STM32F10x_StdPeriph_Driver/src/stm32f10x_gpio.c ****   *                                        only for High density Value line devices)     
 551:lib/STM32F10x_StdPeriph_Driver/src/stm32f10x_gpio.c ****   * @param  NewState: new state of the port pin remapping.
 552:lib/STM32F10x_StdPeriph_Driver/src/stm32f10x_gpio.c ****   *   This parameter can be: ENABLE or DISABLE.
 553:lib/STM32F10x_StdPeriph_Driver/src/stm32f10x_gpio.c ****   * @retval None
 554:lib/STM32F10x_StdPeriph_Driver/src/stm32f10x_gpio.c ****   */
 555:lib/STM32F10x_StdPeriph_Driver/src/stm32f10x_gpio.c **** void GPIO_PinRemapConfig(uint32_t GPIO_Remap, FunctionalState NewState)
 556:lib/STM32F10x_StdPeriph_Driver/src/stm32f10x_gpio.c **** {
 679              		.loc 1 556 0
 680              		.cfi_startproc
 681              		@ args = 0, pretend = 0, frame = 0
 682              		@ frame_needed = 0, uses_anonymous_args = 0
 683              	.LVL82:
 684 0000 30B5     		push	{r4, r5, lr}
 685              	.LCFI4:
 686              		.cfi_def_cfa_offset 12
 687              		.cfi_offset 4, -12
 688              		.cfi_offset 5, -8
 689              		.cfi_offset 14, -4
 690              	.LVL83:
 557:lib/STM32F10x_StdPeriph_Driver/src/stm32f10x_gpio.c ****   uint32_t tmp = 0x00, tmp1 = 0x00, tmpreg = 0x00, tmpmask = 0x00;
 558:lib/STM32F10x_StdPeriph_Driver/src/stm32f10x_gpio.c **** 
 559:lib/STM32F10x_StdPeriph_Driver/src/stm32f10x_gpio.c ****   /* Check the parameters */
 560:lib/STM32F10x_StdPeriph_Driver/src/stm32f10x_gpio.c ****   assert_param(IS_GPIO_REMAP(GPIO_Remap));
 561:lib/STM32F10x_StdPeriph_Driver/src/stm32f10x_gpio.c ****   assert_param(IS_FUNCTIONAL_STATE(NewState));  
 562:lib/STM32F10x_StdPeriph_Driver/src/stm32f10x_gpio.c ****   
 563:lib/STM32F10x_StdPeriph_Driver/src/stm32f10x_gpio.c ****   if((GPIO_Remap & 0x80000000) == 0x80000000)
 691              		.loc 1 563 0
 692 0002 0028     		cmp	r0, #0
 693 0004 164B     		ldr	r3, .L61
 564:lib/STM32F10x_StdPeriph_Driver/src/stm32f10x_gpio.c ****   {
 565:lib/STM32F10x_StdPeriph_Driver/src/stm32f10x_gpio.c ****     tmpreg = AFIO->MAPR2;
 694              		.loc 1 565 0
 695 0006 B4BF     		ite	lt
 696 0008 DB69     		ldrlt	r3, [r3, #28]
 697              	.LVL84:
 566:lib/STM32F10x_StdPeriph_Driver/src/stm32f10x_gpio.c ****   }
 567:lib/STM32F10x_StdPeriph_Driver/src/stm32f10x_gpio.c ****   else
 568:lib/STM32F10x_StdPeriph_Driver/src/stm32f10x_gpio.c ****   {
 569:lib/STM32F10x_StdPeriph_Driver/src/stm32f10x_gpio.c ****     tmpreg = AFIO->MAPR;
 698              		.loc 1 569 0
 699 000a 5B68     		ldrge	r3, [r3, #4]
 700              	.LVL85:
 570:lib/STM32F10x_StdPeriph_Driver/src/stm32f10x_gpio.c ****   }
 571:lib/STM32F10x_StdPeriph_Driver/src/stm32f10x_gpio.c **** 
 572:lib/STM32F10x_StdPeriph_Driver/src/stm32f10x_gpio.c ****   tmpmask = (GPIO_Remap & DBGAFR_POSITION_MASK) >> 0x10;
 573:lib/STM32F10x_StdPeriph_Driver/src/stm32f10x_gpio.c ****   tmp = GPIO_Remap & LSB_MASK;
 701              		.loc 1 573 0
 702 000c 82B2     		uxth	r2, r0
 703              	.LVL86:
 574:lib/STM32F10x_StdPeriph_Driver/src/stm32f10x_gpio.c **** 
 575:lib/STM32F10x_StdPeriph_Driver/src/stm32f10x_gpio.c ****   if ((GPIO_Remap & (DBGAFR_LOCATION_MASK | DBGAFR_NUMBITS_MASK)) == (DBGAFR_LOCATION_MASK | DBGAFR
 704              		.loc 1 575 0
 705 000e 00F44014 		and	r4, r0, #3145728
 706 0012 B4F5401F 		cmp	r4, #3145728
 707 0016 07D1     		bne	.L51
 576:lib/STM32F10x_StdPeriph_Driver/src/stm32f10x_gpio.c ****   {
 577:lib/STM32F10x_StdPeriph_Driver/src/stm32f10x_gpio.c ****     tmpreg &= DBGAFR_SWJCFG_MASK;
 708              		.loc 1 577 0
 709 0018 23F07063 		bic	r3, r3, #251658240
 710              	.LVL87:
 578:lib/STM32F10x_StdPeriph_Driver/src/stm32f10x_gpio.c ****     AFIO->MAPR &= DBGAFR_SWJCFG_MASK;
 711              		.loc 1 578 0
 712 001c 104C     		ldr	r4, .L61
 713 001e 6568     		ldr	r5, [r4, #4]
 714 0020 25F07065 		bic	r5, r5, #251658240
 715 0024 6560     		str	r5, [r4, #4]
 716 0026 0FE0     		b	.L52
 717              	.L51:
 579:lib/STM32F10x_StdPeriph_Driver/src/stm32f10x_gpio.c ****   }
 580:lib/STM32F10x_StdPeriph_Driver/src/stm32f10x_gpio.c ****   else if ((GPIO_Remap & DBGAFR_NUMBITS_MASK) == DBGAFR_NUMBITS_MASK)
 718              		.loc 1 580 0
 719 0028 C402     		lsls	r4, r0, #11
 720 002a 05D5     		bpl	.L53
 721              	.LVL88:
 572:lib/STM32F10x_StdPeriph_Driver/src/stm32f10x_gpio.c ****   tmpmask = (GPIO_Remap & DBGAFR_POSITION_MASK) >> 0x10;
 722              		.loc 1 572 0
 723 002c C0F30344 		ubfx	r4, r0, #16, #4
 581:lib/STM32F10x_StdPeriph_Driver/src/stm32f10x_gpio.c ****   {
 582:lib/STM32F10x_StdPeriph_Driver/src/stm32f10x_gpio.c ****     tmp1 = ((uint32_t)0x03) << tmpmask;
 724              		.loc 1 582 0
 725 0030 0325     		movs	r5, #3
 726 0032 05FA04F4 		lsl	r4, r5, r4
 727 0036 03E0     		b	.L60
 728              	.LVL89:
 729              	.L53:
 583:lib/STM32F10x_StdPeriph_Driver/src/stm32f10x_gpio.c ****     tmpreg &= ~tmp1;
 584:lib/STM32F10x_StdPeriph_Driver/src/stm32f10x_gpio.c ****     tmpreg |= ~DBGAFR_SWJCFG_MASK;
 585:lib/STM32F10x_StdPeriph_Driver/src/stm32f10x_gpio.c ****   }
 586:lib/STM32F10x_StdPeriph_Driver/src/stm32f10x_gpio.c ****   else
 587:lib/STM32F10x_StdPeriph_Driver/src/stm32f10x_gpio.c ****   {
 588:lib/STM32F10x_StdPeriph_Driver/src/stm32f10x_gpio.c ****     tmpreg &= ~(tmp << ((GPIO_Remap >> 0x15)*0x10));
 730              		.loc 1 588 0
 731 0038 440D     		lsrs	r4, r0, #21
 732 003a 2401     		lsls	r4, r4, #4
 733 003c 02FA04F4 		lsl	r4, r2, r4
 734              	.LVL90:
 735              	.L60:
 736 0040 23EA0403 		bic	r3, r3, r4
 737              	.LVL91:
 589:lib/STM32F10x_StdPeriph_Driver/src/stm32f10x_gpio.c ****     tmpreg |= ~DBGAFR_SWJCFG_MASK;
 738              		.loc 1 589 0
 739 0044 43F07063 		orr	r3, r3, #251658240
 740              	.LVL92:
 741              	.L52:
 590:lib/STM32F10x_StdPeriph_Driver/src/stm32f10x_gpio.c ****   }
 591:lib/STM32F10x_StdPeriph_Driver/src/stm32f10x_gpio.c **** 
 592:lib/STM32F10x_StdPeriph_Driver/src/stm32f10x_gpio.c ****   if (NewState != DISABLE)
 742              		.loc 1 592 0
 743 0048 21B1     		cbz	r1, .L54
 593:lib/STM32F10x_StdPeriph_Driver/src/stm32f10x_gpio.c ****   {
 594:lib/STM32F10x_StdPeriph_Driver/src/stm32f10x_gpio.c ****     tmpreg |= (tmp << ((GPIO_Remap >> 0x15)*0x10));
 744              		.loc 1 594 0
 745 004a 410D     		lsrs	r1, r0, #21
 746              	.LVL93:
 747 004c 0901     		lsls	r1, r1, #4
 748 004e 02FA01F2 		lsl	r2, r2, r1
 749              	.LVL94:
 750 0052 1343     		orrs	r3, r3, r2
 751              	.LVL95:
 752              	.L54:
 595:lib/STM32F10x_StdPeriph_Driver/src/stm32f10x_gpio.c ****   }
 596:lib/STM32F10x_StdPeriph_Driver/src/stm32f10x_gpio.c **** 
 597:lib/STM32F10x_StdPeriph_Driver/src/stm32f10x_gpio.c ****   if((GPIO_Remap & 0x80000000) == 0x80000000)
 753              		.loc 1 597 0
 754 0054 0028     		cmp	r0, #0
 755 0056 0248     		ldr	r0, .L61
 756              	.LVL96:
 598:lib/STM32F10x_StdPeriph_Driver/src/stm32f10x_gpio.c ****   {
 599:lib/STM32F10x_StdPeriph_Driver/src/stm32f10x_gpio.c ****     AFIO->MAPR2 = tmpreg;
 757              		.loc 1 599 0
 758 0058 B4BF     		ite	lt
 759 005a C361     		strlt	r3, [r0, #28]
 600:lib/STM32F10x_StdPeriph_Driver/src/stm32f10x_gpio.c ****   }
 601:lib/STM32F10x_StdPeriph_Driver/src/stm32f10x_gpio.c ****   else
 602:lib/STM32F10x_StdPeriph_Driver/src/stm32f10x_gpio.c ****   {
 603:lib/STM32F10x_StdPeriph_Driver/src/stm32f10x_gpio.c ****     AFIO->MAPR = tmpreg;
 760              		.loc 1 603 0
 761 005c 4360     		strge	r3, [r0, #4]
 762 005e 30BD     		pop	{r4, r5, pc}
 763              	.L62:
 764              		.align	2
 765              	.L61:
 766 0060 00000140 		.word	1073807360
 767              		.cfi_endproc
 768              	.LFE71:
 770              		.section	.text.GPIO_EXTILineConfig,"ax",%progbits
 771              		.align	1
 772              		.global	GPIO_EXTILineConfig
 773              		.thumb
 774              		.thumb_func
 776              	GPIO_EXTILineConfig:
 777              	.LFB72:
 604:lib/STM32F10x_StdPeriph_Driver/src/stm32f10x_gpio.c ****   }  
 605:lib/STM32F10x_StdPeriph_Driver/src/stm32f10x_gpio.c **** }
 606:lib/STM32F10x_StdPeriph_Driver/src/stm32f10x_gpio.c **** 
 607:lib/STM32F10x_StdPeriph_Driver/src/stm32f10x_gpio.c **** /**
 608:lib/STM32F10x_StdPeriph_Driver/src/stm32f10x_gpio.c ****   * @brief  Selects the GPIO pin used as EXTI Line.
 609:lib/STM32F10x_StdPeriph_Driver/src/stm32f10x_gpio.c ****   * @param  GPIO_PortSource: selects the GPIO port to be used as source for EXTI lines.
 610:lib/STM32F10x_StdPeriph_Driver/src/stm32f10x_gpio.c ****   *   This parameter can be GPIO_PortSourceGPIOx where x can be (A..G).
 611:lib/STM32F10x_StdPeriph_Driver/src/stm32f10x_gpio.c ****   * @param  GPIO_PinSource: specifies the EXTI line to be configured.
 612:lib/STM32F10x_StdPeriph_Driver/src/stm32f10x_gpio.c ****   *   This parameter can be GPIO_PinSourcex where x can be (0..15).
 613:lib/STM32F10x_StdPeriph_Driver/src/stm32f10x_gpio.c ****   * @retval None
 614:lib/STM32F10x_StdPeriph_Driver/src/stm32f10x_gpio.c ****   */
 615:lib/STM32F10x_StdPeriph_Driver/src/stm32f10x_gpio.c **** void GPIO_EXTILineConfig(uint8_t GPIO_PortSource, uint8_t GPIO_PinSource)
 616:lib/STM32F10x_StdPeriph_Driver/src/stm32f10x_gpio.c **** {
 778              		.loc 1 616 0
 779              		.cfi_startproc
 780              		@ args = 0, pretend = 0, frame = 0
 781              		@ frame_needed = 0, uses_anonymous_args = 0
 782              	.LVL97:
 783 0000 30B5     		push	{r4, r5, lr}
 784              	.LCFI5:
 785              		.cfi_def_cfa_offset 12
 786              		.cfi_offset 4, -12
 787              		.cfi_offset 5, -8
 788              		.cfi_offset 14, -4
 789              	.LVL98:
 617:lib/STM32F10x_StdPeriph_Driver/src/stm32f10x_gpio.c ****   uint32_t tmp = 0x00;
 618:lib/STM32F10x_StdPeriph_Driver/src/stm32f10x_gpio.c ****   /* Check the parameters */
 619:lib/STM32F10x_StdPeriph_Driver/src/stm32f10x_gpio.c ****   assert_param(IS_GPIO_EXTI_PORT_SOURCE(GPIO_PortSource));
 620:lib/STM32F10x_StdPeriph_Driver/src/stm32f10x_gpio.c ****   assert_param(IS_GPIO_PIN_SOURCE(GPIO_PinSource));
 621:lib/STM32F10x_StdPeriph_Driver/src/stm32f10x_gpio.c ****   
 622:lib/STM32F10x_StdPeriph_Driver/src/stm32f10x_gpio.c ****   tmp = ((uint32_t)0x0F) << (0x04 * (GPIO_PinSource & (uint8_t)0x03));
 790              		.loc 1 622 0
 791 0002 01F00302 		and	r2, r1, #3
 792 0006 9200     		lsls	r2, r2, #2
 793              	.LVL99:
 623:lib/STM32F10x_StdPeriph_Driver/src/stm32f10x_gpio.c ****   AFIO->EXTICR[GPIO_PinSource >> 0x02] &= ~tmp;
 794              		.loc 1 623 0
 795 0008 8908     		lsrs	r1, r1, #2
 796              	.LVL100:
 797 000a 094B     		ldr	r3, .L64
 798 000c 0231     		adds	r1, r1, #2
 799 000e 53F82150 		ldr	r5, [r3, r1, lsl #2]
 622:lib/STM32F10x_StdPeriph_Driver/src/stm32f10x_gpio.c ****   tmp = ((uint32_t)0x0F) << (0x04 * (GPIO_PinSource & (uint8_t)0x03));
 800              		.loc 1 622 0
 801 0012 0F24     		movs	r4, #15
 802 0014 04FA02F4 		lsl	r4, r4, r2
 803              	.LVL101:
 804              		.loc 1 623 0
 805 0018 25EA0404 		bic	r4, r5, r4
 806              	.LVL102:
 807 001c 43F82140 		str	r4, [r3, r1, lsl #2]
 624:lib/STM32F10x_StdPeriph_Driver/src/stm32f10x_gpio.c ****   AFIO->EXTICR[GPIO_PinSource >> 0x02] |= (((uint32_t)GPIO_PortSource) << (0x04 * (GPIO_PinSource &
 808              		.loc 1 624 0
 809 0020 53F82140 		ldr	r4, [r3, r1, lsl #2]
 810 0024 00FA02F0 		lsl	r0, r0, r2
 811              	.LVL103:
 812 0028 0443     		orrs	r4, r4, r0
 813 002a 43F82140 		str	r4, [r3, r1, lsl #2]
 814 002e 30BD     		pop	{r4, r5, pc}
 815              	.L65:
 816              		.align	2
 817              	.L64:
 818 0030 00000140 		.word	1073807360
 819              		.cfi_endproc
 820              	.LFE72:
 822              		.section	.text.GPIO_ETH_MediaInterfaceConfig,"ax",%progbits
 823              		.align	1
 824              		.global	GPIO_ETH_MediaInterfaceConfig
 825              		.thumb
 826              		.thumb_func
 828              	GPIO_ETH_MediaInterfaceConfig:
 829              	.LFB73:
 625:lib/STM32F10x_StdPeriph_Driver/src/stm32f10x_gpio.c **** }
 626:lib/STM32F10x_StdPeriph_Driver/src/stm32f10x_gpio.c **** 
 627:lib/STM32F10x_StdPeriph_Driver/src/stm32f10x_gpio.c **** /**
 628:lib/STM32F10x_StdPeriph_Driver/src/stm32f10x_gpio.c ****   * @brief  Selects the Ethernet media interface.
 629:lib/STM32F10x_StdPeriph_Driver/src/stm32f10x_gpio.c ****   * @note   This function applies only to STM32 Connectivity line devices.  
 630:lib/STM32F10x_StdPeriph_Driver/src/stm32f10x_gpio.c ****   * @param  GPIO_ETH_MediaInterface: specifies the Media Interface mode.
 631:lib/STM32F10x_StdPeriph_Driver/src/stm32f10x_gpio.c ****   *   This parameter can be one of the following values:
 632:lib/STM32F10x_StdPeriph_Driver/src/stm32f10x_gpio.c ****   *     @arg GPIO_ETH_MediaInterface_MII: MII mode
 633:lib/STM32F10x_StdPeriph_Driver/src/stm32f10x_gpio.c ****   *     @arg GPIO_ETH_MediaInterface_RMII: RMII mode    
 634:lib/STM32F10x_StdPeriph_Driver/src/stm32f10x_gpio.c ****   * @retval None
 635:lib/STM32F10x_StdPeriph_Driver/src/stm32f10x_gpio.c ****   */
 636:lib/STM32F10x_StdPeriph_Driver/src/stm32f10x_gpio.c **** void GPIO_ETH_MediaInterfaceConfig(uint32_t GPIO_ETH_MediaInterface) 
 637:lib/STM32F10x_StdPeriph_Driver/src/stm32f10x_gpio.c **** { 
 830              		.loc 1 637 0
 831              		.cfi_startproc
 832              		@ args = 0, pretend = 0, frame = 0
 833              		@ frame_needed = 0, uses_anonymous_args = 0
 834              		@ link register save eliminated.
 835              	.LVL104:
 638:lib/STM32F10x_StdPeriph_Driver/src/stm32f10x_gpio.c ****   assert_param(IS_GPIO_ETH_MEDIA_INTERFACE(GPIO_ETH_MediaInterface)); 
 639:lib/STM32F10x_StdPeriph_Driver/src/stm32f10x_gpio.c **** 
 640:lib/STM32F10x_StdPeriph_Driver/src/stm32f10x_gpio.c ****   /* Configure MII_RMII selection bit */ 
 641:lib/STM32F10x_StdPeriph_Driver/src/stm32f10x_gpio.c ****   *(__IO uint32_t *) MAPR_MII_RMII_SEL_BB = GPIO_ETH_MediaInterface; 
 836              		.loc 1 641 0
 837 0000 014B     		ldr	r3, .L67
 838 0002 1860     		str	r0, [r3, #0]
 839 0004 7047     		bx	lr
 840              	.L68:
 841 0006 00BF     		.align	2
 842              	.L67:
 843 0008 DC002042 		.word	1109393628
 844              		.cfi_endproc
 845              	.LFE73:
 847              		.text
 848              	.Letext0:
 849              		.file 2 "c:\\devz\\arm\\launchpad\\bin\\../lib/gcc/arm-none-eabi/4.7.3/include/stdint-gcc.h"
 850              		.file 3 "./lib/CMSIS/Device/ST/STM32F10x/Include/stm32f10x.h"
 851              		.file 4 "./lib/STM32F10x_StdPeriph_Driver/inc/stm32f10x_gpio.h"
 852              		.file 5 "./lib/CMSIS/Include/core_cm3.h"
 853              		.file 6 "./lib/STM32F10x_StdPeriph_Driver/inc/stm32f10x_rcc.h"
DEFINED SYMBOLS
                            *ABS*:00000000 stm32f10x_gpio.c
  R:\TEMP\cctuqevv.s:19     .text.GPIO_DeInit:00000000 $t
  R:\TEMP\cctuqevv.s:24     .text.GPIO_DeInit:00000000 GPIO_DeInit
  R:\TEMP\cctuqevv.s:151    .text.GPIO_DeInit:00000090 $d
  R:\TEMP\cctuqevv.s:162    .text.GPIO_AFIODeInit:00000000 $t
  R:\TEMP\cctuqevv.s:167    .text.GPIO_AFIODeInit:00000000 GPIO_AFIODeInit
  R:\TEMP\cctuqevv.s:195    .text.GPIO_Init:00000000 $t
  R:\TEMP\cctuqevv.s:200    .text.GPIO_Init:00000000 GPIO_Init
  R:\TEMP\cctuqevv.s:356    .text.GPIO_StructInit:00000000 $t
  R:\TEMP\cctuqevv.s:361    .text.GPIO_StructInit:00000000 GPIO_StructInit
  R:\TEMP\cctuqevv.s:383    .text.GPIO_ReadInputDataBit:00000000 $t
  R:\TEMP\cctuqevv.s:388    .text.GPIO_ReadInputDataBit:00000000 GPIO_ReadInputDataBit
  R:\TEMP\cctuqevv.s:411    .text.GPIO_ReadInputData:00000000 $t
  R:\TEMP\cctuqevv.s:416    .text.GPIO_ReadInputData:00000000 GPIO_ReadInputData
  R:\TEMP\cctuqevv.s:434    .text.GPIO_ReadOutputDataBit:00000000 $t
  R:\TEMP\cctuqevv.s:439    .text.GPIO_ReadOutputDataBit:00000000 GPIO_ReadOutputDataBit
  R:\TEMP\cctuqevv.s:462    .text.GPIO_ReadOutputData:00000000 $t
  R:\TEMP\cctuqevv.s:467    .text.GPIO_ReadOutputData:00000000 GPIO_ReadOutputData
  R:\TEMP\cctuqevv.s:485    .text.GPIO_SetBits:00000000 $t
  R:\TEMP\cctuqevv.s:490    .text.GPIO_SetBits:00000000 GPIO_SetBits
  R:\TEMP\cctuqevv.s:505    .text.GPIO_ResetBits:00000000 $t
  R:\TEMP\cctuqevv.s:510    .text.GPIO_ResetBits:00000000 GPIO_ResetBits
  R:\TEMP\cctuqevv.s:525    .text.GPIO_WriteBit:00000000 $t
  R:\TEMP\cctuqevv.s:530    .text.GPIO_WriteBit:00000000 GPIO_WriteBit
  R:\TEMP\cctuqevv.s:551    .text.GPIO_Write:00000000 $t
  R:\TEMP\cctuqevv.s:556    .text.GPIO_Write:00000000 GPIO_Write
  R:\TEMP\cctuqevv.s:571    .text.GPIO_PinLockConfig:00000000 $t
  R:\TEMP\cctuqevv.s:576    .text.GPIO_PinLockConfig:00000000 GPIO_PinLockConfig
  R:\TEMP\cctuqevv.s:604    .text.GPIO_EventOutputConfig:00000000 $t
  R:\TEMP\cctuqevv.s:609    .text.GPIO_EventOutputConfig:00000000 GPIO_EventOutputConfig
  R:\TEMP\cctuqevv.s:642    .text.GPIO_EventOutputConfig:00000018 $d
  R:\TEMP\cctuqevv.s:647    .text.GPIO_EventOutputCmd:00000000 $t
  R:\TEMP\cctuqevv.s:652    .text.GPIO_EventOutputCmd:00000000 GPIO_EventOutputCmd
  R:\TEMP\cctuqevv.s:667    .text.GPIO_EventOutputCmd:00000008 $d
  R:\TEMP\cctuqevv.s:672    .text.GPIO_PinRemapConfig:00000000 $t
  R:\TEMP\cctuqevv.s:677    .text.GPIO_PinRemapConfig:00000000 GPIO_PinRemapConfig
  R:\TEMP\cctuqevv.s:766    .text.GPIO_PinRemapConfig:00000060 $d
  R:\TEMP\cctuqevv.s:771    .text.GPIO_EXTILineConfig:00000000 $t
  R:\TEMP\cctuqevv.s:776    .text.GPIO_EXTILineConfig:00000000 GPIO_EXTILineConfig
  R:\TEMP\cctuqevv.s:818    .text.GPIO_EXTILineConfig:00000030 $d
  R:\TEMP\cctuqevv.s:823    .text.GPIO_ETH_MediaInterfaceConfig:00000000 $t
  R:\TEMP\cctuqevv.s:828    .text.GPIO_ETH_MediaInterfaceConfig:00000000 GPIO_ETH_MediaInterfaceConfig
  R:\TEMP\cctuqevv.s:843    .text.GPIO_ETH_MediaInterfaceConfig:00000008 $d
                     .debug_frame:00000010 $d

UNDEFINED SYMBOLS
RCC_APB2PeriphResetCmd
