   1              		.syntax unified
   2              		.cpu cortex-m3
   3              		.fpu softvfp
   4              		.eabi_attribute 20, 1
   5              		.eabi_attribute 21, 1
   6              		.eabi_attribute 23, 3
   7              		.eabi_attribute 24, 1
   8              		.eabi_attribute 25, 1
   9              		.eabi_attribute 26, 1
  10              		.eabi_attribute 30, 4
  11              		.eabi_attribute 34, 0
  12              		.eabi_attribute 18, 4
  13              		.thumb
  14              		.file	"font_if_datatable.c"
  15              		.text
  16              	.Ltext0:
  17              		.cfi_sections	.debug_frame
  18              		.global	Mplus_Ank
  19              		.global	font_table_ank
  20              		.section	.rodata.font_table_ank,"a",%progbits
  23              	font_table_ank:
  24 0000 46       		.byte	70
  25 0001 4F       		.byte	79
  26 0002 4E       		.byte	78
  27 0003 54       		.byte	84
  28 0004 58       		.byte	88
  29 0005 32       		.byte	50
  30 0006 4D       		.byte	77
  31 0007 2B       		.byte	43
  32 0008 47       		.byte	71
  33 0009 6F       		.byte	111
  34 000a 74       		.byte	116
  35 000b 68       		.byte	104
  36 000c 69       		.byte	105
  37 000d 63       		.byte	99
  38 000e 05       		.byte	5
  39 000f 0A       		.byte	10
  40 0010 00       		.byte	0
  41 0011 00       		.byte	0
  42 0012 00       		.byte	0
  43 0013 00       		.byte	0
  44 0014 00       		.byte	0
  45 0015 00       		.byte	0
  46 0016 00       		.byte	0
  47 0017 00       		.byte	0
  48 0018 00       		.byte	0
  49 0019 00       		.byte	0
  50 001a 00       		.byte	0
  51 001b 00       		.byte	0
  52 001c 00       		.byte	0
  53 001d 00       		.byte	0
  54 001e 00       		.byte	0
  55 001f 78       		.byte	120
  56 0020 40       		.byte	64
  57 0021 58       		.byte	88
  58 0022 50       		.byte	80
  59 0023 50       		.byte	80
  60 0024 50       		.byte	80
  61 0025 00       		.byte	0
  62 0026 00       		.byte	0
  63 0027 00       		.byte	0
  64 0028 00       		.byte	0
  65 0029 F0       		.byte	-16
  66 002a 10       		.byte	16
  67 002b D0       		.byte	-48
  68 002c 50       		.byte	80
  69 002d 50       		.byte	80
  70 002e 50       		.byte	80
  71 002f 50       		.byte	80
  72 0030 50       		.byte	80
  73 0031 50       		.byte	80
  74 0032 50       		.byte	80
  75 0033 58       		.byte	88
  76 0034 40       		.byte	64
  77 0035 78       		.byte	120
  78 0036 00       		.byte	0
  79 0037 00       		.byte	0
  80 0038 00       		.byte	0
  81 0039 50       		.byte	80
  82 003a 50       		.byte	80
  83 003b 50       		.byte	80
  84 003c 50       		.byte	80
  85 003d D0       		.byte	-48
  86 003e 10       		.byte	16
  87 003f F0       		.byte	-16
  88 0040 00       		.byte	0
  89 0041 00       		.byte	0
  90 0042 00       		.byte	0
  91 0043 50       		.byte	80
  92 0044 50       		.byte	80
  93 0045 50       		.byte	80
  94 0046 50       		.byte	80
  95 0047 50       		.byte	80
  96 0048 50       		.byte	80
  97 0049 50       		.byte	80
  98 004a 50       		.byte	80
  99 004b 50       		.byte	80
 100 004c 50       		.byte	80
 101 004d 00       		.byte	0
 102 004e 00       		.byte	0
 103 004f 00       		.byte	0
 104 0050 00       		.byte	0
 105 0051 F8       		.byte	-8
 106 0052 00       		.byte	0
 107 0053 F8       		.byte	-8
 108 0054 00       		.byte	0
 109 0055 00       		.byte	0
 110 0056 00       		.byte	0
 111 0057 20       		.byte	32
 112 0058 20       		.byte	32
 113 0059 20       		.byte	32
 114 005a 20       		.byte	32
 115 005b 20       		.byte	32
 116 005c A8       		.byte	-88
 117 005d A8       		.byte	-88
 118 005e 70       		.byte	112
 119 005f 70       		.byte	112
 120 0060 20       		.byte	32
 121 0061 00       		.byte	0
 122 0062 00       		.byte	0
 123 0063 00       		.byte	0
 124 0064 00       		.byte	0
 125 0065 00       		.byte	0
 126 0066 00       		.byte	0
 127 0067 00       		.byte	0
 128 0068 00       		.byte	0
 129 0069 00       		.byte	0
 130 006a 00       		.byte	0
 131 006b 00       		.byte	0
 132 006c 70       		.byte	112
 133 006d 50       		.byte	80
 134 006e 88       		.byte	-120
 135 006f 88       		.byte	-120
 136 0070 88       		.byte	-120
 137 0071 88       		.byte	-120
 138 0072 50       		.byte	80
 139 0073 70       		.byte	112
 140 0074 00       		.byte	0
 141 0075 00       		.byte	0
 142 0076 00       		.byte	0
 143 0077 00       		.byte	0
 144 0078 00       		.byte	0
 145 0079 00       		.byte	0
 146 007a 00       		.byte	0
 147 007b 00       		.byte	0
 148 007c 00       		.byte	0
 149 007d 00       		.byte	0
 150 007e 00       		.byte	0
 151 007f 00       		.byte	0
 152 0080 F8       		.byte	-8
 153 0081 88       		.byte	-120
 154 0082 D8       		.byte	-40
 155 0083 A8       		.byte	-88
 156 0084 A8       		.byte	-88
 157 0085 A8       		.byte	-88
 158 0086 D8       		.byte	-40
 159 0087 88       		.byte	-120
 160 0088 F8       		.byte	-8
 161 0089 00       		.byte	0
 162 008a 00       		.byte	0
 163 008b 00       		.byte	0
 164 008c 00       		.byte	0
 165 008d 00       		.byte	0
 166 008e 00       		.byte	0
 167 008f 00       		.byte	0
 168 0090 00       		.byte	0
 169 0091 00       		.byte	0
 170 0092 00       		.byte	0
 171 0093 00       		.byte	0
 172 0094 00       		.byte	0
 173 0095 00       		.byte	0
 174 0096 00       		.byte	0
 175 0097 00       		.byte	0
 176 0098 00       		.byte	0
 177 0099 00       		.byte	0
 178 009a 00       		.byte	0
 179 009b 00       		.byte	0
 180 009c 00       		.byte	0
 181 009d 00       		.byte	0
 182 009e 70       		.byte	112
 183 009f 70       		.byte	112
 184 00a0 70       		.byte	112
 185 00a1 70       		.byte	112
 186 00a2 70       		.byte	112
 187 00a3 70       		.byte	112
 188 00a4 70       		.byte	112
 189 00a5 70       		.byte	112
 190 00a6 70       		.byte	112
 191 00a7 20       		.byte	32
 192 00a8 A8       		.byte	-88
 193 00a9 70       		.byte	112
 194 00aa 50       		.byte	80
 195 00ab 50       		.byte	80
 196 00ac D8       		.byte	-40
 197 00ad 50       		.byte	80
 198 00ae 70       		.byte	112
 199 00af A8       		.byte	-88
 200 00b0 20       		.byte	32
 201 00b1 50       		.byte	80
 202 00b2 50       		.byte	80
 203 00b3 50       		.byte	80
 204 00b4 50       		.byte	80
 205 00b5 D8       		.byte	-40
 206 00b6 00       		.byte	0
 207 00b7 D8       		.byte	-40
 208 00b8 50       		.byte	80
 209 00b9 50       		.byte	80
 210 00ba 50       		.byte	80
 211 00bb 00       		.byte	0
 212 00bc 00       		.byte	0
 213 00bd 00       		.byte	0
 214 00be 00       		.byte	0
 215 00bf 00       		.byte	0
 216 00c0 00       		.byte	0
 217 00c1 00       		.byte	0
 218 00c2 00       		.byte	0
 219 00c3 00       		.byte	0
 220 00c4 00       		.byte	0
 221 00c5 20       		.byte	32
 222 00c6 70       		.byte	112
 223 00c7 A8       		.byte	-88
 224 00c8 A8       		.byte	-88
 225 00c9 20       		.byte	32
 226 00ca 20       		.byte	32
 227 00cb A8       		.byte	-88
 228 00cc A8       		.byte	-88
 229 00cd 70       		.byte	112
 230 00ce 20       		.byte	32
 231 00cf 00       		.byte	0
 232 00d0 00       		.byte	0
 233 00d1 00       		.byte	0
 234 00d2 00       		.byte	0
 235 00d3 00       		.byte	0
 236 00d4 00       		.byte	0
 237 00d5 00       		.byte	0
 238 00d6 00       		.byte	0
 239 00d7 00       		.byte	0
 240 00d8 00       		.byte	0
 241 00d9 A8       		.byte	-88
 242 00da 50       		.byte	80
 243 00db A8       		.byte	-88
 244 00dc 50       		.byte	80
 245 00dd A8       		.byte	-88
 246 00de 50       		.byte	80
 247 00df A8       		.byte	-88
 248 00e0 50       		.byte	80
 249 00e1 A8       		.byte	-88
 250 00e2 50       		.byte	80
 251 00e3 50       		.byte	80
 252 00e4 50       		.byte	80
 253 00e5 50       		.byte	80
 254 00e6 50       		.byte	80
 255 00e7 D8       		.byte	-40
 256 00e8 00       		.byte	0
 257 00e9 F8       		.byte	-8
 258 00ea 00       		.byte	0
 259 00eb 00       		.byte	0
 260 00ec 00       		.byte	0
 261 00ed 00       		.byte	0
 262 00ee 00       		.byte	0
 263 00ef 00       		.byte	0
 264 00f0 00       		.byte	0
 265 00f1 F8       		.byte	-8
 266 00f2 00       		.byte	0
 267 00f3 D8       		.byte	-40
 268 00f4 50       		.byte	80
 269 00f5 50       		.byte	80
 270 00f6 50       		.byte	80
 271 00f7 50       		.byte	80
 272 00f8 50       		.byte	80
 273 00f9 50       		.byte	80
 274 00fa 50       		.byte	80
 275 00fb D0       		.byte	-48
 276 00fc 10       		.byte	16
 277 00fd D0       		.byte	-48
 278 00fe 50       		.byte	80
 279 00ff 50       		.byte	80
 280 0100 50       		.byte	80
 281 0101 00       		.byte	0
 282 0102 00       		.byte	0
 283 0103 00       		.byte	0
 284 0104 00       		.byte	0
 285 0105 00       		.byte	0
 286 0106 00       		.byte	0
 287 0107 00       		.byte	0
 288 0108 00       		.byte	0
 289 0109 00       		.byte	0
 290 010a 00       		.byte	0
 291 010b 50       		.byte	80
 292 010c 50       		.byte	80
 293 010d 50       		.byte	80
 294 010e 50       		.byte	80
 295 010f 58       		.byte	88
 296 0110 40       		.byte	64
 297 0111 58       		.byte	88
 298 0112 50       		.byte	80
 299 0113 50       		.byte	80
 300 0114 50       		.byte	80
 301 0115 A8       		.byte	-88
 302 0116 00       		.byte	0
 303 0117 50       		.byte	80
 304 0118 00       		.byte	0
 305 0119 A8       		.byte	-88
 306 011a 00       		.byte	0
 307 011b 50       		.byte	80
 308 011c 00       		.byte	0
 309 011d A8       		.byte	-88
 310 011e 00       		.byte	0
 311 011f 00       		.byte	0
 312 0120 10       		.byte	16
 313 0121 10       		.byte	16
 314 0122 10       		.byte	16
 315 0123 10       		.byte	16
 316 0124 50       		.byte	80
 317 0125 90       		.byte	-112
 318 0126 F0       		.byte	-16
 319 0127 80       		.byte	-128
 320 0128 40       		.byte	64
 321 0129 20       		.byte	32
 322 012a 70       		.byte	112
 323 012b 70       		.byte	112
 324 012c A8       		.byte	-88
 325 012d A8       		.byte	-88
 326 012e 20       		.byte	32
 327 012f 20       		.byte	32
 328 0130 20       		.byte	32
 329 0131 20       		.byte	32
 330 0132 20       		.byte	32
 331 0133 20       		.byte	32
 332 0134 20       		.byte	32
 333 0135 20       		.byte	32
 334 0136 20       		.byte	32
 335 0137 20       		.byte	32
 336 0138 20       		.byte	32
 337 0139 20       		.byte	32
 338 013a 20       		.byte	32
 339 013b 20       		.byte	32
 340 013c 20       		.byte	32
 341 013d 00       		.byte	0
 342 013e 00       		.byte	0
 343 013f 00       		.byte	0
 344 0140 20       		.byte	32
 345 0141 10       		.byte	16
 346 0142 F8       		.byte	-8
 347 0143 10       		.byte	16
 348 0144 20       		.byte	32
 349 0145 00       		.byte	0
 350 0146 00       		.byte	0
 351 0147 00       		.byte	0
 352 0148 00       		.byte	0
 353 0149 00       		.byte	0
 354 014a 20       		.byte	32
 355 014b 40       		.byte	64
 356 014c F8       		.byte	-8
 357 014d 40       		.byte	64
 358 014e 20       		.byte	32
 359 014f 00       		.byte	0
 360 0150 00       		.byte	0
 361 0151 00       		.byte	0
 362 0152 00       		.byte	0
 363 0153 00       		.byte	0
 364 0154 00       		.byte	0
 365 0155 00       		.byte	0
 366 0156 00       		.byte	0
 367 0157 00       		.byte	0
 368 0158 00       		.byte	0
 369 0159 00       		.byte	0
 370 015a 00       		.byte	0
 371 015b 00       		.byte	0
 372 015c 00       		.byte	0
 373 015d 20       		.byte	32
 374 015e 20       		.byte	32
 375 015f 20       		.byte	32
 376 0160 20       		.byte	32
 377 0161 20       		.byte	32
 378 0162 00       		.byte	0
 379 0163 20       		.byte	32
 380 0164 00       		.byte	0
 381 0165 00       		.byte	0
 382 0166 50       		.byte	80
 383 0167 50       		.byte	80
 384 0168 50       		.byte	80
 385 0169 50       		.byte	80
 386 016a 00       		.byte	0
 387 016b 00       		.byte	0
 388 016c 00       		.byte	0
 389 016d 00       		.byte	0
 390 016e 00       		.byte	0
 391 016f 00       		.byte	0
 392 0170 00       		.byte	0
 393 0171 50       		.byte	80
 394 0172 50       		.byte	80
 395 0173 F0       		.byte	-16
 396 0174 50       		.byte	80
 397 0175 F0       		.byte	-16
 398 0176 50       		.byte	80
 399 0177 50       		.byte	80
 400 0178 00       		.byte	0
 401 0179 00       		.byte	0
 402 017a 00       		.byte	0
 403 017b 20       		.byte	32
 404 017c 70       		.byte	112
 405 017d A0       		.byte	-96
 406 017e E0       		.byte	-32
 407 017f 70       		.byte	112
 408 0180 50       		.byte	80
 409 0181 E0       		.byte	-32
 410 0182 40       		.byte	64
 411 0183 00       		.byte	0
 412 0184 00       		.byte	0
 413 0185 C0       		.byte	-64
 414 0186 C0       		.byte	-64
 415 0187 10       		.byte	16
 416 0188 60       		.byte	96
 417 0189 80       		.byte	-128
 418 018a 30       		.byte	48
 419 018b 30       		.byte	48
 420 018c 00       		.byte	0
 421 018d 00       		.byte	0
 422 018e 00       		.byte	0
 423 018f 40       		.byte	64
 424 0190 A0       		.byte	-96
 425 0191 A0       		.byte	-96
 426 0192 40       		.byte	64
 427 0193 B0       		.byte	-80
 428 0194 A0       		.byte	-96
 429 0195 50       		.byte	80
 430 0196 00       		.byte	0
 431 0197 00       		.byte	0
 432 0198 20       		.byte	32
 433 0199 20       		.byte	32
 434 019a 20       		.byte	32
 435 019b 20       		.byte	32
 436 019c 00       		.byte	0
 437 019d 00       		.byte	0
 438 019e 00       		.byte	0
 439 019f 00       		.byte	0
 440 01a0 00       		.byte	0
 441 01a1 00       		.byte	0
 442 01a2 10       		.byte	16
 443 01a3 20       		.byte	32
 444 01a4 20       		.byte	32
 445 01a5 40       		.byte	64
 446 01a6 40       		.byte	64
 447 01a7 40       		.byte	64
 448 01a8 20       		.byte	32
 449 01a9 20       		.byte	32
 450 01aa 10       		.byte	16
 451 01ab 00       		.byte	0
 452 01ac 80       		.byte	-128
 453 01ad 40       		.byte	64
 454 01ae 40       		.byte	64
 455 01af 20       		.byte	32
 456 01b0 20       		.byte	32
 457 01b1 20       		.byte	32
 458 01b2 40       		.byte	64
 459 01b3 40       		.byte	64
 460 01b4 80       		.byte	-128
 461 01b5 00       		.byte	0
 462 01b6 00       		.byte	0
 463 01b7 00       		.byte	0
 464 01b8 50       		.byte	80
 465 01b9 20       		.byte	32
 466 01ba F0       		.byte	-16
 467 01bb 20       		.byte	32
 468 01bc 50       		.byte	80
 469 01bd 00       		.byte	0
 470 01be 00       		.byte	0
 471 01bf 00       		.byte	0
 472 01c0 00       		.byte	0
 473 01c1 00       		.byte	0
 474 01c2 20       		.byte	32
 475 01c3 20       		.byte	32
 476 01c4 F0       		.byte	-16
 477 01c5 20       		.byte	32
 478 01c6 20       		.byte	32
 479 01c7 00       		.byte	0
 480 01c8 00       		.byte	0
 481 01c9 00       		.byte	0
 482 01ca 00       		.byte	0
 483 01cb 00       		.byte	0
 484 01cc 00       		.byte	0
 485 01cd 00       		.byte	0
 486 01ce 00       		.byte	0
 487 01cf 00       		.byte	0
 488 01d0 00       		.byte	0
 489 01d1 20       		.byte	32
 490 01d2 40       		.byte	64
 491 01d3 00       		.byte	0
 492 01d4 00       		.byte	0
 493 01d5 00       		.byte	0
 494 01d6 00       		.byte	0
 495 01d7 00       		.byte	0
 496 01d8 F0       		.byte	-16
 497 01d9 00       		.byte	0
 498 01da 00       		.byte	0
 499 01db 00       		.byte	0
 500 01dc 00       		.byte	0
 501 01dd 00       		.byte	0
 502 01de 00       		.byte	0
 503 01df 00       		.byte	0
 504 01e0 00       		.byte	0
 505 01e1 00       		.byte	0
 506 01e2 00       		.byte	0
 507 01e3 00       		.byte	0
 508 01e4 00       		.byte	0
 509 01e5 40       		.byte	64
 510 01e6 00       		.byte	0
 511 01e7 00       		.byte	0
 512 01e8 00       		.byte	0
 513 01e9 10       		.byte	16
 514 01ea 10       		.byte	16
 515 01eb 20       		.byte	32
 516 01ec 20       		.byte	32
 517 01ed 40       		.byte	64
 518 01ee 40       		.byte	64
 519 01ef 80       		.byte	-128
 520 01f0 80       		.byte	-128
 521 01f1 00       		.byte	0
 522 01f2 00       		.byte	0
 523 01f3 60       		.byte	96
 524 01f4 90       		.byte	-112
 525 01f5 B0       		.byte	-80
 526 01f6 D0       		.byte	-48
 527 01f7 90       		.byte	-112
 528 01f8 90       		.byte	-112
 529 01f9 60       		.byte	96
 530 01fa 00       		.byte	0
 531 01fb 00       		.byte	0
 532 01fc 00       		.byte	0
 533 01fd 20       		.byte	32
 534 01fe 60       		.byte	96
 535 01ff A0       		.byte	-96
 536 0200 20       		.byte	32
 537 0201 20       		.byte	32
 538 0202 20       		.byte	32
 539 0203 20       		.byte	32
 540 0204 00       		.byte	0
 541 0205 00       		.byte	0
 542 0206 00       		.byte	0
 543 0207 60       		.byte	96
 544 0208 90       		.byte	-112
 545 0209 10       		.byte	16
 546 020a 20       		.byte	32
 547 020b 40       		.byte	64
 548 020c 80       		.byte	-128
 549 020d F0       		.byte	-16
 550 020e 00       		.byte	0
 551 020f 00       		.byte	0
 552 0210 00       		.byte	0
 553 0211 F0       		.byte	-16
 554 0212 10       		.byte	16
 555 0213 20       		.byte	32
 556 0214 60       		.byte	96
 557 0215 10       		.byte	16
 558 0216 90       		.byte	-112
 559 0217 60       		.byte	96
 560 0218 00       		.byte	0
 561 0219 00       		.byte	0
 562 021a 00       		.byte	0
 563 021b 20       		.byte	32
 564 021c 60       		.byte	96
 565 021d A0       		.byte	-96
 566 021e A0       		.byte	-96
 567 021f F0       		.byte	-16
 568 0220 20       		.byte	32
 569 0221 20       		.byte	32
 570 0222 00       		.byte	0
 571 0223 00       		.byte	0
 572 0224 00       		.byte	0
 573 0225 F0       		.byte	-16
 574 0226 80       		.byte	-128
 575 0227 E0       		.byte	-32
 576 0228 10       		.byte	16
 577 0229 10       		.byte	16
 578 022a 90       		.byte	-112
 579 022b 60       		.byte	96
 580 022c 00       		.byte	0
 581 022d 00       		.byte	0
 582 022e 00       		.byte	0
 583 022f 60       		.byte	96
 584 0230 80       		.byte	-128
 585 0231 E0       		.byte	-32
 586 0232 90       		.byte	-112
 587 0233 90       		.byte	-112
 588 0234 90       		.byte	-112
 589 0235 60       		.byte	96
 590 0236 00       		.byte	0
 591 0237 00       		.byte	0
 592 0238 00       		.byte	0
 593 0239 F0       		.byte	-16
 594 023a 10       		.byte	16
 595 023b 20       		.byte	32
 596 023c 20       		.byte	32
 597 023d 40       		.byte	64
 598 023e 40       		.byte	64
 599 023f 40       		.byte	64
 600 0240 00       		.byte	0
 601 0241 00       		.byte	0
 602 0242 00       		.byte	0
 603 0243 60       		.byte	96
 604 0244 90       		.byte	-112
 605 0245 90       		.byte	-112
 606 0246 60       		.byte	96
 607 0247 90       		.byte	-112
 608 0248 90       		.byte	-112
 609 0249 60       		.byte	96
 610 024a 00       		.byte	0
 611 024b 00       		.byte	0
 612 024c 00       		.byte	0
 613 024d 60       		.byte	96
 614 024e 90       		.byte	-112
 615 024f 90       		.byte	-112
 616 0250 90       		.byte	-112
 617 0251 70       		.byte	112
 618 0252 10       		.byte	16
 619 0253 60       		.byte	96
 620 0254 00       		.byte	0
 621 0255 00       		.byte	0
 622 0256 00       		.byte	0
 623 0257 00       		.byte	0
 624 0258 00       		.byte	0
 625 0259 20       		.byte	32
 626 025a 00       		.byte	0
 627 025b 00       		.byte	0
 628 025c 20       		.byte	32
 629 025d 00       		.byte	0
 630 025e 00       		.byte	0
 631 025f 00       		.byte	0
 632 0260 00       		.byte	0
 633 0261 00       		.byte	0
 634 0262 00       		.byte	0
 635 0263 20       		.byte	32
 636 0264 00       		.byte	0
 637 0265 00       		.byte	0
 638 0266 20       		.byte	32
 639 0267 40       		.byte	64
 640 0268 00       		.byte	0
 641 0269 00       		.byte	0
 642 026a 00       		.byte	0
 643 026b 10       		.byte	16
 644 026c 20       		.byte	32
 645 026d 40       		.byte	64
 646 026e 80       		.byte	-128
 647 026f 40       		.byte	64
 648 0270 20       		.byte	32
 649 0271 10       		.byte	16
 650 0272 00       		.byte	0
 651 0273 00       		.byte	0
 652 0274 00       		.byte	0
 653 0275 00       		.byte	0
 654 0276 00       		.byte	0
 655 0277 F0       		.byte	-16
 656 0278 00       		.byte	0
 657 0279 F0       		.byte	-16
 658 027a 00       		.byte	0
 659 027b 00       		.byte	0
 660 027c 00       		.byte	0
 661 027d 00       		.byte	0
 662 027e 00       		.byte	0
 663 027f 80       		.byte	-128
 664 0280 40       		.byte	64
 665 0281 20       		.byte	32
 666 0282 10       		.byte	16
 667 0283 20       		.byte	32
 668 0284 40       		.byte	64
 669 0285 80       		.byte	-128
 670 0286 00       		.byte	0
 671 0287 00       		.byte	0
 672 0288 00       		.byte	0
 673 0289 E0       		.byte	-32
 674 028a 10       		.byte	16
 675 028b 10       		.byte	16
 676 028c 20       		.byte	32
 677 028d 40       		.byte	64
 678 028e 00       		.byte	0
 679 028f 40       		.byte	64
 680 0290 00       		.byte	0
 681 0291 00       		.byte	0
 682 0292 00       		.byte	0
 683 0293 60       		.byte	96
 684 0294 90       		.byte	-112
 685 0295 B0       		.byte	-80
 686 0296 A0       		.byte	-96
 687 0297 B0       		.byte	-80
 688 0298 80       		.byte	-128
 689 0299 70       		.byte	112
 690 029a 00       		.byte	0
 691 029b 00       		.byte	0
 692 029c 00       		.byte	0
 693 029d 60       		.byte	96
 694 029e 90       		.byte	-112
 695 029f 90       		.byte	-112
 696 02a0 F0       		.byte	-16
 697 02a1 90       		.byte	-112
 698 02a2 90       		.byte	-112
 699 02a3 90       		.byte	-112
 700 02a4 00       		.byte	0
 701 02a5 00       		.byte	0
 702 02a6 00       		.byte	0
 703 02a7 E0       		.byte	-32
 704 02a8 90       		.byte	-112
 705 02a9 90       		.byte	-112
 706 02aa E0       		.byte	-32
 707 02ab 90       		.byte	-112
 708 02ac 90       		.byte	-112
 709 02ad E0       		.byte	-32
 710 02ae 00       		.byte	0
 711 02af 00       		.byte	0
 712 02b0 00       		.byte	0
 713 02b1 60       		.byte	96
 714 02b2 90       		.byte	-112
 715 02b3 80       		.byte	-128
 716 02b4 80       		.byte	-128
 717 02b5 80       		.byte	-128
 718 02b6 80       		.byte	-128
 719 02b7 70       		.byte	112
 720 02b8 00       		.byte	0
 721 02b9 00       		.byte	0
 722 02ba 00       		.byte	0
 723 02bb E0       		.byte	-32
 724 02bc 90       		.byte	-112
 725 02bd 90       		.byte	-112
 726 02be 90       		.byte	-112
 727 02bf 90       		.byte	-112
 728 02c0 90       		.byte	-112
 729 02c1 E0       		.byte	-32
 730 02c2 00       		.byte	0
 731 02c3 00       		.byte	0
 732 02c4 00       		.byte	0
 733 02c5 F0       		.byte	-16
 734 02c6 80       		.byte	-128
 735 02c7 80       		.byte	-128
 736 02c8 E0       		.byte	-32
 737 02c9 80       		.byte	-128
 738 02ca 80       		.byte	-128
 739 02cb F0       		.byte	-16
 740 02cc 00       		.byte	0
 741 02cd 00       		.byte	0
 742 02ce 00       		.byte	0
 743 02cf F0       		.byte	-16
 744 02d0 80       		.byte	-128
 745 02d1 80       		.byte	-128
 746 02d2 E0       		.byte	-32
 747 02d3 80       		.byte	-128
 748 02d4 80       		.byte	-128
 749 02d5 80       		.byte	-128
 750 02d6 00       		.byte	0
 751 02d7 00       		.byte	0
 752 02d8 00       		.byte	0
 753 02d9 70       		.byte	112
 754 02da 80       		.byte	-128
 755 02db 80       		.byte	-128
 756 02dc B0       		.byte	-80
 757 02dd 90       		.byte	-112
 758 02de 90       		.byte	-112
 759 02df 70       		.byte	112
 760 02e0 00       		.byte	0
 761 02e1 00       		.byte	0
 762 02e2 00       		.byte	0
 763 02e3 90       		.byte	-112
 764 02e4 90       		.byte	-112
 765 02e5 90       		.byte	-112
 766 02e6 F0       		.byte	-16
 767 02e7 90       		.byte	-112
 768 02e8 90       		.byte	-112
 769 02e9 90       		.byte	-112
 770 02ea 00       		.byte	0
 771 02eb 00       		.byte	0
 772 02ec 00       		.byte	0
 773 02ed 70       		.byte	112
 774 02ee 20       		.byte	32
 775 02ef 20       		.byte	32
 776 02f0 20       		.byte	32
 777 02f1 20       		.byte	32
 778 02f2 20       		.byte	32
 779 02f3 70       		.byte	112
 780 02f4 00       		.byte	0
 781 02f5 00       		.byte	0
 782 02f6 00       		.byte	0
 783 02f7 10       		.byte	16
 784 02f8 10       		.byte	16
 785 02f9 10       		.byte	16
 786 02fa 10       		.byte	16
 787 02fb 90       		.byte	-112
 788 02fc 90       		.byte	-112
 789 02fd 60       		.byte	96
 790 02fe 00       		.byte	0
 791 02ff 00       		.byte	0
 792 0300 00       		.byte	0
 793 0301 90       		.byte	-112
 794 0302 A0       		.byte	-96
 795 0303 C0       		.byte	-64
 796 0304 C0       		.byte	-64
 797 0305 A0       		.byte	-96
 798 0306 90       		.byte	-112
 799 0307 90       		.byte	-112
 800 0308 00       		.byte	0
 801 0309 00       		.byte	0
 802 030a 00       		.byte	0
 803 030b 80       		.byte	-128
 804 030c 80       		.byte	-128
 805 030d 80       		.byte	-128
 806 030e 80       		.byte	-128
 807 030f 80       		.byte	-128
 808 0310 80       		.byte	-128
 809 0311 F0       		.byte	-16
 810 0312 00       		.byte	0
 811 0313 00       		.byte	0
 812 0314 00       		.byte	0
 813 0315 90       		.byte	-112
 814 0316 B0       		.byte	-80
 815 0317 D0       		.byte	-48
 816 0318 90       		.byte	-112
 817 0319 90       		.byte	-112
 818 031a 90       		.byte	-112
 819 031b 90       		.byte	-112
 820 031c 00       		.byte	0
 821 031d 00       		.byte	0
 822 031e 00       		.byte	0
 823 031f 90       		.byte	-112
 824 0320 D0       		.byte	-48
 825 0321 B0       		.byte	-80
 826 0322 90       		.byte	-112
 827 0323 90       		.byte	-112
 828 0324 90       		.byte	-112
 829 0325 90       		.byte	-112
 830 0326 00       		.byte	0
 831 0327 00       		.byte	0
 832 0328 00       		.byte	0
 833 0329 60       		.byte	96
 834 032a 90       		.byte	-112
 835 032b 90       		.byte	-112
 836 032c 90       		.byte	-112
 837 032d 90       		.byte	-112
 838 032e 90       		.byte	-112
 839 032f 60       		.byte	96
 840 0330 00       		.byte	0
 841 0331 00       		.byte	0
 842 0332 00       		.byte	0
 843 0333 E0       		.byte	-32
 844 0334 90       		.byte	-112
 845 0335 90       		.byte	-112
 846 0336 90       		.byte	-112
 847 0337 E0       		.byte	-32
 848 0338 80       		.byte	-128
 849 0339 80       		.byte	-128
 850 033a 00       		.byte	0
 851 033b 00       		.byte	0
 852 033c 00       		.byte	0
 853 033d 60       		.byte	96
 854 033e 90       		.byte	-112
 855 033f 90       		.byte	-112
 856 0340 90       		.byte	-112
 857 0341 90       		.byte	-112
 858 0342 90       		.byte	-112
 859 0343 60       		.byte	96
 860 0344 30       		.byte	48
 861 0345 00       		.byte	0
 862 0346 00       		.byte	0
 863 0347 E0       		.byte	-32
 864 0348 90       		.byte	-112
 865 0349 90       		.byte	-112
 866 034a E0       		.byte	-32
 867 034b 90       		.byte	-112
 868 034c 90       		.byte	-112
 869 034d 90       		.byte	-112
 870 034e 00       		.byte	0
 871 034f 00       		.byte	0
 872 0350 00       		.byte	0
 873 0351 70       		.byte	112
 874 0352 80       		.byte	-128
 875 0353 80       		.byte	-128
 876 0354 60       		.byte	96
 877 0355 10       		.byte	16
 878 0356 10       		.byte	16
 879 0357 E0       		.byte	-32
 880 0358 00       		.byte	0
 881 0359 00       		.byte	0
 882 035a 00       		.byte	0
 883 035b F8       		.byte	-8
 884 035c 20       		.byte	32
 885 035d 20       		.byte	32
 886 035e 20       		.byte	32
 887 035f 20       		.byte	32
 888 0360 20       		.byte	32
 889 0361 20       		.byte	32
 890 0362 00       		.byte	0
 891 0363 00       		.byte	0
 892 0364 00       		.byte	0
 893 0365 90       		.byte	-112
 894 0366 90       		.byte	-112
 895 0367 90       		.byte	-112
 896 0368 90       		.byte	-112
 897 0369 90       		.byte	-112
 898 036a 90       		.byte	-112
 899 036b 60       		.byte	96
 900 036c 00       		.byte	0
 901 036d 00       		.byte	0
 902 036e 00       		.byte	0
 903 036f 90       		.byte	-112
 904 0370 90       		.byte	-112
 905 0371 90       		.byte	-112
 906 0372 90       		.byte	-112
 907 0373 90       		.byte	-112
 908 0374 A0       		.byte	-96
 909 0375 C0       		.byte	-64
 910 0376 00       		.byte	0
 911 0377 00       		.byte	0
 912 0378 00       		.byte	0
 913 0379 90       		.byte	-112
 914 037a 90       		.byte	-112
 915 037b 90       		.byte	-112
 916 037c 90       		.byte	-112
 917 037d D0       		.byte	-48
 918 037e B0       		.byte	-80
 919 037f 90       		.byte	-112
 920 0380 00       		.byte	0
 921 0381 00       		.byte	0
 922 0382 00       		.byte	0
 923 0383 90       		.byte	-112
 924 0384 90       		.byte	-112
 925 0385 90       		.byte	-112
 926 0386 60       		.byte	96
 927 0387 90       		.byte	-112
 928 0388 90       		.byte	-112
 929 0389 90       		.byte	-112
 930 038a 00       		.byte	0
 931 038b 00       		.byte	0
 932 038c 00       		.byte	0
 933 038d 90       		.byte	-112
 934 038e 90       		.byte	-112
 935 038f 90       		.byte	-112
 936 0390 A0       		.byte	-96
 937 0391 40       		.byte	64
 938 0392 40       		.byte	64
 939 0393 40       		.byte	64
 940 0394 00       		.byte	0
 941 0395 00       		.byte	0
 942 0396 00       		.byte	0
 943 0397 F0       		.byte	-16
 944 0398 10       		.byte	16
 945 0399 20       		.byte	32
 946 039a 40       		.byte	64
 947 039b 80       		.byte	-128
 948 039c 80       		.byte	-128
 949 039d F0       		.byte	-16
 950 039e 00       		.byte	0
 951 039f 00       		.byte	0
 952 03a0 70       		.byte	112
 953 03a1 40       		.byte	64
 954 03a2 40       		.byte	64
 955 03a3 40       		.byte	64
 956 03a4 40       		.byte	64
 957 03a5 40       		.byte	64
 958 03a6 40       		.byte	64
 959 03a7 40       		.byte	64
 960 03a8 70       		.byte	112
 961 03a9 00       		.byte	0
 962 03aa 00       		.byte	0
 963 03ab 90       		.byte	-112
 964 03ac A0       		.byte	-96
 965 03ad 40       		.byte	64
 966 03ae F0       		.byte	-16
 967 03af 40       		.byte	64
 968 03b0 F0       		.byte	-16
 969 03b1 40       		.byte	64
 970 03b2 00       		.byte	0
 971 03b3 00       		.byte	0
 972 03b4 E0       		.byte	-32
 973 03b5 20       		.byte	32
 974 03b6 20       		.byte	32
 975 03b7 20       		.byte	32
 976 03b8 20       		.byte	32
 977 03b9 20       		.byte	32
 978 03ba 20       		.byte	32
 979 03bb 20       		.byte	32
 980 03bc E0       		.byte	-32
 981 03bd 00       		.byte	0
 982 03be 20       		.byte	32
 983 03bf 50       		.byte	80
 984 03c0 88       		.byte	-120
 985 03c1 00       		.byte	0
 986 03c2 00       		.byte	0
 987 03c3 00       		.byte	0
 988 03c4 00       		.byte	0
 989 03c5 00       		.byte	0
 990 03c6 00       		.byte	0
 991 03c7 00       		.byte	0
 992 03c8 00       		.byte	0
 993 03c9 00       		.byte	0
 994 03ca 00       		.byte	0
 995 03cb 00       		.byte	0
 996 03cc 00       		.byte	0
 997 03cd 00       		.byte	0
 998 03ce 00       		.byte	0
 999 03cf 00       		.byte	0
 1000 03d0 F0       		.byte	-16
 1001 03d1 00       		.byte	0
 1002 03d2 40       		.byte	64
 1003 03d3 40       		.byte	64
 1004 03d4 20       		.byte	32
 1005 03d5 20       		.byte	32
 1006 03d6 00       		.byte	0
 1007 03d7 00       		.byte	0
 1008 03d8 00       		.byte	0
 1009 03d9 00       		.byte	0
 1010 03da 00       		.byte	0
 1011 03db 00       		.byte	0
 1012 03dc 00       		.byte	0
 1013 03dd 00       		.byte	0
 1014 03de 00       		.byte	0
 1015 03df 60       		.byte	96
 1016 03e0 10       		.byte	16
 1017 03e1 70       		.byte	112
 1018 03e2 90       		.byte	-112
 1019 03e3 70       		.byte	112
 1020 03e4 00       		.byte	0
 1021 03e5 00       		.byte	0
 1022 03e6 00       		.byte	0
 1023 03e7 80       		.byte	-128
 1024 03e8 80       		.byte	-128
 1025 03e9 E0       		.byte	-32
 1026 03ea 90       		.byte	-112
 1027 03eb 90       		.byte	-112
 1028 03ec 90       		.byte	-112
 1029 03ed E0       		.byte	-32
 1030 03ee 00       		.byte	0
 1031 03ef 00       		.byte	0
 1032 03f0 00       		.byte	0
 1033 03f1 00       		.byte	0
 1034 03f2 00       		.byte	0
 1035 03f3 60       		.byte	96
 1036 03f4 90       		.byte	-112
 1037 03f5 80       		.byte	-128
 1038 03f6 80       		.byte	-128
 1039 03f7 70       		.byte	112
 1040 03f8 00       		.byte	0
 1041 03f9 00       		.byte	0
 1042 03fa 00       		.byte	0
 1043 03fb 10       		.byte	16
 1044 03fc 10       		.byte	16
 1045 03fd 70       		.byte	112
 1046 03fe 90       		.byte	-112
 1047 03ff 90       		.byte	-112
 1048 0400 90       		.byte	-112
 1049 0401 70       		.byte	112
 1050 0402 00       		.byte	0
 1051 0403 00       		.byte	0
 1052 0404 00       		.byte	0
 1053 0405 00       		.byte	0
 1054 0406 00       		.byte	0
 1055 0407 60       		.byte	96
 1056 0408 90       		.byte	-112
 1057 0409 F0       		.byte	-16
 1058 040a 80       		.byte	-128
 1059 040b 70       		.byte	112
 1060 040c 00       		.byte	0
 1061 040d 00       		.byte	0
 1062 040e 00       		.byte	0
 1063 040f 30       		.byte	48
 1064 0410 40       		.byte	64
 1065 0411 40       		.byte	64
 1066 0412 F0       		.byte	-16
 1067 0413 40       		.byte	64
 1068 0414 40       		.byte	64
 1069 0415 40       		.byte	64
 1070 0416 00       		.byte	0
 1071 0417 00       		.byte	0
 1072 0418 00       		.byte	0
 1073 0419 00       		.byte	0
 1074 041a 00       		.byte	0
 1075 041b 70       		.byte	112
 1076 041c 90       		.byte	-112
 1077 041d 90       		.byte	-112
 1078 041e 70       		.byte	112
 1079 041f 10       		.byte	16
 1080 0420 60       		.byte	96
 1081 0421 00       		.byte	0
 1082 0422 00       		.byte	0
 1083 0423 80       		.byte	-128
 1084 0424 80       		.byte	-128
 1085 0425 E0       		.byte	-32
 1086 0426 90       		.byte	-112
 1087 0427 90       		.byte	-112
 1088 0428 90       		.byte	-112
 1089 0429 90       		.byte	-112
 1090 042a 00       		.byte	0
 1091 042b 00       		.byte	0
 1092 042c 20       		.byte	32
 1093 042d 00       		.byte	0
 1094 042e 00       		.byte	0
 1095 042f 60       		.byte	96
 1096 0430 20       		.byte	32
 1097 0431 20       		.byte	32
 1098 0432 20       		.byte	32
 1099 0433 70       		.byte	112
 1100 0434 00       		.byte	0
 1101 0435 00       		.byte	0
 1102 0436 20       		.byte	32
 1103 0437 00       		.byte	0
 1104 0438 00       		.byte	0
 1105 0439 60       		.byte	96
 1106 043a 20       		.byte	32
 1107 043b 20       		.byte	32
 1108 043c 20       		.byte	32
 1109 043d 20       		.byte	32
 1110 043e C0       		.byte	-64
 1111 043f 00       		.byte	0
 1112 0440 00       		.byte	0
 1113 0441 80       		.byte	-128
 1114 0442 80       		.byte	-128
 1115 0443 90       		.byte	-112
 1116 0444 A0       		.byte	-96
 1117 0445 C0       		.byte	-64
 1118 0446 A0       		.byte	-96
 1119 0447 90       		.byte	-112
 1120 0448 00       		.byte	0
 1121 0449 00       		.byte	0
 1122 044a 00       		.byte	0
 1123 044b 60       		.byte	96
 1124 044c 20       		.byte	32
 1125 044d 20       		.byte	32
 1126 044e 20       		.byte	32
 1127 044f 20       		.byte	32
 1128 0450 20       		.byte	32
 1129 0451 30       		.byte	48
 1130 0452 00       		.byte	0
 1131 0453 00       		.byte	0
 1132 0454 00       		.byte	0
 1133 0455 00       		.byte	0
 1134 0456 00       		.byte	0
 1135 0457 F0       		.byte	-16
 1136 0458 A8       		.byte	-88
 1137 0459 A8       		.byte	-88
 1138 045a A8       		.byte	-88
 1139 045b A8       		.byte	-88
 1140 045c 00       		.byte	0
 1141 045d 00       		.byte	0
 1142 045e 00       		.byte	0
 1143 045f 00       		.byte	0
 1144 0460 00       		.byte	0
 1145 0461 E0       		.byte	-32
 1146 0462 90       		.byte	-112
 1147 0463 90       		.byte	-112
 1148 0464 90       		.byte	-112
 1149 0465 90       		.byte	-112
 1150 0466 00       		.byte	0
 1151 0467 00       		.byte	0
 1152 0468 00       		.byte	0
 1153 0469 00       		.byte	0
 1154 046a 00       		.byte	0
 1155 046b 60       		.byte	96
 1156 046c 90       		.byte	-112
 1157 046d 90       		.byte	-112
 1158 046e 90       		.byte	-112
 1159 046f 60       		.byte	96
 1160 0470 00       		.byte	0
 1161 0471 00       		.byte	0
 1162 0472 00       		.byte	0
 1163 0473 00       		.byte	0
 1164 0474 00       		.byte	0
 1165 0475 E0       		.byte	-32
 1166 0476 90       		.byte	-112
 1167 0477 90       		.byte	-112
 1168 0478 90       		.byte	-112
 1169 0479 E0       		.byte	-32
 1170 047a 80       		.byte	-128
 1171 047b 00       		.byte	0
 1172 047c 00       		.byte	0
 1173 047d 00       		.byte	0
 1174 047e 00       		.byte	0
 1175 047f 70       		.byte	112
 1176 0480 90       		.byte	-112
 1177 0481 90       		.byte	-112
 1178 0482 90       		.byte	-112
 1179 0483 70       		.byte	112
 1180 0484 10       		.byte	16
 1181 0485 00       		.byte	0
 1182 0486 00       		.byte	0
 1183 0487 00       		.byte	0
 1184 0488 00       		.byte	0
 1185 0489 B0       		.byte	-80
 1186 048a C0       		.byte	-64
 1187 048b 80       		.byte	-128
 1188 048c 80       		.byte	-128
 1189 048d 80       		.byte	-128
 1190 048e 00       		.byte	0
 1191 048f 00       		.byte	0
 1192 0490 00       		.byte	0
 1193 0491 00       		.byte	0
 1194 0492 00       		.byte	0
 1195 0493 70       		.byte	112
 1196 0494 80       		.byte	-128
 1197 0495 60       		.byte	96
 1198 0496 10       		.byte	16
 1199 0497 E0       		.byte	-32
 1200 0498 00       		.byte	0
 1201 0499 00       		.byte	0
 1202 049a 00       		.byte	0
 1203 049b 40       		.byte	64
 1204 049c 40       		.byte	64
 1205 049d F0       		.byte	-16
 1206 049e 40       		.byte	64
 1207 049f 40       		.byte	64
 1208 04a0 40       		.byte	64
 1209 04a1 30       		.byte	48
 1210 04a2 00       		.byte	0
 1211 04a3 00       		.byte	0
 1212 04a4 00       		.byte	0
 1213 04a5 00       		.byte	0
 1214 04a6 00       		.byte	0
 1215 04a7 90       		.byte	-112
 1216 04a8 90       		.byte	-112
 1217 04a9 90       		.byte	-112
 1218 04aa 90       		.byte	-112
 1219 04ab 70       		.byte	112
 1220 04ac 00       		.byte	0
 1221 04ad 00       		.byte	0
 1222 04ae 00       		.byte	0
 1223 04af 00       		.byte	0
 1224 04b0 00       		.byte	0
 1225 04b1 90       		.byte	-112
 1226 04b2 90       		.byte	-112
 1227 04b3 90       		.byte	-112
 1228 04b4 A0       		.byte	-96
 1229 04b5 C0       		.byte	-64
 1230 04b6 00       		.byte	0
 1231 04b7 00       		.byte	0
 1232 04b8 00       		.byte	0
 1233 04b9 00       		.byte	0
 1234 04ba 00       		.byte	0
 1235 04bb 90       		.byte	-112
 1236 04bc 90       		.byte	-112
 1237 04bd D0       		.byte	-48
 1238 04be B0       		.byte	-80
 1239 04bf 90       		.byte	-112
 1240 04c0 00       		.byte	0
 1241 04c1 00       		.byte	0
 1242 04c2 00       		.byte	0
 1243 04c3 00       		.byte	0
 1244 04c4 00       		.byte	0
 1245 04c5 90       		.byte	-112
 1246 04c6 90       		.byte	-112
 1247 04c7 60       		.byte	96
 1248 04c8 90       		.byte	-112
 1249 04c9 90       		.byte	-112
 1250 04ca 00       		.byte	0
 1251 04cb 00       		.byte	0
 1252 04cc 00       		.byte	0
 1253 04cd 00       		.byte	0
 1254 04ce 00       		.byte	0
 1255 04cf 90       		.byte	-112
 1256 04d0 90       		.byte	-112
 1257 04d1 90       		.byte	-112
 1258 04d2 70       		.byte	112
 1259 04d3 10       		.byte	16
 1260 04d4 60       		.byte	96
 1261 04d5 00       		.byte	0
 1262 04d6 00       		.byte	0
 1263 04d7 00       		.byte	0
 1264 04d8 00       		.byte	0
 1265 04d9 F0       		.byte	-16
 1266 04da 20       		.byte	32
 1267 04db 40       		.byte	64
 1268 04dc 80       		.byte	-128
 1269 04dd F0       		.byte	-16
 1270 04de 00       		.byte	0
 1271 04df 00       		.byte	0
 1272 04e0 30       		.byte	48
 1273 04e1 40       		.byte	64
 1274 04e2 40       		.byte	64
 1275 04e3 40       		.byte	64
 1276 04e4 80       		.byte	-128
 1277 04e5 40       		.byte	64
 1278 04e6 40       		.byte	64
 1279 04e7 40       		.byte	64
 1280 04e8 30       		.byte	48
 1281 04e9 00       		.byte	0
 1282 04ea 20       		.byte	32
 1283 04eb 20       		.byte	32
 1284 04ec 20       		.byte	32
 1285 04ed 20       		.byte	32
 1286 04ee 20       		.byte	32
 1287 04ef 20       		.byte	32
 1288 04f0 20       		.byte	32
 1289 04f1 20       		.byte	32
 1290 04f2 20       		.byte	32
 1291 04f3 00       		.byte	0
 1292 04f4 C0       		.byte	-64
 1293 04f5 20       		.byte	32
 1294 04f6 20       		.byte	32
 1295 04f7 20       		.byte	32
 1296 04f8 10       		.byte	16
 1297 04f9 20       		.byte	32
 1298 04fa 20       		.byte	32
 1299 04fb 20       		.byte	32
 1300 04fc C0       		.byte	-64
 1301 04fd 00       		.byte	0
 1302 04fe 00       		.byte	0
 1303 04ff F0       		.byte	-16
 1304 0500 00       		.byte	0
 1305 0501 00       		.byte	0
 1306 0502 00       		.byte	0
 1307 0503 00       		.byte	0
 1308 0504 00       		.byte	0
 1309 0505 00       		.byte	0
 1310 0506 00       		.byte	0
 1311 0507 00       		.byte	0
 1312 0508 00       		.byte	0
 1313 0509 00       		.byte	0
 1314 050a 00       		.byte	0
 1315 050b 00       		.byte	0
 1316 050c 00       		.byte	0
 1317 050d 00       		.byte	0
 1318 050e 00       		.byte	0
 1319 050f 00       		.byte	0
 1320 0510 00       		.byte	0
 1321 0511 00       		.byte	0
 1322 0512 00       		.byte	0
 1323 0513 00       		.byte	0
 1324 0514 00       		.byte	0
 1325 0515 00       		.byte	0
 1326 0516 00       		.byte	0
 1327 0517 00       		.byte	0
 1328 0518 00       		.byte	0
 1329 0519 00       		.byte	0
 1330 051a 00       		.byte	0
 1331 051b 00       		.byte	0
 1332 051c 00       		.byte	0
 1333 051d 00       		.byte	0
 1334 051e 00       		.byte	0
 1335 051f 00       		.byte	0
 1336 0520 00       		.byte	0
 1337 0521 00       		.byte	0
 1338 0522 00       		.byte	0
 1339 0523 00       		.byte	0
 1340 0524 00       		.byte	0
 1341 0525 00       		.byte	0
 1342 0526 00       		.byte	0
 1343 0527 00       		.byte	0
 1344 0528 00       		.byte	0
 1345 0529 00       		.byte	0
 1346 052a 00       		.byte	0
 1347 052b 00       		.byte	0
 1348 052c 00       		.byte	0
 1349 052d 00       		.byte	0
 1350 052e 00       		.byte	0
 1351 052f 00       		.byte	0
 1352 0530 00       		.byte	0
 1353 0531 00       		.byte	0
 1354 0532 00       		.byte	0
 1355 0533 00       		.byte	0
 1356 0534 00       		.byte	0
 1357 0535 00       		.byte	0
 1358 0536 00       		.byte	0
 1359 0537 00       		.byte	0
 1360 0538 00       		.byte	0
 1361 0539 00       		.byte	0
 1362 053a 00       		.byte	0
 1363 053b 00       		.byte	0
 1364 053c 00       		.byte	0
 1365 053d 00       		.byte	0
 1366 053e 00       		.byte	0
 1367 053f 00       		.byte	0
 1368 0540 00       		.byte	0
 1369 0541 00       		.byte	0
 1370 0542 00       		.byte	0
 1371 0543 00       		.byte	0
 1372 0544 00       		.byte	0
 1373 0545 00       		.byte	0
 1374 0546 00       		.byte	0
 1375 0547 00       		.byte	0
 1376 0548 00       		.byte	0
 1377 0549 00       		.byte	0
 1378 054a 00       		.byte	0
 1379 054b 00       		.byte	0
 1380 054c 00       		.byte	0
 1381 054d 00       		.byte	0
 1382 054e 00       		.byte	0
 1383 054f 00       		.byte	0
 1384 0550 00       		.byte	0
 1385 0551 00       		.byte	0
 1386 0552 00       		.byte	0
 1387 0553 00       		.byte	0
 1388 0554 00       		.byte	0
 1389 0555 00       		.byte	0
 1390 0556 00       		.byte	0
 1391 0557 00       		.byte	0
 1392 0558 00       		.byte	0
 1393 0559 00       		.byte	0
 1394 055a 00       		.byte	0
 1395 055b 00       		.byte	0
 1396 055c 00       		.byte	0
 1397 055d 00       		.byte	0
 1398 055e 00       		.byte	0
 1399 055f 00       		.byte	0
 1400 0560 00       		.byte	0
 1401 0561 00       		.byte	0
 1402 0562 00       		.byte	0
 1403 0563 00       		.byte	0
 1404 0564 00       		.byte	0
 1405 0565 00       		.byte	0
 1406 0566 00       		.byte	0
 1407 0567 00       		.byte	0
 1408 0568 00       		.byte	0
 1409 0569 00       		.byte	0
 1410 056a 00       		.byte	0
 1411 056b 00       		.byte	0
 1412 056c 00       		.byte	0
 1413 056d 00       		.byte	0
 1414 056e 00       		.byte	0
 1415 056f 00       		.byte	0
 1416 0570 00       		.byte	0
 1417 0571 00       		.byte	0
 1418 0572 00       		.byte	0
 1419 0573 00       		.byte	0
 1420 0574 00       		.byte	0
 1421 0575 00       		.byte	0
 1422 0576 00       		.byte	0
 1423 0577 00       		.byte	0
 1424 0578 00       		.byte	0
 1425 0579 00       		.byte	0
 1426 057a 00       		.byte	0
 1427 057b 00       		.byte	0
 1428 057c 00       		.byte	0
 1429 057d 00       		.byte	0
 1430 057e 00       		.byte	0
 1431 057f 00       		.byte	0
 1432 0580 00       		.byte	0
 1433 0581 00       		.byte	0
 1434 0582 00       		.byte	0
 1435 0583 00       		.byte	0
 1436 0584 00       		.byte	0
 1437 0585 00       		.byte	0
 1438 0586 00       		.byte	0
 1439 0587 00       		.byte	0
 1440 0588 00       		.byte	0
 1441 0589 00       		.byte	0
 1442 058a 00       		.byte	0
 1443 058b 00       		.byte	0
 1444 058c 00       		.byte	0
 1445 058d 00       		.byte	0
 1446 058e 00       		.byte	0
 1447 058f 00       		.byte	0
 1448 0590 00       		.byte	0
 1449 0591 00       		.byte	0
 1450 0592 00       		.byte	0
 1451 0593 00       		.byte	0
 1452 0594 00       		.byte	0
 1453 0595 00       		.byte	0
 1454 0596 00       		.byte	0
 1455 0597 00       		.byte	0
 1456 0598 00       		.byte	0
 1457 0599 00       		.byte	0
 1458 059a 00       		.byte	0
 1459 059b 00       		.byte	0
 1460 059c 00       		.byte	0
 1461 059d 00       		.byte	0
 1462 059e 00       		.byte	0
 1463 059f 00       		.byte	0
 1464 05a0 00       		.byte	0
 1465 05a1 00       		.byte	0
 1466 05a2 00       		.byte	0
 1467 05a3 00       		.byte	0
 1468 05a4 00       		.byte	0
 1469 05a5 00       		.byte	0
 1470 05a6 00       		.byte	0
 1471 05a7 00       		.byte	0
 1472 05a8 00       		.byte	0
 1473 05a9 00       		.byte	0
 1474 05aa 00       		.byte	0
 1475 05ab 00       		.byte	0
 1476 05ac 00       		.byte	0
 1477 05ad 00       		.byte	0
 1478 05ae 00       		.byte	0
 1479 05af 00       		.byte	0
 1480 05b0 00       		.byte	0
 1481 05b1 00       		.byte	0
 1482 05b2 00       		.byte	0
 1483 05b3 00       		.byte	0
 1484 05b4 00       		.byte	0
 1485 05b5 00       		.byte	0
 1486 05b6 00       		.byte	0
 1487 05b7 00       		.byte	0
 1488 05b8 00       		.byte	0
 1489 05b9 00       		.byte	0
 1490 05ba 00       		.byte	0
 1491 05bb 00       		.byte	0
 1492 05bc 00       		.byte	0
 1493 05bd 00       		.byte	0
 1494 05be 00       		.byte	0
 1495 05bf 00       		.byte	0
 1496 05c0 00       		.byte	0
 1497 05c1 00       		.byte	0
 1498 05c2 00       		.byte	0
 1499 05c3 00       		.byte	0
 1500 05c4 00       		.byte	0
 1501 05c5 00       		.byte	0
 1502 05c6 00       		.byte	0
 1503 05c7 00       		.byte	0
 1504 05c8 00       		.byte	0
 1505 05c9 00       		.byte	0
 1506 05ca 00       		.byte	0
 1507 05cb 00       		.byte	0
 1508 05cc 00       		.byte	0
 1509 05cd 00       		.byte	0
 1510 05ce 00       		.byte	0
 1511 05cf 00       		.byte	0
 1512 05d0 00       		.byte	0
 1513 05d1 00       		.byte	0
 1514 05d2 00       		.byte	0
 1515 05d3 00       		.byte	0
 1516 05d4 00       		.byte	0
 1517 05d5 00       		.byte	0
 1518 05d6 00       		.byte	0
 1519 05d7 00       		.byte	0
 1520 05d8 00       		.byte	0
 1521 05d9 00       		.byte	0
 1522 05da 00       		.byte	0
 1523 05db 00       		.byte	0
 1524 05dc 00       		.byte	0
 1525 05dd 00       		.byte	0
 1526 05de 00       		.byte	0
 1527 05df 00       		.byte	0
 1528 05e0 00       		.byte	0
 1529 05e1 00       		.byte	0
 1530 05e2 00       		.byte	0
 1531 05e3 00       		.byte	0
 1532 05e4 00       		.byte	0
 1533 05e5 00       		.byte	0
 1534 05e6 00       		.byte	0
 1535 05e7 00       		.byte	0
 1536 05e8 00       		.byte	0
 1537 05e9 00       		.byte	0
 1538 05ea 00       		.byte	0
 1539 05eb 00       		.byte	0
 1540 05ec 00       		.byte	0
 1541 05ed 00       		.byte	0
 1542 05ee 00       		.byte	0
 1543 05ef 00       		.byte	0
 1544 05f0 00       		.byte	0
 1545 05f1 00       		.byte	0
 1546 05f2 00       		.byte	0
 1547 05f3 00       		.byte	0
 1548 05f4 00       		.byte	0
 1549 05f5 00       		.byte	0
 1550 05f6 00       		.byte	0
 1551 05f7 00       		.byte	0
 1552 05f8 00       		.byte	0
 1553 05f9 00       		.byte	0
 1554 05fa 00       		.byte	0
 1555 05fb 00       		.byte	0
 1556 05fc 00       		.byte	0
 1557 05fd 00       		.byte	0
 1558 05fe 00       		.byte	0
 1559 05ff 00       		.byte	0
 1560 0600 00       		.byte	0
 1561 0601 00       		.byte	0
 1562 0602 00       		.byte	0
 1563 0603 00       		.byte	0
 1564 0604 00       		.byte	0
 1565 0605 00       		.byte	0
 1566 0606 00       		.byte	0
 1567 0607 00       		.byte	0
 1568 0608 00       		.byte	0
 1569 0609 00       		.byte	0
 1570 060a 00       		.byte	0
 1571 060b 00       		.byte	0
 1572 060c 00       		.byte	0
 1573 060d 00       		.byte	0
 1574 060e 00       		.byte	0
 1575 060f 00       		.byte	0
 1576 0610 00       		.byte	0
 1577 0611 00       		.byte	0
 1578 0612 00       		.byte	0
 1579 0613 00       		.byte	0
 1580 0614 00       		.byte	0
 1581 0615 00       		.byte	0
 1582 0616 00       		.byte	0
 1583 0617 00       		.byte	0
 1584 0618 00       		.byte	0
 1585 0619 00       		.byte	0
 1586 061a 00       		.byte	0
 1587 061b 00       		.byte	0
 1588 061c 00       		.byte	0
 1589 061d 00       		.byte	0
 1590 061e 00       		.byte	0
 1591 061f 00       		.byte	0
 1592 0620 00       		.byte	0
 1593 0621 00       		.byte	0
 1594 0622 00       		.byte	0
 1595 0623 00       		.byte	0
 1596 0624 00       		.byte	0
 1597 0625 00       		.byte	0
 1598 0626 00       		.byte	0
 1599 0627 00       		.byte	0
 1600 0628 00       		.byte	0
 1601 0629 00       		.byte	0
 1602 062a 00       		.byte	0
 1603 062b 00       		.byte	0
 1604 062c 00       		.byte	0
 1605 062d 00       		.byte	0
 1606 062e 00       		.byte	0
 1607 062f 00       		.byte	0
 1608 0630 00       		.byte	0
 1609 0631 00       		.byte	0
 1610 0632 00       		.byte	0
 1611 0633 00       		.byte	0
 1612 0634 00       		.byte	0
 1613 0635 00       		.byte	0
 1614 0636 00       		.byte	0
 1615 0637 00       		.byte	0
 1616 0638 00       		.byte	0
 1617 0639 00       		.byte	0
 1618 063a 00       		.byte	0
 1619 063b 00       		.byte	0
 1620 063c 00       		.byte	0
 1621 063d 00       		.byte	0
 1622 063e 00       		.byte	0
 1623 063f 00       		.byte	0
 1624 0640 00       		.byte	0
 1625 0641 00       		.byte	0
 1626 0642 00       		.byte	0
 1627 0643 00       		.byte	0
 1628 0644 00       		.byte	0
 1629 0645 00       		.byte	0
 1630 0646 00       		.byte	0
 1631 0647 00       		.byte	0
 1632 0648 00       		.byte	0
 1633 0649 00       		.byte	0
 1634 064a 00       		.byte	0
 1635 064b 00       		.byte	0
 1636 064c 00       		.byte	0
 1637 064d 00       		.byte	0
 1638 064e 00       		.byte	0
 1639 064f 00       		.byte	0
 1640 0650 00       		.byte	0
 1641 0651 00       		.byte	0
 1642 0652 00       		.byte	0
 1643 0653 00       		.byte	0
 1644 0654 00       		.byte	0
 1645 0655 00       		.byte	0
 1646 0656 00       		.byte	0
 1647 0657 00       		.byte	0
 1648 0658 00       		.byte	0
 1649 0659 00       		.byte	0
 1650 065a 00       		.byte	0
 1651 065b 00       		.byte	0
 1652 065c 00       		.byte	0
 1653 065d 00       		.byte	0
 1654 065e 00       		.byte	0
 1655 065f 00       		.byte	0
 1656 0660 00       		.byte	0
 1657 0661 60       		.byte	96
 1658 0662 90       		.byte	-112
 1659 0663 90       		.byte	-112
 1660 0664 60       		.byte	96
 1661 0665 00       		.byte	0
 1662 0666 70       		.byte	112
 1663 0667 40       		.byte	64
 1664 0668 40       		.byte	64
 1665 0669 40       		.byte	64
 1666 066a 40       		.byte	64
 1667 066b 40       		.byte	64
 1668 066c 40       		.byte	64
 1669 066d 00       		.byte	0
 1670 066e 00       		.byte	0
 1671 066f 00       		.byte	0
 1672 0670 00       		.byte	0
 1673 0671 00       		.byte	0
 1674 0672 20       		.byte	32
 1675 0673 20       		.byte	32
 1676 0674 20       		.byte	32
 1677 0675 20       		.byte	32
 1678 0676 20       		.byte	32
 1679 0677 20       		.byte	32
 1680 0678 E0       		.byte	-32
 1681 0679 00       		.byte	0
 1682 067a 00       		.byte	0
 1683 067b 00       		.byte	0
 1684 067c 00       		.byte	0
 1685 067d 00       		.byte	0
 1686 067e 00       		.byte	0
 1687 067f 00       		.byte	0
 1688 0680 00       		.byte	0
 1689 0681 80       		.byte	-128
 1690 0682 40       		.byte	64
 1691 0683 00       		.byte	0
 1692 0684 00       		.byte	0
 1693 0685 00       		.byte	0
 1694 0686 00       		.byte	0
 1695 0687 00       		.byte	0
 1696 0688 60       		.byte	96
 1697 0689 60       		.byte	96
 1698 068a 00       		.byte	0
 1699 068b 00       		.byte	0
 1700 068c 00       		.byte	0
 1701 068d 00       		.byte	0
 1702 068e 00       		.byte	0
 1703 068f F0       		.byte	-16
 1704 0690 10       		.byte	16
 1705 0691 10       		.byte	16
 1706 0692 F0       		.byte	-16
 1707 0693 10       		.byte	16
 1708 0694 10       		.byte	16
 1709 0695 20       		.byte	32
 1710 0696 40       		.byte	64
 1711 0697 00       		.byte	0
 1712 0698 00       		.byte	0
 1713 0699 00       		.byte	0
 1714 069a 00       		.byte	0
 1715 069b F0       		.byte	-16
 1716 069c 10       		.byte	16
 1717 069d 50       		.byte	80
 1718 069e 60       		.byte	96
 1719 069f 40       		.byte	64
 1720 06a0 80       		.byte	-128
 1721 06a1 00       		.byte	0
 1722 06a2 00       		.byte	0
 1723 06a3 00       		.byte	0
 1724 06a4 00       		.byte	0
 1725 06a5 10       		.byte	16
 1726 06a6 20       		.byte	32
 1727 06a7 60       		.byte	96
 1728 06a8 A0       		.byte	-96
 1729 06a9 20       		.byte	32
 1730 06aa 20       		.byte	32
 1731 06ab 00       		.byte	0
 1732 06ac 00       		.byte	0
 1733 06ad 00       		.byte	0
 1734 06ae 00       		.byte	0
 1735 06af 40       		.byte	64
 1736 06b0 F0       		.byte	-16
 1737 06b1 90       		.byte	-112
 1738 06b2 10       		.byte	16
 1739 06b3 20       		.byte	32
 1740 06b4 40       		.byte	64
 1741 06b5 00       		.byte	0
 1742 06b6 00       		.byte	0
 1743 06b7 00       		.byte	0
 1744 06b8 00       		.byte	0
 1745 06b9 00       		.byte	0
 1746 06ba F0       		.byte	-16
 1747 06bb 40       		.byte	64
 1748 06bc 40       		.byte	64
 1749 06bd 40       		.byte	64
 1750 06be F0       		.byte	-16
 1751 06bf 00       		.byte	0
 1752 06c0 00       		.byte	0
 1753 06c1 00       		.byte	0
 1754 06c2 00       		.byte	0
 1755 06c3 20       		.byte	32
 1756 06c4 F0       		.byte	-16
 1757 06c5 20       		.byte	32
 1758 06c6 60       		.byte	96
 1759 06c7 A0       		.byte	-96
 1760 06c8 20       		.byte	32
 1761 06c9 00       		.byte	0
 1762 06ca 00       		.byte	0
 1763 06cb 00       		.byte	0
 1764 06cc 00       		.byte	0
 1765 06cd 40       		.byte	64
 1766 06ce F0       		.byte	-16
 1767 06cf 50       		.byte	80
 1768 06d0 50       		.byte	80
 1769 06d1 20       		.byte	32
 1770 06d2 20       		.byte	32
 1771 06d3 00       		.byte	0
 1772 06d4 00       		.byte	0
 1773 06d5 00       		.byte	0
 1774 06d6 00       		.byte	0
 1775 06d7 00       		.byte	0
 1776 06d8 E0       		.byte	-32
 1777 06d9 20       		.byte	32
 1778 06da 20       		.byte	32
 1779 06db 20       		.byte	32
 1780 06dc F0       		.byte	-16
 1781 06dd 00       		.byte	0
 1782 06de 00       		.byte	0
 1783 06df 00       		.byte	0
 1784 06e0 00       		.byte	0
 1785 06e1 00       		.byte	0
 1786 06e2 F0       		.byte	-16
 1787 06e3 10       		.byte	16
 1788 06e4 F0       		.byte	-16
 1789 06e5 10       		.byte	16
 1790 06e6 F0       		.byte	-16
 1791 06e7 00       		.byte	0
 1792 06e8 00       		.byte	0
 1793 06e9 00       		.byte	0
 1794 06ea 00       		.byte	0
 1795 06eb 00       		.byte	0
 1796 06ec B0       		.byte	-80
 1797 06ed B0       		.byte	-80
 1798 06ee 90       		.byte	-112
 1799 06ef 20       		.byte	32
 1800 06f0 40       		.byte	64
 1801 06f1 00       		.byte	0
 1802 06f2 00       		.byte	0
 1803 06f3 00       		.byte	0
 1804 06f4 00       		.byte	0
 1805 06f5 00       		.byte	0
 1806 06f6 80       		.byte	-128
 1807 06f7 70       		.byte	112
 1808 06f8 00       		.byte	0
 1809 06f9 00       		.byte	0
 1810 06fa 00       		.byte	0
 1811 06fb 00       		.byte	0
 1812 06fc 00       		.byte	0
 1813 06fd F0       		.byte	-16
 1814 06fe 10       		.byte	16
 1815 06ff 10       		.byte	16
 1816 0700 50       		.byte	80
 1817 0701 60       		.byte	96
 1818 0702 40       		.byte	64
 1819 0703 80       		.byte	-128
 1820 0704 80       		.byte	-128
 1821 0705 00       		.byte	0
 1822 0706 10       		.byte	16
 1823 0707 10       		.byte	16
 1824 0708 20       		.byte	32
 1825 0709 20       		.byte	32
 1826 070a 60       		.byte	96
 1827 070b A0       		.byte	-96
 1828 070c 20       		.byte	32
 1829 070d 20       		.byte	32
 1830 070e 20       		.byte	32
 1831 070f 00       		.byte	0
 1832 0710 40       		.byte	64
 1833 0711 40       		.byte	64
 1834 0712 F0       		.byte	-16
 1835 0713 90       		.byte	-112
 1836 0714 90       		.byte	-112
 1837 0715 10       		.byte	16
 1838 0716 10       		.byte	16
 1839 0717 20       		.byte	32
 1840 0718 40       		.byte	64
 1841 0719 00       		.byte	0
 1842 071a 00       		.byte	0
 1843 071b F0       		.byte	-16
 1844 071c 40       		.byte	64
 1845 071d 40       		.byte	64
 1846 071e 40       		.byte	64
 1847 071f 40       		.byte	64
 1848 0720 40       		.byte	64
 1849 0721 40       		.byte	64
 1850 0722 F0       		.byte	-16
 1851 0723 00       		.byte	0
 1852 0724 10       		.byte	16
 1853 0725 10       		.byte	16
 1854 0726 F8       		.byte	-8
 1855 0727 10       		.byte	16
 1856 0728 30       		.byte	48
 1857 0729 50       		.byte	80
 1858 072a 90       		.byte	-112
 1859 072b 10       		.byte	16
 1860 072c 30       		.byte	48
 1861 072d 00       		.byte	0
 1862 072e 40       		.byte	64
 1863 072f 40       		.byte	64
 1864 0730 F0       		.byte	-16
 1865 0731 50       		.byte	80
 1866 0732 50       		.byte	80
 1867 0733 90       		.byte	-112
 1868 0734 90       		.byte	-112
 1869 0735 10       		.byte	16
 1870 0736 60       		.byte	96
 1871 0737 00       		.byte	0
 1872 0738 40       		.byte	64
 1873 0739 40       		.byte	64
 1874 073a F0       		.byte	-16
 1875 073b 40       		.byte	64
 1876 073c 40       		.byte	64
 1877 073d F0       		.byte	-16
 1878 073e 20       		.byte	32
 1879 073f 20       		.byte	32
 1880 0740 20       		.byte	32
 1881 0741 00       		.byte	0
 1882 0742 40       		.byte	64
 1883 0743 70       		.byte	112
 1884 0744 50       		.byte	80
 1885 0745 90       		.byte	-112
 1886 0746 90       		.byte	-112
 1887 0747 10       		.byte	16
 1888 0748 10       		.byte	16
 1889 0749 20       		.byte	32
 1890 074a 40       		.byte	64
 1891 074b 00       		.byte	0
 1892 074c 40       		.byte	64
 1893 074d 40       		.byte	64
 1894 074e 78       		.byte	120
 1895 074f 90       		.byte	-112
 1896 0750 90       		.byte	-112
 1897 0751 10       		.byte	16
 1898 0752 10       		.byte	16
 1899 0753 20       		.byte	32
 1900 0754 40       		.byte	64
 1901 0755 00       		.byte	0
 1902 0756 00       		.byte	0
 1903 0757 F0       		.byte	-16
 1904 0758 10       		.byte	16
 1905 0759 10       		.byte	16
 1906 075a 10       		.byte	16
 1907 075b 10       		.byte	16
 1908 075c 10       		.byte	16
 1909 075d 10       		.byte	16
 1910 075e F0       		.byte	-16
 1911 075f 00       		.byte	0
 1912 0760 50       		.byte	80
 1913 0761 50       		.byte	80
 1914 0762 F8       		.byte	-8
 1915 0763 50       		.byte	80
 1916 0764 50       		.byte	80
 1917 0765 10       		.byte	16
 1918 0766 10       		.byte	16
 1919 0767 20       		.byte	32
 1920 0768 20       		.byte	32
 1921 0769 00       		.byte	0
 1922 076a 40       		.byte	64
 1923 076b 20       		.byte	32
 1924 076c 80       		.byte	-128
 1925 076d 40       		.byte	64
 1926 076e 00       		.byte	0
 1927 076f 10       		.byte	16
 1928 0770 10       		.byte	16
 1929 0771 20       		.byte	32
 1930 0772 C0       		.byte	-64
 1931 0773 00       		.byte	0
 1932 0774 00       		.byte	0
 1933 0775 F0       		.byte	-16
 1934 0776 10       		.byte	16
 1935 0777 10       		.byte	16
 1936 0778 20       		.byte	32
 1937 0779 20       		.byte	32
 1938 077a 50       		.byte	80
 1939 077b 90       		.byte	-112
 1940 077c 90       		.byte	-112
 1941 077d 00       		.byte	0
 1942 077e 40       		.byte	64
 1943 077f 40       		.byte	64
 1944 0780 70       		.byte	112
 1945 0781 D0       		.byte	-48
 1946 0782 50       		.byte	80
 1947 0783 40       		.byte	64
 1948 0784 40       		.byte	64
 1949 0785 40       		.byte	64
 1950 0786 30       		.byte	48
 1951 0787 00       		.byte	0
 1952 0788 00       		.byte	0
 1953 0789 90       		.byte	-112
 1954 078a 90       		.byte	-112
 1955 078b 50       		.byte	80
 1956 078c 50       		.byte	80
 1957 078d 10       		.byte	16
 1958 078e 10       		.byte	16
 1959 078f 20       		.byte	32
 1960 0790 40       		.byte	64
 1961 0791 00       		.byte	0
 1962 0792 40       		.byte	64
 1963 0793 70       		.byte	112
 1964 0794 50       		.byte	80
 1965 0795 90       		.byte	-112
 1966 0796 B0       		.byte	-80
 1967 0797 10       		.byte	16
 1968 0798 10       		.byte	16
 1969 0799 20       		.byte	32
 1970 079a 40       		.byte	64
 1971 079b 00       		.byte	0
 1972 079c 10       		.byte	16
 1973 079d E0       		.byte	-32
 1974 079e 20       		.byte	32
 1975 079f 20       		.byte	32
 1976 07a0 F0       		.byte	-16
 1977 07a1 20       		.byte	32
 1978 07a2 20       		.byte	32
 1979 07a3 40       		.byte	64
 1980 07a4 40       		.byte	64
 1981 07a5 00       		.byte	0
 1982 07a6 00       		.byte	0
 1983 07a7 B0       		.byte	-80
 1984 07a8 B0       		.byte	-80
 1985 07a9 B0       		.byte	-80
 1986 07aa B0       		.byte	-80
 1987 07ab 10       		.byte	16
 1988 07ac 10       		.byte	16
 1989 07ad 20       		.byte	32
 1990 07ae 40       		.byte	64
 1991 07af 00       		.byte	0
 1992 07b0 70       		.byte	112
 1993 07b1 00       		.byte	0
 1994 07b2 00       		.byte	0
 1995 07b3 F8       		.byte	-8
 1996 07b4 20       		.byte	32
 1997 07b5 20       		.byte	32
 1998 07b6 20       		.byte	32
 1999 07b7 40       		.byte	64
 2000 07b8 40       		.byte	64
 2001 07b9 00       		.byte	0
 2002 07ba 40       		.byte	64
 2003 07bb 40       		.byte	64
 2004 07bc 40       		.byte	64
 2005 07bd 60       		.byte	96
 2006 07be 50       		.byte	80
 2007 07bf 48       		.byte	72
 2008 07c0 40       		.byte	64
 2009 07c1 40       		.byte	64
 2010 07c2 40       		.byte	64
 2011 07c3 00       		.byte	0
 2012 07c4 20       		.byte	32
 2013 07c5 20       		.byte	32
 2014 07c6 F8       		.byte	-8
 2015 07c7 20       		.byte	32
 2016 07c8 20       		.byte	32
 2017 07c9 20       		.byte	32
 2018 07ca 20       		.byte	32
 2019 07cb 40       		.byte	64
 2020 07cc 40       		.byte	64
 2021 07cd 00       		.byte	0
 2022 07ce 00       		.byte	0
 2023 07cf F0       		.byte	-16
 2024 07d0 00       		.byte	0
 2025 07d1 00       		.byte	0
 2026 07d2 00       		.byte	0
 2027 07d3 00       		.byte	0
 2028 07d4 00       		.byte	0
 2029 07d5 F0       		.byte	-16
 2030 07d6 00       		.byte	0
 2031 07d7 00       		.byte	0
 2032 07d8 00       		.byte	0
 2033 07d9 F0       		.byte	-16
 2034 07da 10       		.byte	16
 2035 07db 10       		.byte	16
 2036 07dc 50       		.byte	80
 2037 07dd 20       		.byte	32
 2038 07de 20       		.byte	32
 2039 07df 50       		.byte	80
 2040 07e0 80       		.byte	-128
 2041 07e1 00       		.byte	0
 2042 07e2 20       		.byte	32
 2043 07e3 20       		.byte	32
 2044 07e4 F0       		.byte	-16
 2045 07e5 10       		.byte	16
 2046 07e6 20       		.byte	32
 2047 07e7 60       		.byte	96
 2048 07e8 B0       		.byte	-80
 2049 07e9 28       		.byte	40
 2050 07ea 20       		.byte	32
 2051 07eb 00       		.byte	0
 2052 07ec 20       		.byte	32
 2053 07ed 20       		.byte	32
 2054 07ee 20       		.byte	32
 2055 07ef 20       		.byte	32
 2056 07f0 20       		.byte	32
 2057 07f1 40       		.byte	64
 2058 07f2 40       		.byte	64
 2059 07f3 80       		.byte	-128
 2060 07f4 80       		.byte	-128
 2061 07f5 00       		.byte	0
 2062 07f6 40       		.byte	64
 2063 07f7 50       		.byte	80
 2064 07f8 50       		.byte	80
 2065 07f9 50       		.byte	80
 2066 07fa 50       		.byte	80
 2067 07fb 50       		.byte	80
 2068 07fc 90       		.byte	-112
 2069 07fd 90       		.byte	-112
 2070 07fe 90       		.byte	-112
 2071 07ff 00       		.byte	0
 2072 0800 80       		.byte	-128
 2073 0801 80       		.byte	-128
 2074 0802 90       		.byte	-112
 2075 0803 A0       		.byte	-96
 2076 0804 C0       		.byte	-64
 2077 0805 80       		.byte	-128
 2078 0806 80       		.byte	-128
 2079 0807 80       		.byte	-128
 2080 0808 70       		.byte	112
 2081 0809 00       		.byte	0
 2082 080a 00       		.byte	0
 2083 080b F0       		.byte	-16
 2084 080c 10       		.byte	16
 2085 080d 10       		.byte	16
 2086 080e 10       		.byte	16
 2087 080f 10       		.byte	16
 2088 0810 10       		.byte	16
 2089 0811 20       		.byte	32
 2090 0812 40       		.byte	64
 2091 0813 00       		.byte	0
 2092 0814 00       		.byte	0
 2093 0815 C0       		.byte	-64
 2094 0816 C0       		.byte	-64
 2095 0817 A0       		.byte	-96
 2096 0818 A0       		.byte	-96
 2097 0819 A0       		.byte	-96
 2098 081a 90       		.byte	-112
 2099 081b 10       		.byte	16
 2100 081c 10       		.byte	16
 2101 081d 00       		.byte	0
 2102 081e 40       		.byte	64
 2103 081f 40       		.byte	64
 2104 0820 F0       		.byte	-16
 2105 0821 40       		.byte	64
 2106 0822 40       		.byte	64
 2107 0823 D0       		.byte	-48
 2108 0824 D0       		.byte	-48
 2109 0825 D0       		.byte	-48
 2110 0826 40       		.byte	64
 2111 0827 00       		.byte	0
 2112 0828 00       		.byte	0
 2113 0829 F0       		.byte	-16
 2114 082a 10       		.byte	16
 2115 082b 10       		.byte	16
 2116 082c 90       		.byte	-112
 2117 082d A0       		.byte	-96
 2118 082e 40       		.byte	64
 2119 082f 20       		.byte	32
 2120 0830 20       		.byte	32
 2121 0831 00       		.byte	0
 2122 0832 40       		.byte	64
 2123 0833 20       		.byte	32
 2124 0834 10       		.byte	16
 2125 0835 40       		.byte	64
 2126 0836 20       		.byte	32
 2127 0837 10       		.byte	16
 2128 0838 80       		.byte	-128
 2129 0839 40       		.byte	64
 2130 083a 30       		.byte	48
 2131 083b 00       		.byte	0
 2132 083c 40       		.byte	64
 2133 083d 40       		.byte	64
 2134 083e 40       		.byte	64
 2135 083f 40       		.byte	64
 2136 0840 40       		.byte	64
 2137 0841 80       		.byte	-128
 2138 0842 90       		.byte	-112
 2139 0843 90       		.byte	-112
 2140 0844 F0       		.byte	-16
 2141 0845 00       		.byte	0
 2142 0846 10       		.byte	16
 2143 0847 10       		.byte	16
 2144 0848 50       		.byte	80
 2145 0849 50       		.byte	80
 2146 084a 20       		.byte	32
 2147 084b 20       		.byte	32
 2148 084c 50       		.byte	80
 2149 084d 50       		.byte	80
 2150 084e 80       		.byte	-128
 2151 084f 00       		.byte	0
 2152 0850 00       		.byte	0
 2153 0851 F0       		.byte	-16
 2154 0852 40       		.byte	64
 2155 0853 40       		.byte	64
 2156 0854 F0       		.byte	-16
 2157 0855 40       		.byte	64
 2158 0856 40       		.byte	64
 2159 0857 40       		.byte	64
 2160 0858 30       		.byte	48
 2161 0859 00       		.byte	0
 2162 085a 40       		.byte	64
 2163 085b 40       		.byte	64
 2164 085c 70       		.byte	112
 2165 085d D0       		.byte	-48
 2166 085e 50       		.byte	80
 2167 085f 50       		.byte	80
 2168 0860 20       		.byte	32
 2169 0861 20       		.byte	32
 2170 0862 20       		.byte	32
 2171 0863 00       		.byte	0
 2172 0864 00       		.byte	0
 2173 0865 E0       		.byte	-32
 2174 0866 20       		.byte	32
 2175 0867 20       		.byte	32
 2176 0868 20       		.byte	32
 2177 0869 20       		.byte	32
 2178 086a 20       		.byte	32
 2179 086b 20       		.byte	32
 2180 086c F0       		.byte	-16
 2181 086d 00       		.byte	0
 2182 086e 00       		.byte	0
 2183 086f F0       		.byte	-16
 2184 0870 10       		.byte	16
 2185 0871 10       		.byte	16
 2186 0872 F0       		.byte	-16
 2187 0873 10       		.byte	16
 2188 0874 10       		.byte	16
 2189 0875 10       		.byte	16
 2190 0876 F0       		.byte	-16
 2191 0877 00       		.byte	0
 2192 0878 60       		.byte	96
 2193 0879 00       		.byte	0
 2194 087a 00       		.byte	0
 2195 087b F0       		.byte	-16
 2196 087c 10       		.byte	16
 2197 087d 10       		.byte	16
 2198 087e 10       		.byte	16
 2199 087f 20       		.byte	32
 2200 0880 40       		.byte	64
 2201 0881 00       		.byte	0
 2202 0882 90       		.byte	-112
 2203 0883 90       		.byte	-112
 2204 0884 90       		.byte	-112
 2205 0885 90       		.byte	-112
 2206 0886 90       		.byte	-112
 2207 0887 90       		.byte	-112
 2208 0888 10       		.byte	16
 2209 0889 20       		.byte	32
 2210 088a 20       		.byte	32
 2211 088b 00       		.byte	0
 2212 088c 20       		.byte	32
 2213 088d A0       		.byte	-96
 2214 088e A0       		.byte	-96
 2215 088f A0       		.byte	-96
 2216 0890 A0       		.byte	-96
 2217 0891 A0       		.byte	-96
 2218 0892 A0       		.byte	-96
 2219 0893 A8       		.byte	-88
 2220 0894 B0       		.byte	-80
 2221 0895 00       		.byte	0
 2222 0896 80       		.byte	-128
 2223 0897 80       		.byte	-128
 2224 0898 80       		.byte	-128
 2225 0899 80       		.byte	-128
 2226 089a 80       		.byte	-128
 2227 089b 90       		.byte	-112
 2228 089c 90       		.byte	-112
 2229 089d A0       		.byte	-96
 2230 089e C0       		.byte	-64
 2231 089f 00       		.byte	0
 2232 08a0 00       		.byte	0
 2233 08a1 F0       		.byte	-16
 2234 08a2 90       		.byte	-112
 2235 08a3 90       		.byte	-112
 2236 08a4 90       		.byte	-112
 2237 08a5 90       		.byte	-112
 2238 08a6 90       		.byte	-112
 2239 08a7 90       		.byte	-112
 2240 08a8 F0       		.byte	-16
 2241 08a9 00       		.byte	0
 2242 08aa 00       		.byte	0
 2243 08ab F0       		.byte	-16
 2244 08ac 90       		.byte	-112
 2245 08ad 90       		.byte	-112
 2246 08ae 10       		.byte	16
 2247 08af 10       		.byte	16
 2248 08b0 10       		.byte	16
 2249 08b1 20       		.byte	32
 2250 08b2 40       		.byte	64
 2251 08b3 00       		.byte	0
 2252 08b4 00       		.byte	0
 2253 08b5 80       		.byte	-128
 2254 08b6 40       		.byte	64
 2255 08b7 00       		.byte	0
 2256 08b8 00       		.byte	0
 2257 08b9 10       		.byte	16
 2258 08ba 10       		.byte	16
 2259 08bb 20       		.byte	32
 2260 08bc C0       		.byte	-64
 2261 08bd 80       		.byte	-128
 2262 08be 40       		.byte	64
 2263 08bf 80       		.byte	-128
 2264 08c0 40       		.byte	64
 2265 08c1 00       		.byte	0
 2266 08c2 00       		.byte	0
 2267 08c3 00       		.byte	0
 2268 08c4 00       		.byte	0
 2269 08c5 00       		.byte	0
 2270 08c6 00       		.byte	0
 2271 08c7 60       		.byte	96
 2272 08c8 90       		.byte	-112
 2273 08c9 90       		.byte	-112
 2274 08ca 60       		.byte	96
 2275 08cb 00       		.byte	0
 2276 08cc 00       		.byte	0
 2277 08cd 00       		.byte	0
 2278 08ce 00       		.byte	0
 2279 08cf 00       		.byte	0
 2280 08d0 00       		.byte	0
 2281 08d1 00       		.byte	0
 2282 08d2 00       		.byte	0
 2283 08d3 00       		.byte	0
 2284 08d4 00       		.byte	0
 2285 08d5 00       		.byte	0
 2286 08d6 00       		.byte	0
 2287 08d7 00       		.byte	0
 2288 08d8 00       		.byte	0
 2289 08d9 00       		.byte	0
 2290 08da 00       		.byte	0
 2291 08db 00       		.byte	0
 2292 08dc 00       		.byte	0
 2293 08dd 00       		.byte	0
 2294 08de 00       		.byte	0
 2295 08df 00       		.byte	0
 2296 08e0 00       		.byte	0
 2297 08e1 00       		.byte	0
 2298 08e2 00       		.byte	0
 2299 08e3 00       		.byte	0
 2300 08e4 00       		.byte	0
 2301 08e5 00       		.byte	0
 2302 08e6 00       		.byte	0
 2303 08e7 00       		.byte	0
 2304 08e8 00       		.byte	0
 2305 08e9 00       		.byte	0
 2306 08ea 00       		.byte	0
 2307 08eb 00       		.byte	0
 2308 08ec 00       		.byte	0
 2309 08ed 00       		.byte	0
 2310 08ee 00       		.byte	0
 2311 08ef 00       		.byte	0
 2312 08f0 00       		.byte	0
 2313 08f1 00       		.byte	0
 2314 08f2 00       		.byte	0
 2315 08f3 00       		.byte	0
 2316 08f4 00       		.byte	0
 2317 08f5 00       		.byte	0
 2318 08f6 00       		.byte	0
 2319 08f7 00       		.byte	0
 2320 08f8 00       		.byte	0
 2321 08f9 00       		.byte	0
 2322 08fa 00       		.byte	0
 2323 08fb 00       		.byte	0
 2324 08fc 00       		.byte	0
 2325 08fd 00       		.byte	0
 2326 08fe 00       		.byte	0
 2327 08ff 00       		.byte	0
 2328 0900 00       		.byte	0
 2329 0901 00       		.byte	0
 2330 0902 00       		.byte	0
 2331 0903 00       		.byte	0
 2332 0904 00       		.byte	0
 2333 0905 00       		.byte	0
 2334 0906 00       		.byte	0
 2335 0907 00       		.byte	0
 2336 0908 00       		.byte	0
 2337 0909 00       		.byte	0
 2338 090a 00       		.byte	0
 2339 090b 00       		.byte	0
 2340 090c 00       		.byte	0
 2341 090d 00       		.byte	0
 2342 090e 00       		.byte	0
 2343 090f 00       		.byte	0
 2344 0910 00       		.byte	0
 2345 0911 00       		.byte	0
 2346 0912 00       		.byte	0
 2347 0913 00       		.byte	0
 2348 0914 00       		.byte	0
 2349 0915 00       		.byte	0
 2350 0916 00       		.byte	0
 2351 0917 00       		.byte	0
 2352 0918 00       		.byte	0
 2353 0919 00       		.byte	0
 2354 091a 00       		.byte	0
 2355 091b 00       		.byte	0
 2356 091c 00       		.byte	0
 2357 091d 00       		.byte	0
 2358 091e 00       		.byte	0
 2359 091f 00       		.byte	0
 2360 0920 00       		.byte	0
 2361 0921 00       		.byte	0
 2362 0922 00       		.byte	0
 2363 0923 00       		.byte	0
 2364 0924 00       		.byte	0
 2365 0925 00       		.byte	0
 2366 0926 00       		.byte	0
 2367 0927 00       		.byte	0
 2368 0928 00       		.byte	0
 2369 0929 00       		.byte	0
 2370 092a 00       		.byte	0
 2371 092b 00       		.byte	0
 2372 092c 00       		.byte	0
 2373 092d 00       		.byte	0
 2374 092e 00       		.byte	0
 2375 092f 00       		.byte	0
 2376 0930 00       		.byte	0
 2377 0931 00       		.byte	0
 2378 0932 00       		.byte	0
 2379 0933 00       		.byte	0
 2380 0934 00       		.byte	0
 2381 0935 00       		.byte	0
 2382 0936 00       		.byte	0
 2383 0937 00       		.byte	0
 2384 0938 00       		.byte	0
 2385 0939 00       		.byte	0
 2386 093a 00       		.byte	0
 2387 093b 00       		.byte	0
 2388 093c 00       		.byte	0
 2389 093d 00       		.byte	0
 2390 093e 00       		.byte	0
 2391 093f 00       		.byte	0
 2392 0940 00       		.byte	0
 2393 0941 00       		.byte	0
 2394 0942 00       		.byte	0
 2395 0943 00       		.byte	0
 2396 0944 00       		.byte	0
 2397 0945 00       		.byte	0
 2398 0946 00       		.byte	0
 2399 0947 00       		.byte	0
 2400 0948 00       		.byte	0
 2401 0949 00       		.byte	0
 2402 094a 00       		.byte	0
 2403 094b 00       		.byte	0
 2404 094c 00       		.byte	0
 2405 094d 00       		.byte	0
 2406 094e 00       		.byte	0
 2407 094f 00       		.byte	0
 2408 0950 00       		.byte	0
 2409 0951 00       		.byte	0
 2410 0952 00       		.byte	0
 2411 0953 00       		.byte	0
 2412 0954 00       		.byte	0
 2413 0955 00       		.byte	0
 2414 0956 00       		.byte	0
 2415 0957 00       		.byte	0
 2416 0958 00       		.byte	0
 2417 0959 00       		.byte	0
 2418 095a 00       		.byte	0
 2419 095b 00       		.byte	0
 2420 095c 00       		.byte	0
 2421 095d 00       		.byte	0
 2422 095e 00       		.byte	0
 2423 095f 00       		.byte	0
 2424 0960 00       		.byte	0
 2425 0961 00       		.byte	0
 2426 0962 00       		.byte	0
 2427 0963 00       		.byte	0
 2428 0964 00       		.byte	0
 2429 0965 00       		.byte	0
 2430 0966 00       		.byte	0
 2431 0967 00       		.byte	0
 2432 0968 00       		.byte	0
 2433 0969 00       		.byte	0
 2434 096a 00       		.byte	0
 2435 096b 00       		.byte	0
 2436 096c 00       		.byte	0
 2437 096d 00       		.byte	0
 2438 096e 00       		.byte	0
 2439 096f 00       		.byte	0
 2440 0970 00       		.byte	0
 2441 0971 00       		.byte	0
 2442 0972 00       		.byte	0
 2443 0973 00       		.byte	0
 2444 0974 00       		.byte	0
 2445 0975 00       		.byte	0
 2446 0976 00       		.byte	0
 2447 0977 00       		.byte	0
 2448 0978 00       		.byte	0
 2449 0979 00       		.byte	0
 2450 097a 00       		.byte	0
 2451 097b 00       		.byte	0
 2452 097c 00       		.byte	0
 2453 097d 00       		.byte	0
 2454 097e 00       		.byte	0
 2455 097f 00       		.byte	0
 2456 0980 00       		.byte	0
 2457 0981 00       		.byte	0
 2458 0982 00       		.byte	0
 2459 0983 00       		.byte	0
 2460 0984 00       		.byte	0
 2461 0985 00       		.byte	0
 2462 0986 00       		.byte	0
 2463 0987 00       		.byte	0
 2464 0988 00       		.byte	0
 2465 0989 00       		.byte	0
 2466 098a 00       		.byte	0
 2467 098b 00       		.byte	0
 2468 098c 00       		.byte	0
 2469 098d 00       		.byte	0
 2470 098e 00       		.byte	0
 2471 098f 00       		.byte	0
 2472 0990 00       		.byte	0
 2473 0991 00       		.byte	0
 2474 0992 00       		.byte	0
 2475 0993 00       		.byte	0
 2476 0994 00       		.byte	0
 2477 0995 00       		.byte	0
 2478 0996 00       		.byte	0
 2479 0997 00       		.byte	0
 2480 0998 00       		.byte	0
 2481 0999 00       		.byte	0
 2482 099a 00       		.byte	0
 2483 099b 00       		.byte	0
 2484 099c 00       		.byte	0
 2485 099d 00       		.byte	0
 2486 099e 00       		.byte	0
 2487 099f 00       		.byte	0
 2488 09a0 00       		.byte	0
 2489 09a1 00       		.byte	0
 2490 09a2 00       		.byte	0
 2491 09a3 00       		.byte	0
 2492 09a4 00       		.byte	0
 2493 09a5 00       		.byte	0
 2494 09a6 00       		.byte	0
 2495 09a7 00       		.byte	0
 2496 09a8 00       		.byte	0
 2497 09a9 00       		.byte	0
 2498 09aa 00       		.byte	0
 2499 09ab 00       		.byte	0
 2500 09ac 00       		.byte	0
 2501 09ad 00       		.byte	0
 2502 09ae 00       		.byte	0
 2503 09af 00       		.byte	0
 2504 09b0 00       		.byte	0
 2505 09b1 00       		.byte	0
 2506 09b2 00       		.byte	0
 2507 09b3 00       		.byte	0
 2508 09b4 00       		.byte	0
 2509 09b5 00       		.byte	0
 2510 09b6 00       		.byte	0
 2511 09b7 00       		.byte	0
 2512 09b8 00       		.byte	0
 2513 09b9 00       		.byte	0
 2514 09ba 00       		.byte	0
 2515 09bb 00       		.byte	0
 2516 09bc 00       		.byte	0
 2517 09bd 00       		.byte	0
 2518 09be 00       		.byte	0
 2519 09bf 00       		.byte	0
 2520 09c0 00       		.byte	0
 2521 09c1 00       		.byte	0
 2522 09c2 00       		.byte	0
 2523 09c3 00       		.byte	0
 2524 09c4 00       		.byte	0
 2525 09c5 00       		.byte	0
 2526 09c6 00       		.byte	0
 2527 09c7 00       		.byte	0
 2528 09c8 00       		.byte	0
 2529 09c9 00       		.byte	0
 2530 09ca 00       		.byte	0
 2531 09cb 00       		.byte	0
 2532 09cc 00       		.byte	0
 2533 09cd 00       		.byte	0
 2534 09ce 00       		.byte	0
 2535 09cf 00       		.byte	0
 2536 09d0 00       		.byte	0
 2537 09d1 00       		.byte	0
 2538 09d2 00       		.byte	0
 2539 09d3 00       		.byte	0
 2540 09d4 00       		.byte	0
 2541 09d5 00       		.byte	0
 2542 09d6 00       		.byte	0
 2543 09d7 00       		.byte	0
 2544 09d8 00       		.byte	0
 2545 09d9 00       		.byte	0
 2546 09da 00       		.byte	0
 2547 09db 00       		.byte	0
 2548 09dc 00       		.byte	0
 2549 09dd 00       		.byte	0
 2550 09de 00       		.byte	0
 2551 09df 00       		.byte	0
 2552 09e0 00       		.byte	0
 2553 09e1 00       		.byte	0
 2554 09e2 00       		.byte	0
 2555 09e3 00       		.byte	0
 2556 09e4 00       		.byte	0
 2557 09e5 00       		.byte	0
 2558 09e6 00       		.byte	0
 2559 09e7 00       		.byte	0
 2560 09e8 00       		.byte	0
 2561 09e9 00       		.byte	0
 2562 09ea 00       		.byte	0
 2563 09eb 00       		.byte	0
 2564 09ec 00       		.byte	0
 2565 09ed 00       		.byte	0
 2566 09ee 00       		.byte	0
 2567 09ef 00       		.byte	0
 2568 09f0 00       		.byte	0
 2569 09f1 00       		.byte	0
 2570 09f2 00       		.byte	0
 2571 09f3 00       		.byte	0
 2572 09f4 00       		.byte	0
 2573 09f5 00       		.byte	0
 2574 09f6 00       		.byte	0
 2575 09f7 00       		.byte	0
 2576 09f8 00       		.byte	0
 2577 09f9 00       		.byte	0
 2578 09fa 00       		.byte	0
 2579 09fb 00       		.byte	0
 2580 09fc 00       		.byte	0
 2581 09fd 00       		.byte	0
 2582 09fe 00       		.byte	0
 2583 09ff 00       		.byte	0
 2584 0a00 00       		.byte	0
 2585 0a01 00       		.byte	0
 2586 0a02 00       		.byte	0
 2587 0a03 00       		.byte	0
 2588 0a04 00       		.byte	0
 2589 0a05 00       		.byte	0
 2590 0a06 00       		.byte	0
 2591 0a07 00       		.byte	0
 2592 0a08 00       		.byte	0
 2593 0a09 00       		.byte	0
 2594 0a0a 00       		.byte	0
 2595 0a0b 00       		.byte	0
 2596 0a0c 00       		.byte	0
 2597 0a0d 00       		.byte	0
 2598 0a0e 00       		.byte	0
 2599 0a0f 00       		.byte	0
 2600 0a10 00       		.byte	0
 2601              		.section	.bss.Mplus_Ank,"aw",%nobits
 2602              		.align	2
 2605              	Mplus_Ank:
 2606 0000 00000000 		.space	8
 2606      00000000 
 2607              		.text
 2608              	.Letext0:
 2609              		.file 1 "./lib/FONTX2/inc/font_if.h"
 2610              		.file 2 "c:\\devz\\arm\\launchpad\\bin\\../lib/gcc/arm-none-eabi/4.7.3/include/stdint-gcc.h"
 2611              		.file 3 "lib/FONTX2/src/font_if_datatable.c"
DEFINED SYMBOLS
                            *ABS*:00000000 font_if_datatable.c
  R:\TEMP\ccFMnrK0.s:2605   .bss.Mplus_Ank:00000000 Mplus_Ank
  R:\TEMP\ccFMnrK0.s:23     .rodata.font_table_ank:00000000 font_table_ank
  R:\TEMP\ccFMnrK0.s:2602   .bss.Mplus_Ank:00000000 $d

NO UNDEFINED SYMBOLS
