   1              		.syntax unified
   2              		.cpu cortex-m3
   3              		.fpu softvfp
   4              		.eabi_attribute 20, 1
   5              		.eabi_attribute 21, 1
   6              		.eabi_attribute 23, 3
   7              		.eabi_attribute 24, 1
   8              		.eabi_attribute 25, 1
   9              		.eabi_attribute 26, 1
  10              		.eabi_attribute 30, 4
  11              		.eabi_attribute 34, 0
  12              		.eabi_attribute 18, 4
  13              		.thumb
  14              		.file	"usb_mem.c"
  15              		.text
  16              	.Ltext0:
  17              		.cfi_sections	.debug_frame
  18              		.section	.text.UserToPMABufferCopy,"ax",%progbits
  19              		.align	1
  20              		.global	UserToPMABufferCopy
  21              		.thumb
  22              		.thumb_func
  24              	UserToPMABufferCopy:
  25              	.LFB57:
  26              		.file 1 "lib/STM32_USB-FS-Device_Driver/src/usb_mem.c"
   1:lib/STM32_USB-FS-Device_Driver/src/usb_mem.c **** /**
   2:lib/STM32_USB-FS-Device_Driver/src/usb_mem.c ****   ******************************************************************************
   3:lib/STM32_USB-FS-Device_Driver/src/usb_mem.c ****   * @file    usb_mem.c
   4:lib/STM32_USB-FS-Device_Driver/src/usb_mem.c ****   * @author  MCD Application Team
   5:lib/STM32_USB-FS-Device_Driver/src/usb_mem.c ****   * @version V4.0.0
   6:lib/STM32_USB-FS-Device_Driver/src/usb_mem.c ****   * @date    28-August-2012
   7:lib/STM32_USB-FS-Device_Driver/src/usb_mem.c ****   * @brief   Utility functions for memory transfers to/from PMA
   8:lib/STM32_USB-FS-Device_Driver/src/usb_mem.c ****   ******************************************************************************
   9:lib/STM32_USB-FS-Device_Driver/src/usb_mem.c ****   * @attention
  10:lib/STM32_USB-FS-Device_Driver/src/usb_mem.c ****   *
  11:lib/STM32_USB-FS-Device_Driver/src/usb_mem.c ****   * <h2><center>&copy; COPYRIGHT 2012 STMicroelectronics</center></h2>
  12:lib/STM32_USB-FS-Device_Driver/src/usb_mem.c ****   *
  13:lib/STM32_USB-FS-Device_Driver/src/usb_mem.c ****   * Licensed under MCD-ST Liberty SW License Agreement V2, (the "License");
  14:lib/STM32_USB-FS-Device_Driver/src/usb_mem.c ****   * You may not use this file except in compliance with the License.
  15:lib/STM32_USB-FS-Device_Driver/src/usb_mem.c ****   * You may obtain a copy of the License at:
  16:lib/STM32_USB-FS-Device_Driver/src/usb_mem.c ****   *
  17:lib/STM32_USB-FS-Device_Driver/src/usb_mem.c ****   *        http://www.st.com/software_license_agreement_liberty_v2
  18:lib/STM32_USB-FS-Device_Driver/src/usb_mem.c ****   *
  19:lib/STM32_USB-FS-Device_Driver/src/usb_mem.c ****   * Unless required by applicable law or agreed to in writing, software 
  20:lib/STM32_USB-FS-Device_Driver/src/usb_mem.c ****   * distributed under the License is distributed on an "AS IS" BASIS, 
  21:lib/STM32_USB-FS-Device_Driver/src/usb_mem.c ****   * WITHOUT WARRANTIES OR CONDITIONS OF ANY KIND, either express or implied.
  22:lib/STM32_USB-FS-Device_Driver/src/usb_mem.c ****   * See the License for the specific language governing permissions and
  23:lib/STM32_USB-FS-Device_Driver/src/usb_mem.c ****   * limitations under the License.
  24:lib/STM32_USB-FS-Device_Driver/src/usb_mem.c ****   *
  25:lib/STM32_USB-FS-Device_Driver/src/usb_mem.c ****   ******************************************************************************
  26:lib/STM32_USB-FS-Device_Driver/src/usb_mem.c ****   */
  27:lib/STM32_USB-FS-Device_Driver/src/usb_mem.c **** 
  28:lib/STM32_USB-FS-Device_Driver/src/usb_mem.c **** /* Includes ------------------------------------------------------------------*/
  29:lib/STM32_USB-FS-Device_Driver/src/usb_mem.c **** #include "usb_lib.h"
  30:lib/STM32_USB-FS-Device_Driver/src/usb_mem.c **** 
  31:lib/STM32_USB-FS-Device_Driver/src/usb_mem.c **** /* Private typedef -----------------------------------------------------------*/
  32:lib/STM32_USB-FS-Device_Driver/src/usb_mem.c **** /* Private define ------------------------------------------------------------*/
  33:lib/STM32_USB-FS-Device_Driver/src/usb_mem.c **** /* Private macro -------------------------------------------------------------*/
  34:lib/STM32_USB-FS-Device_Driver/src/usb_mem.c **** /* Private variables ---------------------------------------------------------*/
  35:lib/STM32_USB-FS-Device_Driver/src/usb_mem.c **** /* Extern variables ----------------------------------------------------------*/
  36:lib/STM32_USB-FS-Device_Driver/src/usb_mem.c **** /* Private function prototypes -----------------------------------------------*/
  37:lib/STM32_USB-FS-Device_Driver/src/usb_mem.c **** /* Private functions ---------------------------------------------------------*/
  38:lib/STM32_USB-FS-Device_Driver/src/usb_mem.c **** 
  39:lib/STM32_USB-FS-Device_Driver/src/usb_mem.c **** /*******************************************************************************
  40:lib/STM32_USB-FS-Device_Driver/src/usb_mem.c **** * Function Name  : UserToPMABufferCopy
  41:lib/STM32_USB-FS-Device_Driver/src/usb_mem.c **** * Description    : Copy a buffer from user memory area to packet memory area (PMA)
  42:lib/STM32_USB-FS-Device_Driver/src/usb_mem.c **** * Input          : - pbUsrBuf: pointer to user memory area.
  43:lib/STM32_USB-FS-Device_Driver/src/usb_mem.c **** *                  - wPMABufAddr: address into PMA.
  44:lib/STM32_USB-FS-Device_Driver/src/usb_mem.c **** *                  - wNBytes: no. of bytes to be copied.
  45:lib/STM32_USB-FS-Device_Driver/src/usb_mem.c **** * Output         : None.
  46:lib/STM32_USB-FS-Device_Driver/src/usb_mem.c **** * Return         : None	.
  47:lib/STM32_USB-FS-Device_Driver/src/usb_mem.c **** *******************************************************************************/
  48:lib/STM32_USB-FS-Device_Driver/src/usb_mem.c **** void UserToPMABufferCopy(uint8_t *pbUsrBuf, uint16_t wPMABufAddr, uint16_t wNBytes)
  49:lib/STM32_USB-FS-Device_Driver/src/usb_mem.c **** {
  27              		.loc 1 49 0
  28              		.cfi_startproc
  29              		@ args = 0, pretend = 0, frame = 0
  30              		@ frame_needed = 0, uses_anonymous_args = 0
  31              	.LVL0:
  32 0000 30B5     		push	{r4, r5, lr}
  33              	.LCFI0:
  34              		.cfi_def_cfa_offset 12
  35              		.cfi_offset 4, -12
  36              		.cfi_offset 5, -8
  37              		.cfi_offset 14, -4
  50:lib/STM32_USB-FS-Device_Driver/src/usb_mem.c ****   uint32_t n = (wNBytes + 1) >> 1;   /* n = (wNBytes + 1) / 2 */
  38              		.loc 1 50 0
  39 0002 0132     		adds	r2, r2, #1
  40              	.LVL1:
  41 0004 5210     		asrs	r2, r2, #1
  42              	.LVL2:
  51:lib/STM32_USB-FS-Device_Driver/src/usb_mem.c ****   uint32_t i, temp1, temp2;
  52:lib/STM32_USB-FS-Device_Driver/src/usb_mem.c ****   uint16_t *pdwVal;
  53:lib/STM32_USB-FS-Device_Driver/src/usb_mem.c ****   pdwVal = (uint16_t *)(wPMABufAddr * 2 + PMAAddr);
  43              		.loc 1 53 0
  44 0006 01F10051 		add	r1, r1, #536870912
  45              	.LVL3:
  46 000a 01F54053 		add	r3, r1, #12288
  47 000e 5900     		lsls	r1, r3, #1
  48              	.LVL4:
  54:lib/STM32_USB-FS-Device_Driver/src/usb_mem.c ****   for (i = n; i != 0; i--)
  49              		.loc 1 54 0
  50 0010 0023     		movs	r3, #0
  51              	.LVL5:
  52              	.L2:
  53 0012 0230     		adds	r0, r0, #2
  54              		.loc 1 54 0 is_stmt 0 discriminator 1
  55 0014 9342     		cmp	r3, r2
  56 0016 09D0     		beq	.L5
  57              	.L3:
  58              	.LVL6:
  55:lib/STM32_USB-FS-Device_Driver/src/usb_mem.c ****   {
  56:lib/STM32_USB-FS-Device_Driver/src/usb_mem.c ****     temp1 = (uint16_t) * pbUsrBuf;
  57:lib/STM32_USB-FS-Device_Driver/src/usb_mem.c ****     pbUsrBuf++;
  58:lib/STM32_USB-FS-Device_Driver/src/usb_mem.c ****     temp2 = temp1 | (uint16_t) * pbUsrBuf << 8;
  59              		.loc 1 58 0 is_stmt 1 discriminator 2
  60 0018 10F8015C 		ldrb	r5, [r0, #-1]	@ zero_extendqisi2
  56:lib/STM32_USB-FS-Device_Driver/src/usb_mem.c ****     temp1 = (uint16_t) * pbUsrBuf;
  61              		.loc 1 56 0 discriminator 2
  62 001c 10F8024C 		ldrb	r4, [r0, #-2]	@ zero_extendqisi2
  63              	.LVL7:
  64              		.loc 1 58 0 discriminator 2
  65 0020 44EA0524 		orr	r4, r4, r5, lsl #8
  66              	.LVL8:
  59:lib/STM32_USB-FS-Device_Driver/src/usb_mem.c ****     *pdwVal++ = temp2;
  67              		.loc 1 59 0 discriminator 2
  68 0024 21F82340 		strh	r4, [r1, r3, lsl #2]	@ movhi
  69 0028 0133     		adds	r3, r3, #1
  70 002a F2E7     		b	.L2
  71              	.LVL9:
  72              	.L5:
  60:lib/STM32_USB-FS-Device_Driver/src/usb_mem.c ****     pdwVal++;
  61:lib/STM32_USB-FS-Device_Driver/src/usb_mem.c ****     pbUsrBuf++;
  62:lib/STM32_USB-FS-Device_Driver/src/usb_mem.c ****   }
  63:lib/STM32_USB-FS-Device_Driver/src/usb_mem.c **** }
  73              		.loc 1 63 0
  74 002c 30BD     		pop	{r4, r5, pc}
  75              		.cfi_endproc
  76              	.LFE57:
  78              		.section	.text.PMAToUserBufferCopy,"ax",%progbits
  79              		.align	1
  80              		.global	PMAToUserBufferCopy
  81              		.thumb
  82              		.thumb_func
  84              	PMAToUserBufferCopy:
  85              	.LFB58:
  64:lib/STM32_USB-FS-Device_Driver/src/usb_mem.c **** 
  65:lib/STM32_USB-FS-Device_Driver/src/usb_mem.c **** /*******************************************************************************
  66:lib/STM32_USB-FS-Device_Driver/src/usb_mem.c **** * Function Name  : PMAToUserBufferCopy
  67:lib/STM32_USB-FS-Device_Driver/src/usb_mem.c **** * Description    : Copy a buffer from user memory area to packet memory area (PMA)
  68:lib/STM32_USB-FS-Device_Driver/src/usb_mem.c **** * Input          : - pbUsrBuf    = pointer to user memory area.
  69:lib/STM32_USB-FS-Device_Driver/src/usb_mem.c **** *                  - wPMABufAddr = address into PMA.
  70:lib/STM32_USB-FS-Device_Driver/src/usb_mem.c **** *                  - wNBytes     = no. of bytes to be copied.
  71:lib/STM32_USB-FS-Device_Driver/src/usb_mem.c **** * Output         : None.
  72:lib/STM32_USB-FS-Device_Driver/src/usb_mem.c **** * Return         : None.
  73:lib/STM32_USB-FS-Device_Driver/src/usb_mem.c **** *******************************************************************************/
  74:lib/STM32_USB-FS-Device_Driver/src/usb_mem.c **** void PMAToUserBufferCopy(uint8_t *pbUsrBuf, uint16_t wPMABufAddr, uint16_t wNBytes)
  75:lib/STM32_USB-FS-Device_Driver/src/usb_mem.c **** {
  86              		.loc 1 75 0
  87              		.cfi_startproc
  88              		@ args = 0, pretend = 0, frame = 0
  89              		@ frame_needed = 0, uses_anonymous_args = 0
  90              	.LVL10:
  91 0000 10B5     		push	{r4, lr}
  92              	.LCFI1:
  93              		.cfi_def_cfa_offset 8
  94              		.cfi_offset 4, -8
  95              		.cfi_offset 14, -4
  76:lib/STM32_USB-FS-Device_Driver/src/usb_mem.c ****   uint32_t n = (wNBytes + 1) >> 1;/* /2*/
  96              		.loc 1 76 0
  97 0002 0132     		adds	r2, r2, #1
  98              	.LVL11:
  99 0004 5210     		asrs	r2, r2, #1
 100              	.LVL12:
  77:lib/STM32_USB-FS-Device_Driver/src/usb_mem.c ****   uint32_t i;
  78:lib/STM32_USB-FS-Device_Driver/src/usb_mem.c ****   uint32_t *pdwVal;
  79:lib/STM32_USB-FS-Device_Driver/src/usb_mem.c ****   pdwVal = (uint32_t *)(wPMABufAddr * 2 + PMAAddr);
 101              		.loc 1 79 0
 102 0006 01F10051 		add	r1, r1, #536870912
 103              	.LVL13:
 104 000a 01F54054 		add	r4, r1, #12288
 105 000e 6400     		lsls	r4, r4, #1
 106              	.LVL14:
  80:lib/STM32_USB-FS-Device_Driver/src/usb_mem.c ****   for (i = n; i != 0; i--)
 107              		.loc 1 80 0
 108 0010 0023     		movs	r3, #0
 109              	.LVL15:
 110              	.L7:
 111              		.loc 1 80 0 is_stmt 0 discriminator 1
 112 0012 9342     		cmp	r3, r2
 113 0014 05D0     		beq	.L9
 114              	.L8:
  81:lib/STM32_USB-FS-Device_Driver/src/usb_mem.c ****   {
  82:lib/STM32_USB-FS-Device_Driver/src/usb_mem.c ****     *(uint16_t*)pbUsrBuf++ = *pdwVal++;
 115              		.loc 1 82 0 is_stmt 1 discriminator 2
 116 0016 54F82310 		ldr	r1, [r4, r3, lsl #2]
 117 001a 20F81310 		strh	r1, [r0, r3, lsl #1]	@ movhi
 118 001e 0133     		adds	r3, r3, #1
 119 0020 F7E7     		b	.L7
 120              	.L9:
  83:lib/STM32_USB-FS-Device_Driver/src/usb_mem.c ****     pbUsrBuf++;
  84:lib/STM32_USB-FS-Device_Driver/src/usb_mem.c ****   }
  85:lib/STM32_USB-FS-Device_Driver/src/usb_mem.c **** }
 121              		.loc 1 85 0
 122 0022 10BD     		pop	{r4, pc}
 123              		.cfi_endproc
 124              	.LFE58:
 126              		.text
 127              	.Letext0:
 128              		.file 2 "c:\\devz\\arm\\launchpad\\bin\\../lib/gcc/arm-none-eabi/4.7.3/include/stdint-gcc.h"
 129              		.file 3 "./lib/CMSIS/Include/core_cm3.h"
 130              		.file 4 "./inc/systick.h"
DEFINED SYMBOLS
                            *ABS*:00000000 usb_mem.c
  R:\TEMP\ccxvk1hh.s:19     .text.UserToPMABufferCopy:00000000 $t
  R:\TEMP\ccxvk1hh.s:24     .text.UserToPMABufferCopy:00000000 UserToPMABufferCopy
  R:\TEMP\ccxvk1hh.s:79     .text.PMAToUserBufferCopy:00000000 $t
  R:\TEMP\ccxvk1hh.s:84     .text.PMAToUserBufferCopy:00000000 PMAToUserBufferCopy
                     .debug_frame:00000010 $d

NO UNDEFINED SYMBOLS
