   1              		.syntax unified
   2              		.cpu cortex-m3
   3              		.fpu softvfp
   4              		.eabi_attribute 20, 1
   5              		.eabi_attribute 21, 1
   6              		.eabi_attribute 23, 3
   7              		.eabi_attribute 24, 1
   8              		.eabi_attribute 25, 1
   9              		.eabi_attribute 26, 1
  10              		.eabi_attribute 30, 4
  11              		.eabi_attribute 34, 0
  12              		.eabi_attribute 18, 4
  13              		.thumb
  14              		.file	"usb_init.c"
  15              		.text
  16              	.Ltext0:
  17              		.cfi_sections	.debug_frame
  18              		.section	.text.USB_Init,"ax",%progbits
  19              		.align	1
  20              		.global	USB_Init
  21              		.thumb
  22              		.thumb_func
  24              	USB_Init:
  25              	.LFB57:
  26              		.file 1 "lib/STM32_USB-FS-Device_Driver/src/usb_init.c"
   1:lib/STM32_USB-FS-Device_Driver/src/usb_init.c **** /**
   2:lib/STM32_USB-FS-Device_Driver/src/usb_init.c ****   ******************************************************************************
   3:lib/STM32_USB-FS-Device_Driver/src/usb_init.c ****   * @file    usb_init.c
   4:lib/STM32_USB-FS-Device_Driver/src/usb_init.c ****   * @author  MCD Application Team
   5:lib/STM32_USB-FS-Device_Driver/src/usb_init.c ****   * @version V4.0.0
   6:lib/STM32_USB-FS-Device_Driver/src/usb_init.c ****   * @date    28-August-2012
   7:lib/STM32_USB-FS-Device_Driver/src/usb_init.c ****   * @brief   Initialization routines & global variables
   8:lib/STM32_USB-FS-Device_Driver/src/usb_init.c ****   ******************************************************************************
   9:lib/STM32_USB-FS-Device_Driver/src/usb_init.c ****   * @attention
  10:lib/STM32_USB-FS-Device_Driver/src/usb_init.c ****   *
  11:lib/STM32_USB-FS-Device_Driver/src/usb_init.c ****   * <h2><center>&copy; COPYRIGHT 2012 STMicroelectronics</center></h2>
  12:lib/STM32_USB-FS-Device_Driver/src/usb_init.c ****   *
  13:lib/STM32_USB-FS-Device_Driver/src/usb_init.c ****   * Licensed under MCD-ST Liberty SW License Agreement V2, (the "License");
  14:lib/STM32_USB-FS-Device_Driver/src/usb_init.c ****   * You may not use this file except in compliance with the License.
  15:lib/STM32_USB-FS-Device_Driver/src/usb_init.c ****   * You may obtain a copy of the License at:
  16:lib/STM32_USB-FS-Device_Driver/src/usb_init.c ****   *
  17:lib/STM32_USB-FS-Device_Driver/src/usb_init.c ****   *        http://www.st.com/software_license_agreement_liberty_v2
  18:lib/STM32_USB-FS-Device_Driver/src/usb_init.c ****   *
  19:lib/STM32_USB-FS-Device_Driver/src/usb_init.c ****   * Unless required by applicable law or agreed to in writing, software 
  20:lib/STM32_USB-FS-Device_Driver/src/usb_init.c ****   * distributed under the License is distributed on an "AS IS" BASIS, 
  21:lib/STM32_USB-FS-Device_Driver/src/usb_init.c ****   * WITHOUT WARRANTIES OR CONDITIONS OF ANY KIND, either express or implied.
  22:lib/STM32_USB-FS-Device_Driver/src/usb_init.c ****   * See the License for the specific language governing permissions and
  23:lib/STM32_USB-FS-Device_Driver/src/usb_init.c ****   * limitations under the License.
  24:lib/STM32_USB-FS-Device_Driver/src/usb_init.c ****   *
  25:lib/STM32_USB-FS-Device_Driver/src/usb_init.c ****   ******************************************************************************
  26:lib/STM32_USB-FS-Device_Driver/src/usb_init.c ****   */
  27:lib/STM32_USB-FS-Device_Driver/src/usb_init.c **** 
  28:lib/STM32_USB-FS-Device_Driver/src/usb_init.c **** 
  29:lib/STM32_USB-FS-Device_Driver/src/usb_init.c **** /* Includes ------------------------------------------------------------------*/
  30:lib/STM32_USB-FS-Device_Driver/src/usb_init.c **** #include "usb_lib.h"
  31:lib/STM32_USB-FS-Device_Driver/src/usb_init.c **** 
  32:lib/STM32_USB-FS-Device_Driver/src/usb_init.c **** /* Private typedef -----------------------------------------------------------*/
  33:lib/STM32_USB-FS-Device_Driver/src/usb_init.c **** /* Private define ------------------------------------------------------------*/
  34:lib/STM32_USB-FS-Device_Driver/src/usb_init.c **** /* Private macro -------------------------------------------------------------*/
  35:lib/STM32_USB-FS-Device_Driver/src/usb_init.c **** /* Private variables ---------------------------------------------------------*/
  36:lib/STM32_USB-FS-Device_Driver/src/usb_init.c **** /*  The number of current endpoint, it will be used to specify an endpoint */
  37:lib/STM32_USB-FS-Device_Driver/src/usb_init.c ****  uint8_t	EPindex;
  38:lib/STM32_USB-FS-Device_Driver/src/usb_init.c **** /*  The number of current device, it is an index to the Device_Table */
  39:lib/STM32_USB-FS-Device_Driver/src/usb_init.c **** /* uint8_t	Device_no; */
  40:lib/STM32_USB-FS-Device_Driver/src/usb_init.c **** /*  Points to the DEVICE_INFO structure of current device */
  41:lib/STM32_USB-FS-Device_Driver/src/usb_init.c **** /*  The purpose of this register is to speed up the execution */
  42:lib/STM32_USB-FS-Device_Driver/src/usb_init.c **** DEVICE_INFO *pInformation;
  43:lib/STM32_USB-FS-Device_Driver/src/usb_init.c **** /*  Points to the DEVICE_PROP structure of current device */
  44:lib/STM32_USB-FS-Device_Driver/src/usb_init.c **** /*  The purpose of this register is to speed up the execution */
  45:lib/STM32_USB-FS-Device_Driver/src/usb_init.c **** DEVICE_PROP *pProperty;
  46:lib/STM32_USB-FS-Device_Driver/src/usb_init.c **** /*  Temporary save the state of Rx & Tx status. */
  47:lib/STM32_USB-FS-Device_Driver/src/usb_init.c **** /*  Whenever the Rx or Tx state is changed, its value is saved */
  48:lib/STM32_USB-FS-Device_Driver/src/usb_init.c **** /*  in this variable first and will be set to the EPRB or EPRA */
  49:lib/STM32_USB-FS-Device_Driver/src/usb_init.c **** /*  at the end of interrupt process */
  50:lib/STM32_USB-FS-Device_Driver/src/usb_init.c **** uint16_t	SaveState ;
  51:lib/STM32_USB-FS-Device_Driver/src/usb_init.c **** uint16_t  wInterrupt_Mask;
  52:lib/STM32_USB-FS-Device_Driver/src/usb_init.c **** DEVICE_INFO	Device_Info;
  53:lib/STM32_USB-FS-Device_Driver/src/usb_init.c **** USER_STANDARD_REQUESTS  *pUser_Standard_Requests;
  54:lib/STM32_USB-FS-Device_Driver/src/usb_init.c **** 
  55:lib/STM32_USB-FS-Device_Driver/src/usb_init.c **** /* Extern variables ----------------------------------------------------------*/
  56:lib/STM32_USB-FS-Device_Driver/src/usb_init.c **** /* Private function prototypes -----------------------------------------------*/
  57:lib/STM32_USB-FS-Device_Driver/src/usb_init.c **** /* Private functions ---------------------------------------------------------*/
  58:lib/STM32_USB-FS-Device_Driver/src/usb_init.c **** 
  59:lib/STM32_USB-FS-Device_Driver/src/usb_init.c **** /*******************************************************************************
  60:lib/STM32_USB-FS-Device_Driver/src/usb_init.c **** * Function Name  : USB_Init
  61:lib/STM32_USB-FS-Device_Driver/src/usb_init.c **** * Description    : USB system initialization
  62:lib/STM32_USB-FS-Device_Driver/src/usb_init.c **** * Input          : None.
  63:lib/STM32_USB-FS-Device_Driver/src/usb_init.c **** * Output         : None.
  64:lib/STM32_USB-FS-Device_Driver/src/usb_init.c **** * Return         : None.
  65:lib/STM32_USB-FS-Device_Driver/src/usb_init.c **** *******************************************************************************/
  66:lib/STM32_USB-FS-Device_Driver/src/usb_init.c **** void USB_Init(void)
  67:lib/STM32_USB-FS-Device_Driver/src/usb_init.c **** {
  27              		.loc 1 67 0
  28              		.cfi_startproc
  29              		@ args = 0, pretend = 0, frame = 0
  30              		@ frame_needed = 0, uses_anonymous_args = 0
  31 0000 08B5     		push	{r3, lr}
  32              	.LCFI0:
  33              		.cfi_def_cfa_offset 8
  34              		.cfi_offset 3, -8
  35              		.cfi_offset 14, -4
  68:lib/STM32_USB-FS-Device_Driver/src/usb_init.c ****   pInformation = &Device_Info;
  36              		.loc 1 68 0
  37 0002 074B     		ldr	r3, .L2
  38 0004 074A     		ldr	r2, .L2+4
  39 0006 1360     		str	r3, [r2, #0]
  69:lib/STM32_USB-FS-Device_Driver/src/usb_init.c ****   pInformation->ControlState = 2;
  40              		.loc 1 69 0
  41 0008 0220     		movs	r0, #2
  42 000a 1872     		strb	r0, [r3, #8]
  70:lib/STM32_USB-FS-Device_Driver/src/usb_init.c ****   pProperty = &Device_Property;
  43              		.loc 1 70 0
  44 000c 064B     		ldr	r3, .L2+8
  45 000e 0749     		ldr	r1, .L2+12
  46 0010 0B60     		str	r3, [r1, #0]
  71:lib/STM32_USB-FS-Device_Driver/src/usb_init.c ****   pUser_Standard_Requests = &User_Standard_Requests;
  47              		.loc 1 71 0
  48 0012 0748     		ldr	r0, .L2+16
  49 0014 074A     		ldr	r2, .L2+20
  50 0016 1060     		str	r0, [r2, #0]
  72:lib/STM32_USB-FS-Device_Driver/src/usb_init.c ****   /* Initialize devices one by one */
  73:lib/STM32_USB-FS-Device_Driver/src/usb_init.c ****   pProperty->Init();
  51              		.loc 1 73 0
  52 0018 1B68     		ldr	r3, [r3, #0]
  53 001a 9847     		blx	r3
  54              	.LVL0:
  55 001c 08BD     		pop	{r3, pc}
  56              	.L3:
  57 001e 00BF     		.align	2
  58              	.L2:
  59 0020 00000000 		.word	.LANCHOR1
  60 0024 00000000 		.word	.LANCHOR0
  61 0028 00000000 		.word	Device_Property
  62 002c 00000000 		.word	.LANCHOR2
  63 0030 00000000 		.word	User_Standard_Requests
  64 0034 00000000 		.word	.LANCHOR3
  65              		.cfi_endproc
  66              	.LFE57:
  68              		.global	pUser_Standard_Requests
  69              		.global	Device_Info
  70              		.global	wInterrupt_Mask
  71              		.global	SaveState
  72              		.global	pProperty
  73              		.global	pInformation
  74              		.global	EPindex
  75              		.section	.bss.Device_Info,"aw",%nobits
  76              		.align	2
  77              		.set	.LANCHOR1,. + 0
  80              	Device_Info:
  81 0000 00000000 		.space	28
  81      00000000 
  81      00000000 
  81      00000000 
  81      00000000 
  82              		.section	.bss.EPindex,"aw",%nobits
  85              	EPindex:
  86 0000 00       		.space	1
  87              		.section	.bss.pInformation,"aw",%nobits
  88              		.align	2
  89              		.set	.LANCHOR0,. + 0
  92              	pInformation:
  93 0000 00000000 		.space	4
  94              		.section	.bss.pUser_Standard_Requests,"aw",%nobits
  95              		.align	2
  96              		.set	.LANCHOR3,. + 0
  99              	pUser_Standard_Requests:
 100 0000 00000000 		.space	4
 101              		.section	.bss.wInterrupt_Mask,"aw",%nobits
 102              		.align	1
 105              	wInterrupt_Mask:
 106 0000 0000     		.space	2
 107              		.section	.bss.pProperty,"aw",%nobits
 108              		.align	2
 109              		.set	.LANCHOR2,. + 0
 112              	pProperty:
 113 0000 00000000 		.space	4
 114              		.section	.bss.SaveState,"aw",%nobits
 115              		.align	1
 118              	SaveState:
 119 0000 0000     		.space	2
 120              		.text
 121              	.Letext0:
 122              		.file 2 "c:\\devz\\arm\\launchpad\\bin\\../lib/gcc/arm-none-eabi/4.7.3/include/stdint-gcc.h"
 123              		.file 3 "./lib/STM32_USB-FS-Device_Driver/inc/usb_core.h"
 124              		.file 4 "./lib/CMSIS/Include/core_cm3.h"
 125              		.file 5 "./inc/systick.h"
DEFINED SYMBOLS
                            *ABS*:00000000 usb_init.c
  R:\TEMP\ccD8xJ5m.s:19     .text.USB_Init:00000000 $t
  R:\TEMP\ccD8xJ5m.s:24     .text.USB_Init:00000000 USB_Init
  R:\TEMP\ccD8xJ5m.s:59     .text.USB_Init:00000020 $d
  R:\TEMP\ccD8xJ5m.s:99     .bss.pUser_Standard_Requests:00000000 pUser_Standard_Requests
  R:\TEMP\ccD8xJ5m.s:80     .bss.Device_Info:00000000 Device_Info
  R:\TEMP\ccD8xJ5m.s:105    .bss.wInterrupt_Mask:00000000 wInterrupt_Mask
  R:\TEMP\ccD8xJ5m.s:118    .bss.SaveState:00000000 SaveState
  R:\TEMP\ccD8xJ5m.s:112    .bss.pProperty:00000000 pProperty
  R:\TEMP\ccD8xJ5m.s:92     .bss.pInformation:00000000 pInformation
  R:\TEMP\ccD8xJ5m.s:85     .bss.EPindex:00000000 EPindex
  R:\TEMP\ccD8xJ5m.s:76     .bss.Device_Info:00000000 $d
  R:\TEMP\ccD8xJ5m.s:86     .bss.EPindex:00000000 $d
  R:\TEMP\ccD8xJ5m.s:88     .bss.pInformation:00000000 $d
  R:\TEMP\ccD8xJ5m.s:95     .bss.pUser_Standard_Requests:00000000 $d
  R:\TEMP\ccD8xJ5m.s:102    .bss.wInterrupt_Mask:00000000 $d
  R:\TEMP\ccD8xJ5m.s:108    .bss.pProperty:00000000 $d
  R:\TEMP\ccD8xJ5m.s:115    .bss.SaveState:00000000 $d
                     .debug_frame:00000010 $d

UNDEFINED SYMBOLS
Device_Property
User_Standard_Requests
