   1              		.syntax unified
   2              		.cpu cortex-m3
   3              		.fpu softvfp
   4              		.eabi_attribute 20, 1
   5              		.eabi_attribute 21, 1
   6              		.eabi_attribute 23, 3
   7              		.eabi_attribute 24, 1
   8              		.eabi_attribute 25, 1
   9              		.eabi_attribute 26, 1
  10              		.eabi_attribute 30, 4
  11              		.eabi_attribute 34, 0
  12              		.eabi_attribute 18, 4
  13              		.thumb
  14              		.file	"usb_cdc_prop.c"
  15              		.text
  16              	.Ltext0:
  17              		.cfi_sections	.debug_frame
  18              		.section	.text.Virtual_Com_Port_SetConfiguration,"ax",%progbits
  19              		.align	1
  20              		.global	Virtual_Com_Port_SetConfiguration
  21              		.thumb
  22              		.thumb_func
  24              	Virtual_Com_Port_SetConfiguration:
  25              	.LFB60:
  26              		.file 1 "lib/USB_Functions/cdc/src/usb_cdc_prop.c"
   1:lib/USB_Functions/cdc/src/usb_cdc_prop.c **** /********************************************************************************/
   2:lib/USB_Functions/cdc/src/usb_cdc_prop.c **** /*!
   3:lib/USB_Functions/cdc/src/usb_cdc_prop.c **** 	@file			usb_cdc_prop.c
   4:lib/USB_Functions/cdc/src/usb_cdc_prop.c **** 	@author         Nemui Trinomius (http://nemuisan.blog.bai.ne.jp)
   5:lib/USB_Functions/cdc/src/usb_cdc_prop.c ****     @version        1.00
   6:lib/USB_Functions/cdc/src/usb_cdc_prop.c ****     @date           2012.01.30
   7:lib/USB_Functions/cdc/src/usb_cdc_prop.c **** 	@brief          All processing related to Virtual COM Port.
   8:lib/USB_Functions/cdc/src/usb_cdc_prop.c **** 					Based On STMicro's Sample Thanks!
   9:lib/USB_Functions/cdc/src/usb_cdc_prop.c **** 
  10:lib/USB_Functions/cdc/src/usb_cdc_prop.c ****     @section HISTORY
  11:lib/USB_Functions/cdc/src/usb_cdc_prop.c **** 		2012.01.30	V1.00	Start Here.
  12:lib/USB_Functions/cdc/src/usb_cdc_prop.c **** 
  13:lib/USB_Functions/cdc/src/usb_cdc_prop.c ****     @section LICENSE
  14:lib/USB_Functions/cdc/src/usb_cdc_prop.c **** 		BSD License. See Copyright.txt
  15:lib/USB_Functions/cdc/src/usb_cdc_prop.c **** */
  16:lib/USB_Functions/cdc/src/usb_cdc_prop.c **** /********************************************************************************/
  17:lib/USB_Functions/cdc/src/usb_cdc_prop.c **** 
  18:lib/USB_Functions/cdc/src/usb_cdc_prop.c **** /* Includes ------------------------------------------------------------------*/
  19:lib/USB_Functions/cdc/src/usb_cdc_prop.c **** #include "usb_lib.h"
  20:lib/USB_Functions/cdc/src/usb_cdc_prop.c **** #include "usb_conf.h"
  21:lib/USB_Functions/cdc/src/usb_cdc_prop.c **** #include "usb_prop.h"
  22:lib/USB_Functions/cdc/src/usb_cdc_prop.c **** #include "usb_pwr.h"
  23:lib/USB_Functions/cdc/src/usb_cdc_prop.c **** #include "usb_cdc_conf.h"
  24:lib/USB_Functions/cdc/src/usb_cdc_prop.c **** #include "usb_cdc_prop.h"
  25:lib/USB_Functions/cdc/src/usb_cdc_prop.c **** #include "usb_cdc_desc.h"
  26:lib/USB_Functions/cdc/src/usb_cdc_prop.c **** 
  27:lib/USB_Functions/cdc/src/usb_cdc_prop.c **** /* Defines -------------------------------------------------------------------*/
  28:lib/USB_Functions/cdc/src/usb_cdc_prop.c **** 
  29:lib/USB_Functions/cdc/src/usb_cdc_prop.c **** /* Variables -----------------------------------------------------------------*/
  30:lib/USB_Functions/cdc/src/usb_cdc_prop.c **** uint8_t Request = 0;
  31:lib/USB_Functions/cdc/src/usb_cdc_prop.c **** 
  32:lib/USB_Functions/cdc/src/usb_cdc_prop.c **** LINE_CODING linecoding =
  33:lib/USB_Functions/cdc/src/usb_cdc_prop.c ****   {
  34:lib/USB_Functions/cdc/src/usb_cdc_prop.c ****     115200, /* baud rate*/
  35:lib/USB_Functions/cdc/src/usb_cdc_prop.c ****     0x00,   /* stop bits-1*/
  36:lib/USB_Functions/cdc/src/usb_cdc_prop.c ****     0x00,   /* parity - none*/
  37:lib/USB_Functions/cdc/src/usb_cdc_prop.c ****     0x08    /* no. of bits 8*/
  38:lib/USB_Functions/cdc/src/usb_cdc_prop.c ****   };
  39:lib/USB_Functions/cdc/src/usb_cdc_prop.c **** 
  40:lib/USB_Functions/cdc/src/usb_cdc_prop.c **** /* Constants -----------------------------------------------------------------*/
  41:lib/USB_Functions/cdc/src/usb_cdc_prop.c **** ONE_DESCRIPTOR CDC_Device_Descriptor =
  42:lib/USB_Functions/cdc/src/usb_cdc_prop.c ****   {
  43:lib/USB_Functions/cdc/src/usb_cdc_prop.c ****     (uint8_t*)Virtual_Com_Port_DeviceDescriptor,
  44:lib/USB_Functions/cdc/src/usb_cdc_prop.c ****     VIRTUAL_COM_PORT_SIZ_DEVICE_DESC
  45:lib/USB_Functions/cdc/src/usb_cdc_prop.c ****   };
  46:lib/USB_Functions/cdc/src/usb_cdc_prop.c **** 
  47:lib/USB_Functions/cdc/src/usb_cdc_prop.c **** ONE_DESCRIPTOR CDC_Config_Descriptor =
  48:lib/USB_Functions/cdc/src/usb_cdc_prop.c ****   {
  49:lib/USB_Functions/cdc/src/usb_cdc_prop.c ****     (uint8_t*)Virtual_Com_Port_ConfigDescriptor,
  50:lib/USB_Functions/cdc/src/usb_cdc_prop.c ****     VIRTUAL_COM_PORT_SIZ_CONFIG_DESC
  51:lib/USB_Functions/cdc/src/usb_cdc_prop.c ****   };
  52:lib/USB_Functions/cdc/src/usb_cdc_prop.c **** 
  53:lib/USB_Functions/cdc/src/usb_cdc_prop.c **** ONE_DESCRIPTOR CDC_String_Descriptor[4] =
  54:lib/USB_Functions/cdc/src/usb_cdc_prop.c ****   {
  55:lib/USB_Functions/cdc/src/usb_cdc_prop.c ****     {(uint8_t*)Virtual_Com_Port_StringLangID, VIRTUAL_COM_PORT_SIZ_STRING_LANGID},
  56:lib/USB_Functions/cdc/src/usb_cdc_prop.c ****     {(uint8_t*)Virtual_Com_Port_StringVendor, VIRTUAL_COM_PORT_SIZ_STRING_VENDOR},
  57:lib/USB_Functions/cdc/src/usb_cdc_prop.c ****     {(uint8_t*)Virtual_Com_Port_StringProduct, VIRTUAL_COM_PORT_SIZ_STRING_PRODUCT},
  58:lib/USB_Functions/cdc/src/usb_cdc_prop.c ****     {(uint8_t*)Virtual_Com_Port_StringSerial, VIRTUAL_COM_PORT_SIZ_STRING_SERIAL}
  59:lib/USB_Functions/cdc/src/usb_cdc_prop.c ****   };
  60:lib/USB_Functions/cdc/src/usb_cdc_prop.c **** 
  61:lib/USB_Functions/cdc/src/usb_cdc_prop.c **** /* Function prototypes -------------------------------------------------------*/
  62:lib/USB_Functions/cdc/src/usb_cdc_prop.c **** extern void Get_SerialNum(uint8_t* string0,uint8_t* string1);
  63:lib/USB_Functions/cdc/src/usb_cdc_prop.c **** extern bool USART_Config(void);
  64:lib/USB_Functions/cdc/src/usb_cdc_prop.c **** extern void USART_Config_Default(void);
  65:lib/USB_Functions/cdc/src/usb_cdc_prop.c **** 
  66:lib/USB_Functions/cdc/src/usb_cdc_prop.c **** /* Functions -----------------------------------------------------------------*/
  67:lib/USB_Functions/cdc/src/usb_cdc_prop.c **** 
  68:lib/USB_Functions/cdc/src/usb_cdc_prop.c **** /**************************************************************************/
  69:lib/USB_Functions/cdc/src/usb_cdc_prop.c **** /*! 
  70:lib/USB_Functions/cdc/src/usb_cdc_prop.c ****     @brief	Install CDC Functions.
  71:lib/USB_Functions/cdc/src/usb_cdc_prop.c **** */
  72:lib/USB_Functions/cdc/src/usb_cdc_prop.c **** /**************************************************************************/
  73:lib/USB_Functions/cdc/src/usb_cdc_prop.c **** void CDC_SetStructure(void)
  74:lib/USB_Functions/cdc/src/usb_cdc_prop.c **** {
  75:lib/USB_Functions/cdc/src/usb_cdc_prop.c **** 	Device_Table.Total_Endpoint	= CDC_EP_NUM;
  76:lib/USB_Functions/cdc/src/usb_cdc_prop.c **** 	xinit						= Virtual_Com_Port_init;
  77:lib/USB_Functions/cdc/src/usb_cdc_prop.c ****     xReset 						= Virtual_Com_Port_Reset;
  78:lib/USB_Functions/cdc/src/usb_cdc_prop.c ****     xStatus_In					= Virtual_Com_Port_Status_In;
  79:lib/USB_Functions/cdc/src/usb_cdc_prop.c ****     xStatus_Out					= Virtual_Com_Port_Status_Out;
  80:lib/USB_Functions/cdc/src/usb_cdc_prop.c ****     xData_Setup					= Virtual_Com_Port_Data_Setup;
  81:lib/USB_Functions/cdc/src/usb_cdc_prop.c ****     xNoData_Setup				= Virtual_Com_Port_NoData_Setup;
  82:lib/USB_Functions/cdc/src/usb_cdc_prop.c ****     xGet_Interface_Setting		= Virtual_Com_Port_Get_Interface_Setting;
  83:lib/USB_Functions/cdc/src/usb_cdc_prop.c ****     xGetDeviceDescriptor		= Virtual_Com_Port_GetDeviceDescriptor;
  84:lib/USB_Functions/cdc/src/usb_cdc_prop.c ****     xGetConfigDescriptor		= Virtual_Com_Port_GetConfigDescriptor;
  85:lib/USB_Functions/cdc/src/usb_cdc_prop.c ****     xGetStringDescriptor		= Virtual_Com_Port_GetStringDescriptor;
  86:lib/USB_Functions/cdc/src/usb_cdc_prop.c **** 	
  87:lib/USB_Functions/cdc/src/usb_cdc_prop.c **** 	xGetConfiguration			= Virtual_Com_Port_GetConfiguration;
  88:lib/USB_Functions/cdc/src/usb_cdc_prop.c ****     xSetConfiguration			= Virtual_Com_Port_SetConfiguration;
  89:lib/USB_Functions/cdc/src/usb_cdc_prop.c ****     xGetInterface				= Virtual_Com_Port_GetInterface;
  90:lib/USB_Functions/cdc/src/usb_cdc_prop.c ****     xSetInterface				= Virtual_Com_Port_SetInterface;
  91:lib/USB_Functions/cdc/src/usb_cdc_prop.c ****     xGetStatus					= Virtual_Com_Port_GetStatus;
  92:lib/USB_Functions/cdc/src/usb_cdc_prop.c ****     xClearFeature				= Virtual_Com_Port_ClearFeature;
  93:lib/USB_Functions/cdc/src/usb_cdc_prop.c ****     xSetEndPointFeature			= Virtual_Com_Port_SetEndPointFeature;
  94:lib/USB_Functions/cdc/src/usb_cdc_prop.c ****     xSetDeviceFeature			= Virtual_Com_Port_SetDeviceFeature;
  95:lib/USB_Functions/cdc/src/usb_cdc_prop.c ****     xSetDeviceAddress			= Virtual_Com_Port_SetDeviceAddress;
  96:lib/USB_Functions/cdc/src/usb_cdc_prop.c **** }
  97:lib/USB_Functions/cdc/src/usb_cdc_prop.c **** 
  98:lib/USB_Functions/cdc/src/usb_cdc_prop.c **** /**************************************************************************/
  99:lib/USB_Functions/cdc/src/usb_cdc_prop.c **** /*! 
 100:lib/USB_Functions/cdc/src/usb_cdc_prop.c ****     @brief	Virtual COM Port Mouse init routine.
 101:lib/USB_Functions/cdc/src/usb_cdc_prop.c **** */
 102:lib/USB_Functions/cdc/src/usb_cdc_prop.c **** /**************************************************************************/
 103:lib/USB_Functions/cdc/src/usb_cdc_prop.c **** void Virtual_Com_Port_init(void)
 104:lib/USB_Functions/cdc/src/usb_cdc_prop.c **** {
 105:lib/USB_Functions/cdc/src/usb_cdc_prop.c **** 
 106:lib/USB_Functions/cdc/src/usb_cdc_prop.c ****   /* Update the serial number string descriptor with the data from the unique
 107:lib/USB_Functions/cdc/src/usb_cdc_prop.c ****   ID*/
 108:lib/USB_Functions/cdc/src/usb_cdc_prop.c ****   Get_SerialNum(&Virtual_Com_Port_StringSerial[2],&Virtual_Com_Port_StringSerial[18]);
 109:lib/USB_Functions/cdc/src/usb_cdc_prop.c **** 
 110:lib/USB_Functions/cdc/src/usb_cdc_prop.c ****   pInformation->Current_Configuration = 0;
 111:lib/USB_Functions/cdc/src/usb_cdc_prop.c **** 
 112:lib/USB_Functions/cdc/src/usb_cdc_prop.c ****   /* Connect the device */
 113:lib/USB_Functions/cdc/src/usb_cdc_prop.c ****   PowerOn();
 114:lib/USB_Functions/cdc/src/usb_cdc_prop.c **** 
 115:lib/USB_Functions/cdc/src/usb_cdc_prop.c ****   /* Perform basic device initialization operations */
 116:lib/USB_Functions/cdc/src/usb_cdc_prop.c ****   USB_SIL_Init();
 117:lib/USB_Functions/cdc/src/usb_cdc_prop.c **** 
 118:lib/USB_Functions/cdc/src/usb_cdc_prop.c ****   /* configure the USART to the default settings */
 119:lib/USB_Functions/cdc/src/usb_cdc_prop.c ****   USART_Config_Default();
 120:lib/USB_Functions/cdc/src/usb_cdc_prop.c **** 
 121:lib/USB_Functions/cdc/src/usb_cdc_prop.c ****   bDeviceState = UNCONNECTED;
 122:lib/USB_Functions/cdc/src/usb_cdc_prop.c **** }
 123:lib/USB_Functions/cdc/src/usb_cdc_prop.c **** 
 124:lib/USB_Functions/cdc/src/usb_cdc_prop.c **** /**************************************************************************/
 125:lib/USB_Functions/cdc/src/usb_cdc_prop.c **** /*! 
 126:lib/USB_Functions/cdc/src/usb_cdc_prop.c ****     @brief	Virtual_Com_Port Mouse reset routine.
 127:lib/USB_Functions/cdc/src/usb_cdc_prop.c **** */
 128:lib/USB_Functions/cdc/src/usb_cdc_prop.c **** /**************************************************************************/
 129:lib/USB_Functions/cdc/src/usb_cdc_prop.c **** void Virtual_Com_Port_Reset(void)
 130:lib/USB_Functions/cdc/src/usb_cdc_prop.c **** {
 131:lib/USB_Functions/cdc/src/usb_cdc_prop.c ****   /* Set Virtual_Com_Port DEVICE as not configured */
 132:lib/USB_Functions/cdc/src/usb_cdc_prop.c ****   pInformation->Current_Configuration = 0;
 133:lib/USB_Functions/cdc/src/usb_cdc_prop.c **** 
 134:lib/USB_Functions/cdc/src/usb_cdc_prop.c ****   /* Current Feature initialization */
 135:lib/USB_Functions/cdc/src/usb_cdc_prop.c ****   pInformation->Current_Feature = Virtual_Com_Port_ConfigDescriptor[7];
 136:lib/USB_Functions/cdc/src/usb_cdc_prop.c **** 
 137:lib/USB_Functions/cdc/src/usb_cdc_prop.c ****   /* Set Virtual_Com_Port DEVICE with the default Interface*/
 138:lib/USB_Functions/cdc/src/usb_cdc_prop.c ****   pInformation->Current_Interface = 0;
 139:lib/USB_Functions/cdc/src/usb_cdc_prop.c **** 
 140:lib/USB_Functions/cdc/src/usb_cdc_prop.c **** #ifdef STM32F10X_CL     
 141:lib/USB_Functions/cdc/src/usb_cdc_prop.c ****   /* EP0 is already configured by USB_SIL_Init() function */
 142:lib/USB_Functions/cdc/src/usb_cdc_prop.c ****   
 143:lib/USB_Functions/cdc/src/usb_cdc_prop.c ****   /* Init EP1 IN as Bulk endpoint */
 144:lib/USB_Functions/cdc/src/usb_cdc_prop.c ****   OTG_DEV_EP_Init(EP1_IN, OTG_DEV_EP_TYPE_BULK, VIRTUAL_COM_PORT_DATA_SIZE);
 145:lib/USB_Functions/cdc/src/usb_cdc_prop.c ****   
 146:lib/USB_Functions/cdc/src/usb_cdc_prop.c ****   /* Init EP2 IN as Interrupt endpoint */
 147:lib/USB_Functions/cdc/src/usb_cdc_prop.c ****   OTG_DEV_EP_Init(EP2_IN, OTG_DEV_EP_TYPE_INT, VIRTUAL_COM_PORT_INT_SIZE);
 148:lib/USB_Functions/cdc/src/usb_cdc_prop.c **** 
 149:lib/USB_Functions/cdc/src/usb_cdc_prop.c ****   /* Init EP3 OUT as Bulk endpoint */
 150:lib/USB_Functions/cdc/src/usb_cdc_prop.c ****   OTG_DEV_EP_Init(EP3_OUT, OTG_DEV_EP_TYPE_BULK, VIRTUAL_COM_PORT_DATA_SIZE);  
 151:lib/USB_Functions/cdc/src/usb_cdc_prop.c **** #else 
 152:lib/USB_Functions/cdc/src/usb_cdc_prop.c **** 
 153:lib/USB_Functions/cdc/src/usb_cdc_prop.c ****   SetBTABLE(BTABLE_ADDRESS);
 154:lib/USB_Functions/cdc/src/usb_cdc_prop.c **** 
 155:lib/USB_Functions/cdc/src/usb_cdc_prop.c ****   /* Initialize Endpoint 0 */
 156:lib/USB_Functions/cdc/src/usb_cdc_prop.c ****   SetEPType(ENDP0, EP_CONTROL);
 157:lib/USB_Functions/cdc/src/usb_cdc_prop.c ****   SetEPTxStatus(ENDP0, EP_TX_STALL);
 158:lib/USB_Functions/cdc/src/usb_cdc_prop.c ****   SetEPRxAddr(ENDP0, CDC_ENDP0_RXADDR);
 159:lib/USB_Functions/cdc/src/usb_cdc_prop.c ****   SetEPTxAddr(ENDP0, CDC_ENDP0_TXADDR);
 160:lib/USB_Functions/cdc/src/usb_cdc_prop.c ****   Clear_Status_Out(ENDP0);
 161:lib/USB_Functions/cdc/src/usb_cdc_prop.c ****   SetEPRxCount(ENDP0, Device_Property.MaxPacketSize);
 162:lib/USB_Functions/cdc/src/usb_cdc_prop.c ****   SetEPRxValid(ENDP0);
 163:lib/USB_Functions/cdc/src/usb_cdc_prop.c **** 
 164:lib/USB_Functions/cdc/src/usb_cdc_prop.c ****   /* Initialize Endpoint 1 */
 165:lib/USB_Functions/cdc/src/usb_cdc_prop.c ****   SetEPType(ENDP1, EP_BULK);
 166:lib/USB_Functions/cdc/src/usb_cdc_prop.c ****   SetEPTxAddr(ENDP1, CDC_ENDP1_TXADDR);
 167:lib/USB_Functions/cdc/src/usb_cdc_prop.c ****   SetEPTxStatus(ENDP1, EP_TX_NAK);
 168:lib/USB_Functions/cdc/src/usb_cdc_prop.c ****   SetEPRxStatus(ENDP1, EP_RX_DIS);
 169:lib/USB_Functions/cdc/src/usb_cdc_prop.c **** 
 170:lib/USB_Functions/cdc/src/usb_cdc_prop.c ****   /* Initialize Endpoint 2 */
 171:lib/USB_Functions/cdc/src/usb_cdc_prop.c ****   SetEPType(ENDP2, EP_INTERRUPT);
 172:lib/USB_Functions/cdc/src/usb_cdc_prop.c ****   SetEPTxAddr(ENDP2, CDC_ENDP2_TXADDR);
 173:lib/USB_Functions/cdc/src/usb_cdc_prop.c ****   SetEPRxStatus(ENDP2, EP_RX_DIS);
 174:lib/USB_Functions/cdc/src/usb_cdc_prop.c ****   SetEPTxStatus(ENDP2, EP_TX_NAK);
 175:lib/USB_Functions/cdc/src/usb_cdc_prop.c **** 
 176:lib/USB_Functions/cdc/src/usb_cdc_prop.c ****   /* Initialize Endpoint 3 */
 177:lib/USB_Functions/cdc/src/usb_cdc_prop.c ****  /* nemui
 178:lib/USB_Functions/cdc/src/usb_cdc_prop.c ****   SetEPType(ENDP3, EP_BULK);
 179:lib/USB_Functions/cdc/src/usb_cdc_prop.c ****   SetEPRxAddr(ENDP3, CDC_ENDP3_RXADDR);
 180:lib/USB_Functions/cdc/src/usb_cdc_prop.c ****   SetEPRxCount(ENDP3, VIRTUAL_COM_PORT_DATA_SIZE);
 181:lib/USB_Functions/cdc/src/usb_cdc_prop.c ****   SetEPRxStatus(ENDP3, EP_RX_VALID);
 182:lib/USB_Functions/cdc/src/usb_cdc_prop.c ****   SetEPTxStatus(ENDP3, EP_TX_DIS);
 183:lib/USB_Functions/cdc/src/usb_cdc_prop.c **** */
 184:lib/USB_Functions/cdc/src/usb_cdc_prop.c ****   SetEPType(ENDP3, EP_BULK);
 185:lib/USB_Functions/cdc/src/usb_cdc_prop.c ****   SetEPDoubleBuff(ENDP3);
 186:lib/USB_Functions/cdc/src/usb_cdc_prop.c ****   SetEPDblBuffAddr(ENDP3, CDC_ENDP3_BUF0Addr, CDC_ENDP3_BUF1Addr);
 187:lib/USB_Functions/cdc/src/usb_cdc_prop.c ****   SetEPDblBuffCount(ENDP3, EP_DBUF_OUT, VIRTUAL_COM_PORT_DATA_SIZE);
 188:lib/USB_Functions/cdc/src/usb_cdc_prop.c ****   ClearDTOG_RX(ENDP3);
 189:lib/USB_Functions/cdc/src/usb_cdc_prop.c ****   ClearDTOG_TX(ENDP3);
 190:lib/USB_Functions/cdc/src/usb_cdc_prop.c ****   ToggleDTOG_TX(ENDP3);
 191:lib/USB_Functions/cdc/src/usb_cdc_prop.c ****   SetEPRxStatus(ENDP3, EP_RX_VALID);
 192:lib/USB_Functions/cdc/src/usb_cdc_prop.c ****   SetEPTxStatus(ENDP3, EP_TX_DIS); 
 193:lib/USB_Functions/cdc/src/usb_cdc_prop.c **** 
 194:lib/USB_Functions/cdc/src/usb_cdc_prop.c ****   /* Set this device to response on default address */
 195:lib/USB_Functions/cdc/src/usb_cdc_prop.c ****   SetDeviceAddress(0);
 196:lib/USB_Functions/cdc/src/usb_cdc_prop.c **** #endif /* STM32F10X_CL */
 197:lib/USB_Functions/cdc/src/usb_cdc_prop.c **** 
 198:lib/USB_Functions/cdc/src/usb_cdc_prop.c ****   bDeviceState = ATTACHED;
 199:lib/USB_Functions/cdc/src/usb_cdc_prop.c **** }
 200:lib/USB_Functions/cdc/src/usb_cdc_prop.c **** 
 201:lib/USB_Functions/cdc/src/usb_cdc_prop.c **** /**************************************************************************/
 202:lib/USB_Functions/cdc/src/usb_cdc_prop.c **** /*! 
 203:lib/USB_Functions/cdc/src/usb_cdc_prop.c ****     @brief	Update the device state to configured.
 204:lib/USB_Functions/cdc/src/usb_cdc_prop.c **** */
 205:lib/USB_Functions/cdc/src/usb_cdc_prop.c **** /**************************************************************************/
 206:lib/USB_Functions/cdc/src/usb_cdc_prop.c **** void Virtual_Com_Port_SetConfiguration(void)
 207:lib/USB_Functions/cdc/src/usb_cdc_prop.c **** {
  27              		.loc 1 207 0
  28              		.cfi_startproc
  29              		@ args = 0, pretend = 0, frame = 0
  30              		@ frame_needed = 0, uses_anonymous_args = 0
  31              		@ link register save eliminated.
  32              	.LVL0:
 208:lib/USB_Functions/cdc/src/usb_cdc_prop.c ****   DEVICE_INFO *pInfo = &Device_Info;
 209:lib/USB_Functions/cdc/src/usb_cdc_prop.c **** 
 210:lib/USB_Functions/cdc/src/usb_cdc_prop.c ****   if (pInfo->Current_Configuration != 0)
  33              		.loc 1 210 0
  34 0000 034B     		ldr	r3, .L7
  35 0002 987A     		ldrb	r0, [r3, #10]	@ zero_extendqisi2
  36 0004 10B1     		cbz	r0, .L1
 211:lib/USB_Functions/cdc/src/usb_cdc_prop.c ****   {
 212:lib/USB_Functions/cdc/src/usb_cdc_prop.c ****     /* Device configured */
 213:lib/USB_Functions/cdc/src/usb_cdc_prop.c ****     bDeviceState = CONFIGURED;
  37              		.loc 1 213 0
  38 0006 0522     		movs	r2, #5
  39 0008 0249     		ldr	r1, .L7+4
  40 000a 0A60     		str	r2, [r1, #0]
  41              	.L1:
  42 000c 7047     		bx	lr
  43              	.L8:
  44 000e 00BF     		.align	2
  45              	.L7:
  46 0010 00000000 		.word	Device_Info
  47 0014 00000000 		.word	bDeviceState
  48              		.cfi_endproc
  49              	.LFE60:
  51              		.section	.text.Virtual_Com_Port_SetDeviceAddress,"ax",%progbits
  52              		.align	1
  53              		.global	Virtual_Com_Port_SetDeviceAddress
  54              		.thumb
  55              		.thumb_func
  57              	Virtual_Com_Port_SetDeviceAddress:
  58              	.LFB61:
 214:lib/USB_Functions/cdc/src/usb_cdc_prop.c ****   }
 215:lib/USB_Functions/cdc/src/usb_cdc_prop.c **** }
 216:lib/USB_Functions/cdc/src/usb_cdc_prop.c **** 
 217:lib/USB_Functions/cdc/src/usb_cdc_prop.c **** /**************************************************************************/
 218:lib/USB_Functions/cdc/src/usb_cdc_prop.c **** /*! 
 219:lib/USB_Functions/cdc/src/usb_cdc_prop.c ****     @brief	Update the device state to addressed.
 220:lib/USB_Functions/cdc/src/usb_cdc_prop.c **** */
 221:lib/USB_Functions/cdc/src/usb_cdc_prop.c **** /**************************************************************************/
 222:lib/USB_Functions/cdc/src/usb_cdc_prop.c **** void Virtual_Com_Port_SetDeviceAddress (void)
 223:lib/USB_Functions/cdc/src/usb_cdc_prop.c **** {
  59              		.loc 1 223 0
  60              		.cfi_startproc
  61              		@ args = 0, pretend = 0, frame = 0
  62              		@ frame_needed = 0, uses_anonymous_args = 0
  63              		@ link register save eliminated.
 224:lib/USB_Functions/cdc/src/usb_cdc_prop.c ****   bDeviceState = ADDRESSED;
  64              		.loc 1 224 0
  65 0000 0422     		movs	r2, #4
  66 0002 014B     		ldr	r3, .L10
  67 0004 1A60     		str	r2, [r3, #0]
  68 0006 7047     		bx	lr
  69              	.L11:
  70              		.align	2
  71              	.L10:
  72 0008 00000000 		.word	bDeviceState
  73              		.cfi_endproc
  74              	.LFE61:
  76              		.section	.text.Virtual_Com_Port_Status_Out,"ax",%progbits
  77              		.align	1
  78              		.global	Virtual_Com_Port_Status_Out
  79              		.thumb
  80              		.thumb_func
  82              	Virtual_Com_Port_Status_Out:
  83              	.LFB63:
 225:lib/USB_Functions/cdc/src/usb_cdc_prop.c **** }
 226:lib/USB_Functions/cdc/src/usb_cdc_prop.c **** 
 227:lib/USB_Functions/cdc/src/usb_cdc_prop.c **** /**************************************************************************/
 228:lib/USB_Functions/cdc/src/usb_cdc_prop.c **** /*! 
 229:lib/USB_Functions/cdc/src/usb_cdc_prop.c ****     @brief	Virtual COM Port Status In Routine.
 230:lib/USB_Functions/cdc/src/usb_cdc_prop.c **** */
 231:lib/USB_Functions/cdc/src/usb_cdc_prop.c **** /**************************************************************************/
 232:lib/USB_Functions/cdc/src/usb_cdc_prop.c **** void Virtual_Com_Port_Status_In(void)
 233:lib/USB_Functions/cdc/src/usb_cdc_prop.c **** {
 234:lib/USB_Functions/cdc/src/usb_cdc_prop.c ****   if (Request == SET_LINE_CODING)
 235:lib/USB_Functions/cdc/src/usb_cdc_prop.c ****   {
 236:lib/USB_Functions/cdc/src/usb_cdc_prop.c ****     USART_Config();
 237:lib/USB_Functions/cdc/src/usb_cdc_prop.c ****     Request = 0;
 238:lib/USB_Functions/cdc/src/usb_cdc_prop.c ****   }
 239:lib/USB_Functions/cdc/src/usb_cdc_prop.c **** }
 240:lib/USB_Functions/cdc/src/usb_cdc_prop.c **** 
 241:lib/USB_Functions/cdc/src/usb_cdc_prop.c **** /**************************************************************************/
 242:lib/USB_Functions/cdc/src/usb_cdc_prop.c **** /*! 
 243:lib/USB_Functions/cdc/src/usb_cdc_prop.c ****     @brief	Virtual COM Port Status OUT Routine.
 244:lib/USB_Functions/cdc/src/usb_cdc_prop.c **** */
 245:lib/USB_Functions/cdc/src/usb_cdc_prop.c **** /**************************************************************************/
 246:lib/USB_Functions/cdc/src/usb_cdc_prop.c **** void Virtual_Com_Port_Status_Out(void)
 247:lib/USB_Functions/cdc/src/usb_cdc_prop.c **** {}
  84              		.loc 1 247 0
  85              		.cfi_startproc
  86              		@ args = 0, pretend = 0, frame = 0
  87              		@ frame_needed = 0, uses_anonymous_args = 0
  88              		@ link register save eliminated.
  89 0000 7047     		bx	lr
  90              		.cfi_endproc
  91              	.LFE63:
  93              		.section	.text.Virtual_Com_Port_Data_Setup,"ax",%progbits
  94              		.align	1
  95              		.global	Virtual_Com_Port_Data_Setup
  96              		.thumb
  97              		.thumb_func
  99              	Virtual_Com_Port_Data_Setup:
 100              	.LFB64:
 248:lib/USB_Functions/cdc/src/usb_cdc_prop.c **** 
 249:lib/USB_Functions/cdc/src/usb_cdc_prop.c **** /**************************************************************************/
 250:lib/USB_Functions/cdc/src/usb_cdc_prop.c **** /*! 
 251:lib/USB_Functions/cdc/src/usb_cdc_prop.c ****     @brief	handle the data class specific requests.
 252:lib/USB_Functions/cdc/src/usb_cdc_prop.c **** */
 253:lib/USB_Functions/cdc/src/usb_cdc_prop.c **** /**************************************************************************/
 254:lib/USB_Functions/cdc/src/usb_cdc_prop.c **** RESULT Virtual_Com_Port_Data_Setup(uint8_t RequestNo)
 255:lib/USB_Functions/cdc/src/usb_cdc_prop.c **** {
 101              		.loc 1 255 0
 102              		.cfi_startproc
 103              		@ args = 0, pretend = 0, frame = 0
 104              		@ frame_needed = 0, uses_anonymous_args = 0
 105              	.LVL1:
 106              		.loc 1 255 0
 107 0000 10B5     		push	{r4, lr}
 108              	.LCFI0:
 109              		.cfi_def_cfa_offset 8
 110              		.cfi_offset 4, -8
 111              		.cfi_offset 14, -4
 112              	.LVL2:
 256:lib/USB_Functions/cdc/src/usb_cdc_prop.c ****   uint8_t    *(*CopyRoutine)(uint16_t);
 257:lib/USB_Functions/cdc/src/usb_cdc_prop.c **** 
 258:lib/USB_Functions/cdc/src/usb_cdc_prop.c ****   CopyRoutine = NULL;
 259:lib/USB_Functions/cdc/src/usb_cdc_prop.c **** 
 260:lib/USB_Functions/cdc/src/usb_cdc_prop.c ****   if (RequestNo == GET_LINE_CODING)
 113              		.loc 1 260 0
 114 0002 2128     		cmp	r0, #33
 115 0004 08D1     		bne	.L14
 261:lib/USB_Functions/cdc/src/usb_cdc_prop.c ****   {
 262:lib/USB_Functions/cdc/src/usb_cdc_prop.c ****     if (Type_Recipient == (CLASS_REQUEST | INTERFACE_RECIPIENT))
 116              		.loc 1 262 0
 117 0006 1148     		ldr	r0, .L24
 118              	.LVL3:
 119 0008 0368     		ldr	r3, [r0, #0]
 120 000a 1978     		ldrb	r1, [r3, #0]	@ zero_extendqisi2
 121 000c 01F07F02 		and	r2, r1, #127
 122 0010 212A     		cmp	r2, #33
 123 0012 11D0     		beq	.L19
 124              	.LVL4:
 125              	.L17:
 263:lib/USB_Functions/cdc/src/usb_cdc_prop.c ****     {
 264:lib/USB_Functions/cdc/src/usb_cdc_prop.c ****       CopyRoutine = Virtual_Com_Port_GetLineCoding;
 265:lib/USB_Functions/cdc/src/usb_cdc_prop.c ****     }
 266:lib/USB_Functions/cdc/src/usb_cdc_prop.c ****   }
 267:lib/USB_Functions/cdc/src/usb_cdc_prop.c ****   else if (RequestNo == SET_LINE_CODING)
 268:lib/USB_Functions/cdc/src/usb_cdc_prop.c ****   {
 269:lib/USB_Functions/cdc/src/usb_cdc_prop.c ****     if (Type_Recipient == (CLASS_REQUEST | INTERFACE_RECIPIENT))
 270:lib/USB_Functions/cdc/src/usb_cdc_prop.c ****     {
 271:lib/USB_Functions/cdc/src/usb_cdc_prop.c ****       CopyRoutine = Virtual_Com_Port_SetLineCoding;
 272:lib/USB_Functions/cdc/src/usb_cdc_prop.c ****     }
 273:lib/USB_Functions/cdc/src/usb_cdc_prop.c ****     Request = SET_LINE_CODING;
 274:lib/USB_Functions/cdc/src/usb_cdc_prop.c ****   }
 275:lib/USB_Functions/cdc/src/usb_cdc_prop.c **** 
 276:lib/USB_Functions/cdc/src/usb_cdc_prop.c ****   if (CopyRoutine == NULL)
 277:lib/USB_Functions/cdc/src/usb_cdc_prop.c ****   {
 278:lib/USB_Functions/cdc/src/usb_cdc_prop.c ****     return USB_UNSUPPORT;
 126              		.loc 1 278 0
 127 0014 0220     		movs	r0, #2
 128 0016 10BD     		pop	{r4, pc}
 129              	.LVL5:
 130              	.L14:
 267:lib/USB_Functions/cdc/src/usb_cdc_prop.c ****   {
 131              		.loc 1 267 0
 132 0018 2028     		cmp	r0, #32
 133 001a FBD1     		bne	.L17
 269:lib/USB_Functions/cdc/src/usb_cdc_prop.c ****     {
 134              		.loc 1 269 0
 135 001c 0B4B     		ldr	r3, .L24
 136 001e 1968     		ldr	r1, [r3, #0]
 137 0020 0A78     		ldrb	r2, [r1, #0]	@ zero_extendqisi2
 138 0022 02F07F03 		and	r3, r2, #127
 258:lib/USB_Functions/cdc/src/usb_cdc_prop.c **** 
 139              		.loc 1 258 0
 140 0026 0A49     		ldr	r1, .L24+4
 141 0028 212B     		cmp	r3, #33
 142 002a 0CBF     		ite	eq
 143 002c 0B46     		moveq	r3, r1
 144 002e 0023     		movne	r3, #0
 145              	.LVL6:
 273:lib/USB_Functions/cdc/src/usb_cdc_prop.c ****   }
 146              		.loc 1 273 0
 147 0030 084A     		ldr	r2, .L24+8
 148 0032 1070     		strb	r0, [r2, #0]
 276:lib/USB_Functions/cdc/src/usb_cdc_prop.c ****   {
 149              		.loc 1 276 0
 150 0034 0BB9     		cbnz	r3, .L15
 151 0036 EDE7     		b	.L17
 152              	.LVL7:
 153              	.L19:
 264:lib/USB_Functions/cdc/src/usb_cdc_prop.c ****     }
 154              		.loc 1 264 0
 155 0038 074B     		ldr	r3, .L24+12
 156              	.LVL8:
 157              	.L15:
 279:lib/USB_Functions/cdc/src/usb_cdc_prop.c ****   }
 280:lib/USB_Functions/cdc/src/usb_cdc_prop.c **** 
 281:lib/USB_Functions/cdc/src/usb_cdc_prop.c ****   pInformation->Ctrl_Info.CopyData = CopyRoutine;
 158              		.loc 1 281 0
 159 003a 044C     		ldr	r4, .L24
 160 003c 2068     		ldr	r0, [r4, #0]
 161 003e 8361     		str	r3, [r0, #24]
 282:lib/USB_Functions/cdc/src/usb_cdc_prop.c ****   pInformation->Ctrl_Info.Usb_wOffset = 0;
 162              		.loc 1 282 0
 163 0040 0024     		movs	r4, #0
 164 0042 4482     		strh	r4, [r0, #18]	@ movhi
 283:lib/USB_Functions/cdc/src/usb_cdc_prop.c ****   (*CopyRoutine)(0);
 165              		.loc 1 283 0
 166 0044 2046     		mov	r0, r4
 167 0046 9847     		blx	r3
 168              	.LVL9:
 284:lib/USB_Functions/cdc/src/usb_cdc_prop.c ****   return USB_SUCCESS;
 169              		.loc 1 284 0
 170 0048 2046     		mov	r0, r4
 285:lib/USB_Functions/cdc/src/usb_cdc_prop.c **** }
 171              		.loc 1 285 0
 172 004a 10BD     		pop	{r4, pc}
 173              	.L25:
 174              		.align	2
 175              	.L24:
 176 004c 00000000 		.word	pInformation
 177 0050 00000000 		.word	Virtual_Com_Port_SetLineCoding
 178 0054 00000000 		.word	.LANCHOR0
 179 0058 00000000 		.word	Virtual_Com_Port_GetLineCoding
 180              		.cfi_endproc
 181              	.LFE64:
 183              		.section	.text.Virtual_Com_Port_NoData_Setup,"ax",%progbits
 184              		.align	1
 185              		.global	Virtual_Com_Port_NoData_Setup
 186              		.thumb
 187              		.thumb_func
 189              	Virtual_Com_Port_NoData_Setup:
 190              	.LFB65:
 286:lib/USB_Functions/cdc/src/usb_cdc_prop.c **** 
 287:lib/USB_Functions/cdc/src/usb_cdc_prop.c **** /**************************************************************************/
 288:lib/USB_Functions/cdc/src/usb_cdc_prop.c **** /*! 
 289:lib/USB_Functions/cdc/src/usb_cdc_prop.c ****     @brief	handle the no data class specific requests.
 290:lib/USB_Functions/cdc/src/usb_cdc_prop.c **** */
 291:lib/USB_Functions/cdc/src/usb_cdc_prop.c **** /**************************************************************************/
 292:lib/USB_Functions/cdc/src/usb_cdc_prop.c **** RESULT Virtual_Com_Port_NoData_Setup(uint8_t RequestNo)
 293:lib/USB_Functions/cdc/src/usb_cdc_prop.c **** {
 191              		.loc 1 293 0
 192              		.cfi_startproc
 193              		@ args = 0, pretend = 0, frame = 0
 194              		@ frame_needed = 0, uses_anonymous_args = 0
 195              		@ link register save eliminated.
 196              	.LVL10:
 294:lib/USB_Functions/cdc/src/usb_cdc_prop.c **** 
 295:lib/USB_Functions/cdc/src/usb_cdc_prop.c ****   if (Type_Recipient == (CLASS_REQUEST | INTERFACE_RECIPIENT))
 197              		.loc 1 295 0
 198 0000 074B     		ldr	r3, .L34
 199 0002 1968     		ldr	r1, [r3, #0]
 200 0004 0A78     		ldrb	r2, [r1, #0]	@ zero_extendqisi2
 201 0006 02F07F03 		and	r3, r2, #127
 202 000a 212B     		cmp	r3, #33
 203 000c 05D1     		bne	.L30
 296:lib/USB_Functions/cdc/src/usb_cdc_prop.c ****   {
 297:lib/USB_Functions/cdc/src/usb_cdc_prop.c ****     if (RequestNo == SET_COMM_FEATURE)
 204              		.loc 1 297 0
 205 000e 0228     		cmp	r0, #2
 206 0010 01D1     		bne	.L28
 207              	.L29:
 298:lib/USB_Functions/cdc/src/usb_cdc_prop.c ****     {
 299:lib/USB_Functions/cdc/src/usb_cdc_prop.c ****       return USB_SUCCESS;
 208              		.loc 1 299 0
 209 0012 0020     		movs	r0, #0
 210              	.LVL11:
 211 0014 7047     		bx	lr
 212              	.LVL12:
 213              	.L28:
 300:lib/USB_Functions/cdc/src/usb_cdc_prop.c ****     }
 301:lib/USB_Functions/cdc/src/usb_cdc_prop.c ****     else if (RequestNo == SET_CONTROL_LINE_STATE)
 214              		.loc 1 301 0
 215 0016 2228     		cmp	r0, #34
 216 0018 FBD0     		beq	.L29
 217              	.L30:
 302:lib/USB_Functions/cdc/src/usb_cdc_prop.c ****     {
 303:lib/USB_Functions/cdc/src/usb_cdc_prop.c ****       return USB_SUCCESS;
 304:lib/USB_Functions/cdc/src/usb_cdc_prop.c ****     }
 305:lib/USB_Functions/cdc/src/usb_cdc_prop.c ****   }
 306:lib/USB_Functions/cdc/src/usb_cdc_prop.c **** 
 307:lib/USB_Functions/cdc/src/usb_cdc_prop.c ****   return USB_UNSUPPORT;
 218              		.loc 1 307 0
 219 001a 0220     		movs	r0, #2
 220              	.LVL13:
 308:lib/USB_Functions/cdc/src/usb_cdc_prop.c **** }
 221              		.loc 1 308 0
 222 001c 7047     		bx	lr
 223              	.L35:
 224 001e 00BF     		.align	2
 225              	.L34:
 226 0020 00000000 		.word	pInformation
 227              		.cfi_endproc
 228              	.LFE65:
 230              		.section	.text.Virtual_Com_Port_Get_Interface_Setting,"ax",%progbits
 231              		.align	1
 232              		.global	Virtual_Com_Port_Get_Interface_Setting
 233              		.thumb
 234              		.thumb_func
 236              	Virtual_Com_Port_Get_Interface_Setting:
 237              	.LFB69:
 309:lib/USB_Functions/cdc/src/usb_cdc_prop.c **** 
 310:lib/USB_Functions/cdc/src/usb_cdc_prop.c **** /**************************************************************************/
 311:lib/USB_Functions/cdc/src/usb_cdc_prop.c **** /*! 
 312:lib/USB_Functions/cdc/src/usb_cdc_prop.c ****     @brief	Gets the device descriptor.
 313:lib/USB_Functions/cdc/src/usb_cdc_prop.c **** */
 314:lib/USB_Functions/cdc/src/usb_cdc_prop.c **** /**************************************************************************/
 315:lib/USB_Functions/cdc/src/usb_cdc_prop.c **** uint8_t *Virtual_Com_Port_GetDeviceDescriptor(uint16_t Length)
 316:lib/USB_Functions/cdc/src/usb_cdc_prop.c **** {
 317:lib/USB_Functions/cdc/src/usb_cdc_prop.c ****   return Standard_GetDescriptorData(Length, &CDC_Device_Descriptor);
 318:lib/USB_Functions/cdc/src/usb_cdc_prop.c **** }
 319:lib/USB_Functions/cdc/src/usb_cdc_prop.c **** 
 320:lib/USB_Functions/cdc/src/usb_cdc_prop.c **** /**************************************************************************/
 321:lib/USB_Functions/cdc/src/usb_cdc_prop.c **** /*! 
 322:lib/USB_Functions/cdc/src/usb_cdc_prop.c ****     @brief	Get the configuration descriptor.
 323:lib/USB_Functions/cdc/src/usb_cdc_prop.c **** */
 324:lib/USB_Functions/cdc/src/usb_cdc_prop.c **** /**************************************************************************/
 325:lib/USB_Functions/cdc/src/usb_cdc_prop.c **** uint8_t *Virtual_Com_Port_GetConfigDescriptor(uint16_t Length)
 326:lib/USB_Functions/cdc/src/usb_cdc_prop.c **** {
 327:lib/USB_Functions/cdc/src/usb_cdc_prop.c ****   return Standard_GetDescriptorData(Length, &CDC_Config_Descriptor);
 328:lib/USB_Functions/cdc/src/usb_cdc_prop.c **** }
 329:lib/USB_Functions/cdc/src/usb_cdc_prop.c **** 
 330:lib/USB_Functions/cdc/src/usb_cdc_prop.c **** /**************************************************************************/
 331:lib/USB_Functions/cdc/src/usb_cdc_prop.c **** /*! 
 332:lib/USB_Functions/cdc/src/usb_cdc_prop.c ****     @brief	Gets the string descriptors according to the needed index.
 333:lib/USB_Functions/cdc/src/usb_cdc_prop.c **** */
 334:lib/USB_Functions/cdc/src/usb_cdc_prop.c **** /**************************************************************************/
 335:lib/USB_Functions/cdc/src/usb_cdc_prop.c **** uint8_t *Virtual_Com_Port_GetStringDescriptor(uint16_t Length)
 336:lib/USB_Functions/cdc/src/usb_cdc_prop.c **** {
 337:lib/USB_Functions/cdc/src/usb_cdc_prop.c ****   uint8_t wValue0 = pInformation->USBwValue0;
 338:lib/USB_Functions/cdc/src/usb_cdc_prop.c ****   if (wValue0 > 4)
 339:lib/USB_Functions/cdc/src/usb_cdc_prop.c ****   {
 340:lib/USB_Functions/cdc/src/usb_cdc_prop.c ****     return NULL;
 341:lib/USB_Functions/cdc/src/usb_cdc_prop.c ****   }
 342:lib/USB_Functions/cdc/src/usb_cdc_prop.c ****   else
 343:lib/USB_Functions/cdc/src/usb_cdc_prop.c ****   {
 344:lib/USB_Functions/cdc/src/usb_cdc_prop.c ****     return Standard_GetDescriptorData(Length, &CDC_String_Descriptor[wValue0]);
 345:lib/USB_Functions/cdc/src/usb_cdc_prop.c ****   }
 346:lib/USB_Functions/cdc/src/usb_cdc_prop.c **** }
 347:lib/USB_Functions/cdc/src/usb_cdc_prop.c **** 
 348:lib/USB_Functions/cdc/src/usb_cdc_prop.c **** /**************************************************************************/
 349:lib/USB_Functions/cdc/src/usb_cdc_prop.c **** /*! 
 350:lib/USB_Functions/cdc/src/usb_cdc_prop.c ****     @brief	test the interface and the alternate setting according to the
 351:lib/USB_Functions/cdc/src/usb_cdc_prop.c **** 			supported one.
 352:lib/USB_Functions/cdc/src/usb_cdc_prop.c **** */
 353:lib/USB_Functions/cdc/src/usb_cdc_prop.c **** /**************************************************************************/
 354:lib/USB_Functions/cdc/src/usb_cdc_prop.c **** RESULT Virtual_Com_Port_Get_Interface_Setting(uint8_t Interface, uint8_t AlternateSetting)
 355:lib/USB_Functions/cdc/src/usb_cdc_prop.c **** {
 238              		.loc 1 355 0
 239              		.cfi_startproc
 240              		@ args = 0, pretend = 0, frame = 0
 241              		@ frame_needed = 0, uses_anonymous_args = 0
 242              		@ link register save eliminated.
 243              	.LVL14:
 356:lib/USB_Functions/cdc/src/usb_cdc_prop.c ****   if (AlternateSetting > 0)
 244              		.loc 1 356 0
 245 0000 09B1     		cbz	r1, .L37
 246              	.L39:
 357:lib/USB_Functions/cdc/src/usb_cdc_prop.c ****   {
 358:lib/USB_Functions/cdc/src/usb_cdc_prop.c ****     return USB_UNSUPPORT;
 247              		.loc 1 358 0
 248 0002 0220     		movs	r0, #2
 249              	.LVL15:
 250 0004 7047     		bx	lr
 251              	.LVL16:
 252              	.L37:
 359:lib/USB_Functions/cdc/src/usb_cdc_prop.c ****   }
 360:lib/USB_Functions/cdc/src/usb_cdc_prop.c ****   else if (Interface > 1)
 253              		.loc 1 360 0
 254 0006 0128     		cmp	r0, #1
 255 0008 FBD8     		bhi	.L39
 361:lib/USB_Functions/cdc/src/usb_cdc_prop.c ****   {
 362:lib/USB_Functions/cdc/src/usb_cdc_prop.c ****     return USB_UNSUPPORT;
 363:lib/USB_Functions/cdc/src/usb_cdc_prop.c ****   }
 364:lib/USB_Functions/cdc/src/usb_cdc_prop.c ****   return USB_SUCCESS;
 256              		.loc 1 364 0
 257 000a 0846     		mov	r0, r1
 258              	.LVL17:
 365:lib/USB_Functions/cdc/src/usb_cdc_prop.c **** }
 259              		.loc 1 365 0
 260 000c 7047     		bx	lr
 261              		.cfi_endproc
 262              	.LFE69:
 264              		.section	.text.Virtual_Com_Port_GetLineCoding,"ax",%progbits
 265              		.align	1
 266              		.global	Virtual_Com_Port_GetLineCoding
 267              		.thumb
 268              		.thumb_func
 270              	Virtual_Com_Port_GetLineCoding:
 271              	.LFB70:
 366:lib/USB_Functions/cdc/src/usb_cdc_prop.c **** 
 367:lib/USB_Functions/cdc/src/usb_cdc_prop.c **** /**************************************************************************/
 368:lib/USB_Functions/cdc/src/usb_cdc_prop.c **** /*! 
 369:lib/USB_Functions/cdc/src/usb_cdc_prop.c ****     @brief	Send the linecoding structure to the PC host.
 370:lib/USB_Functions/cdc/src/usb_cdc_prop.c **** */
 371:lib/USB_Functions/cdc/src/usb_cdc_prop.c **** /**************************************************************************/
 372:lib/USB_Functions/cdc/src/usb_cdc_prop.c **** uint8_t *Virtual_Com_Port_GetLineCoding(uint16_t Length)
 373:lib/USB_Functions/cdc/src/usb_cdc_prop.c **** {
 272              		.loc 1 373 0
 273              		.cfi_startproc
 274              		@ args = 0, pretend = 0, frame = 0
 275              		@ frame_needed = 0, uses_anonymous_args = 0
 276              		@ link register save eliminated.
 277              	.LVL18:
 374:lib/USB_Functions/cdc/src/usb_cdc_prop.c ****   if (Length == 0)
 278              		.loc 1 374 0
 279 0000 20B9     		cbnz	r0, .L42
 375:lib/USB_Functions/cdc/src/usb_cdc_prop.c ****   {
 376:lib/USB_Functions/cdc/src/usb_cdc_prop.c ****     pInformation->Ctrl_Info.Usb_wLength = sizeof(linecoding);
 280              		.loc 1 376 0
 281 0002 034B     		ldr	r3, .L43
 282 0004 1968     		ldr	r1, [r3, #0]
 283 0006 0822     		movs	r2, #8
 284 0008 0A82     		strh	r2, [r1, #16]	@ movhi
 377:lib/USB_Functions/cdc/src/usb_cdc_prop.c ****     return NULL;
 285              		.loc 1 377 0
 286 000a 7047     		bx	lr
 287              	.L42:
 378:lib/USB_Functions/cdc/src/usb_cdc_prop.c ****   }
 379:lib/USB_Functions/cdc/src/usb_cdc_prop.c ****   return(uint8_t *)&linecoding;
 288              		.loc 1 379 0
 289 000c 0148     		ldr	r0, .L43+4
 290              	.LVL19:
 380:lib/USB_Functions/cdc/src/usb_cdc_prop.c **** }
 291              		.loc 1 380 0
 292 000e 7047     		bx	lr
 293              	.L44:
 294              		.align	2
 295              	.L43:
 296 0010 00000000 		.word	pInformation
 297 0014 00000000 		.word	.LANCHOR1
 298              		.cfi_endproc
 299              	.LFE70:
 301              		.section	.text.Virtual_Com_Port_SetLineCoding,"ax",%progbits
 302              		.align	1
 303              		.global	Virtual_Com_Port_SetLineCoding
 304              		.thumb
 305              		.thumb_func
 307              	Virtual_Com_Port_SetLineCoding:
 308              	.LFB71:
 381:lib/USB_Functions/cdc/src/usb_cdc_prop.c **** 
 382:lib/USB_Functions/cdc/src/usb_cdc_prop.c **** /**************************************************************************/
 383:lib/USB_Functions/cdc/src/usb_cdc_prop.c **** /*! 
 384:lib/USB_Functions/cdc/src/usb_cdc_prop.c ****     @brief	Set the linecoding structure fields.
 385:lib/USB_Functions/cdc/src/usb_cdc_prop.c **** */
 386:lib/USB_Functions/cdc/src/usb_cdc_prop.c **** /**************************************************************************/
 387:lib/USB_Functions/cdc/src/usb_cdc_prop.c **** uint8_t *Virtual_Com_Port_SetLineCoding(uint16_t Length)
 388:lib/USB_Functions/cdc/src/usb_cdc_prop.c **** {
 309              		.loc 1 388 0
 310              		.cfi_startproc
 311              		@ args = 0, pretend = 0, frame = 0
 312              		@ frame_needed = 0, uses_anonymous_args = 0
 313              		@ link register save eliminated.
 314              	.LVL20:
 389:lib/USB_Functions/cdc/src/usb_cdc_prop.c ****   if (Length == 0)
 315              		.loc 1 389 0
 316 0000 20B9     		cbnz	r0, .L47
 390:lib/USB_Functions/cdc/src/usb_cdc_prop.c ****   {
 391:lib/USB_Functions/cdc/src/usb_cdc_prop.c ****     pInformation->Ctrl_Info.Usb_wLength = sizeof(linecoding);
 317              		.loc 1 391 0
 318 0002 034B     		ldr	r3, .L48
 319 0004 1968     		ldr	r1, [r3, #0]
 320 0006 0822     		movs	r2, #8
 321 0008 0A82     		strh	r2, [r1, #16]	@ movhi
 392:lib/USB_Functions/cdc/src/usb_cdc_prop.c ****     return NULL;
 322              		.loc 1 392 0
 323 000a 7047     		bx	lr
 324              	.L47:
 393:lib/USB_Functions/cdc/src/usb_cdc_prop.c ****   }
 394:lib/USB_Functions/cdc/src/usb_cdc_prop.c ****   return(uint8_t *)&linecoding;
 325              		.loc 1 394 0
 326 000c 0148     		ldr	r0, .L48+4
 327              	.LVL21:
 395:lib/USB_Functions/cdc/src/usb_cdc_prop.c **** }
 328              		.loc 1 395 0
 329 000e 7047     		bx	lr
 330              	.L49:
 331              		.align	2
 332              	.L48:
 333 0010 00000000 		.word	pInformation
 334 0014 00000000 		.word	.LANCHOR1
 335              		.cfi_endproc
 336              	.LFE71:
 338              		.section	.text.Virtual_Com_Port_GetStringDescriptor,"ax",%progbits
 339              		.align	1
 340              		.global	Virtual_Com_Port_GetStringDescriptor
 341              		.thumb
 342              		.thumb_func
 344              	Virtual_Com_Port_GetStringDescriptor:
 345              	.LFB68:
 336:lib/USB_Functions/cdc/src/usb_cdc_prop.c ****   uint8_t wValue0 = pInformation->USBwValue0;
 346              		.loc 1 336 0
 347              		.cfi_startproc
 348              		@ args = 0, pretend = 0, frame = 0
 349              		@ frame_needed = 0, uses_anonymous_args = 0
 350              		@ link register save eliminated.
 351              	.LVL22:
 337:lib/USB_Functions/cdc/src/usb_cdc_prop.c ****   if (wValue0 > 4)
 352              		.loc 1 337 0
 353 0000 054B     		ldr	r3, .L52
 354 0002 1968     		ldr	r1, [r3, #0]
 355 0004 CA78     		ldrb	r2, [r1, #3]	@ zero_extendqisi2
 356              	.LVL23:
 338:lib/USB_Functions/cdc/src/usb_cdc_prop.c ****   {
 357              		.loc 1 338 0
 358 0006 042A     		cmp	r2, #4
 359 0008 04D8     		bhi	.L51
 344:lib/USB_Functions/cdc/src/usb_cdc_prop.c ****   }
 360              		.loc 1 344 0
 361 000a 044B     		ldr	r3, .L52+4
 362 000c 03EBC201 		add	r1, r3, r2, lsl #3
 363              	.LVL24:
 346:lib/USB_Functions/cdc/src/usb_cdc_prop.c **** 
 364              		.loc 1 346 0
 344:lib/USB_Functions/cdc/src/usb_cdc_prop.c ****   }
 365              		.loc 1 344 0
 366 0010 FFF7FEBF 		b	Standard_GetDescriptorData
 367              	.LVL25:
 368              	.L51:
 346:lib/USB_Functions/cdc/src/usb_cdc_prop.c **** 
 369              		.loc 1 346 0
 370 0014 0020     		movs	r0, #0
 371              	.LVL26:
 372 0016 7047     		bx	lr
 373              	.L53:
 374              		.align	2
 375              	.L52:
 376 0018 00000000 		.word	pInformation
 377 001c 00000000 		.word	.LANCHOR2
 378              		.cfi_endproc
 379              	.LFE68:
 381              		.section	.text.Virtual_Com_Port_GetConfigDescriptor,"ax",%progbits
 382              		.align	1
 383              		.global	Virtual_Com_Port_GetConfigDescriptor
 384              		.thumb
 385              		.thumb_func
 387              	Virtual_Com_Port_GetConfigDescriptor:
 388              	.LFB67:
 326:lib/USB_Functions/cdc/src/usb_cdc_prop.c ****   return Standard_GetDescriptorData(Length, &CDC_Config_Descriptor);
 389              		.loc 1 326 0
 390              		.cfi_startproc
 391              		@ args = 0, pretend = 0, frame = 0
 392              		@ frame_needed = 0, uses_anonymous_args = 0
 393              		@ link register save eliminated.
 394              	.LVL27:
 327:lib/USB_Functions/cdc/src/usb_cdc_prop.c **** }
 395              		.loc 1 327 0
 396 0000 0149     		ldr	r1, .L55
 328:lib/USB_Functions/cdc/src/usb_cdc_prop.c **** 
 397              		.loc 1 328 0
 327:lib/USB_Functions/cdc/src/usb_cdc_prop.c **** }
 398              		.loc 1 327 0
 399 0002 FFF7FEBF 		b	Standard_GetDescriptorData
 400              	.LVL28:
 401              	.L56:
 402 0006 00BF     		.align	2
 403              	.L55:
 404 0008 00000000 		.word	.LANCHOR3
 405              		.cfi_endproc
 406              	.LFE67:
 408              		.section	.text.Virtual_Com_Port_GetDeviceDescriptor,"ax",%progbits
 409              		.align	1
 410              		.global	Virtual_Com_Port_GetDeviceDescriptor
 411              		.thumb
 412              		.thumb_func
 414              	Virtual_Com_Port_GetDeviceDescriptor:
 415              	.LFB66:
 316:lib/USB_Functions/cdc/src/usb_cdc_prop.c ****   return Standard_GetDescriptorData(Length, &CDC_Device_Descriptor);
 416              		.loc 1 316 0
 417              		.cfi_startproc
 418              		@ args = 0, pretend = 0, frame = 0
 419              		@ frame_needed = 0, uses_anonymous_args = 0
 420              		@ link register save eliminated.
 421              	.LVL29:
 317:lib/USB_Functions/cdc/src/usb_cdc_prop.c **** }
 422              		.loc 1 317 0
 423 0000 0149     		ldr	r1, .L58
 318:lib/USB_Functions/cdc/src/usb_cdc_prop.c **** 
 424              		.loc 1 318 0
 317:lib/USB_Functions/cdc/src/usb_cdc_prop.c **** }
 425              		.loc 1 317 0
 426 0002 FFF7FEBF 		b	Standard_GetDescriptorData
 427              	.LVL30:
 428              	.L59:
 429 0006 00BF     		.align	2
 430              	.L58:
 431 0008 00000000 		.word	.LANCHOR4
 432              		.cfi_endproc
 433              	.LFE66:
 435              		.section	.text.Virtual_Com_Port_Status_In,"ax",%progbits
 436              		.align	1
 437              		.global	Virtual_Com_Port_Status_In
 438              		.thumb
 439              		.thumb_func
 441              	Virtual_Com_Port_Status_In:
 442              	.LFB62:
 233:lib/USB_Functions/cdc/src/usb_cdc_prop.c ****   if (Request == SET_LINE_CODING)
 443              		.loc 1 233 0
 444              		.cfi_startproc
 445              		@ args = 0, pretend = 0, frame = 0
 446              		@ frame_needed = 0, uses_anonymous_args = 0
 447 0000 10B5     		push	{r4, lr}
 448              	.LCFI1:
 449              		.cfi_def_cfa_offset 8
 450              		.cfi_offset 4, -8
 451              		.cfi_offset 14, -4
 234:lib/USB_Functions/cdc/src/usb_cdc_prop.c ****   {
 452              		.loc 1 234 0
 453 0002 044C     		ldr	r4, .L62
 454 0004 2378     		ldrb	r3, [r4, #0]	@ zero_extendqisi2
 455 0006 202B     		cmp	r3, #32
 456 0008 03D1     		bne	.L60
 236:lib/USB_Functions/cdc/src/usb_cdc_prop.c ****     Request = 0;
 457              		.loc 1 236 0
 458 000a FFF7FEFF 		bl	USART_Config
 459              	.LVL31:
 237:lib/USB_Functions/cdc/src/usb_cdc_prop.c ****   }
 460              		.loc 1 237 0
 461 000e 0020     		movs	r0, #0
 462 0010 2070     		strb	r0, [r4, #0]
 463              	.L60:
 464 0012 10BD     		pop	{r4, pc}
 465              	.L63:
 466              		.align	2
 467              	.L62:
 468 0014 00000000 		.word	.LANCHOR0
 469              		.cfi_endproc
 470              	.LFE62:
 472              		.section	.text.Virtual_Com_Port_Reset,"ax",%progbits
 473              		.align	1
 474              		.global	Virtual_Com_Port_Reset
 475              		.thumb
 476              		.thumb_func
 478              	Virtual_Com_Port_Reset:
 479              	.LFB59:
 130:lib/USB_Functions/cdc/src/usb_cdc_prop.c ****   /* Set Virtual_Com_Port DEVICE as not configured */
 480              		.loc 1 130 0
 481              		.cfi_startproc
 482              		@ args = 0, pretend = 0, frame = 0
 483              		@ frame_needed = 0, uses_anonymous_args = 0
 484 0000 10B5     		push	{r4, lr}
 485              	.LCFI2:
 486              		.cfi_def_cfa_offset 8
 487              		.cfi_offset 4, -8
 488              		.cfi_offset 14, -4
 132:lib/USB_Functions/cdc/src/usb_cdc_prop.c **** 
 489              		.loc 1 132 0
 490 0002 3B4B     		ldr	r3, .L65
 491 0004 1868     		ldr	r0, [r3, #0]
 492 0006 0024     		movs	r4, #0
 493 0008 8472     		strb	r4, [r0, #10]
 135:lib/USB_Functions/cdc/src/usb_cdc_prop.c **** 
 494              		.loc 1 135 0
 495 000a 3A4A     		ldr	r2, .L65+4
 496 000c D179     		ldrb	r1, [r2, #7]	@ zero_extendqisi2
 497 000e 4172     		strb	r1, [r0, #9]
 138:lib/USB_Functions/cdc/src/usb_cdc_prop.c **** 
 498              		.loc 1 138 0
 499 0010 C472     		strb	r4, [r0, #11]
 153:lib/USB_Functions/cdc/src/usb_cdc_prop.c **** 
 500              		.loc 1 153 0
 501 0012 2046     		mov	r0, r4
 502 0014 FFF7FEFF 		bl	SetBTABLE
 503              	.LVL32:
 156:lib/USB_Functions/cdc/src/usb_cdc_prop.c ****   SetEPTxStatus(ENDP0, EP_TX_STALL);
 504              		.loc 1 156 0
 505 0018 2046     		mov	r0, r4
 506 001a 4FF40071 		mov	r1, #512
 507 001e FFF7FEFF 		bl	SetEPType
 508              	.LVL33:
 157:lib/USB_Functions/cdc/src/usb_cdc_prop.c ****   SetEPRxAddr(ENDP0, CDC_ENDP0_RXADDR);
 509              		.loc 1 157 0
 510 0022 2046     		mov	r0, r4
 511 0024 1021     		movs	r1, #16
 512 0026 FFF7FEFF 		bl	SetEPTxStatus
 513              	.LVL34:
 158:lib/USB_Functions/cdc/src/usb_cdc_prop.c ****   SetEPTxAddr(ENDP0, CDC_ENDP0_TXADDR);
 514              		.loc 1 158 0
 515 002a 2046     		mov	r0, r4
 516 002c 4021     		movs	r1, #64
 517 002e FFF7FEFF 		bl	SetEPRxAddr
 518              	.LVL35:
 159:lib/USB_Functions/cdc/src/usb_cdc_prop.c ****   Clear_Status_Out(ENDP0);
 519              		.loc 1 159 0
 520 0032 2046     		mov	r0, r4
 521 0034 8021     		movs	r1, #128
 522 0036 FFF7FEFF 		bl	SetEPTxAddr
 523              	.LVL36:
 160:lib/USB_Functions/cdc/src/usb_cdc_prop.c ****   SetEPRxCount(ENDP0, Device_Property.MaxPacketSize);
 524              		.loc 1 160 0
 525 003a 2046     		mov	r0, r4
 526 003c FFF7FEFF 		bl	Clear_Status_Out
 527              	.LVL37:
 161:lib/USB_Functions/cdc/src/usb_cdc_prop.c ****   SetEPRxValid(ENDP0);
 528              		.loc 1 161 0
 529 0040 2046     		mov	r0, r4
 530 0042 2D4B     		ldr	r3, .L65+8
 531 0044 93F82C10 		ldrb	r1, [r3, #44]	@ zero_extendqisi2
 532 0048 FFF7FEFF 		bl	SetEPRxCount
 533              	.LVL38:
 162:lib/USB_Functions/cdc/src/usb_cdc_prop.c **** 
 534              		.loc 1 162 0
 535 004c 2046     		mov	r0, r4
 536 004e FFF7FEFF 		bl	SetEPRxValid
 537              	.LVL39:
 165:lib/USB_Functions/cdc/src/usb_cdc_prop.c ****   SetEPTxAddr(ENDP1, CDC_ENDP1_TXADDR);
 538              		.loc 1 165 0
 539 0052 0120     		movs	r0, #1
 540 0054 2146     		mov	r1, r4
 541 0056 FFF7FEFF 		bl	SetEPType
 542              	.LVL40:
 166:lib/USB_Functions/cdc/src/usb_cdc_prop.c ****   SetEPTxStatus(ENDP1, EP_TX_NAK);
 543              		.loc 1 166 0
 544 005a 0120     		movs	r0, #1
 545 005c C021     		movs	r1, #192
 546 005e FFF7FEFF 		bl	SetEPTxAddr
 547              	.LVL41:
 167:lib/USB_Functions/cdc/src/usb_cdc_prop.c ****   SetEPRxStatus(ENDP1, EP_RX_DIS);
 548              		.loc 1 167 0
 549 0062 0120     		movs	r0, #1
 550 0064 2021     		movs	r1, #32
 551 0066 FFF7FEFF 		bl	SetEPTxStatus
 552              	.LVL42:
 168:lib/USB_Functions/cdc/src/usb_cdc_prop.c **** 
 553              		.loc 1 168 0
 554 006a 0120     		movs	r0, #1
 555 006c 2146     		mov	r1, r4
 556 006e FFF7FEFF 		bl	SetEPRxStatus
 557              	.LVL43:
 171:lib/USB_Functions/cdc/src/usb_cdc_prop.c ****   SetEPTxAddr(ENDP2, CDC_ENDP2_TXADDR);
 558              		.loc 1 171 0
 559 0072 0220     		movs	r0, #2
 560 0074 4FF4C061 		mov	r1, #1536
 561 0078 FFF7FEFF 		bl	SetEPType
 562              	.LVL44:
 172:lib/USB_Functions/cdc/src/usb_cdc_prop.c ****   SetEPRxStatus(ENDP2, EP_RX_DIS);
 563              		.loc 1 172 0
 564 007c 0220     		movs	r0, #2
 565 007e 4FF48071 		mov	r1, #256
 566 0082 FFF7FEFF 		bl	SetEPTxAddr
 567              	.LVL45:
 173:lib/USB_Functions/cdc/src/usb_cdc_prop.c ****   SetEPTxStatus(ENDP2, EP_TX_NAK);
 568              		.loc 1 173 0
 569 0086 0220     		movs	r0, #2
 570 0088 2146     		mov	r1, r4
 571 008a FFF7FEFF 		bl	SetEPRxStatus
 572              	.LVL46:
 174:lib/USB_Functions/cdc/src/usb_cdc_prop.c **** 
 573              		.loc 1 174 0
 574 008e 0220     		movs	r0, #2
 575 0090 2021     		movs	r1, #32
 576 0092 FFF7FEFF 		bl	SetEPTxStatus
 577              	.LVL47:
 184:lib/USB_Functions/cdc/src/usb_cdc_prop.c ****   SetEPDoubleBuff(ENDP3);
 578              		.loc 1 184 0
 579 0096 0320     		movs	r0, #3
 580 0098 2146     		mov	r1, r4
 581 009a FFF7FEFF 		bl	SetEPType
 582              	.LVL48:
 185:lib/USB_Functions/cdc/src/usb_cdc_prop.c ****   SetEPDblBuffAddr(ENDP3, CDC_ENDP3_BUF0Addr, CDC_ENDP3_BUF1Addr);
 583              		.loc 1 185 0
 584 009e 0320     		movs	r0, #3
 585 00a0 FFF7FEFF 		bl	SetEPDoubleBuff
 586              	.LVL49:
 186:lib/USB_Functions/cdc/src/usb_cdc_prop.c ****   SetEPDblBuffCount(ENDP3, EP_DBUF_OUT, VIRTUAL_COM_PORT_DATA_SIZE);
 587              		.loc 1 186 0
 588 00a4 0320     		movs	r0, #3
 589 00a6 4FF48871 		mov	r1, #272
 590 00aa 4FF4B072 		mov	r2, #352
 591 00ae FFF7FEFF 		bl	SetEPDblBuffAddr
 592              	.LVL50:
 187:lib/USB_Functions/cdc/src/usb_cdc_prop.c ****   ClearDTOG_RX(ENDP3);
 593              		.loc 1 187 0
 594 00b2 0320     		movs	r0, #3
 595 00b4 0121     		movs	r1, #1
 596 00b6 4022     		movs	r2, #64
 597 00b8 FFF7FEFF 		bl	SetEPDblBuffCount
 598              	.LVL51:
 188:lib/USB_Functions/cdc/src/usb_cdc_prop.c ****   ClearDTOG_TX(ENDP3);
 599              		.loc 1 188 0
 600 00bc 0320     		movs	r0, #3
 601 00be FFF7FEFF 		bl	ClearDTOG_RX
 602              	.LVL52:
 189:lib/USB_Functions/cdc/src/usb_cdc_prop.c ****   ToggleDTOG_TX(ENDP3);
 603              		.loc 1 189 0
 604 00c2 0320     		movs	r0, #3
 605 00c4 FFF7FEFF 		bl	ClearDTOG_TX
 606              	.LVL53:
 190:lib/USB_Functions/cdc/src/usb_cdc_prop.c ****   SetEPRxStatus(ENDP3, EP_RX_VALID);
 607              		.loc 1 190 0
 608 00c8 0320     		movs	r0, #3
 609 00ca FFF7FEFF 		bl	ToggleDTOG_TX
 610              	.LVL54:
 191:lib/USB_Functions/cdc/src/usb_cdc_prop.c ****   SetEPTxStatus(ENDP3, EP_TX_DIS); 
 611              		.loc 1 191 0
 612 00ce 0320     		movs	r0, #3
 613 00d0 4FF44051 		mov	r1, #12288
 614 00d4 FFF7FEFF 		bl	SetEPRxStatus
 615              	.LVL55:
 192:lib/USB_Functions/cdc/src/usb_cdc_prop.c **** 
 616              		.loc 1 192 0
 617 00d8 0320     		movs	r0, #3
 618 00da 2146     		mov	r1, r4
 619 00dc FFF7FEFF 		bl	SetEPTxStatus
 620              	.LVL56:
 195:lib/USB_Functions/cdc/src/usb_cdc_prop.c **** #endif /* STM32F10X_CL */
 621              		.loc 1 195 0
 622 00e0 2046     		mov	r0, r4
 623 00e2 FFF7FEFF 		bl	SetDeviceAddress
 624              	.LVL57:
 198:lib/USB_Functions/cdc/src/usb_cdc_prop.c **** }
 625              		.loc 1 198 0
 626 00e6 0120     		movs	r0, #1
 627 00e8 044A     		ldr	r2, .L65+12
 628 00ea 1060     		str	r0, [r2, #0]
 629 00ec 10BD     		pop	{r4, pc}
 630              	.L66:
 631 00ee 00BF     		.align	2
 632              	.L65:
 633 00f0 00000000 		.word	pInformation
 634 00f4 00000000 		.word	Virtual_Com_Port_ConfigDescriptor
 635 00f8 00000000 		.word	Device_Property
 636 00fc 00000000 		.word	bDeviceState
 637              		.cfi_endproc
 638              	.LFE59:
 640              		.section	.text.Virtual_Com_Port_init,"ax",%progbits
 641              		.align	1
 642              		.global	Virtual_Com_Port_init
 643              		.thumb
 644              		.thumb_func
 646              	Virtual_Com_Port_init:
 647              	.LFB58:
 104:lib/USB_Functions/cdc/src/usb_cdc_prop.c **** 
 648              		.loc 1 104 0
 649              		.cfi_startproc
 650              		@ args = 0, pretend = 0, frame = 0
 651              		@ frame_needed = 0, uses_anonymous_args = 0
 652 0000 10B5     		push	{r4, lr}
 653              	.LCFI3:
 654              		.cfi_def_cfa_offset 8
 655              		.cfi_offset 4, -8
 656              		.cfi_offset 14, -4
 108:lib/USB_Functions/cdc/src/usb_cdc_prop.c **** 
 657              		.loc 1 108 0
 658 0002 0948     		ldr	r0, .L68
 659 0004 00F11001 		add	r1, r0, #16
 660 0008 FFF7FEFF 		bl	Get_SerialNum
 661              	.LVL58:
 110:lib/USB_Functions/cdc/src/usb_cdc_prop.c **** 
 662              		.loc 1 110 0
 663 000c 074B     		ldr	r3, .L68+4
 664 000e 1868     		ldr	r0, [r3, #0]
 665 0010 0024     		movs	r4, #0
 666 0012 8472     		strb	r4, [r0, #10]
 113:lib/USB_Functions/cdc/src/usb_cdc_prop.c **** 
 667              		.loc 1 113 0
 668 0014 FFF7FEFF 		bl	PowerOn
 669              	.LVL59:
 116:lib/USB_Functions/cdc/src/usb_cdc_prop.c **** 
 670              		.loc 1 116 0
 671 0018 FFF7FEFF 		bl	USB_SIL_Init
 672              	.LVL60:
 119:lib/USB_Functions/cdc/src/usb_cdc_prop.c **** 
 673              		.loc 1 119 0
 674 001c FFF7FEFF 		bl	USART_Config_Default
 675              	.LVL61:
 121:lib/USB_Functions/cdc/src/usb_cdc_prop.c **** }
 676              		.loc 1 121 0
 677 0020 0349     		ldr	r1, .L68+8
 678 0022 0C60     		str	r4, [r1, #0]
 679 0024 10BD     		pop	{r4, pc}
 680              	.L69:
 681 0026 00BF     		.align	2
 682              	.L68:
 683 0028 02000000 		.word	Virtual_Com_Port_StringSerial+2
 684 002c 00000000 		.word	pInformation
 685 0030 00000000 		.word	bDeviceState
 686              		.cfi_endproc
 687              	.LFE58:
 689              		.section	.text.CDC_SetStructure,"ax",%progbits
 690              		.align	1
 691              		.global	CDC_SetStructure
 692              		.thumb
 693              		.thumb_func
 695              	CDC_SetStructure:
 696              	.LFB57:
  74:lib/USB_Functions/cdc/src/usb_cdc_prop.c **** 	Device_Table.Total_Endpoint	= CDC_EP_NUM;
 697              		.loc 1 74 0
 698              		.cfi_startproc
 699              		@ args = 0, pretend = 0, frame = 0
 700              		@ frame_needed = 0, uses_anonymous_args = 0
 701              		@ link register save eliminated.
  75:lib/USB_Functions/cdc/src/usb_cdc_prop.c **** 	xinit						= Virtual_Com_Port_init;
 702              		.loc 1 75 0
 703 0000 0422     		movs	r2, #4
 704 0002 1B4B     		ldr	r3, .L71
 705 0004 1A70     		strb	r2, [r3, #0]
  76:lib/USB_Functions/cdc/src/usb_cdc_prop.c ****     xReset 						= Virtual_Com_Port_Reset;
 706              		.loc 1 76 0
 707 0006 1B48     		ldr	r0, .L71+4
 708 0008 1B49     		ldr	r1, .L71+8
 709 000a 0860     		str	r0, [r1, #0]
  77:lib/USB_Functions/cdc/src/usb_cdc_prop.c ****     xStatus_In					= Virtual_Com_Port_Status_In;
 710              		.loc 1 77 0
 711 000c 1B4A     		ldr	r2, .L71+12
 712 000e 1C4B     		ldr	r3, .L71+16
 713 0010 1A60     		str	r2, [r3, #0]
  78:lib/USB_Functions/cdc/src/usb_cdc_prop.c ****     xStatus_Out					= Virtual_Com_Port_Status_Out;
 714              		.loc 1 78 0
 715 0012 1C48     		ldr	r0, .L71+20
 716 0014 1C49     		ldr	r1, .L71+24
 717 0016 0860     		str	r0, [r1, #0]
  79:lib/USB_Functions/cdc/src/usb_cdc_prop.c ****     xData_Setup					= Virtual_Com_Port_Data_Setup;
 718              		.loc 1 79 0
 719 0018 1C4A     		ldr	r2, .L71+28
 720 001a 1D4B     		ldr	r3, .L71+32
 721 001c 1A60     		str	r2, [r3, #0]
  80:lib/USB_Functions/cdc/src/usb_cdc_prop.c ****     xNoData_Setup				= Virtual_Com_Port_NoData_Setup;
 722              		.loc 1 80 0
 723 001e 1D48     		ldr	r0, .L71+36
 724 0020 1D49     		ldr	r1, .L71+40
 725 0022 0860     		str	r0, [r1, #0]
  81:lib/USB_Functions/cdc/src/usb_cdc_prop.c ****     xGet_Interface_Setting		= Virtual_Com_Port_Get_Interface_Setting;
 726              		.loc 1 81 0
 727 0024 1D4A     		ldr	r2, .L71+44
 728 0026 1E4B     		ldr	r3, .L71+48
 729 0028 1A60     		str	r2, [r3, #0]
  82:lib/USB_Functions/cdc/src/usb_cdc_prop.c ****     xGetDeviceDescriptor		= Virtual_Com_Port_GetDeviceDescriptor;
 730              		.loc 1 82 0
 731 002a 1E48     		ldr	r0, .L71+52
 732 002c 1E49     		ldr	r1, .L71+56
 733 002e 0860     		str	r0, [r1, #0]
  83:lib/USB_Functions/cdc/src/usb_cdc_prop.c ****     xGetConfigDescriptor		= Virtual_Com_Port_GetConfigDescriptor;
 734              		.loc 1 83 0
 735 0030 1E4A     		ldr	r2, .L71+60
 736 0032 1F4B     		ldr	r3, .L71+64
 737 0034 1A60     		str	r2, [r3, #0]
  84:lib/USB_Functions/cdc/src/usb_cdc_prop.c ****     xGetStringDescriptor		= Virtual_Com_Port_GetStringDescriptor;
 738              		.loc 1 84 0
 739 0036 1F48     		ldr	r0, .L71+68
 740 0038 1F49     		ldr	r1, .L71+72
 741 003a 0860     		str	r0, [r1, #0]
  85:lib/USB_Functions/cdc/src/usb_cdc_prop.c **** 	
 742              		.loc 1 85 0
 743 003c 1F4A     		ldr	r2, .L71+76
 744 003e 204B     		ldr	r3, .L71+80
 745 0040 1A60     		str	r2, [r3, #0]
  87:lib/USB_Functions/cdc/src/usb_cdc_prop.c ****     xSetConfiguration			= Virtual_Com_Port_SetConfiguration;
 746              		.loc 1 87 0
 747 0042 2048     		ldr	r0, .L71+84
 748 0044 2049     		ldr	r1, .L71+88
 749 0046 0860     		str	r0, [r1, #0]
  88:lib/USB_Functions/cdc/src/usb_cdc_prop.c ****     xGetInterface				= Virtual_Com_Port_GetInterface;
 750              		.loc 1 88 0
 751 0048 204B     		ldr	r3, .L71+92
 752 004a 214A     		ldr	r2, .L71+96
 753 004c 1360     		str	r3, [r2, #0]
  89:lib/USB_Functions/cdc/src/usb_cdc_prop.c ****     xSetInterface				= Virtual_Com_Port_SetInterface;
 754              		.loc 1 89 0
 755 004e 2149     		ldr	r1, .L71+100
 756 0050 0860     		str	r0, [r1, #0]
  90:lib/USB_Functions/cdc/src/usb_cdc_prop.c ****     xGetStatus					= Virtual_Com_Port_GetStatus;
 757              		.loc 1 90 0
 758 0052 214B     		ldr	r3, .L71+104
 759 0054 1860     		str	r0, [r3, #0]
  91:lib/USB_Functions/cdc/src/usb_cdc_prop.c ****     xClearFeature				= Virtual_Com_Port_ClearFeature;
 760              		.loc 1 91 0
 761 0056 214A     		ldr	r2, .L71+108
 762 0058 1060     		str	r0, [r2, #0]
  92:lib/USB_Functions/cdc/src/usb_cdc_prop.c ****     xSetEndPointFeature			= Virtual_Com_Port_SetEndPointFeature;
 763              		.loc 1 92 0
 764 005a 2149     		ldr	r1, .L71+112
 765 005c 0860     		str	r0, [r1, #0]
  93:lib/USB_Functions/cdc/src/usb_cdc_prop.c ****     xSetDeviceFeature			= Virtual_Com_Port_SetDeviceFeature;
 766              		.loc 1 93 0
 767 005e 214B     		ldr	r3, .L71+116
 768 0060 1860     		str	r0, [r3, #0]
  94:lib/USB_Functions/cdc/src/usb_cdc_prop.c ****     xSetDeviceAddress			= Virtual_Com_Port_SetDeviceAddress;
 769              		.loc 1 94 0
 770 0062 214A     		ldr	r2, .L71+120
 771 0064 1060     		str	r0, [r2, #0]
  95:lib/USB_Functions/cdc/src/usb_cdc_prop.c **** }
 772              		.loc 1 95 0
 773 0066 2148     		ldr	r0, .L71+124
 774 0068 2149     		ldr	r1, .L71+128
 775 006a 0860     		str	r0, [r1, #0]
 776 006c 7047     		bx	lr
 777              	.L72:
 778 006e 00BF     		.align	2
 779              	.L71:
 780 0070 00000000 		.word	Device_Table
 781 0074 00000000 		.word	Virtual_Com_Port_init
 782 0078 00000000 		.word	xinit
 783 007c 00000000 		.word	Virtual_Com_Port_Reset
 784 0080 00000000 		.word	xReset
 785 0084 00000000 		.word	Virtual_Com_Port_Status_In
 786 0088 00000000 		.word	xStatus_In
 787 008c 00000000 		.word	Virtual_Com_Port_Status_Out
 788 0090 00000000 		.word	xStatus_Out
 789 0094 00000000 		.word	Virtual_Com_Port_Data_Setup
 790 0098 00000000 		.word	xData_Setup
 791 009c 00000000 		.word	Virtual_Com_Port_NoData_Setup
 792 00a0 00000000 		.word	xNoData_Setup
 793 00a4 00000000 		.word	Virtual_Com_Port_Get_Interface_Setting
 794 00a8 00000000 		.word	xGet_Interface_Setting
 795 00ac 00000000 		.word	Virtual_Com_Port_GetDeviceDescriptor
 796 00b0 00000000 		.word	xGetDeviceDescriptor
 797 00b4 00000000 		.word	Virtual_Com_Port_GetConfigDescriptor
 798 00b8 00000000 		.word	xGetConfigDescriptor
 799 00bc 00000000 		.word	Virtual_Com_Port_GetStringDescriptor
 800 00c0 00000000 		.word	xGetStringDescriptor
 801 00c4 00000000 		.word	NOP_Process
 802 00c8 00000000 		.word	xGetConfiguration
 803 00cc 00000000 		.word	Virtual_Com_Port_SetConfiguration
 804 00d0 00000000 		.word	xSetConfiguration
 805 00d4 00000000 		.word	xGetInterface
 806 00d8 00000000 		.word	xSetInterface
 807 00dc 00000000 		.word	xGetStatus
 808 00e0 00000000 		.word	xClearFeature
 809 00e4 00000000 		.word	xSetEndPointFeature
 810 00e8 00000000 		.word	xSetDeviceFeature
 811 00ec 00000000 		.word	Virtual_Com_Port_SetDeviceAddress
 812 00f0 00000000 		.word	xSetDeviceAddress
 813              		.cfi_endproc
 814              	.LFE57:
 816              		.global	CDC_String_Descriptor
 817              		.global	CDC_Config_Descriptor
 818              		.global	CDC_Device_Descriptor
 819              		.global	linecoding
 820              		.global	Request
 821              		.section	.data.CDC_Device_Descriptor,"aw",%progbits
 822              		.align	2
 823              		.set	.LANCHOR4,. + 0
 826              	CDC_Device_Descriptor:
 827 0000 00000000 		.word	Virtual_Com_Port_DeviceDescriptor
 828 0004 1200     		.short	18
 829 0006 0000     		.space	2
 830              		.section	.data.CDC_String_Descriptor,"aw",%progbits
 831              		.align	2
 832              		.set	.LANCHOR2,. + 0
 835              	CDC_String_Descriptor:
 836 0000 00000000 		.word	Virtual_Com_Port_StringLangID
 837 0004 0400     		.short	4
 838 0006 0000     		.space	2
 839 0008 00000000 		.word	Virtual_Com_Port_StringVendor
 840 000c 2600     		.short	38
 841 000e 0000     		.space	2
 842 0010 00000000 		.word	Virtual_Com_Port_StringProduct
 843 0014 3200     		.short	50
 844 0016 0000     		.space	2
 845 0018 00000000 		.word	Virtual_Com_Port_StringSerial
 846 001c 1A00     		.short	26
 847 001e 0000     		.space	2
 848              		.section	.data.CDC_Config_Descriptor,"aw",%progbits
 849              		.align	2
 850              		.set	.LANCHOR3,. + 0
 853              	CDC_Config_Descriptor:
 854 0000 00000000 		.word	Virtual_Com_Port_ConfigDescriptor
 855 0004 4300     		.short	67
 856 0006 0000     		.space	2
 857              		.section	.bss.Request,"aw",%nobits
 858              		.set	.LANCHOR0,. + 0
 861              	Request:
 862 0000 00       		.space	1
 863              		.section	.data.linecoding,"aw",%progbits
 864              		.align	2
 865              		.set	.LANCHOR1,. + 0
 868              	linecoding:
 869 0000 00C20100 		.word	115200
 870 0004 00       		.byte	0
 871 0005 00       		.byte	0
 872 0006 08       		.byte	8
 873 0007 00       		.space	1
 874              		.text
 875              	.Letext0:
 876              		.file 2 "c:\\devz\\arm\\bleeding-edge\\bin\\../lib/gcc/arm-none-eabi/4.7.3/include/stdint-gcc.h"
 877              		.file 3 "./lib/STM32_USB-FS-Device_Driver/inc/usb_core.h"
 878              		.file 4 "./lib/USB_Functions/cdc/inc/usb_cdc_prop.h"
 879              		.file 5 "./lib/USB_Functions/usb_pwr.h"
 880              		.file 6 "./lib/STM32_USB-FS-Device_Driver/inc/usb_regs.h"
 881              		.file 7 "./lib/STM32_USB-FS-Device_Driver/inc/usb_def.h"
 882              		.file 8 "./lib/CMSIS/Include/core_cm3.h"
 883              		.file 9 "./inc/systick.h"
 884              		.file 10 "./lib/USB_Functions/cdc/inc/usb_cdc_desc.h"
 885              		.file 11 "./lib/STM32_USB-FS-Device_Driver/inc/usb_init.h"
 886              		.file 12 "./lib/USB_Functions/usb_prop.h"
 887              		.file 13 "./lib/STM32_USB-FS-Device_Driver/inc/usb_sil.h"
DEFINED SYMBOLS
<<<<<<< HEAD
                            *ABS*:0000000000000000 usb_cdc_prop.c
  R:\TEMP\ccZCbAYX.s:19     .text.Virtual_Com_Port_SetConfiguration:0000000000000000 $t
  R:\TEMP\ccZCbAYX.s:24     .text.Virtual_Com_Port_SetConfiguration:0000000000000000 Virtual_Com_Port_SetConfiguration
  R:\TEMP\ccZCbAYX.s:46     .text.Virtual_Com_Port_SetConfiguration:0000000000000010 $d
  R:\TEMP\ccZCbAYX.s:52     .text.Virtual_Com_Port_SetDeviceAddress:0000000000000000 $t
  R:\TEMP\ccZCbAYX.s:57     .text.Virtual_Com_Port_SetDeviceAddress:0000000000000000 Virtual_Com_Port_SetDeviceAddress
  R:\TEMP\ccZCbAYX.s:72     .text.Virtual_Com_Port_SetDeviceAddress:0000000000000008 $d
  R:\TEMP\ccZCbAYX.s:77     .text.Virtual_Com_Port_Status_Out:0000000000000000 $t
  R:\TEMP\ccZCbAYX.s:82     .text.Virtual_Com_Port_Status_Out:0000000000000000 Virtual_Com_Port_Status_Out
  R:\TEMP\ccZCbAYX.s:94     .text.Virtual_Com_Port_Data_Setup:0000000000000000 $t
  R:\TEMP\ccZCbAYX.s:99     .text.Virtual_Com_Port_Data_Setup:0000000000000000 Virtual_Com_Port_Data_Setup
  R:\TEMP\ccZCbAYX.s:176    .text.Virtual_Com_Port_Data_Setup:000000000000004c $d
  R:\TEMP\ccZCbAYX.s:307    .text.Virtual_Com_Port_SetLineCoding:0000000000000000 Virtual_Com_Port_SetLineCoding
  R:\TEMP\ccZCbAYX.s:270    .text.Virtual_Com_Port_GetLineCoding:0000000000000000 Virtual_Com_Port_GetLineCoding
  R:\TEMP\ccZCbAYX.s:184    .text.Virtual_Com_Port_NoData_Setup:0000000000000000 $t
  R:\TEMP\ccZCbAYX.s:189    .text.Virtual_Com_Port_NoData_Setup:0000000000000000 Virtual_Com_Port_NoData_Setup
  R:\TEMP\ccZCbAYX.s:226    .text.Virtual_Com_Port_NoData_Setup:0000000000000020 $d
  R:\TEMP\ccZCbAYX.s:231    .text.Virtual_Com_Port_Get_Interface_Setting:0000000000000000 $t
  R:\TEMP\ccZCbAYX.s:236    .text.Virtual_Com_Port_Get_Interface_Setting:0000000000000000 Virtual_Com_Port_Get_Interface_Setting
  R:\TEMP\ccZCbAYX.s:265    .text.Virtual_Com_Port_GetLineCoding:0000000000000000 $t
  R:\TEMP\ccZCbAYX.s:296    .text.Virtual_Com_Port_GetLineCoding:0000000000000010 $d
  R:\TEMP\ccZCbAYX.s:302    .text.Virtual_Com_Port_SetLineCoding:0000000000000000 $t
  R:\TEMP\ccZCbAYX.s:333    .text.Virtual_Com_Port_SetLineCoding:0000000000000010 $d
  R:\TEMP\ccZCbAYX.s:339    .text.Virtual_Com_Port_GetStringDescriptor:0000000000000000 $t
  R:\TEMP\ccZCbAYX.s:344    .text.Virtual_Com_Port_GetStringDescriptor:0000000000000000 Virtual_Com_Port_GetStringDescriptor
  R:\TEMP\ccZCbAYX.s:376    .text.Virtual_Com_Port_GetStringDescriptor:0000000000000018 $d
  R:\TEMP\ccZCbAYX.s:382    .text.Virtual_Com_Port_GetConfigDescriptor:0000000000000000 $t
  R:\TEMP\ccZCbAYX.s:387    .text.Virtual_Com_Port_GetConfigDescriptor:0000000000000000 Virtual_Com_Port_GetConfigDescriptor
  R:\TEMP\ccZCbAYX.s:404    .text.Virtual_Com_Port_GetConfigDescriptor:0000000000000008 $d
  R:\TEMP\ccZCbAYX.s:409    .text.Virtual_Com_Port_GetDeviceDescriptor:0000000000000000 $t
  R:\TEMP\ccZCbAYX.s:414    .text.Virtual_Com_Port_GetDeviceDescriptor:0000000000000000 Virtual_Com_Port_GetDeviceDescriptor
  R:\TEMP\ccZCbAYX.s:431    .text.Virtual_Com_Port_GetDeviceDescriptor:0000000000000008 $d
  R:\TEMP\ccZCbAYX.s:436    .text.Virtual_Com_Port_Status_In:0000000000000000 $t
  R:\TEMP\ccZCbAYX.s:441    .text.Virtual_Com_Port_Status_In:0000000000000000 Virtual_Com_Port_Status_In
  R:\TEMP\ccZCbAYX.s:468    .text.Virtual_Com_Port_Status_In:0000000000000014 $d
  R:\TEMP\ccZCbAYX.s:473    .text.Virtual_Com_Port_Reset:0000000000000000 $t
  R:\TEMP\ccZCbAYX.s:478    .text.Virtual_Com_Port_Reset:0000000000000000 Virtual_Com_Port_Reset
  R:\TEMP\ccZCbAYX.s:633    .text.Virtual_Com_Port_Reset:00000000000000f0 $d
  R:\TEMP\ccZCbAYX.s:641    .text.Virtual_Com_Port_init:0000000000000000 $t
  R:\TEMP\ccZCbAYX.s:646    .text.Virtual_Com_Port_init:0000000000000000 Virtual_Com_Port_init
  R:\TEMP\ccZCbAYX.s:683    .text.Virtual_Com_Port_init:0000000000000028 $d
  R:\TEMP\ccZCbAYX.s:690    .text.CDC_SetStructure:0000000000000000 $t
  R:\TEMP\ccZCbAYX.s:695    .text.CDC_SetStructure:0000000000000000 CDC_SetStructure
  R:\TEMP\ccZCbAYX.s:780    .text.CDC_SetStructure:0000000000000070 $d
  R:\TEMP\ccZCbAYX.s:835    .data.CDC_String_Descriptor:0000000000000000 CDC_String_Descriptor
  R:\TEMP\ccZCbAYX.s:853    .data.CDC_Config_Descriptor:0000000000000000 CDC_Config_Descriptor
  R:\TEMP\ccZCbAYX.s:826    .data.CDC_Device_Descriptor:0000000000000000 CDC_Device_Descriptor
  R:\TEMP\ccZCbAYX.s:868    .data.linecoding:0000000000000000 linecoding
  R:\TEMP\ccZCbAYX.s:861    .bss.Request:0000000000000000 Request
  R:\TEMP\ccZCbAYX.s:822    .data.CDC_Device_Descriptor:0000000000000000 $d
  R:\TEMP\ccZCbAYX.s:831    .data.CDC_String_Descriptor:0000000000000000 $d
  R:\TEMP\ccZCbAYX.s:849    .data.CDC_Config_Descriptor:0000000000000000 $d
  R:\TEMP\ccZCbAYX.s:862    .bss.Request:0000000000000000 $d
  R:\TEMP\ccZCbAYX.s:864    .data.linecoding:0000000000000000 $d
                     .debug_frame:0000000000000010 $d
=======
                            *ABS*:00000000 usb_cdc_prop.c
  R:\TEMP\cc3SLn8Z.s:19     .text.Virtual_Com_Port_SetConfiguration:00000000 $t
  R:\TEMP\cc3SLn8Z.s:24     .text.Virtual_Com_Port_SetConfiguration:00000000 Virtual_Com_Port_SetConfiguration
  R:\TEMP\cc3SLn8Z.s:46     .text.Virtual_Com_Port_SetConfiguration:00000010 $d
  R:\TEMP\cc3SLn8Z.s:52     .text.Virtual_Com_Port_SetDeviceAddress:00000000 $t
  R:\TEMP\cc3SLn8Z.s:57     .text.Virtual_Com_Port_SetDeviceAddress:00000000 Virtual_Com_Port_SetDeviceAddress
  R:\TEMP\cc3SLn8Z.s:72     .text.Virtual_Com_Port_SetDeviceAddress:00000008 $d
  R:\TEMP\cc3SLn8Z.s:77     .text.Virtual_Com_Port_Status_Out:00000000 $t
  R:\TEMP\cc3SLn8Z.s:82     .text.Virtual_Com_Port_Status_Out:00000000 Virtual_Com_Port_Status_Out
  R:\TEMP\cc3SLn8Z.s:94     .text.Virtual_Com_Port_Data_Setup:00000000 $t
  R:\TEMP\cc3SLn8Z.s:99     .text.Virtual_Com_Port_Data_Setup:00000000 Virtual_Com_Port_Data_Setup
  R:\TEMP\cc3SLn8Z.s:176    .text.Virtual_Com_Port_Data_Setup:0000004c $d
  R:\TEMP\cc3SLn8Z.s:307    .text.Virtual_Com_Port_SetLineCoding:00000000 Virtual_Com_Port_SetLineCoding
  R:\TEMP\cc3SLn8Z.s:270    .text.Virtual_Com_Port_GetLineCoding:00000000 Virtual_Com_Port_GetLineCoding
  R:\TEMP\cc3SLn8Z.s:184    .text.Virtual_Com_Port_NoData_Setup:00000000 $t
  R:\TEMP\cc3SLn8Z.s:189    .text.Virtual_Com_Port_NoData_Setup:00000000 Virtual_Com_Port_NoData_Setup
  R:\TEMP\cc3SLn8Z.s:226    .text.Virtual_Com_Port_NoData_Setup:00000020 $d
  R:\TEMP\cc3SLn8Z.s:231    .text.Virtual_Com_Port_Get_Interface_Setting:00000000 $t
  R:\TEMP\cc3SLn8Z.s:236    .text.Virtual_Com_Port_Get_Interface_Setting:00000000 Virtual_Com_Port_Get_Interface_Setting
  R:\TEMP\cc3SLn8Z.s:265    .text.Virtual_Com_Port_GetLineCoding:00000000 $t
  R:\TEMP\cc3SLn8Z.s:296    .text.Virtual_Com_Port_GetLineCoding:00000010 $d
  R:\TEMP\cc3SLn8Z.s:302    .text.Virtual_Com_Port_SetLineCoding:00000000 $t
  R:\TEMP\cc3SLn8Z.s:333    .text.Virtual_Com_Port_SetLineCoding:00000010 $d
  R:\TEMP\cc3SLn8Z.s:339    .text.Virtual_Com_Port_GetStringDescriptor:00000000 $t
  R:\TEMP\cc3SLn8Z.s:344    .text.Virtual_Com_Port_GetStringDescriptor:00000000 Virtual_Com_Port_GetStringDescriptor
  R:\TEMP\cc3SLn8Z.s:376    .text.Virtual_Com_Port_GetStringDescriptor:00000018 $d
  R:\TEMP\cc3SLn8Z.s:382    .text.Virtual_Com_Port_GetConfigDescriptor:00000000 $t
  R:\TEMP\cc3SLn8Z.s:387    .text.Virtual_Com_Port_GetConfigDescriptor:00000000 Virtual_Com_Port_GetConfigDescriptor
  R:\TEMP\cc3SLn8Z.s:404    .text.Virtual_Com_Port_GetConfigDescriptor:00000008 $d
  R:\TEMP\cc3SLn8Z.s:409    .text.Virtual_Com_Port_GetDeviceDescriptor:00000000 $t
  R:\TEMP\cc3SLn8Z.s:414    .text.Virtual_Com_Port_GetDeviceDescriptor:00000000 Virtual_Com_Port_GetDeviceDescriptor
  R:\TEMP\cc3SLn8Z.s:431    .text.Virtual_Com_Port_GetDeviceDescriptor:00000008 $d
  R:\TEMP\cc3SLn8Z.s:436    .text.Virtual_Com_Port_Status_In:00000000 $t
  R:\TEMP\cc3SLn8Z.s:441    .text.Virtual_Com_Port_Status_In:00000000 Virtual_Com_Port_Status_In
  R:\TEMP\cc3SLn8Z.s:468    .text.Virtual_Com_Port_Status_In:00000014 $d
  R:\TEMP\cc3SLn8Z.s:473    .text.Virtual_Com_Port_Reset:00000000 $t
  R:\TEMP\cc3SLn8Z.s:478    .text.Virtual_Com_Port_Reset:00000000 Virtual_Com_Port_Reset
  R:\TEMP\cc3SLn8Z.s:633    .text.Virtual_Com_Port_Reset:000000f0 $d
  R:\TEMP\cc3SLn8Z.s:641    .text.Virtual_Com_Port_init:00000000 $t
  R:\TEMP\cc3SLn8Z.s:646    .text.Virtual_Com_Port_init:00000000 Virtual_Com_Port_init
  R:\TEMP\cc3SLn8Z.s:683    .text.Virtual_Com_Port_init:00000028 $d
  R:\TEMP\cc3SLn8Z.s:690    .text.CDC_SetStructure:00000000 $t
  R:\TEMP\cc3SLn8Z.s:695    .text.CDC_SetStructure:00000000 CDC_SetStructure
  R:\TEMP\cc3SLn8Z.s:780    .text.CDC_SetStructure:00000070 $d
  R:\TEMP\cc3SLn8Z.s:835    .data.CDC_String_Descriptor:00000000 CDC_String_Descriptor
  R:\TEMP\cc3SLn8Z.s:853    .data.CDC_Config_Descriptor:00000000 CDC_Config_Descriptor
  R:\TEMP\cc3SLn8Z.s:826    .data.CDC_Device_Descriptor:00000000 CDC_Device_Descriptor
  R:\TEMP\cc3SLn8Z.s:868    .data.linecoding:00000000 linecoding
  R:\TEMP\cc3SLn8Z.s:861    .bss.Request:00000000 Request
  R:\TEMP\cc3SLn8Z.s:822    .data.CDC_Device_Descriptor:00000000 $d
  R:\TEMP\cc3SLn8Z.s:831    .data.CDC_String_Descriptor:00000000 $d
  R:\TEMP\cc3SLn8Z.s:849    .data.CDC_Config_Descriptor:00000000 $d
  R:\TEMP\cc3SLn8Z.s:862    .bss.Request:00000000 $d
  R:\TEMP\cc3SLn8Z.s:864    .data.linecoding:00000000 $d
                     .debug_frame:00000010 $d
>>>>>>> 7820716ed17a15e922f343f0b27ed105efa46fbb

UNDEFINED SYMBOLS
Device_Info
bDeviceState
pInformation
Standard_GetDescriptorData
USART_Config
SetBTABLE
SetEPType
SetEPTxStatus
SetEPRxAddr
SetEPTxAddr
Clear_Status_Out
SetEPRxCount
SetEPRxValid
SetEPRxStatus
SetEPDoubleBuff
SetEPDblBuffAddr
SetEPDblBuffCount
ClearDTOG_RX
ClearDTOG_TX
ToggleDTOG_TX
SetDeviceAddress
Virtual_Com_Port_ConfigDescriptor
Device_Property
Get_SerialNum
PowerOn
USB_SIL_Init
USART_Config_Default
Virtual_Com_Port_StringSerial
Device_Table
xinit
xReset
xStatus_In
xStatus_Out
xData_Setup
xNoData_Setup
xGet_Interface_Setting
xGetDeviceDescriptor
xGetConfigDescriptor
xGetStringDescriptor
NOP_Process
xGetConfiguration
xSetConfiguration
xGetInterface
xSetInterface
xGetStatus
xClearFeature
xSetEndPointFeature
xSetDeviceFeature
xSetDeviceAddress
Virtual_Com_Port_DeviceDescriptor
Virtual_Com_Port_StringLangID
Virtual_Com_Port_StringVendor
Virtual_Com_Port_StringProduct
